2016.05.13 10:27:13.161 CST INFO: *** SYSTEM START ***
2016.05.13 10:27:13.578 CST WARNING: missing bundle: protege_text -- BundleHelper.<init>()
2016.05.13 10:27:16.522 CST WARNING: [Local Folder Repository] The specified file must be a directory. (C:\Users\Administrator\workspace\RPT-plugin0504\plugins\edu.stanford.smi.protegex.owl) -- LocalFolderRepository.update()
2016.05.13 10:27:20.426 CST INFO: Loading triples for: file:/E:/AGVsModel/AGVs1.owl -- ProtegeOWLParser.loadTriples()
2016.05.13 10:27:20.465 CST SEVERE: An error occurred at parsing the OWL ontology 

    file:/E:/AGVsModel/AGVs1.owl

    at line -1 and column -1.
    Jena parse error message: Premature end of file. -- org.xml.sax.SAXParseException; Premature end of file.
	at org.apache.xerces.util.ErrorHandlerWrapper.createSAXParseException(Unknown Source)
	at org.apache.xerces.util.ErrorHandlerWrapper.fatalError(Unknown Source)
	at org.apache.xerces.impl.XMLErrorReporter.reportError(Unknown Source)
	at org.apache.xerces.impl.XMLErrorReporter.reportError(Unknown Source)
	at org.apache.xerces.impl.XMLScanner.reportFatalError(Unknown Source)
	at org.apache.xerces.impl.XMLDocumentScannerImpl$XMLDeclDispatcher.dispatch(Unknown Source)
	at org.apache.xerces.impl.XMLDocumentFragmentScannerImpl.scanDocument(Unknown Source)
	at org.apache.xerces.parsers.DTDConfiguration.parse(Unknown Source)
	at org.apache.xerces.parsers.DTDConfiguration.parse(Unknown Source)
	at org.apache.xerces.parsers.XMLParser.parse(Unknown Source)
	at org.apache.xerces.parsers.AbstractSAXParser.parse(Unknown Source)
	at com.hp.hpl.jena.rdf.arp.impl.RDFXMLParser.parse(RDFXMLParser.java:106)
	at com.hp.hpl.jena.rdf.arp.ARP.load(ARP.java:143)
	at edu.stanford.smi.protegex.owl.jena.parser.ProtegeOWLParser$1.invokeARP(Unknown Source)
	at edu.stanford.smi.protegex.owl.jena.parser.ProtegeOWLParser.loadTriples(Unknown Source)
	at edu.stanford.smi.protegex.owl.jena.parser.ProtegeOWLParser.run(Unknown Source)
	at edu.stanford.smi.protegex.owl.jena.JenaKnowledgeBaseFactory.loadKnowledgeBase(Unknown Source)
	at edu.stanford.smi.protege.model.Project.loadDomainKB(Unknown Source)
	at edu.stanford.smi.protege.model.Project.createDomainKnowledgeBase(Unknown Source)
	at edu.stanford.smi.protege.model.Project.<init>(Unknown Source)
	at edu.stanford.smi.protege.model.Project.<init>(Unknown Source)
	at edu.stanford.smi.protege.model.Project.loadProjectFromURI(Unknown Source)
	at edu.stanford.smi.protege.ui.ProjectManager.loadProjectFromURI(Unknown Source)
	at edu.stanford.smi.protege.ui.ProjectManager.loadProject(Unknown Source)
	at edu.stanford.smi.protege.ui.WelcomeDialog.doOpenProject(Unknown Source)
	at edu.stanford.smi.protege.ui.WelcomeDialog.openButton_actionPerformed(Unknown Source)
	at edu.stanford.smi.protege.ui.WelcomeDialog$2.actionPerformed(Unknown Source)
	at javax.swing.AbstractButton.fireActionPerformed(Unknown Source)
	at javax.swing.AbstractButton$Handler.actionPerformed(Unknown Source)
	at javax.swing.DefaultButtonModel.fireActionPerformed(Unknown Source)
	at javax.swing.DefaultButtonModel.setPressed(Unknown Source)
	at javax.swing.plaf.basic.BasicButtonListener.mouseReleased(Unknown Source)
	at java.awt.AWTEventMulticaster.mouseReleased(Unknown Source)
	at java.awt.Component.processMouseEvent(Unknown Source)
	at javax.swing.JComponent.processMouseEvent(Unknown Source)
	at java.awt.Component.processEvent(Unknown Source)
	at java.awt.Container.processEvent(Unknown Source)
	at java.awt.Component.dispatchEventImpl(Unknown Source)
	at java.awt.Container.dispatchEventImpl(Unknown Source)
	at java.awt.Component.dispatchEvent(Unknown Source)
	at java.awt.LightweightDispatcher.retargetMouseEvent(Unknown Source)
	at java.awt.LightweightDispatcher.processMouseEvent(Unknown Source)
	at java.awt.LightweightDispatcher.dispatchEvent(Unknown Source)
	at java.awt.Container.dispatchEventImpl(Unknown Source)
	at java.awt.Window.dispatchEventImpl(Unknown Source)
	at java.awt.Component.dispatchEvent(Unknown Source)
	at java.awt.EventQueue.dispatchEventImpl(Unknown Source)
	at java.awt.EventQueue.access$400(Unknown Source)
	at java.awt.EventQueue$3.run(Unknown Source)
	at java.awt.EventQueue$3.run(Unknown Source)
	at java.security.AccessController.doPrivileged(Native Method)
	at java.security.ProtectionDomain$1.doIntersectionPrivilege(Unknown Source)
	at java.security.ProtectionDomain$1.doIntersectionPrivilege(Unknown Source)
	at java.awt.EventQueue$4.run(Unknown Source)
	at java.awt.EventQueue$4.run(Unknown Source)
	at java.security.AccessController.doPrivileged(Native Method)
	at java.security.ProtectionDomain$1.doIntersectionPrivilege(Unknown Source)
	at java.awt.EventQueue.dispatchEvent(Unknown Source)
	at java.awt.EventDispatchThread.pumpOneEventForFilters(Unknown Source)
	at java.awt.EventDispatchThread.pumpEventsForFilter(Unknown Source)
	at java.awt.EventDispatchThread.pumpEventsForFilter(Unknown Source)
	at java.awt.WaitDispatchSupport$2.run(Unknown Source)
	at java.awt.event.InvocationEvent.dispatch(Unknown Source)
	at java.awt.EventQueue.dispatchEventImpl(Unknown Source)
	at java.awt.EventQueue.access$400(Unknown Source)
	at java.awt.EventQueue$3.run(Unknown Source)
	at java.awt.EventQueue$3.run(Unknown Source)
	at java.security.AccessController.doPrivileged(Native Method)
	at java.security.ProtectionDomain$1.doIntersectionPrivilege(Unknown Source)
	at java.awt.EventQueue.dispatchEvent(Unknown Source)
	at java.awt.EventDispatchThread.pumpOneEventForFilters(Unknown Source)
	at java.awt.EventDispatchThread.pumpEventsForFilter(Unknown Source)
	at java.awt.EventDispatchThread.pumpEventsForHierarchy(Unknown Source)
	at java.awt.EventDispatchThread.pumpEvents(Unknown Source)
	at java.awt.EventDispatchThread.pumpEvents(Unknown Source)
	at java.awt.EventDispatchThread.run(Unknown Source)

2016.05.13 10:27:20.468 CST INFO:     Completed triple loading after 30 ms -- ProtegeOWLParser.loadTriples()
2016.05.13 10:27:20.479 CST INFO: Postprocess: Process entities with incorrect Java type (0 entities) ...  -- TriplePostProcessor.processFramesWithWrongJavaType()
2016.05.13 10:27:20.479 CST INFO: 0 ms
 -- TriplePostProcessor.processFramesWithWrongJavaType()
2016.05.13 10:27:20.480 CST INFO: Postprocess: Process metaclasses (3 metaclasses) ...  -- TriplePostProcessor.processMetaclasses()
2016.05.13 10:27:20.481 CST INFO: 0 ms
 -- TriplePostProcessor.processMetaclasses()
2016.05.13 10:27:20.482 CST INFO: Postprocess: Process subclasses of rdf:List (1 classes) ...  -- TriplePostProcessor.processSubclassesOfRdfList()
2016.05.13 10:27:20.482 CST INFO: 0 ms
 -- TriplePostProcessor.processSubclassesOfRdfList()
2016.05.13 10:27:20.483 CST INFO: Postprocess: Instances with multiple types (0 instances) ...  -- TriplePostProcessor.processInstancesWithMultipleTypes()
2016.05.13 10:27:20.483 CST INFO: 0 ms
 -- TriplePostProcessor.processInstancesWithMultipleTypes()
2016.05.13 10:27:20.484 CST INFO: Postprocess: Add inferred superclasses ...  -- TriplePostProcessor.processInferredSuperclasses()
2016.05.13 10:27:20.493 CST INFO: 9 ms
 -- TriplePostProcessor.processInferredSuperclasses()
2016.05.13 10:27:20.498 CST INFO: Postprocess: Process orphan classes (0 classes) ...  -- TriplePostProcessor.processOrphanClses()
2016.05.13 10:27:20.498 CST INFO: 0 ms
 -- TriplePostProcessor.processOrphanClses()
2016.05.13 10:27:20.522 CST INFO: Postprocess: Generalized Concept Inclusion (0 axioms) ...  -- TriplePostProcessor.processGeneralizedConceptInclusions()
2016.05.13 10:27:20.525 CST INFO: 2 ms
 -- TriplePostProcessor.processGeneralizedConceptInclusions()
2016.05.13 10:27:20.526 CST INFO: Postprocess: Abstract classes...  -- TriplePostProcessor.processAbstractClasses()
2016.05.13 10:27:20.526 CST INFO: 0 ms
 -- TriplePostProcessor.processAbstractClasses()
2016.05.13 10:27:20.526 CST INFO: Postprocess: Domain and range of properties...  -- TriplePostProcessor.processDomainAndRange()
2016.05.13 10:27:20.527 CST INFO: 1 ms
 -- TriplePostProcessor.processDomainAndRange()
2016.05.13 10:27:20.527 CST INFO: Postprocess: Possibly typed entities (0 resources) ...  -- TriplePostProcessor.processPossiblyTypedResources()
2016.05.13 10:27:20.527 CST INFO: 0 ms
 -- TriplePostProcessor.processPossiblyTypedResources()
2016.05.13 10:27:20.528 CST INFO: Updating underlying frames model in 0 ms -- ProtegeOWLParser.doFinalPostProcessing()
2016.05.13 10:27:22.272 CST WARNING: Could not open default Profile file. Message: rethrew: java.io.FileNotFoundException: C:\Users\Administrator\workspace\RPT-plugin0504\plugins\edu.stanford.smi.protegex.owl\OWLProfiles.owl (系统找不到指定的路径。) -- ProfilesManager.getDefaultProfileOntModel()
2016.05.13 10:27:23.149 CST INFO: Importing http://swrl.stanford.edu/ontologies/3.3/swrla.owl from location: http://swrl.stanford.edu/ontologies/3.3/swrla.owl -- AbstractOWLModel.loadImportedAssertions()
2016.05.13 10:27:23.901 CST INFO: Loading triples for: http://swrl.stanford.edu/ontologies/3.3/swrla.owl -- ProtegeOWLParser.loadTriples()
2016.05.13 10:27:23.940 CST INFO:     Completed triple loading after 36 ms -- ProtegeOWLParser.loadTriples()
2016.05.13 10:27:23.941 CST INFO: Importing http://sqwrl.stanford.edu/ontologies/built-ins/3.4/sqwrl.owl from location: http://sqwrl.stanford.edu/ontologies/built-ins/3.4/sqwrl.owl -- AbstractOWLModel.loadImportedAssertions()
2016.05.13 10:27:24.719 CST INFO: Loading triples for: http://sqwrl.stanford.edu/ontologies/built-ins/3.4/sqwrl.owl -- ProtegeOWLParser.loadTriples()
2016.05.13 10:27:24.747 CST INFO:     Completed triple loading after 26 ms -- ProtegeOWLParser.loadTriples()
2016.05.13 10:27:24.748 CST INFO: Postprocess: Process entities with incorrect Java type (0 entities) ...  -- TriplePostProcessor.processFramesWithWrongJavaType()
2016.05.13 10:27:24.750 CST INFO: 0 ms
 -- TriplePostProcessor.processFramesWithWrongJavaType()
2016.05.13 10:27:24.751 CST INFO: Postprocess: Process metaclasses (3 metaclasses) ...  -- TriplePostProcessor.processMetaclasses()
2016.05.13 10:27:24.751 CST INFO: 0 ms
 -- TriplePostProcessor.processMetaclasses()
2016.05.13 10:27:24.752 CST INFO: Postprocess: Process subclasses of rdf:List (1 classes) ...  -- TriplePostProcessor.processSubclassesOfRdfList()
2016.05.13 10:27:24.753 CST INFO: 1 ms
 -- TriplePostProcessor.processSubclassesOfRdfList()
2016.05.13 10:27:24.753 CST INFO: Postprocess: Instances with multiple types (7 instances) ...  -- TriplePostProcessor.processInstancesWithMultipleTypes()
2016.05.13 10:27:24.756 CST INFO: 3 ms
 -- TriplePostProcessor.processInstancesWithMultipleTypes()
2016.05.13 10:27:24.756 CST INFO: Postprocess: Add inferred superclasses ...  -- TriplePostProcessor.processInferredSuperclasses()
2016.05.13 10:27:24.756 CST INFO: 0 ms
 -- TriplePostProcessor.processInferredSuperclasses()
2016.05.13 10:27:24.758 CST INFO: Postprocess: Process orphan classes (2 classes) ...  -- TriplePostProcessor.processOrphanClses()
2016.05.13 10:27:24.762 CST INFO: 4 ms
 -- TriplePostProcessor.processOrphanClses()
2016.05.13 10:27:24.763 CST INFO: Postprocess: Generalized Concept Inclusion (0 axioms) ...  -- TriplePostProcessor.processGeneralizedConceptInclusions()
2016.05.13 10:27:24.763 CST INFO: 0 ms
 -- TriplePostProcessor.processGeneralizedConceptInclusions()
2016.05.13 10:27:24.763 CST INFO: Postprocess: Abstract classes...  -- TriplePostProcessor.processAbstractClasses()
2016.05.13 10:27:24.763 CST INFO: 0 ms
 -- TriplePostProcessor.processAbstractClasses()
2016.05.13 10:27:24.764 CST INFO: Postprocess: Domain and range of properties...  -- TriplePostProcessor.processDomainAndRange()
2016.05.13 10:27:24.803 CST INFO: 39 ms
 -- TriplePostProcessor.processDomainAndRange()
2016.05.13 10:27:24.804 CST INFO: Postprocess: Possibly typed entities (0 resources) ...  -- TriplePostProcessor.processPossiblyTypedResources()
2016.05.13 10:27:24.804 CST INFO: 0 ms
 -- TriplePostProcessor.processPossiblyTypedResources()
2016.05.13 10:27:24.804 CST INFO: Updating underlying frames model in 0 ms -- ProtegeOWLParser.doFinalPostProcessing()
2016.05.13 10:27:24.957 CST INFO: SWRLJessBridge load failed: could not find jess.Rete - or an error occured on initialization -- BridgePluginManager.<clinit>()
2016.05.13 10:27:24.959 CST INFO: SQWRLQueryTab load failed: could not find jess.Rete - or an error occured on initialization -- BridgePluginManager.<clinit>()
