2016.09.12 20:00:31.796 CST INFO: *** SYSTEM START ***
2016.09.12 20:00:32.141 CST WARNING: missing bundle: protege_text -- BundleHelper.<init>()
2016.09.12 20:00:34.642 CST WARNING: [Local Folder Repository] The specified file must be a directory. (C:\Users\Administrator\workspace\RPT-plugin0504\plugins\edu.stanford.smi.protegex.owl) -- LocalFolderRepository.update()
2016.09.12 20:00:39.189 CST INFO: Loading triples for: file:/E:/AGVsModel/AGVs1.owl -- ProtegeOWLParser.loadTriples()
2016.09.12 20:00:39.531 CST INFO:     Completed triple loading after 339 ms -- ProtegeOWLParser.loadTriples()
2016.09.12 20:00:39.531 CST INFO: Importing http://sqwrl.stanford.edu/ontologies/built-ins/3.4/sqwrl.owl from location: http://sqwrl.stanford.edu/ontologies/built-ins/3.4/sqwrl.owl -- AbstractOWLModel.loadImportedAssertions()
2016.09.12 20:00:40.394 CST INFO: Loading triples for: http://sqwrl.stanford.edu/ontologies/built-ins/3.4/sqwrl.owl -- ProtegeOWLParser.loadTriples()
2016.09.12 20:00:40.416 CST INFO:     Completed triple loading after 20 ms -- ProtegeOWLParser.loadTriples()
2016.09.12 20:00:40.420 CST INFO: Importing http://swrl.stanford.edu/ontologies/3.3/swrla.owl from location: http://swrl.stanford.edu/ontologies/3.3/swrla.owl -- AbstractOWLModel.loadImportedAssertions()
2016.09.12 20:00:41.236 CST INFO: Loading triples for: http://swrl.stanford.edu/ontologies/3.3/swrla.owl -- ProtegeOWLParser.loadTriples()
2016.09.12 20:00:41.455 CST INFO:     Completed triple loading after 216 ms -- ProtegeOWLParser.loadTriples()
2016.09.12 20:00:41.456 CST INFO: Postprocess: Process entities with incorrect Java type (0 entities) ...  -- TriplePostProcessor.processFramesWithWrongJavaType()
2016.09.12 20:00:41.456 CST INFO: 0 ms
 -- TriplePostProcessor.processFramesWithWrongJavaType()
2016.09.12 20:00:41.457 CST INFO: Postprocess: Process metaclasses (3 metaclasses) ...  -- TriplePostProcessor.processMetaclasses()
2016.09.12 20:00:41.457 CST INFO: 0 ms
 -- TriplePostProcessor.processMetaclasses()
2016.09.12 20:00:41.457 CST INFO: Postprocess: Process subclasses of rdf:List (1 classes) ...  -- TriplePostProcessor.processSubclassesOfRdfList()
2016.09.12 20:00:41.458 CST INFO: 1 ms
 -- TriplePostProcessor.processSubclassesOfRdfList()
2016.09.12 20:00:41.458 CST INFO: Postprocess: Instances with multiple types (29 instances) ...  -- TriplePostProcessor.processInstancesWithMultipleTypes()
2016.09.12 20:00:41.460 CST INFO: 2 ms
 -- TriplePostProcessor.processInstancesWithMultipleTypes()
2016.09.12 20:00:41.460 CST INFO: Postprocess: Add inferred superclasses ...  -- TriplePostProcessor.processInferredSuperclasses()
2016.09.12 20:00:41.461 CST INFO: 0 ms
 -- TriplePostProcessor.processInferredSuperclasses()
2016.09.12 20:00:41.465 CST INFO: Postprocess: Process orphan classes (45 classes) ...  -- TriplePostProcessor.processOrphanClses()
2016.09.12 20:00:41.468 CST INFO: 2 ms
 -- TriplePostProcessor.processOrphanClses()
2016.09.12 20:00:41.469 CST INFO: Postprocess: Generalized Concept Inclusion (0 axioms) ...  -- TriplePostProcessor.processGeneralizedConceptInclusions()
2016.09.12 20:00:41.469 CST INFO: 0 ms
 -- TriplePostProcessor.processGeneralizedConceptInclusions()
2016.09.12 20:00:41.469 CST INFO: Postprocess: Abstract classes...  -- TriplePostProcessor.processAbstractClasses()
2016.09.12 20:00:41.469 CST INFO: 0 ms
 -- TriplePostProcessor.processAbstractClasses()
2016.09.12 20:00:41.470 CST INFO: Postprocess: Domain and range of properties...  -- TriplePostProcessor.processDomainAndRange()
2016.09.12 20:00:41.480 CST INFO: 10 ms
 -- TriplePostProcessor.processDomainAndRange()
2016.09.12 20:00:41.480 CST INFO: Postprocess: Possibly typed entities (0 resources) ...  -- TriplePostProcessor.processPossiblyTypedResources()
2016.09.12 20:00:41.480 CST INFO: 0 ms
 -- TriplePostProcessor.processPossiblyTypedResources()
2016.09.12 20:00:41.481 CST INFO: Updating underlying frames model in 0 ms -- ProtegeOWLParser.doFinalPostProcessing()
2016.09.12 20:00:42.744 CST WARNING: Could not open default Profile file. Message: rethrew: java.io.FileNotFoundException: C:\Users\Administrator\workspace\RPT-plugin0504\plugins\edu.stanford.smi.protegex.owl\OWLProfiles.owl (系统找不到指定的路径。) -- ProfilesManager.getDefaultProfileOntModel()
2016.09.12 20:00:43.541 CST INFO: SWRLJessBridge load failed: could not find jess.Rete - or an error occured on initialization -- BridgePluginManager.<clinit>()
2016.09.12 20:00:43.542 CST INFO: SQWRLQueryTab load failed: could not find jess.Rete - or an error occured on initialization -- BridgePluginManager.<clinit>()
2016.09.12 20:00:45.223 CST INFO: Load time for file:\E:\AGVsModel\AGVs1.pprj = 8 sec (project) + 3 sec (ui) -- ProjectManager$3.run()
