2016.08.29 15:11:37.851 CST INFO: *** SYSTEM START ***
2016.08.29 15:11:38.261 CST WARNING: missing bundle: protege_text -- BundleHelper.<init>()
2016.08.29 15:11:41.270 CST WARNING: [Local Folder Repository] The specified file must be a directory. (C:\Users\Administrator\workspace\RPT-plugin0504\plugins\edu.stanford.smi.protegex.owl) -- LocalFolderRepository.update()
2016.08.29 15:11:41.420 CST INFO: Loading triples for: file:/E:/AGVsModel/AGVs1.owl -- ProtegeOWLParser.loadTriples()
2016.08.29 15:11:41.986 CST INFO:     Completed triple loading after 446 ms -- ProtegeOWLParser.loadTriples()
2016.08.29 15:11:42.482 CST INFO: Importing http://sqwrl.stanford.edu/ontologies/built-ins/3.4/sqwrl.owl from location: http://sqwrl.stanford.edu/ontologies/built-ins/3.4/sqwrl.owl -- AbstractOWLModel.loadImportedAssertions()
2016.08.29 15:11:43.383 CST INFO: Loading triples for: http://sqwrl.stanford.edu/ontologies/built-ins/3.4/sqwrl.owl -- ProtegeOWLParser.loadTriples()
2016.08.29 15:11:43.391 CST INFO:     Completed triple loading after 8 ms -- ProtegeOWLParser.loadTriples()
2016.08.29 15:11:43.817 CST INFO: Importing http://swrl.stanford.edu/ontologies/3.3/swrla.owl from location: http://swrl.stanford.edu/ontologies/3.3/swrla.owl -- AbstractOWLModel.loadImportedAssertions()
2016.08.29 15:11:44.628 CST INFO: Loading triples for: http://swrl.stanford.edu/ontologies/3.3/swrla.owl -- ProtegeOWLParser.loadTriples()
2016.08.29 15:11:44.653 CST INFO:     Completed triple loading after 24 ms -- ProtegeOWLParser.loadTriples()
2016.08.29 15:11:44.654 CST INFO: Postprocess: Process entities with incorrect Java type (0 entities) ...  -- TriplePostProcessor.processFramesWithWrongJavaType()
2016.08.29 15:11:44.654 CST INFO: 0 ms
 -- TriplePostProcessor.processFramesWithWrongJavaType()
2016.08.29 15:11:44.655 CST INFO: Postprocess: Process metaclasses (3 metaclasses) ...  -- TriplePostProcessor.processMetaclasses()
2016.08.29 15:11:44.655 CST INFO: 0 ms
 -- TriplePostProcessor.processMetaclasses()
2016.08.29 15:11:44.655 CST INFO: Postprocess: Process subclasses of rdf:List (1 classes) ...  -- TriplePostProcessor.processSubclassesOfRdfList()
2016.08.29 15:11:44.656 CST INFO: 0 ms
 -- TriplePostProcessor.processSubclassesOfRdfList()
2016.08.29 15:11:44.656 CST INFO: Postprocess: Instances with multiple types (25 instances) ...  -- TriplePostProcessor.processInstancesWithMultipleTypes()
2016.08.29 15:11:44.663 CST INFO: 7 ms
 -- TriplePostProcessor.processInstancesWithMultipleTypes()
2016.08.29 15:11:44.664 CST INFO: Postprocess: Add inferred superclasses ...  -- TriplePostProcessor.processInferredSuperclasses()
2016.08.29 15:11:44.665 CST INFO: 1 ms
 -- TriplePostProcessor.processInferredSuperclasses()
2016.08.29 15:11:44.669 CST INFO: Postprocess: Process orphan classes (44 classes) ...  -- TriplePostProcessor.processOrphanClses()
2016.08.29 15:11:44.859 CST INFO: 3 ms
 -- TriplePostProcessor.processOrphanClses()
2016.08.29 15:11:44.860 CST INFO: Postprocess: Generalized Concept Inclusion (0 axioms) ...  -- TriplePostProcessor.processGeneralizedConceptInclusions()
2016.08.29 15:11:44.861 CST INFO: 0 ms
 -- TriplePostProcessor.processGeneralizedConceptInclusions()
2016.08.29 15:11:44.861 CST INFO: Postprocess: Abstract classes...  -- TriplePostProcessor.processAbstractClasses()
2016.08.29 15:11:44.862 CST INFO: 0 ms
 -- TriplePostProcessor.processAbstractClasses()
2016.08.29 15:11:44.862 CST INFO: Postprocess: Domain and range of properties...  -- TriplePostProcessor.processDomainAndRange()
2016.08.29 15:11:44.887 CST INFO: 24 ms
 -- TriplePostProcessor.processDomainAndRange()
2016.08.29 15:11:44.888 CST INFO: Postprocess: Possibly typed entities (0 resources) ...  -- TriplePostProcessor.processPossiblyTypedResources()
2016.08.29 15:11:44.888 CST INFO: 0 ms
 -- TriplePostProcessor.processPossiblyTypedResources()
2016.08.29 15:11:44.888 CST INFO: Updating underlying frames model in 0 ms -- ProtegeOWLParser.doFinalPostProcessing()
2016.08.29 15:11:46.330 CST WARNING: Could not open default Profile file. Message: rethrew: java.io.FileNotFoundException: C:\Users\Administrator\workspace\RPT-plugin0504\plugins\edu.stanford.smi.protegex.owl\OWLProfiles.owl (系统找不到指定的路径。) -- ProfilesManager.getDefaultProfileOntModel()
2016.08.29 15:11:47.281 CST INFO: SWRLJessBridge load failed: could not find jess.Rete - or an error occured on initialization -- BridgePluginManager.<clinit>()
2016.08.29 15:11:47.283 CST INFO: SQWRLQueryTab load failed: could not find jess.Rete - or an error occured on initialization -- BridgePluginManager.<clinit>()
2016.08.29 15:11:47.802 CST INFO: Load time for file:\E:\AGVsModel\AGVs1.pprj = 5 sec (project) + 2 sec (ui) -- ProjectManager$3.run()
2016.08.29 15:14:08.157 CST INFO: *** SYSTEM START ***
2016.08.29 15:14:08.557 CST WARNING: missing bundle: protege_text -- BundleHelper.<init>()
2016.08.29 15:14:12.012 CST WARNING: [Local Folder Repository] The specified file must be a directory. (C:\Users\Administrator\workspace\RPT-plugin0504\plugins\edu.stanford.smi.protegex.owl) -- LocalFolderRepository.update()
2016.08.29 15:14:12.143 CST INFO: Loading triples for: file:/E:/AGVsModel/AGVs1.owl -- ProtegeOWLParser.loadTriples()
2016.08.29 15:14:12.677 CST INFO:     Completed triple loading after 443 ms -- ProtegeOWLParser.loadTriples()
2016.08.29 15:14:13.164 CST INFO: Importing http://sqwrl.stanford.edu/ontologies/built-ins/3.4/sqwrl.owl from location: http://sqwrl.stanford.edu/ontologies/built-ins/3.4/sqwrl.owl -- AbstractOWLModel.loadImportedAssertions()
2016.08.29 15:14:13.989 CST INFO: Loading triples for: http://sqwrl.stanford.edu/ontologies/built-ins/3.4/sqwrl.owl -- ProtegeOWLParser.loadTriples()
2016.08.29 15:14:13.999 CST INFO:     Completed triple loading after 10 ms -- ProtegeOWLParser.loadTriples()
2016.08.29 15:14:14.440 CST INFO: Importing http://swrl.stanford.edu/ontologies/3.3/swrla.owl from location: http://swrl.stanford.edu/ontologies/3.3/swrla.owl -- AbstractOWLModel.loadImportedAssertions()
2016.08.29 15:14:15.293 CST INFO: Loading triples for: http://swrl.stanford.edu/ontologies/3.3/swrla.owl -- ProtegeOWLParser.loadTriples()
2016.08.29 15:14:15.490 CST INFO:     Completed triple loading after 196 ms -- ProtegeOWLParser.loadTriples()
2016.08.29 15:14:15.491 CST INFO: Postprocess: Process entities with incorrect Java type (0 entities) ...  -- TriplePostProcessor.processFramesWithWrongJavaType()
2016.08.29 15:14:15.491 CST INFO: 0 ms
 -- TriplePostProcessor.processFramesWithWrongJavaType()
2016.08.29 15:14:15.491 CST INFO: Postprocess: Process metaclasses (3 metaclasses) ...  -- TriplePostProcessor.processMetaclasses()
2016.08.29 15:14:15.492 CST INFO: 0 ms
 -- TriplePostProcessor.processMetaclasses()
2016.08.29 15:14:15.492 CST INFO: Postprocess: Process subclasses of rdf:List (1 classes) ...  -- TriplePostProcessor.processSubclassesOfRdfList()
2016.08.29 15:14:15.492 CST INFO: 0 ms
 -- TriplePostProcessor.processSubclassesOfRdfList()
2016.08.29 15:14:15.492 CST INFO: Postprocess: Instances with multiple types (25 instances) ...  -- TriplePostProcessor.processInstancesWithMultipleTypes()
2016.08.29 15:14:15.494 CST INFO: 1 ms
 -- TriplePostProcessor.processInstancesWithMultipleTypes()
2016.08.29 15:14:15.495 CST INFO: Postprocess: Add inferred superclasses ...  -- TriplePostProcessor.processInferredSuperclasses()
2016.08.29 15:14:15.495 CST INFO: 0 ms
 -- TriplePostProcessor.processInferredSuperclasses()
2016.08.29 15:14:15.499 CST INFO: Postprocess: Process orphan classes (44 classes) ...  -- TriplePostProcessor.processOrphanClses()
2016.08.29 15:14:15.502 CST INFO: 2 ms
 -- TriplePostProcessor.processOrphanClses()
2016.08.29 15:14:15.502 CST INFO: Postprocess: Generalized Concept Inclusion (0 axioms) ...  -- TriplePostProcessor.processGeneralizedConceptInclusions()
2016.08.29 15:14:15.502 CST INFO: 0 ms
 -- TriplePostProcessor.processGeneralizedConceptInclusions()
2016.08.29 15:14:15.502 CST INFO: Postprocess: Abstract classes...  -- TriplePostProcessor.processAbstractClasses()
2016.08.29 15:14:15.502 CST INFO: 0 ms
 -- TriplePostProcessor.processAbstractClasses()
2016.08.29 15:14:15.503 CST INFO: Postprocess: Domain and range of properties...  -- TriplePostProcessor.processDomainAndRange()
2016.08.29 15:14:15.511 CST INFO: 8 ms
 -- TriplePostProcessor.processDomainAndRange()
2016.08.29 15:14:15.512 CST INFO: Postprocess: Possibly typed entities (0 resources) ...  -- TriplePostProcessor.processPossiblyTypedResources()
2016.08.29 15:14:15.512 CST INFO: 0 ms
 -- TriplePostProcessor.processPossiblyTypedResources()
2016.08.29 15:14:15.512 CST INFO: Updating underlying frames model in 0 ms -- ProtegeOWLParser.doFinalPostProcessing()
2016.08.29 15:14:16.813 CST WARNING: Could not open default Profile file. Message: rethrew: java.io.FileNotFoundException: C:\Users\Administrator\workspace\RPT-plugin0504\plugins\edu.stanford.smi.protegex.owl\OWLProfiles.owl (系统找不到指定的路径。) -- ProfilesManager.getDefaultProfileOntModel()
2016.08.29 15:14:17.703 CST INFO: SWRLJessBridge load failed: could not find jess.Rete - or an error occured on initialization -- BridgePluginManager.<clinit>()
2016.08.29 15:14:17.705 CST INFO: SQWRLQueryTab load failed: could not find jess.Rete - or an error occured on initialization -- BridgePluginManager.<clinit>()
2016.08.29 15:14:18.437 CST INFO: Load time for file:\E:\AGVsModel\AGVs1.pprj = 4 sec (project) + 2 sec (ui) -- ProjectManager$3.run()
2016.08.29 15:14:47.486 CST INFO: ... saving successful to: E:\AGVsModel\AGVs1.owl -- Protege2Jena.saveAll()
2016.08.29 15:16:19.807 CST INFO: *** SYSTEM START ***
2016.08.29 15:16:20.174 CST WARNING: missing bundle: protege_text -- BundleHelper.<init>()
2016.08.29 15:16:23.316 CST WARNING: [Local Folder Repository] The specified file must be a directory. (C:\Users\Administrator\workspace\RPT-plugin0504\plugins\edu.stanford.smi.protegex.owl) -- LocalFolderRepository.update()
2016.08.29 15:16:25.210 CST INFO: Loading triples for: file:/E:/AGVsModel/AGVs1.owl -- ProtegeOWLParser.loadTriples()
2016.08.29 15:16:25.620 CST INFO:     Completed triple loading after 405 ms -- ProtegeOWLParser.loadTriples()
2016.08.29 15:16:25.620 CST INFO: Importing http://sqwrl.stanford.edu/ontologies/built-ins/3.4/sqwrl.owl from location: http://sqwrl.stanford.edu/ontologies/built-ins/3.4/sqwrl.owl -- AbstractOWLModel.loadImportedAssertions()
2016.08.29 15:16:26.521 CST INFO: Loading triples for: http://sqwrl.stanford.edu/ontologies/built-ins/3.4/sqwrl.owl -- ProtegeOWLParser.loadTriples()
2016.08.29 15:16:26.529 CST INFO:     Completed triple loading after 8 ms -- ProtegeOWLParser.loadTriples()
2016.08.29 15:16:26.532 CST INFO: Importing http://swrl.stanford.edu/ontologies/3.3/swrla.owl from location: http://swrl.stanford.edu/ontologies/3.3/swrla.owl -- AbstractOWLModel.loadImportedAssertions()
2016.08.29 15:16:27.520 CST INFO: Loading triples for: http://swrl.stanford.edu/ontologies/3.3/swrla.owl -- ProtegeOWLParser.loadTriples()
2016.08.29 15:16:27.535 CST INFO:     Completed triple loading after 14 ms -- ProtegeOWLParser.loadTriples()
2016.08.29 15:16:27.536 CST INFO: Postprocess: Process entities with incorrect Java type (0 entities) ...  -- TriplePostProcessor.processFramesWithWrongJavaType()
2016.08.29 15:16:27.536 CST INFO: 0 ms
 -- TriplePostProcessor.processFramesWithWrongJavaType()
2016.08.29 15:16:27.537 CST INFO: Postprocess: Process metaclasses (3 metaclasses) ...  -- TriplePostProcessor.processMetaclasses()
2016.08.29 15:16:27.537 CST INFO: 0 ms
 -- TriplePostProcessor.processMetaclasses()
2016.08.29 15:16:27.538 CST INFO: Postprocess: Process subclasses of rdf:List (1 classes) ...  -- TriplePostProcessor.processSubclassesOfRdfList()
2016.08.29 15:16:27.538 CST INFO: 0 ms
 -- TriplePostProcessor.processSubclassesOfRdfList()
2016.08.29 15:16:27.538 CST INFO: Postprocess: Instances with multiple types (26 instances) ...  -- TriplePostProcessor.processInstancesWithMultipleTypes()
2016.08.29 15:16:27.540 CST INFO: 2 ms
 -- TriplePostProcessor.processInstancesWithMultipleTypes()
2016.08.29 15:16:27.541 CST INFO: Postprocess: Add inferred superclasses ...  -- TriplePostProcessor.processInferredSuperclasses()
2016.08.29 15:16:27.541 CST INFO: 0 ms
 -- TriplePostProcessor.processInferredSuperclasses()
2016.08.29 15:16:27.725 CST INFO: Postprocess: Process orphan classes (44 classes) ...  -- TriplePostProcessor.processOrphanClses()
2016.08.29 15:16:27.730 CST INFO: 4 ms
 -- TriplePostProcessor.processOrphanClses()
2016.08.29 15:16:27.730 CST INFO: Postprocess: Generalized Concept Inclusion (0 axioms) ...  -- TriplePostProcessor.processGeneralizedConceptInclusions()
2016.08.29 15:16:27.730 CST INFO: 0 ms
 -- TriplePostProcessor.processGeneralizedConceptInclusions()
2016.08.29 15:16:27.730 CST INFO: Postprocess: Abstract classes...  -- TriplePostProcessor.processAbstractClasses()
2016.08.29 15:16:27.731 CST INFO: 1 ms
 -- TriplePostProcessor.processAbstractClasses()
2016.08.29 15:16:27.731 CST INFO: Postprocess: Domain and range of properties...  -- TriplePostProcessor.processDomainAndRange()
2016.08.29 15:16:27.750 CST INFO: 19 ms
 -- TriplePostProcessor.processDomainAndRange()
2016.08.29 15:16:27.751 CST INFO: Postprocess: Possibly typed entities (0 resources) ...  -- TriplePostProcessor.processPossiblyTypedResources()
2016.08.29 15:16:27.751 CST INFO: 0 ms
 -- TriplePostProcessor.processPossiblyTypedResources()
2016.08.29 15:16:27.751 CST INFO: Updating underlying frames model in 0 ms -- ProtegeOWLParser.doFinalPostProcessing()
2016.08.29 15:16:29.215 CST WARNING: Could not open default Profile file. Message: rethrew: java.io.FileNotFoundException: C:\Users\Administrator\workspace\RPT-plugin0504\plugins\edu.stanford.smi.protegex.owl\OWLProfiles.owl (系统找不到指定的路径。) -- ProfilesManager.getDefaultProfileOntModel()
2016.08.29 15:16:30.092 CST INFO: SWRLJessBridge load failed: could not find jess.Rete - or an error occured on initialization -- BridgePluginManager.<clinit>()
2016.08.29 15:16:30.094 CST INFO: SQWRLQueryTab load failed: could not find jess.Rete - or an error occured on initialization -- BridgePluginManager.<clinit>()
2016.08.29 15:16:31.835 CST INFO: Load time for file:\E:\AGVsModel\AGVs1.pprj = 6 sec (project) + 3 sec (ui) -- ProjectManager$3.run()
2016.08.29 15:17:43.378 CST INFO: ... saving successful to: E:\AGVsModel\AGVs1.owl -- Protege2Jena.saveAll()
2016.09.12 08:49:58.092 CST INFO: *** SYSTEM START ***
2016.09.12 08:49:59.554 CST WARNING: missing bundle: protege_text -- BundleHelper.<init>()
2016.09.12 08:50:04.906 CST WARNING: [Local Folder Repository] The specified file must be a directory. (C:\Users\Administrator\workspace\RPT-plugin0504\plugins\edu.stanford.smi.protegex.owl) -- LocalFolderRepository.update()
2016.09.12 08:50:06.030 CST INFO: Loading triples for: file:/E:/AGVsModel/AGVs1.owl -- ProtegeOWLParser.loadTriples()
2016.09.12 08:50:06.484 CST INFO:     Completed triple loading after 454 ms -- ProtegeOWLParser.loadTriples()
2016.09.12 08:50:06.484 CST INFO: Importing http://sqwrl.stanford.edu/ontologies/built-ins/3.4/sqwrl.owl from location: http://sqwrl.stanford.edu/ontologies/built-ins/3.4/sqwrl.owl -- AbstractOWLModel.loadImportedAssertions()
2016.09.12 08:50:07.326 CST INFO: Loading triples for: http://sqwrl.stanford.edu/ontologies/built-ins/3.4/sqwrl.owl -- ProtegeOWLParser.loadTriples()
2016.09.12 08:50:07.342 CST INFO:     Completed triple loading after 16 ms -- ProtegeOWLParser.loadTriples()
2016.09.12 08:50:07.342 CST INFO: Importing http://swrl.stanford.edu/ontologies/3.3/swrla.owl from location: http://swrl.stanford.edu/ontologies/3.3/swrla.owl -- AbstractOWLModel.loadImportedAssertions()
2016.09.12 08:50:08.154 CST INFO: Loading triples for: http://swrl.stanford.edu/ontologies/3.3/swrla.owl -- ProtegeOWLParser.loadTriples()
2016.09.12 08:50:08.169 CST INFO:     Completed triple loading after 15 ms -- ProtegeOWLParser.loadTriples()
2016.09.12 08:50:08.169 CST INFO: Postprocess: Process entities with incorrect Java type (0 entities) ...  -- TriplePostProcessor.processFramesWithWrongJavaType()
2016.09.12 08:50:08.169 CST INFO: 0 ms
 -- TriplePostProcessor.processFramesWithWrongJavaType()
2016.09.12 08:50:08.169 CST INFO: Postprocess: Process metaclasses (3 metaclasses) ...  -- TriplePostProcessor.processMetaclasses()
2016.09.12 08:50:08.169 CST INFO: 0 ms
 -- TriplePostProcessor.processMetaclasses()
2016.09.12 08:50:08.169 CST INFO: Postprocess: Process subclasses of rdf:List (1 classes) ...  -- TriplePostProcessor.processSubclassesOfRdfList()
2016.09.12 08:50:08.169 CST INFO: 0 ms
 -- TriplePostProcessor.processSubclassesOfRdfList()
2016.09.12 08:50:08.169 CST INFO: Postprocess: Instances with multiple types (28 instances) ...  -- TriplePostProcessor.processInstancesWithMultipleTypes()
2016.09.12 08:50:08.169 CST INFO: 0 ms
 -- TriplePostProcessor.processInstancesWithMultipleTypes()
2016.09.12 08:50:08.169 CST INFO: Postprocess: Add inferred superclasses ...  -- TriplePostProcessor.processInferredSuperclasses()
2016.09.12 08:50:08.169 CST INFO: 0 ms
 -- TriplePostProcessor.processInferredSuperclasses()
2016.09.12 08:50:08.169 CST INFO: Postprocess: Process orphan classes (45 classes) ...  -- TriplePostProcessor.processOrphanClses()
2016.09.12 08:50:08.185 CST INFO: 0 ms
 -- TriplePostProcessor.processOrphanClses()
2016.09.12 08:50:08.185 CST INFO: Postprocess: Generalized Concept Inclusion (0 axioms) ...  -- TriplePostProcessor.processGeneralizedConceptInclusions()
2016.09.12 08:50:08.185 CST INFO: 0 ms
 -- TriplePostProcessor.processGeneralizedConceptInclusions()
2016.09.12 08:50:08.185 CST INFO: Postprocess: Abstract classes...  -- TriplePostProcessor.processAbstractClasses()
2016.09.12 08:50:08.185 CST INFO: 0 ms
 -- TriplePostProcessor.processAbstractClasses()
2016.09.12 08:50:08.185 CST INFO: Postprocess: Domain and range of properties...  -- TriplePostProcessor.processDomainAndRange()
2016.09.12 08:50:08.201 CST INFO: 16 ms
 -- TriplePostProcessor.processDomainAndRange()
2016.09.12 08:50:08.201 CST INFO: Postprocess: Possibly typed entities (0 resources) ...  -- TriplePostProcessor.processPossiblyTypedResources()
2016.09.12 08:50:08.201 CST INFO: 0 ms
 -- TriplePostProcessor.processPossiblyTypedResources()
2016.09.12 08:50:08.201 CST INFO: Updating underlying frames model in 0 ms -- ProtegeOWLParser.doFinalPostProcessing()
2016.09.12 08:50:10.057 CST WARNING: Could not open default Profile file. Message: rethrew: java.io.FileNotFoundException: C:\Users\Administrator\workspace\RPT-plugin0504\plugins\edu.stanford.smi.protegex.owl\OWLProfiles.owl (系统找不到指定的路径。) -- ProfilesManager.getDefaultProfileOntModel()
2016.09.12 08:50:10.994 CST INFO: SWRLJessBridge load failed: could not find jess.Rete - or an error occured on initialization -- BridgePluginManager.<clinit>()
2016.09.12 08:50:10.994 CST INFO: SQWRLQueryTab load failed: could not find jess.Rete - or an error occured on initialization -- BridgePluginManager.<clinit>()
2016.09.12 08:50:11.649 CST INFO: Load time for file:\E:\AGVsModel\AGVs1.pprj = 5 sec (project) + 3 sec (ui) -- ProjectManager$3.run()
