2016.05.13 10:32:18.796 CST INFO: *** SYSTEM START ***
2016.05.13 10:32:19.157 CST WARNING: missing bundle: protege_text -- BundleHelper.<init>()
2016.05.13 10:32:25.658 CST WARNING: [Local Folder Repository] The specified file must be a directory. (C:\Users\Administrator\workspace\RPT-plugin0504\plugins\edu.stanford.smi.protegex.owl) -- LocalFolderRepository.update()
2016.05.13 10:32:27.490 CST INFO: Loading triples for: file:/E:/AGVsModel/AGVs1.owl -- ProtegeOWLParser.loadTriples()
2016.05.13 10:32:27.818 CST INFO:     Completed triple loading after 325 ms -- ProtegeOWLParser.loadTriples()
2016.05.13 10:32:27.819 CST INFO: Importing http://sqwrl.stanford.edu/ontologies/built-ins/3.4/sqwrl.owl from location: http://sqwrl.stanford.edu/ontologies/built-ins/3.4/sqwrl.owl -- AbstractOWLModel.loadImportedAssertions()
2016.05.13 10:32:28.585 CST INFO: Loading triples for: http://sqwrl.stanford.edu/ontologies/built-ins/3.4/sqwrl.owl -- ProtegeOWLParser.loadTriples()
2016.05.13 10:32:28.606 CST INFO:     Completed triple loading after 18 ms -- ProtegeOWLParser.loadTriples()
2016.05.13 10:32:28.610 CST INFO: Importing http://swrl.stanford.edu/ontologies/3.3/swrla.owl from location: http://swrl.stanford.edu/ontologies/3.3/swrla.owl -- AbstractOWLModel.loadImportedAssertions()
2016.05.13 10:32:29.424 CST INFO: Loading triples for: http://swrl.stanford.edu/ontologies/3.3/swrla.owl -- ProtegeOWLParser.loadTriples()
2016.05.13 10:32:29.657 CST INFO:     Completed triple loading after 231 ms -- ProtegeOWLParser.loadTriples()
2016.05.13 10:32:29.658 CST INFO: Postprocess: Process entities with incorrect Java type (0 entities) ...  -- TriplePostProcessor.processFramesWithWrongJavaType()
2016.05.13 10:32:29.658 CST INFO: 0 ms
 -- TriplePostProcessor.processFramesWithWrongJavaType()
2016.05.13 10:32:29.659 CST INFO: Postprocess: Process metaclasses (3 metaclasses) ...  -- TriplePostProcessor.processMetaclasses()
2016.05.13 10:32:29.659 CST INFO: 0 ms
 -- TriplePostProcessor.processMetaclasses()
2016.05.13 10:32:29.659 CST INFO: Postprocess: Process subclasses of rdf:List (1 classes) ...  -- TriplePostProcessor.processSubclassesOfRdfList()
2016.05.13 10:32:29.660 CST INFO: 0 ms
 -- TriplePostProcessor.processSubclassesOfRdfList()
2016.05.13 10:32:29.660 CST INFO: Postprocess: Instances with multiple types (21 instances) ...  -- TriplePostProcessor.processInstancesWithMultipleTypes()
2016.05.13 10:32:29.662 CST INFO: 2 ms
 -- TriplePostProcessor.processInstancesWithMultipleTypes()
2016.05.13 10:32:29.662 CST INFO: Postprocess: Add inferred superclasses ...  -- TriplePostProcessor.processInferredSuperclasses()
2016.05.13 10:32:29.662 CST INFO: 0 ms
 -- TriplePostProcessor.processInferredSuperclasses()
2016.05.13 10:32:29.666 CST INFO: Postprocess: Process orphan classes (39 classes) ...  -- TriplePostProcessor.processOrphanClses()
2016.05.13 10:32:29.669 CST INFO: 3 ms
 -- TriplePostProcessor.processOrphanClses()
2016.05.13 10:32:29.670 CST INFO: Postprocess: Generalized Concept Inclusion (0 axioms) ...  -- TriplePostProcessor.processGeneralizedConceptInclusions()
2016.05.13 10:32:29.670 CST INFO: 0 ms
 -- TriplePostProcessor.processGeneralizedConceptInclusions()
2016.05.13 10:32:29.670 CST INFO: Postprocess: Abstract classes...  -- TriplePostProcessor.processAbstractClasses()
2016.05.13 10:32:29.670 CST INFO: 0 ms
 -- TriplePostProcessor.processAbstractClasses()
2016.05.13 10:32:29.670 CST INFO: Postprocess: Domain and range of properties...  -- TriplePostProcessor.processDomainAndRange()
2016.05.13 10:32:29.680 CST INFO: 10 ms
 -- TriplePostProcessor.processDomainAndRange()
2016.05.13 10:32:29.680 CST INFO: Postprocess: Possibly typed entities (0 resources) ...  -- TriplePostProcessor.processPossiblyTypedResources()
2016.05.13 10:32:29.680 CST INFO: 0 ms
 -- TriplePostProcessor.processPossiblyTypedResources()
2016.05.13 10:32:29.681 CST INFO: Updating underlying frames model in 0 ms -- ProtegeOWLParser.doFinalPostProcessing()
2016.05.13 10:32:31.025 CST WARNING: Could not open default Profile file. Message: rethrew: java.io.FileNotFoundException: C:\Users\Administrator\workspace\RPT-plugin0504\plugins\edu.stanford.smi.protegex.owl\OWLProfiles.owl (系统找不到指定的路径。) -- ProfilesManager.getDefaultProfileOntModel()
2016.05.13 10:32:31.830 CST INFO: SWRLJessBridge load failed: could not find jess.Rete - or an error occured on initialization -- BridgePluginManager.<clinit>()
2016.05.13 10:32:31.831 CST INFO: SQWRLQueryTab load failed: could not find jess.Rete - or an error occured on initialization -- BridgePluginManager.<clinit>()
2016.05.13 10:32:33.452 CST INFO: Load time for file:\E:\AGVsModel\AGVs1.pprj = 5 sec (project) + 3 sec (ui) -- ProjectManager$3.run()
2016.05.13 10:32:55.042 CST INFO: ... saving successful to: E:\AGVsModel\AGVs1.owl -- Protege2Jena.saveAll()
2016.05.13 10:33:41.289 CST INFO: *** SYSTEM START ***
2016.05.13 10:33:41.680 CST WARNING: missing bundle: protege_text -- BundleHelper.<init>()
2016.05.13 10:33:55.739 CST WARNING: [Local Folder Repository] The specified file must be a directory. (C:\Users\Administrator\workspace\RPT-plugin0504\plugins\edu.stanford.smi.protegex.owl) -- LocalFolderRepository.update()
2016.05.13 10:33:57.897 CST INFO: Loading triples for: file:/E:/AGVsModel/AGVs1.owl -- ProtegeOWLParser.loadTriples()
2016.05.13 10:33:58.224 CST INFO:     Completed triple loading after 324 ms -- ProtegeOWLParser.loadTriples()
2016.05.13 10:33:58.225 CST INFO: Importing http://sqwrl.stanford.edu/ontologies/built-ins/3.4/sqwrl.owl from location: http://sqwrl.stanford.edu/ontologies/built-ins/3.4/sqwrl.owl -- AbstractOWLModel.loadImportedAssertions()
2016.05.13 10:33:59.003 CST INFO: Loading triples for: http://sqwrl.stanford.edu/ontologies/built-ins/3.4/sqwrl.owl -- ProtegeOWLParser.loadTriples()
2016.05.13 10:33:59.026 CST INFO:     Completed triple loading after 21 ms -- ProtegeOWLParser.loadTriples()
2016.05.13 10:33:59.033 CST INFO: Importing http://swrl.stanford.edu/ontologies/3.3/swrla.owl from location: http://swrl.stanford.edu/ontologies/3.3/swrla.owl -- AbstractOWLModel.loadImportedAssertions()
2016.05.13 10:33:59.828 CST INFO: Loading triples for: http://swrl.stanford.edu/ontologies/3.3/swrla.owl -- ProtegeOWLParser.loadTriples()
2016.05.13 10:34:00.062 CST INFO:     Completed triple loading after 233 ms -- ProtegeOWLParser.loadTriples()
2016.05.13 10:34:00.063 CST INFO: Postprocess: Process entities with incorrect Java type (0 entities) ...  -- TriplePostProcessor.processFramesWithWrongJavaType()
2016.05.13 10:34:00.064 CST INFO: 1 ms
 -- TriplePostProcessor.processFramesWithWrongJavaType()
2016.05.13 10:34:00.064 CST INFO: Postprocess: Process metaclasses (3 metaclasses) ...  -- TriplePostProcessor.processMetaclasses()
2016.05.13 10:34:00.064 CST INFO: 0 ms
 -- TriplePostProcessor.processMetaclasses()
2016.05.13 10:34:00.064 CST INFO: Postprocess: Process subclasses of rdf:List (1 classes) ...  -- TriplePostProcessor.processSubclassesOfRdfList()
2016.05.13 10:34:00.065 CST INFO: 0 ms
 -- TriplePostProcessor.processSubclassesOfRdfList()
2016.05.13 10:34:00.065 CST INFO: Postprocess: Instances with multiple types (21 instances) ...  -- TriplePostProcessor.processInstancesWithMultipleTypes()
2016.05.13 10:34:00.067 CST INFO: 2 ms
 -- TriplePostProcessor.processInstancesWithMultipleTypes()
2016.05.13 10:34:00.067 CST INFO: Postprocess: Add inferred superclasses ...  -- TriplePostProcessor.processInferredSuperclasses()
2016.05.13 10:34:00.068 CST INFO: 1 ms
 -- TriplePostProcessor.processInferredSuperclasses()
2016.05.13 10:34:00.072 CST INFO: Postprocess: Process orphan classes (39 classes) ...  -- TriplePostProcessor.processOrphanClses()
2016.05.13 10:34:00.076 CST INFO: 3 ms
 -- TriplePostProcessor.processOrphanClses()
2016.05.13 10:34:00.076 CST INFO: Postprocess: Generalized Concept Inclusion (0 axioms) ...  -- TriplePostProcessor.processGeneralizedConceptInclusions()
2016.05.13 10:34:00.076 CST INFO: 0 ms
 -- TriplePostProcessor.processGeneralizedConceptInclusions()
2016.05.13 10:34:00.077 CST INFO: Postprocess: Abstract classes...  -- TriplePostProcessor.processAbstractClasses()
2016.05.13 10:34:00.077 CST INFO: 0 ms
 -- TriplePostProcessor.processAbstractClasses()
2016.05.13 10:34:00.077 CST INFO: Postprocess: Domain and range of properties...  -- TriplePostProcessor.processDomainAndRange()
2016.05.13 10:34:00.087 CST INFO: 10 ms
 -- TriplePostProcessor.processDomainAndRange()
2016.05.13 10:34:00.088 CST INFO: Postprocess: Possibly typed entities (0 resources) ...  -- TriplePostProcessor.processPossiblyTypedResources()
2016.05.13 10:34:00.088 CST INFO: 0 ms
 -- TriplePostProcessor.processPossiblyTypedResources()
2016.05.13 10:34:00.089 CST INFO: Updating underlying frames model in 1 ms -- ProtegeOWLParser.doFinalPostProcessing()
2016.05.13 10:34:01.325 CST WARNING: Could not open default Profile file. Message: rethrew: java.io.FileNotFoundException: C:\Users\Administrator\workspace\RPT-plugin0504\plugins\edu.stanford.smi.protegex.owl\OWLProfiles.owl (系统找不到指定的路径。) -- ProfilesManager.getDefaultProfileOntModel()
2016.05.13 10:34:02.137 CST INFO: SWRLJessBridge load failed: could not find jess.Rete - or an error occured on initialization -- BridgePluginManager.<clinit>()
2016.05.13 10:34:02.138 CST INFO: SQWRLQueryTab load failed: could not find jess.Rete - or an error occured on initialization -- BridgePluginManager.<clinit>()
2016.05.13 10:34:03.974 CST INFO: Load time for file:\E:\AGVsModel\AGVs1.pprj = 5 sec (project) + 3 sec (ui) -- ProjectManager$3.run()
2016.05.13 10:34:08.589 CST WARNING: Exception caught by default exception handler -- java.lang.NullPointerException
	at org.wit.rpt.ui.ICCTab$SelItem.valueChanged(ICCTab.java:431)
	at javax.swing.JTree.fireValueChanged(Unknown Source)
	at javax.swing.JTree$TreeSelectionRedirector.valueChanged(Unknown Source)
	at javax.swing.tree.DefaultTreeSelectionModel.fireValueChanged(Unknown Source)
	at javax.swing.tree.DefaultTreeSelectionModel.notifyPathChange(Unknown Source)
	at javax.swing.tree.DefaultTreeSelectionModel.setSelectionPaths(Unknown Source)
	at javax.swing.tree.DefaultTreeSelectionModel.setSelectionPath(Unknown Source)
	at javax.swing.JTree.setSelectionPath(Unknown Source)
	at javax.swing.plaf.basic.BasicTreeUI.selectPathForEvent(Unknown Source)
	at javax.swing.plaf.basic.BasicTreeUI$Handler.handleSelection(Unknown Source)
	at javax.swing.plaf.basic.BasicTreeUI$Handler.mousePressed(Unknown Source)
	at java.awt.Component.processMouseEvent(Unknown Source)
	at javax.swing.JComponent.processMouseEvent(Unknown Source)
	at java.awt.Component.processEvent(Unknown Source)
	at java.awt.Container.processEvent(Unknown Source)
	at java.awt.Component.dispatchEventImpl(Unknown Source)
	at java.awt.Container.dispatchEventImpl(Unknown Source)
	at java.awt.Component.dispatchEvent(Unknown Source)
	at java.awt.LightweightDispatcher.retargetMouseEvent(Unknown Source)
	at java.awt.LightweightDispatcher.processMouseEvent(Unknown Source)
	at java.awt.LightweightDispatcher.dispatchEvent(Unknown Source)
	at java.awt.Container.dispatchEventImpl(Unknown Source)
	at java.awt.Window.dispatchEventImpl(Unknown Source)
	at java.awt.Component.dispatchEvent(Unknown Source)
	at java.awt.EventQueue.dispatchEventImpl(Unknown Source)
	at java.awt.EventQueue.access$400(Unknown Source)
	at java.awt.EventQueue$3.run(Unknown Source)
	at java.awt.EventQueue$3.run(Unknown Source)
	at java.security.AccessController.doPrivileged(Native Method)
	at java.security.ProtectionDomain$1.doIntersectionPrivilege(Unknown Source)
	at java.security.ProtectionDomain$1.doIntersectionPrivilege(Unknown Source)
	at java.awt.EventQueue$4.run(Unknown Source)
	at java.awt.EventQueue$4.run(Unknown Source)
	at java.security.AccessController.doPrivileged(Native Method)
	at java.security.ProtectionDomain$1.doIntersectionPrivilege(Unknown Source)
	at java.awt.EventQueue.dispatchEvent(Unknown Source)
	at java.awt.EventDispatchThread.pumpOneEventForFilters(Unknown Source)
	at java.awt.EventDispatchThread.pumpEventsForFilter(Unknown Source)
	at java.awt.EventDispatchThread.pumpEventsForHierarchy(Unknown Source)
	at java.awt.EventDispatchThread.pumpEvents(Unknown Source)
	at java.awt.EventDispatchThread.pumpEvents(Unknown Source)
	at java.awt.EventDispatchThread.run(Unknown Source)

2016.05.13 10:34:23.571 CST INFO: ... saving successful to: E:\AGVsModel\AGVs1.owl -- Protege2Jena.saveAll()
2016.05.13 10:34:48.971 CST INFO: *** SYSTEM START ***
2016.05.13 10:34:49.350 CST WARNING: missing bundle: protege_text -- BundleHelper.<init>()
2016.05.13 10:34:55.859 CST WARNING: [Local Folder Repository] The specified file must be a directory. (C:\Users\Administrator\workspace\RPT-plugin0504\plugins\edu.stanford.smi.protegex.owl) -- LocalFolderRepository.update()
2016.05.13 10:34:55.985 CST INFO: Loading triples for: file:/E:/AGVsModel/AGVs2.owl -- ProtegeOWLParser.loadTriples()
2016.05.13 10:34:56.594 CST INFO:     Completed triple loading after 527 ms -- ProtegeOWLParser.loadTriples()
2016.05.13 10:34:57.028 CST INFO: Importing http://sqwrl.stanford.edu/ontologies/built-ins/3.4/sqwrl.owl from location: http://sqwrl.stanford.edu/ontologies/built-ins/3.4/sqwrl.owl -- AbstractOWLModel.loadImportedAssertions()
2016.05.13 10:34:57.805 CST INFO: Loading triples for: http://sqwrl.stanford.edu/ontologies/built-ins/3.4/sqwrl.owl -- ProtegeOWLParser.loadTriples()
2016.05.13 10:34:57.821 CST INFO:     Completed triple loading after 13 ms -- ProtegeOWLParser.loadTriples()
2016.05.13 10:34:58.258 CST INFO: Importing http://swrl.stanford.edu/ontologies/3.3/swrla.owl from location: http://swrl.stanford.edu/ontologies/3.3/swrla.owl -- AbstractOWLModel.loadImportedAssertions()
2016.05.13 10:34:59.080 CST INFO: Loading triples for: http://swrl.stanford.edu/ontologies/3.3/swrla.owl -- ProtegeOWLParser.loadTriples()
2016.05.13 10:34:59.114 CST INFO:     Completed triple loading after 32 ms -- ProtegeOWLParser.loadTriples()
2016.05.13 10:34:59.115 CST INFO: Postprocess: Process entities with incorrect Java type (0 entities) ...  -- TriplePostProcessor.processFramesWithWrongJavaType()
2016.05.13 10:34:59.115 CST INFO: 0 ms
 -- TriplePostProcessor.processFramesWithWrongJavaType()
2016.05.13 10:34:59.116 CST INFO: Postprocess: Process metaclasses (3 metaclasses) ...  -- TriplePostProcessor.processMetaclasses()
2016.05.13 10:34:59.117 CST INFO: 1 ms
 -- TriplePostProcessor.processMetaclasses()
2016.05.13 10:34:59.117 CST INFO: Postprocess: Process subclasses of rdf:List (1 classes) ...  -- TriplePostProcessor.processSubclassesOfRdfList()
2016.05.13 10:34:59.117 CST INFO: 0 ms
 -- TriplePostProcessor.processSubclassesOfRdfList()
2016.05.13 10:34:59.117 CST INFO: Postprocess: Instances with multiple types (21 instances) ...  -- TriplePostProcessor.processInstancesWithMultipleTypes()
2016.05.13 10:34:59.120 CST INFO: 2 ms
 -- TriplePostProcessor.processInstancesWithMultipleTypes()
2016.05.13 10:34:59.120 CST INFO: Postprocess: Add inferred superclasses ...  -- TriplePostProcessor.processInferredSuperclasses()
2016.05.13 10:34:59.121 CST INFO: 1 ms
 -- TriplePostProcessor.processInferredSuperclasses()
2016.05.13 10:34:59.125 CST INFO: Postprocess: Process orphan classes (39 classes) ...  -- TriplePostProcessor.processOrphanClses()
2016.05.13 10:34:59.130 CST INFO: 4 ms
 -- TriplePostProcessor.processOrphanClses()
2016.05.13 10:34:59.130 CST INFO: Postprocess: Generalized Concept Inclusion (0 axioms) ...  -- TriplePostProcessor.processGeneralizedConceptInclusions()
2016.05.13 10:34:59.131 CST INFO: 0 ms
 -- TriplePostProcessor.processGeneralizedConceptInclusions()
2016.05.13 10:34:59.131 CST INFO: Postprocess: Abstract classes...  -- TriplePostProcessor.processAbstractClasses()
2016.05.13 10:34:59.131 CST INFO: 0 ms
 -- TriplePostProcessor.processAbstractClasses()
2016.05.13 10:34:59.131 CST INFO: Postprocess: Domain and range of properties...  -- TriplePostProcessor.processDomainAndRange()
2016.05.13 10:34:59.142 CST INFO: 11 ms
 -- TriplePostProcessor.processDomainAndRange()
2016.05.13 10:34:59.142 CST INFO: Postprocess: Possibly typed entities (0 resources) ...  -- TriplePostProcessor.processPossiblyTypedResources()
2016.05.13 10:34:59.143 CST INFO: 0 ms
 -- TriplePostProcessor.processPossiblyTypedResources()
2016.05.13 10:34:59.143 CST INFO: Updating underlying frames model in 0 ms -- ProtegeOWLParser.doFinalPostProcessing()
2016.05.13 10:35:00.371 CST WARNING: Could not open default Profile file. Message: rethrew: java.io.FileNotFoundException: C:\Users\Administrator\workspace\RPT-plugin0504\plugins\edu.stanford.smi.protegex.owl\OWLProfiles.owl (系统找不到指定的路径。) -- ProfilesManager.getDefaultProfileOntModel()
2016.05.13 10:35:01.175 CST INFO: SWRLJessBridge load failed: could not find jess.Rete - or an error occured on initialization -- BridgePluginManager.<clinit>()
2016.05.13 10:35:01.177 CST INFO: SQWRLQueryTab load failed: could not find jess.Rete - or an error occured on initialization -- BridgePluginManager.<clinit>()
2016.05.13 10:35:01.624 CST INFO: UI display time = 2 sec -- ProjectManager$2.run()
2016.05.13 10:35:29.730 CST INFO: ... saving successful to: E:\AGVsModel\AGVs2.owl -- Protege2Jena.saveAll()
2016.05.13 10:39:22.172 CST INFO: *** SYSTEM START ***
2016.05.13 10:39:22.548 CST WARNING: missing bundle: protege_text -- BundleHelper.<init>()
2016.05.13 10:39:25.198 CST WARNING: [Local Folder Repository] The specified file must be a directory. (C:\Users\Administrator\workspace\RPT-plugin0504\plugins\edu.stanford.smi.protegex.owl) -- LocalFolderRepository.update()
2016.05.13 10:39:26.325 CST INFO: Loading triples for: file:/E:/AGVsModel/AGVs2.owl -- ProtegeOWLParser.loadTriples()
2016.05.13 10:39:26.671 CST INFO:     Completed triple loading after 344 ms -- ProtegeOWLParser.loadTriples()
2016.05.13 10:39:26.672 CST INFO: Importing http://sqwrl.stanford.edu/ontologies/built-ins/3.4/sqwrl.owl from location: http://sqwrl.stanford.edu/ontologies/built-ins/3.4/sqwrl.owl -- AbstractOWLModel.loadImportedAssertions()
2016.05.13 10:39:27.461 CST INFO: Loading triples for: http://sqwrl.stanford.edu/ontologies/built-ins/3.4/sqwrl.owl -- ProtegeOWLParser.loadTriples()
2016.05.13 10:39:27.481 CST INFO:     Completed triple loading after 18 ms -- ProtegeOWLParser.loadTriples()
2016.05.13 10:39:27.488 CST INFO: Importing http://swrl.stanford.edu/ontologies/3.3/swrla.owl from location: http://swrl.stanford.edu/ontologies/3.3/swrla.owl -- AbstractOWLModel.loadImportedAssertions()
2016.05.13 10:39:28.269 CST INFO: Loading triples for: http://swrl.stanford.edu/ontologies/3.3/swrla.owl -- ProtegeOWLParser.loadTriples()
2016.05.13 10:39:28.469 CST INFO:     Completed triple loading after 199 ms -- ProtegeOWLParser.loadTriples()
2016.05.13 10:39:28.470 CST INFO: Postprocess: Process entities with incorrect Java type (0 entities) ...  -- TriplePostProcessor.processFramesWithWrongJavaType()
2016.05.13 10:39:28.471 CST INFO: 0 ms
 -- TriplePostProcessor.processFramesWithWrongJavaType()
2016.05.13 10:39:28.471 CST INFO: Postprocess: Process metaclasses (3 metaclasses) ...  -- TriplePostProcessor.processMetaclasses()
2016.05.13 10:39:28.472 CST INFO: 0 ms
 -- TriplePostProcessor.processMetaclasses()
2016.05.13 10:39:28.473 CST INFO: Postprocess: Process subclasses of rdf:List (1 classes) ...  -- TriplePostProcessor.processSubclassesOfRdfList()
2016.05.13 10:39:28.473 CST INFO: 0 ms
 -- TriplePostProcessor.processSubclassesOfRdfList()
2016.05.13 10:39:28.473 CST INFO: Postprocess: Instances with multiple types (21 instances) ...  -- TriplePostProcessor.processInstancesWithMultipleTypes()
2016.05.13 10:39:28.475 CST INFO: 2 ms
 -- TriplePostProcessor.processInstancesWithMultipleTypes()
2016.05.13 10:39:28.476 CST INFO: Postprocess: Add inferred superclasses ...  -- TriplePostProcessor.processInferredSuperclasses()
2016.05.13 10:39:28.476 CST INFO: 0 ms
 -- TriplePostProcessor.processInferredSuperclasses()
2016.05.13 10:39:28.480 CST INFO: Postprocess: Process orphan classes (39 classes) ...  -- TriplePostProcessor.processOrphanClses()
2016.05.13 10:39:28.484 CST INFO: 4 ms
 -- TriplePostProcessor.processOrphanClses()
2016.05.13 10:39:28.484 CST INFO: Postprocess: Generalized Concept Inclusion (0 axioms) ...  -- TriplePostProcessor.processGeneralizedConceptInclusions()
2016.05.13 10:39:28.484 CST INFO: 0 ms
 -- TriplePostProcessor.processGeneralizedConceptInclusions()
2016.05.13 10:39:28.485 CST INFO: Postprocess: Abstract classes...  -- TriplePostProcessor.processAbstractClasses()
2016.05.13 10:39:28.485 CST INFO: 0 ms
 -- TriplePostProcessor.processAbstractClasses()
2016.05.13 10:39:28.485 CST INFO: Postprocess: Domain and range of properties...  -- TriplePostProcessor.processDomainAndRange()
2016.05.13 10:39:28.494 CST INFO: 9 ms
 -- TriplePostProcessor.processDomainAndRange()
2016.05.13 10:39:28.494 CST INFO: Postprocess: Possibly typed entities (0 resources) ...  -- TriplePostProcessor.processPossiblyTypedResources()
2016.05.13 10:39:28.495 CST INFO: 0 ms
 -- TriplePostProcessor.processPossiblyTypedResources()
2016.05.13 10:39:28.496 CST INFO: Updating underlying frames model in 1 ms -- ProtegeOWLParser.doFinalPostProcessing()
2016.05.13 10:39:29.853 CST WARNING: Could not open default Profile file. Message: rethrew: java.io.FileNotFoundException: C:\Users\Administrator\workspace\RPT-plugin0504\plugins\edu.stanford.smi.protegex.owl\OWLProfiles.owl (系统找不到指定的路径。) -- ProfilesManager.getDefaultProfileOntModel()
2016.05.13 10:39:30.600 CST INFO: SWRLJessBridge load failed: could not find jess.Rete - or an error occured on initialization -- BridgePluginManager.<clinit>()
2016.05.13 10:39:30.601 CST INFO: SQWRLQueryTab load failed: could not find jess.Rete - or an error occured on initialization -- BridgePluginManager.<clinit>()
2016.05.13 10:39:32.305 CST INFO: Load time for file:\E:\AGVsModel\AGVs2.pprj = 4 sec (project) + 3 sec (ui) -- ProjectManager$3.run()
2016.05.13 10:45:24.214 CST INFO: ... saving successful to: E:\AGVsModel\AGVs2.owl -- Protege2Jena.saveAll()
2016.05.13 10:47:18.240 CST INFO: *** SYSTEM START ***
2016.05.13 10:47:18.613 CST WARNING: missing bundle: protege_text -- BundleHelper.<init>()
2016.05.13 10:47:22.482 CST WARNING: [Local Folder Repository] The specified file must be a directory. (C:\Users\Administrator\workspace\RPT-plugin0504\plugins\edu.stanford.smi.protegex.owl) -- LocalFolderRepository.update()
2016.05.13 10:47:33.716 CST WARNING: Exception caught trying to parse http://sqwrl.stanford.edu/ontologies/built-ins/3.4/sqwrl.owl for an ontology declaration -- java.io.IOException: java.net.UnknownHostException: sqwrl.stanford.edu
	at edu.stanford.smi.protegex.owl.repository.util.URLInputSource.getInputStream(Unknown Source)
	at edu.stanford.smi.protegex.owl.repository.util.OntologyNameExtractor.searchForOntologyDeclaration(Unknown Source)
	at edu.stanford.smi.protegex.owl.repository.util.OntologyNameExtractor.init(Unknown Source)
	at edu.stanford.smi.protegex.owl.repository.util.OntologyNameExtractor.<init>(Unknown Source)
	at edu.stanford.smi.protegex.owl.repository.impl.HTTPRepository.update(Unknown Source)
	at edu.stanford.smi.protegex.owl.repository.impl.HTTPRepository.<init>(Unknown Source)
	at edu.stanford.smi.protegex.owl.repository.impl.HTTPRepositoryFactoryPlugin.createRepository(Unknown Source)
	at edu.stanford.smi.protegex.owl.repository.factory.RepositoryFactory.createOntRepository(Unknown Source)
	at edu.stanford.smi.protegex.owl.repository.util.RepositoryFileManager.loadRepositoriesFromURI(Unknown Source)
	at edu.stanford.smi.protegex.owl.repository.util.RepositoryFileManager.loadProjectRepositories(Unknown Source)
	at edu.stanford.smi.protegex.owl.repository.util.RepositoryFileManager.loadProjectRepositories(Unknown Source)
	at edu.stanford.smi.protegex.owl.jena.JenaKnowledgeBaseFactory.loadKnowledgeBase(Unknown Source)
	at edu.stanford.smi.protege.model.Project.loadDomainKB(Unknown Source)
	at edu.stanford.smi.protege.model.Project.createDomainKnowledgeBase(Unknown Source)
	at edu.stanford.smi.protege.model.Project.<init>(Unknown Source)
	at edu.stanford.smi.protege.model.Project.<init>(Unknown Source)
	at edu.stanford.smi.protege.model.Project.loadProjectFromURI(Unknown Source)
	at edu.stanford.smi.protege.ui.ProjectManager.loadProjectFromURI(Unknown Source)
	at edu.stanford.smi.protege.ui.ProjectManager.loadProject(Unknown Source)
	at edu.stanford.smi.protege.ui.WelcomeDialog.doOpenProject(Unknown Source)
	at edu.stanford.smi.protege.ui.WelcomeDialog.openButton_actionPerformed(Unknown Source)
	at edu.stanford.smi.protege.ui.WelcomeDialog$2.actionPerformed(Unknown Source)
	at javax.swing.AbstractButton.fireActionPerformed(Unknown Source)
	at javax.swing.AbstractButton$Handler.actionPerformed(Unknown Source)
	at javax.swing.DefaultButtonModel.fireActionPerformed(Unknown Source)
	at javax.swing.DefaultButtonModel.setPressed(Unknown Source)
	at javax.swing.plaf.basic.BasicButtonListener.mouseReleased(Unknown Source)
	at java.awt.AWTEventMulticaster.mouseReleased(Unknown Source)
	at java.awt.Component.processMouseEvent(Unknown Source)
	at javax.swing.JComponent.processMouseEvent(Unknown Source)
	at java.awt.Component.processEvent(Unknown Source)
	at java.awt.Container.processEvent(Unknown Source)
	at java.awt.Component.dispatchEventImpl(Unknown Source)
	at java.awt.Container.dispatchEventImpl(Unknown Source)
	at java.awt.Component.dispatchEvent(Unknown Source)
	at java.awt.LightweightDispatcher.retargetMouseEvent(Unknown Source)
	at java.awt.LightweightDispatcher.processMouseEvent(Unknown Source)
	at java.awt.LightweightDispatcher.dispatchEvent(Unknown Source)
	at java.awt.Container.dispatchEventImpl(Unknown Source)
	at java.awt.Window.dispatchEventImpl(Unknown Source)
	at java.awt.Component.dispatchEvent(Unknown Source)
	at java.awt.EventQueue.dispatchEventImpl(Unknown Source)
	at java.awt.EventQueue.access$400(Unknown Source)
	at java.awt.EventQueue$3.run(Unknown Source)
	at java.awt.EventQueue$3.run(Unknown Source)
	at java.security.AccessController.doPrivileged(Native Method)
	at java.security.ProtectionDomain$1.doIntersectionPrivilege(Unknown Source)
	at java.security.ProtectionDomain$1.doIntersectionPrivilege(Unknown Source)
	at java.awt.EventQueue$4.run(Unknown Source)
	at java.awt.EventQueue$4.run(Unknown Source)
	at java.security.AccessController.doPrivileged(Native Method)
	at java.security.ProtectionDomain$1.doIntersectionPrivilege(Unknown Source)
	at java.awt.EventQueue.dispatchEvent(Unknown Source)
	at java.awt.EventDispatchThread.pumpOneEventForFilters(Unknown Source)
	at java.awt.EventDispatchThread.pumpEventsForFilter(Unknown Source)
	at java.awt.EventDispatchThread.pumpEventsForFilter(Unknown Source)
	at java.awt.WaitDispatchSupport$2.run(Unknown Source)
	at java.awt.event.InvocationEvent.dispatch(Unknown Source)
	at java.awt.EventQueue.dispatchEventImpl(Unknown Source)
	at java.awt.EventQueue.access$400(Unknown Source)
	at java.awt.EventQueue$3.run(Unknown Source)
	at java.awt.EventQueue$3.run(Unknown Source)
	at java.security.AccessController.doPrivileged(Native Method)
	at java.security.ProtectionDomain$1.doIntersectionPrivilege(Unknown Source)
	at java.awt.EventQueue.dispatchEvent(Unknown Source)
	at java.awt.EventDispatchThread.pumpOneEventForFilters(Unknown Source)
	at java.awt.EventDispatchThread.pumpEventsForFilter(Unknown Source)
	at java.awt.EventDispatchThread.pumpEventsForHierarchy(Unknown Source)
	at java.awt.EventDispatchThread.pumpEvents(Unknown Source)
	at java.awt.EventDispatchThread.pumpEvents(Unknown Source)
	at java.awt.EventDispatchThread.run(Unknown Source)
Caused by: Could not get input stream for http://sqwrl.stanford.edu/ontologies/built-ins/3.4/sqwrl.owl
	at edu.stanford.smi.protegex.owl.jena.parser.ProtegeOWLParser.getInputStream(Unknown Source)
	at edu.stanford.smi.protegex.owl.repository.util.URLInputSource.getInputStream(Unknown Source)
	... 70 more
Caused by: java.net.UnknownHostException: sqwrl.stanford.edu
	at java.net.AbstractPlainSocketImpl.connect(Unknown Source)
	at java.net.PlainSocketImpl.connect(Unknown Source)
	at java.net.SocksSocketImpl.connect(Unknown Source)
	at java.net.Socket.connect(Unknown Source)
	at sun.net.NetworkClient.doConnect(Unknown Source)
	at sun.net.www.http.HttpClient.openServer(Unknown Source)
	at sun.net.www.http.HttpClient.openServer(Unknown Source)
	at sun.net.www.http.HttpClient.<init>(Unknown Source)
	at sun.net.www.http.HttpClient.New(Unknown Source)
	at sun.net.www.http.HttpClient.New(Unknown Source)
	at sun.net.www.protocol.http.HttpURLConnection.getNewHttpClient(Unknown Source)
	at sun.net.www.protocol.http.HttpURLConnection.plainConnect0(Unknown Source)
	at sun.net.www.protocol.http.HttpURLConnection.plainConnect(Unknown Source)
	at sun.net.www.protocol.http.HttpURLConnection.connect(Unknown Source)
	at sun.net.www.protocol.http.HttpURLConnection.getInputStream0(Unknown Source)
	at sun.net.www.protocol.http.HttpURLConnection.getInputStream(Unknown Source)
	at edu.stanford.smi.protegex.owl.jena.parser.ProtegeOWLParser.getInputStream(Unknown Source)
	... 71 more

2016.05.13 10:47:34.197 CST WARNING: Exception caught trying to parse http://sqwrl.stanford.edu/ontologies/built-ins/3.4/sqwrl.owl for an ontology declaration -- java.io.IOException: java.net.UnknownHostException: sqwrl.stanford.edu
	at edu.stanford.smi.protegex.owl.repository.util.URLInputSource.getInputStream(Unknown Source)
	at edu.stanford.smi.protegex.owl.repository.util.OntologyNameExtractor.searchForOntologyDeclaration(Unknown Source)
	at edu.stanford.smi.protegex.owl.repository.util.OntologyNameExtractor.init(Unknown Source)
	at edu.stanford.smi.protegex.owl.repository.util.OntologyNameExtractor.<init>(Unknown Source)
	at edu.stanford.smi.protegex.owl.repository.impl.HTTPRepository.update(Unknown Source)
	at edu.stanford.smi.protegex.owl.repository.impl.HTTPRepository.<init>(Unknown Source)
	at edu.stanford.smi.protegex.owl.repository.impl.HTTPRepositoryFactoryPlugin.createRepository(Unknown Source)
	at edu.stanford.smi.protegex.owl.repository.factory.RepositoryFactory.createOntRepository(Unknown Source)
	at edu.stanford.smi.protegex.owl.repository.util.RepositoryFileManager.loadRepositoriesFromURI(Unknown Source)
	at edu.stanford.smi.protegex.owl.repository.util.RepositoryFileManager.loadProjectRepositories(Unknown Source)
	at edu.stanford.smi.protegex.owl.repository.util.RepositoryFileManager.loadProjectRepositories(Unknown Source)
	at edu.stanford.smi.protegex.owl.jena.JenaKnowledgeBaseFactory.loadKnowledgeBase(Unknown Source)
	at edu.stanford.smi.protege.model.Project.loadDomainKB(Unknown Source)
	at edu.stanford.smi.protege.model.Project.createDomainKnowledgeBase(Unknown Source)
	at edu.stanford.smi.protege.model.Project.<init>(Unknown Source)
	at edu.stanford.smi.protege.model.Project.<init>(Unknown Source)
	at edu.stanford.smi.protege.model.Project.loadProjectFromURI(Unknown Source)
	at edu.stanford.smi.protege.ui.ProjectManager.loadProjectFromURI(Unknown Source)
	at edu.stanford.smi.protege.ui.ProjectManager.loadProject(Unknown Source)
	at edu.stanford.smi.protege.ui.WelcomeDialog.doOpenProject(Unknown Source)
	at edu.stanford.smi.protege.ui.WelcomeDialog.openButton_actionPerformed(Unknown Source)
	at edu.stanford.smi.protege.ui.WelcomeDialog$2.actionPerformed(Unknown Source)
	at javax.swing.AbstractButton.fireActionPerformed(Unknown Source)
	at javax.swing.AbstractButton$Handler.actionPerformed(Unknown Source)
	at javax.swing.DefaultButtonModel.fireActionPerformed(Unknown Source)
	at javax.swing.DefaultButtonModel.setPressed(Unknown Source)
	at javax.swing.plaf.basic.BasicButtonListener.mouseReleased(Unknown Source)
	at java.awt.AWTEventMulticaster.mouseReleased(Unknown Source)
	at java.awt.Component.processMouseEvent(Unknown Source)
	at javax.swing.JComponent.processMouseEvent(Unknown Source)
	at java.awt.Component.processEvent(Unknown Source)
	at java.awt.Container.processEvent(Unknown Source)
	at java.awt.Component.dispatchEventImpl(Unknown Source)
	at java.awt.Container.dispatchEventImpl(Unknown Source)
	at java.awt.Component.dispatchEvent(Unknown Source)
	at java.awt.LightweightDispatcher.retargetMouseEvent(Unknown Source)
	at java.awt.LightweightDispatcher.processMouseEvent(Unknown Source)
	at java.awt.LightweightDispatcher.dispatchEvent(Unknown Source)
	at java.awt.Container.dispatchEventImpl(Unknown Source)
	at java.awt.Window.dispatchEventImpl(Unknown Source)
	at java.awt.Component.dispatchEvent(Unknown Source)
	at java.awt.EventQueue.dispatchEventImpl(Unknown Source)
	at java.awt.EventQueue.access$400(Unknown Source)
	at java.awt.EventQueue$3.run(Unknown Source)
	at java.awt.EventQueue$3.run(Unknown Source)
	at java.security.AccessController.doPrivileged(Native Method)
	at java.security.ProtectionDomain$1.doIntersectionPrivilege(Unknown Source)
	at java.security.ProtectionDomain$1.doIntersectionPrivilege(Unknown Source)
	at java.awt.EventQueue$4.run(Unknown Source)
	at java.awt.EventQueue$4.run(Unknown Source)
	at java.security.AccessController.doPrivileged(Native Method)
	at java.security.ProtectionDomain$1.doIntersectionPrivilege(Unknown Source)
	at java.awt.EventQueue.dispatchEvent(Unknown Source)
	at java.awt.EventDispatchThread.pumpOneEventForFilters(Unknown Source)
	at java.awt.EventDispatchThread.pumpEventsForFilter(Unknown Source)
	at java.awt.EventDispatchThread.pumpEventsForFilter(Unknown Source)
	at java.awt.WaitDispatchSupport$2.run(Unknown Source)
	at java.awt.event.InvocationEvent.dispatch(Unknown Source)
	at java.awt.EventQueue.dispatchEventImpl(Unknown Source)
	at java.awt.EventQueue.access$400(Unknown Source)
	at java.awt.EventQueue$3.run(Unknown Source)
	at java.awt.EventQueue$3.run(Unknown Source)
	at java.security.AccessController.doPrivileged(Native Method)
	at java.security.ProtectionDomain$1.doIntersectionPrivilege(Unknown Source)
	at java.awt.EventQueue.dispatchEvent(Unknown Source)
	at java.awt.EventDispatchThread.pumpOneEventForFilters(Unknown Source)
	at java.awt.EventDispatchThread.pumpEventsForFilter(Unknown Source)
	at java.awt.EventDispatchThread.pumpEventsForHierarchy(Unknown Source)
	at java.awt.EventDispatchThread.pumpEvents(Unknown Source)
	at java.awt.EventDispatchThread.pumpEvents(Unknown Source)
	at java.awt.EventDispatchThread.run(Unknown Source)
Caused by: Could not get input stream for http://sqwrl.stanford.edu/ontologies/built-ins/3.4/sqwrl.owl
	at edu.stanford.smi.protegex.owl.jena.parser.ProtegeOWLParser.getInputStream(Unknown Source)
	at edu.stanford.smi.protegex.owl.repository.util.URLInputSource.getInputStream(Unknown Source)
	... 70 more
Caused by: java.net.UnknownHostException: sqwrl.stanford.edu
	at java.net.AbstractPlainSocketImpl.connect(Unknown Source)
	at java.net.PlainSocketImpl.connect(Unknown Source)
	at java.net.SocksSocketImpl.connect(Unknown Source)
	at java.net.Socket.connect(Unknown Source)
	at sun.net.NetworkClient.doConnect(Unknown Source)
	at sun.net.www.http.HttpClient.openServer(Unknown Source)
	at sun.net.www.http.HttpClient.openServer(Unknown Source)
	at sun.net.www.http.HttpClient.<init>(Unknown Source)
	at sun.net.www.http.HttpClient.New(Unknown Source)
	at sun.net.www.http.HttpClient.New(Unknown Source)
	at sun.net.www.protocol.http.HttpURLConnection.getNewHttpClient(Unknown Source)
	at sun.net.www.protocol.http.HttpURLConnection.plainConnect0(Unknown Source)
	at sun.net.www.protocol.http.HttpURLConnection.plainConnect(Unknown Source)
	at sun.net.www.protocol.http.HttpURLConnection.connect(Unknown Source)
	at sun.net.www.protocol.http.HttpURLConnection.getInputStream0(Unknown Source)
	at sun.net.www.protocol.http.HttpURLConnection.getInputStream(Unknown Source)
	at edu.stanford.smi.protegex.owl.jena.parser.ProtegeOWLParser.getInputStream(Unknown Source)
	... 71 more

2016.05.13 10:47:34.637 CST INFO: Loading triples for: file:/E:/AGVsModel/AGVs1.owl -- ProtegeOWLParser.loadTriples()
2016.05.13 10:47:34.976 CST INFO:     Completed triple loading after 336 ms -- ProtegeOWLParser.loadTriples()
2016.05.13 10:47:34.978 CST WARNING: Exception caught trying to parse http://sqwrl.stanford.edu/ontologies/built-ins/3.4/sqwrl.owl for an ontology declaration -- java.io.IOException: java.net.UnknownHostException: sqwrl.stanford.edu
	at edu.stanford.smi.protegex.owl.repository.util.URLInputSource.getInputStream(Unknown Source)
	at edu.stanford.smi.protegex.owl.repository.util.OntologyNameExtractor.searchForOntologyDeclaration(Unknown Source)
	at edu.stanford.smi.protegex.owl.repository.util.OntologyNameExtractor.init(Unknown Source)
	at edu.stanford.smi.protegex.owl.repository.util.OntologyNameExtractor.<init>(Unknown Source)
	at edu.stanford.smi.protegex.owl.repository.impl.HTTPRepository.update(Unknown Source)
	at edu.stanford.smi.protegex.owl.repository.impl.HTTPRepository.<init>(Unknown Source)
	at edu.stanford.smi.protegex.owl.repository.RepositoryManager.getRepository(Unknown Source)
	at edu.stanford.smi.protegex.owl.model.impl.AbstractOWLModel.getRepository(Unknown Source)
	at edu.stanford.smi.protegex.owl.model.impl.AbstractOWLModel.loadImportedAssertions(Unknown Source)
	at edu.stanford.smi.protegex.owl.jena.parser.ProtegeOWLParser.processImports(Unknown Source)
	at edu.stanford.smi.protegex.owl.jena.parser.ProtegeOWLParser.loadTriples(Unknown Source)
	at edu.stanford.smi.protegex.owl.jena.parser.ProtegeOWLParser.run(Unknown Source)
	at edu.stanford.smi.protegex.owl.jena.JenaKnowledgeBaseFactory.loadKnowledgeBase(Unknown Source)
	at edu.stanford.smi.protege.model.Project.loadDomainKB(Unknown Source)
	at edu.stanford.smi.protege.model.Project.createDomainKnowledgeBase(Unknown Source)
	at edu.stanford.smi.protege.model.Project.<init>(Unknown Source)
	at edu.stanford.smi.protege.model.Project.<init>(Unknown Source)
	at edu.stanford.smi.protege.model.Project.loadProjectFromURI(Unknown Source)
	at edu.stanford.smi.protege.ui.ProjectManager.loadProjectFromURI(Unknown Source)
	at edu.stanford.smi.protege.ui.ProjectManager.loadProject(Unknown Source)
	at edu.stanford.smi.protege.ui.WelcomeDialog.doOpenProject(Unknown Source)
	at edu.stanford.smi.protege.ui.WelcomeDialog.openButton_actionPerformed(Unknown Source)
	at edu.stanford.smi.protege.ui.WelcomeDialog$2.actionPerformed(Unknown Source)
	at javax.swing.AbstractButton.fireActionPerformed(Unknown Source)
	at javax.swing.AbstractButton$Handler.actionPerformed(Unknown Source)
	at javax.swing.DefaultButtonModel.fireActionPerformed(Unknown Source)
	at javax.swing.DefaultButtonModel.setPressed(Unknown Source)
	at javax.swing.plaf.basic.BasicButtonListener.mouseReleased(Unknown Source)
	at java.awt.AWTEventMulticaster.mouseReleased(Unknown Source)
	at java.awt.Component.processMouseEvent(Unknown Source)
	at javax.swing.JComponent.processMouseEvent(Unknown Source)
	at java.awt.Component.processEvent(Unknown Source)
	at java.awt.Container.processEvent(Unknown Source)
	at java.awt.Component.dispatchEventImpl(Unknown Source)
	at java.awt.Container.dispatchEventImpl(Unknown Source)
	at java.awt.Component.dispatchEvent(Unknown Source)
	at java.awt.LightweightDispatcher.retargetMouseEvent(Unknown Source)
	at java.awt.LightweightDispatcher.processMouseEvent(Unknown Source)
	at java.awt.LightweightDispatcher.dispatchEvent(Unknown Source)
	at java.awt.Container.dispatchEventImpl(Unknown Source)
	at java.awt.Window.dispatchEventImpl(Unknown Source)
	at java.awt.Component.dispatchEvent(Unknown Source)
	at java.awt.EventQueue.dispatchEventImpl(Unknown Source)
	at java.awt.EventQueue.access$400(Unknown Source)
	at java.awt.EventQueue$3.run(Unknown Source)
	at java.awt.EventQueue$3.run(Unknown Source)
	at java.security.AccessController.doPrivileged(Native Method)
	at java.security.ProtectionDomain$1.doIntersectionPrivilege(Unknown Source)
	at java.security.ProtectionDomain$1.doIntersectionPrivilege(Unknown Source)
	at java.awt.EventQueue$4.run(Unknown Source)
	at java.awt.EventQueue$4.run(Unknown Source)
	at java.security.AccessController.doPrivileged(Native Method)
	at java.security.ProtectionDomain$1.doIntersectionPrivilege(Unknown Source)
	at java.awt.EventQueue.dispatchEvent(Unknown Source)
	at java.awt.EventDispatchThread.pumpOneEventForFilters(Unknown Source)
	at java.awt.EventDispatchThread.pumpEventsForFilter(Unknown Source)
	at java.awt.EventDispatchThread.pumpEventsForFilter(Unknown Source)
	at java.awt.WaitDispatchSupport$2.run(Unknown Source)
	at java.awt.event.InvocationEvent.dispatch(Unknown Source)
	at java.awt.EventQueue.dispatchEventImpl(Unknown Source)
	at java.awt.EventQueue.access$400(Unknown Source)
	at java.awt.EventQueue$3.run(Unknown Source)
	at java.awt.EventQueue$3.run(Unknown Source)
	at java.security.AccessController.doPrivileged(Native Method)
	at java.security.ProtectionDomain$1.doIntersectionPrivilege(Unknown Source)
	at java.awt.EventQueue.dispatchEvent(Unknown Source)
	at java.awt.EventDispatchThread.pumpOneEventForFilters(Unknown Source)
	at java.awt.EventDispatchThread.pumpEventsForFilter(Unknown Source)
	at java.awt.EventDispatchThread.pumpEventsForHierarchy(Unknown Source)
	at java.awt.EventDispatchThread.pumpEvents(Unknown Source)
	at java.awt.EventDispatchThread.pumpEvents(Unknown Source)
	at java.awt.EventDispatchThread.run(Unknown Source)
Caused by: Could not get input stream for http://sqwrl.stanford.edu/ontologies/built-ins/3.4/sqwrl.owl
	at edu.stanford.smi.protegex.owl.jena.parser.ProtegeOWLParser.getInputStream(Unknown Source)
	at edu.stanford.smi.protegex.owl.repository.util.URLInputSource.getInputStream(Unknown Source)
	... 71 more
Caused by: java.net.UnknownHostException: sqwrl.stanford.edu
	at java.net.AbstractPlainSocketImpl.connect(Unknown Source)
	at java.net.PlainSocketImpl.connect(Unknown Source)
	at java.net.SocksSocketImpl.connect(Unknown Source)
	at java.net.Socket.connect(Unknown Source)
	at sun.net.NetworkClient.doConnect(Unknown Source)
	at sun.net.www.http.HttpClient.openServer(Unknown Source)
	at sun.net.www.http.HttpClient.openServer(Unknown Source)
	at sun.net.www.http.HttpClient.<init>(Unknown Source)
	at sun.net.www.http.HttpClient.New(Unknown Source)
	at sun.net.www.http.HttpClient.New(Unknown Source)
	at sun.net.www.protocol.http.HttpURLConnection.getNewHttpClient(Unknown Source)
	at sun.net.www.protocol.http.HttpURLConnection.plainConnect0(Unknown Source)
	at sun.net.www.protocol.http.HttpURLConnection.plainConnect(Unknown Source)
	at sun.net.www.protocol.http.HttpURLConnection.connect(Unknown Source)
	at sun.net.www.protocol.http.HttpURLConnection.getInputStream0(Unknown Source)
	at sun.net.www.protocol.http.HttpURLConnection.getInputStream(Unknown Source)
	at edu.stanford.smi.protegex.owl.jena.parser.ProtegeOWLParser.getInputStream(Unknown Source)
	... 72 more

2016.05.13 10:47:34.986 CST WARNING: Exception caught trying to parse http://sqwrl.stanford.edu/ontologies/built-ins/3.4/sqwrl.owl for an ontology declaration -- java.io.IOException: java.net.UnknownHostException: sqwrl.stanford.edu
	at edu.stanford.smi.protegex.owl.repository.util.URLInputSource.getInputStream(Unknown Source)
	at edu.stanford.smi.protegex.owl.repository.util.OntologyNameExtractor.searchForOntologyDeclaration(Unknown Source)
	at edu.stanford.smi.protegex.owl.repository.util.OntologyNameExtractor.init(Unknown Source)
	at edu.stanford.smi.protegex.owl.repository.util.OntologyNameExtractor.<init>(Unknown Source)
	at edu.stanford.smi.protegex.owl.repository.impl.ForcedURLRetrievalRepository.refresh(Unknown Source)
	at edu.stanford.smi.protegex.owl.repository.impl.ForcedURLRetrievalRepository.<init>(Unknown Source)
	at edu.stanford.smi.protegex.owl.repository.RepositoryManager.getRepository(Unknown Source)
	at edu.stanford.smi.protegex.owl.model.impl.AbstractOWLModel.getRepository(Unknown Source)
	at edu.stanford.smi.protegex.owl.model.impl.AbstractOWLModel.loadImportedAssertions(Unknown Source)
	at edu.stanford.smi.protegex.owl.jena.parser.ProtegeOWLParser.processImports(Unknown Source)
	at edu.stanford.smi.protegex.owl.jena.parser.ProtegeOWLParser.loadTriples(Unknown Source)
	at edu.stanford.smi.protegex.owl.jena.parser.ProtegeOWLParser.run(Unknown Source)
	at edu.stanford.smi.protegex.owl.jena.JenaKnowledgeBaseFactory.loadKnowledgeBase(Unknown Source)
	at edu.stanford.smi.protege.model.Project.loadDomainKB(Unknown Source)
	at edu.stanford.smi.protege.model.Project.createDomainKnowledgeBase(Unknown Source)
	at edu.stanford.smi.protege.model.Project.<init>(Unknown Source)
	at edu.stanford.smi.protege.model.Project.<init>(Unknown Source)
	at edu.stanford.smi.protege.model.Project.loadProjectFromURI(Unknown Source)
	at edu.stanford.smi.protege.ui.ProjectManager.loadProjectFromURI(Unknown Source)
	at edu.stanford.smi.protege.ui.ProjectManager.loadProject(Unknown Source)
	at edu.stanford.smi.protege.ui.WelcomeDialog.doOpenProject(Unknown Source)
	at edu.stanford.smi.protege.ui.WelcomeDialog.openButton_actionPerformed(Unknown Source)
	at edu.stanford.smi.protege.ui.WelcomeDialog$2.actionPerformed(Unknown Source)
	at javax.swing.AbstractButton.fireActionPerformed(Unknown Source)
	at javax.swing.AbstractButton$Handler.actionPerformed(Unknown Source)
	at javax.swing.DefaultButtonModel.fireActionPerformed(Unknown Source)
	at javax.swing.DefaultButtonModel.setPressed(Unknown Source)
	at javax.swing.plaf.basic.BasicButtonListener.mouseReleased(Unknown Source)
	at java.awt.AWTEventMulticaster.mouseReleased(Unknown Source)
	at java.awt.Component.processMouseEvent(Unknown Source)
	at javax.swing.JComponent.processMouseEvent(Unknown Source)
	at java.awt.Component.processEvent(Unknown Source)
	at java.awt.Container.processEvent(Unknown Source)
	at java.awt.Component.dispatchEventImpl(Unknown Source)
	at java.awt.Container.dispatchEventImpl(Unknown Source)
	at java.awt.Component.dispatchEvent(Unknown Source)
	at java.awt.LightweightDispatcher.retargetMouseEvent(Unknown Source)
	at java.awt.LightweightDispatcher.processMouseEvent(Unknown Source)
	at java.awt.LightweightDispatcher.dispatchEvent(Unknown Source)
	at java.awt.Container.dispatchEventImpl(Unknown Source)
	at java.awt.Window.dispatchEventImpl(Unknown Source)
	at java.awt.Component.dispatchEvent(Unknown Source)
	at java.awt.EventQueue.dispatchEventImpl(Unknown Source)
	at java.awt.EventQueue.access$400(Unknown Source)
	at java.awt.EventQueue$3.run(Unknown Source)
	at java.awt.EventQueue$3.run(Unknown Source)
	at java.security.AccessController.doPrivileged(Native Method)
	at java.security.ProtectionDomain$1.doIntersectionPrivilege(Unknown Source)
	at java.security.ProtectionDomain$1.doIntersectionPrivilege(Unknown Source)
	at java.awt.EventQueue$4.run(Unknown Source)
	at java.awt.EventQueue$4.run(Unknown Source)
	at java.security.AccessController.doPrivileged(Native Method)
	at java.security.ProtectionDomain$1.doIntersectionPrivilege(Unknown Source)
	at java.awt.EventQueue.dispatchEvent(Unknown Source)
	at java.awt.EventDispatchThread.pumpOneEventForFilters(Unknown Source)
	at java.awt.EventDispatchThread.pumpEventsForFilter(Unknown Source)
	at java.awt.EventDispatchThread.pumpEventsForFilter(Unknown Source)
	at java.awt.WaitDispatchSupport$2.run(Unknown Source)
	at java.awt.event.InvocationEvent.dispatch(Unknown Source)
	at java.awt.EventQueue.dispatchEventImpl(Unknown Source)
	at java.awt.EventQueue.access$400(Unknown Source)
	at java.awt.EventQueue$3.run(Unknown Source)
	at java.awt.EventQueue$3.run(Unknown Source)
	at java.security.AccessController.doPrivileged(Native Method)
	at java.security.ProtectionDomain$1.doIntersectionPrivilege(Unknown Source)
	at java.awt.EventQueue.dispatchEvent(Unknown Source)
	at java.awt.EventDispatchThread.pumpOneEventForFilters(Unknown Source)
	at java.awt.EventDispatchThread.pumpEventsForFilter(Unknown Source)
	at java.awt.EventDispatchThread.pumpEventsForHierarchy(Unknown Source)
	at java.awt.EventDispatchThread.pumpEvents(Unknown Source)
	at java.awt.EventDispatchThread.pumpEvents(Unknown Source)
	at java.awt.EventDispatchThread.run(Unknown Source)
Caused by: Could not get input stream for http://sqwrl.stanford.edu/ontologies/built-ins/3.4/sqwrl.owl
	at edu.stanford.smi.protegex.owl.jena.parser.ProtegeOWLParser.getInputStream(Unknown Source)
	at edu.stanford.smi.protegex.owl.repository.util.URLInputSource.getInputStream(Unknown Source)
	... 71 more
Caused by: java.net.UnknownHostException: sqwrl.stanford.edu
	at java.net.AbstractPlainSocketImpl.connect(Unknown Source)
	at java.net.PlainSocketImpl.connect(Unknown Source)
	at java.net.SocksSocketImpl.connect(Unknown Source)
	at java.net.Socket.connect(Unknown Source)
	at sun.net.NetworkClient.doConnect(Unknown Source)
	at sun.net.www.http.HttpClient.openServer(Unknown Source)
	at sun.net.www.http.HttpClient.openServer(Unknown Source)
	at sun.net.www.http.HttpClient.<init>(Unknown Source)
	at sun.net.www.http.HttpClient.New(Unknown Source)
	at sun.net.www.http.HttpClient.New(Unknown Source)
	at sun.net.www.protocol.http.HttpURLConnection.getNewHttpClient(Unknown Source)
	at sun.net.www.protocol.http.HttpURLConnection.plainConnect0(Unknown Source)
	at sun.net.www.protocol.http.HttpURLConnection.plainConnect(Unknown Source)
	at sun.net.www.protocol.http.HttpURLConnection.connect(Unknown Source)
	at sun.net.www.protocol.http.HttpURLConnection.getInputStream0(Unknown Source)
	at sun.net.www.protocol.http.HttpURLConnection.getInputStream(Unknown Source)
	at edu.stanford.smi.protegex.owl.jena.parser.ProtegeOWLParser.getInputStream(Unknown Source)
	... 72 more

2016.05.13 10:47:36.623 CST INFO: Importing http://swrl.stanford.edu/ontologies/3.3/swrla.owl from location: http://swrl.stanford.edu/ontologies/3.3/swrla.owl -- AbstractOWLModel.loadImportedAssertions()
2016.05.13 10:47:37.422 CST INFO: Loading triples for: http://swrl.stanford.edu/ontologies/3.3/swrla.owl -- ProtegeOWLParser.loadTriples()
2016.05.13 10:47:37.448 CST INFO:     Completed triple loading after 25 ms -- ProtegeOWLParser.loadTriples()
2016.05.13 10:47:37.449 CST INFO: Postprocess: Process entities with incorrect Java type (0 entities) ...  -- TriplePostProcessor.processFramesWithWrongJavaType()
2016.05.13 10:47:37.449 CST INFO: 0 ms
 -- TriplePostProcessor.processFramesWithWrongJavaType()
2016.05.13 10:47:37.450 CST INFO: Postprocess: Process metaclasses (3 metaclasses) ...  -- TriplePostProcessor.processMetaclasses()
2016.05.13 10:47:37.450 CST INFO: 0 ms
 -- TriplePostProcessor.processMetaclasses()
2016.05.13 10:47:37.451 CST INFO: Postprocess: Process subclasses of rdf:List (1 classes) ...  -- TriplePostProcessor.processSubclassesOfRdfList()
2016.05.13 10:47:37.451 CST INFO: 0 ms
 -- TriplePostProcessor.processSubclassesOfRdfList()
2016.05.13 10:47:37.451 CST INFO: Postprocess: Instances with multiple types (21 instances) ...  -- TriplePostProcessor.processInstancesWithMultipleTypes()
2016.05.13 10:47:37.453 CST INFO: 2 ms
 -- TriplePostProcessor.processInstancesWithMultipleTypes()
2016.05.13 10:47:37.455 CST INFO: Postprocess: Add inferred superclasses ...  -- TriplePostProcessor.processInferredSuperclasses()
2016.05.13 10:47:37.456 CST INFO: 1 ms
 -- TriplePostProcessor.processInferredSuperclasses()
2016.05.13 10:47:37.459 CST INFO: Postprocess: Process orphan classes (39 classes) ...  -- TriplePostProcessor.processOrphanClses()
2016.05.13 10:47:37.462 CST INFO: 3 ms
 -- TriplePostProcessor.processOrphanClses()
2016.05.13 10:47:37.464 CST INFO: Postprocess: Generalized Concept Inclusion (0 axioms) ...  -- TriplePostProcessor.processGeneralizedConceptInclusions()
2016.05.13 10:47:37.464 CST INFO: 0 ms
 -- TriplePostProcessor.processGeneralizedConceptInclusions()
2016.05.13 10:47:37.464 CST INFO: Postprocess: Abstract classes...  -- TriplePostProcessor.processAbstractClasses()
2016.05.13 10:47:37.465 CST INFO: 1 ms
 -- TriplePostProcessor.processAbstractClasses()
2016.05.13 10:47:37.465 CST INFO: Postprocess: Domain and range of properties...  -- TriplePostProcessor.processDomainAndRange()
2016.05.13 10:47:37.473 CST INFO: 8 ms
 -- TriplePostProcessor.processDomainAndRange()
2016.05.13 10:47:37.473 CST INFO: Postprocess: Possibly typed entities (1 resources) ...  -- TriplePostProcessor.processPossiblyTypedResources()
2016.05.13 10:47:37.473 CST INFO: 0 ms
 -- TriplePostProcessor.processPossiblyTypedResources()
2016.05.13 10:47:37.474 CST INFO: Updating underlying frames model in 0 ms -- ProtegeOWLParser.doFinalPostProcessing()
2016.05.13 10:47:38.642 CST WARNING: Could not open default Profile file. Message: rethrew: java.io.FileNotFoundException: C:\Users\Administrator\workspace\RPT-plugin0504\plugins\edu.stanford.smi.protegex.owl\OWLProfiles.owl (系统找不到指定的路径。) -- ProfilesManager.getDefaultProfileOntModel()
2016.05.13 10:47:39.370 CST INFO: Postprocess: Process entities with incorrect Java type (0 entities) ...  -- TriplePostProcessor.processFramesWithWrongJavaType()
2016.05.13 10:47:39.371 CST INFO: 0 ms
 -- TriplePostProcessor.processFramesWithWrongJavaType()
2016.05.13 10:47:39.371 CST INFO: Postprocess: Process metaclasses (3 metaclasses) ...  -- TriplePostProcessor.processMetaclasses()
2016.05.13 10:47:39.371 CST INFO: 0 ms
 -- TriplePostProcessor.processMetaclasses()
2016.05.13 10:47:39.371 CST INFO: Postprocess: Process subclasses of rdf:List (1 classes) ...  -- TriplePostProcessor.processSubclassesOfRdfList()
2016.05.13 10:47:39.371 CST INFO: 0 ms
 -- TriplePostProcessor.processSubclassesOfRdfList()
2016.05.13 10:47:39.371 CST INFO: Postprocess: Instances with multiple types (21 instances) ...  -- TriplePostProcessor.processInstancesWithMultipleTypes()
2016.05.13 10:47:39.372 CST INFO: 0 ms
 -- TriplePostProcessor.processInstancesWithMultipleTypes()
2016.05.13 10:47:39.372 CST INFO: Postprocess: Add inferred superclasses ...  -- TriplePostProcessor.processInferredSuperclasses()
2016.05.13 10:47:39.372 CST INFO: 0 ms
 -- TriplePostProcessor.processInferredSuperclasses()
2016.05.13 10:47:39.372 CST INFO: Postprocess: Process orphan classes (39 classes) ...  -- TriplePostProcessor.processOrphanClses()
2016.05.13 10:47:39.373 CST INFO: 1 ms
 -- TriplePostProcessor.processOrphanClses()
2016.05.13 10:47:39.373 CST INFO: Postprocess: Generalized Concept Inclusion (0 axioms) ...  -- TriplePostProcessor.processGeneralizedConceptInclusions()
2016.05.13 10:47:39.373 CST INFO: 0 ms
 -- TriplePostProcessor.processGeneralizedConceptInclusions()
2016.05.13 10:47:39.373 CST INFO: Postprocess: Abstract classes...  -- TriplePostProcessor.processAbstractClasses()
2016.05.13 10:47:39.373 CST INFO: 0 ms
 -- TriplePostProcessor.processAbstractClasses()
2016.05.13 10:47:39.374 CST INFO: Postprocess: Domain and range of properties...  -- TriplePostProcessor.processDomainAndRange()
2016.05.13 10:47:39.424 CST INFO: 50 ms
 -- TriplePostProcessor.processDomainAndRange()
2016.05.13 10:47:39.424 CST INFO: Postprocess: Possibly typed entities (1 resources) ...  -- TriplePostProcessor.processPossiblyTypedResources()
2016.05.13 10:47:39.424 CST INFO: 0 ms
 -- TriplePostProcessor.processPossiblyTypedResources()
2016.05.13 10:47:39.429 CST INFO: Updating underlying frames model in 0 ms -- ProtegeOWLParser.doFinalPostProcessing()
2016.05.13 10:47:39.752 CST INFO: SWRLJessBridge load failed: could not find jess.Rete - or an error occured on initialization -- BridgePluginManager.<clinit>()
2016.05.13 10:47:39.753 CST INFO: SQWRLQueryTab load failed: could not find jess.Rete - or an error occured on initialization -- BridgePluginManager.<clinit>()
2016.05.13 10:47:40.949 CST INFO: Load time for file:\E:\AGVsModel\AGVs1.pprj = 16 sec (project) + 3 sec (ui) -- ProjectManager$3.run()
2016.05.13 10:50:09.298 CST INFO: ... saving successful to: E:\AGVsModel\AGVs1.owl -- Protege2Jena.saveAll()
2016.05.13 10:51:44.353 CST INFO: *** SYSTEM START ***
2016.05.13 10:51:44.720 CST WARNING: missing bundle: protege_text -- BundleHelper.<init>()
2016.05.13 10:51:55.554 CST WARNING: [Local Folder Repository] The specified file must be a directory. (C:\Users\Administrator\workspace\RPT-plugin0504\plugins\edu.stanford.smi.protegex.owl) -- LocalFolderRepository.update()
2016.05.13 10:51:57.637 CST INFO: Loading triples for: file:/E:/AGVsModel/AGVs1.owl -- ProtegeOWLParser.loadTriples()
2016.05.13 10:51:57.976 CST INFO:     Completed triple loading after 336 ms -- ProtegeOWLParser.loadTriples()
2016.05.13 10:51:57.977 CST INFO: Importing http://sqwrl.stanford.edu/ontologies/built-ins/3.4/sqwrl.owl from location: http://sqwrl.stanford.edu/ontologies/built-ins/3.4/sqwrl.owl -- AbstractOWLModel.loadImportedAssertions()
2016.05.13 10:51:58.749 CST INFO: Loading triples for: http://sqwrl.stanford.edu/ontologies/built-ins/3.4/sqwrl.owl -- ProtegeOWLParser.loadTriples()
2016.05.13 10:51:58.771 CST INFO:     Completed triple loading after 20 ms -- ProtegeOWLParser.loadTriples()
2016.05.13 10:51:58.777 CST INFO: Importing http://swrl.stanford.edu/ontologies/3.3/swrla.owl from location: http://swrl.stanford.edu/ontologies/3.3/swrla.owl -- AbstractOWLModel.loadImportedAssertions()
2016.05.13 10:51:59.547 CST INFO: Loading triples for: http://swrl.stanford.edu/ontologies/3.3/swrla.owl -- ProtegeOWLParser.loadTriples()
2016.05.13 10:51:59.586 CST INFO:     Completed triple loading after 37 ms -- ProtegeOWLParser.loadTriples()
2016.05.13 10:51:59.587 CST INFO: Postprocess: Process entities with incorrect Java type (0 entities) ...  -- TriplePostProcessor.processFramesWithWrongJavaType()
2016.05.13 10:51:59.587 CST INFO: 0 ms
 -- TriplePostProcessor.processFramesWithWrongJavaType()
2016.05.13 10:51:59.588 CST INFO: Postprocess: Process metaclasses (3 metaclasses) ...  -- TriplePostProcessor.processMetaclasses()
2016.05.13 10:51:59.589 CST INFO: 0 ms
 -- TriplePostProcessor.processMetaclasses()
2016.05.13 10:51:59.589 CST INFO: Postprocess: Process subclasses of rdf:List (1 classes) ...  -- TriplePostProcessor.processSubclassesOfRdfList()
2016.05.13 10:51:59.590 CST INFO: 0 ms
 -- TriplePostProcessor.processSubclassesOfRdfList()
2016.05.13 10:51:59.590 CST INFO: Postprocess: Instances with multiple types (21 instances) ...  -- TriplePostProcessor.processInstancesWithMultipleTypes()
2016.05.13 10:51:59.592 CST INFO: 2 ms
 -- TriplePostProcessor.processInstancesWithMultipleTypes()
2016.05.13 10:51:59.592 CST INFO: Postprocess: Add inferred superclasses ...  -- TriplePostProcessor.processInferredSuperclasses()
2016.05.13 10:51:59.593 CST INFO: 0 ms
 -- TriplePostProcessor.processInferredSuperclasses()
2016.05.13 10:51:59.598 CST INFO: Postprocess: Process orphan classes (39 classes) ...  -- TriplePostProcessor.processOrphanClses()
2016.05.13 10:51:59.602 CST INFO: 3 ms
 -- TriplePostProcessor.processOrphanClses()
2016.05.13 10:51:59.603 CST INFO: Postprocess: Generalized Concept Inclusion (0 axioms) ...  -- TriplePostProcessor.processGeneralizedConceptInclusions()
2016.05.13 10:51:59.603 CST INFO: 0 ms
 -- TriplePostProcessor.processGeneralizedConceptInclusions()
2016.05.13 10:51:59.603 CST INFO: Postprocess: Abstract classes...  -- TriplePostProcessor.processAbstractClasses()
2016.05.13 10:51:59.603 CST INFO: 0 ms
 -- TriplePostProcessor.processAbstractClasses()
2016.05.13 10:51:59.604 CST INFO: Postprocess: Domain and range of properties...  -- TriplePostProcessor.processDomainAndRange()
2016.05.13 10:51:59.615 CST INFO: 11 ms
 -- TriplePostProcessor.processDomainAndRange()
2016.05.13 10:51:59.616 CST INFO: Postprocess: Possibly typed entities (0 resources) ...  -- TriplePostProcessor.processPossiblyTypedResources()
2016.05.13 10:51:59.616 CST INFO: 0 ms
 -- TriplePostProcessor.processPossiblyTypedResources()
2016.05.13 10:51:59.617 CST INFO: Updating underlying frames model in 1 ms -- ProtegeOWLParser.doFinalPostProcessing()
2016.05.13 10:52:00.935 CST WARNING: Could not open default Profile file. Message: rethrew: java.io.FileNotFoundException: C:\Users\Administrator\workspace\RPT-plugin0504\plugins\edu.stanford.smi.protegex.owl\OWLProfiles.owl (系统找不到指定的路径。) -- ProfilesManager.getDefaultProfileOntModel()
2016.05.13 10:52:01.690 CST INFO: SWRLJessBridge load failed: could not find jess.Rete - or an error occured on initialization -- BridgePluginManager.<clinit>()
2016.05.13 10:52:01.691 CST INFO: SQWRLQueryTab load failed: could not find jess.Rete - or an error occured on initialization -- BridgePluginManager.<clinit>()
2016.05.13 10:52:02.303 CST INFO: UI display time = 2 sec -- ProjectManager$2.run()
2016.05.13 10:54:01.035 CST INFO: ... saving successful to: E:\AGVsModel\AGVs1.owl -- Protege2Jena.saveAll()
2016.05.13 10:57:13.588 CST INFO: *** SYSTEM START ***
2016.05.13 10:57:13.963 CST WARNING: missing bundle: protege_text -- BundleHelper.<init>()
2016.05.13 10:57:17.646 CST WARNING: [Local Folder Repository] The specified file must be a directory. (C:\Users\Administrator\workspace\RPT-plugin0504\plugins\edu.stanford.smi.protegex.owl) -- LocalFolderRepository.update()
2016.05.13 10:57:25.594 CST INFO: Loading triples for: file:/E:/AGVsModel/AGVs1.owl -- ProtegeOWLParser.loadTriples()
2016.05.13 10:57:25.935 CST INFO:     Completed triple loading after 338 ms -- ProtegeOWLParser.loadTriples()
2016.05.13 10:57:25.936 CST INFO: Importing http://sqwrl.stanford.edu/ontologies/built-ins/3.4/sqwrl.owl from location: http://sqwrl.stanford.edu/ontologies/built-ins/3.4/sqwrl.owl -- AbstractOWLModel.loadImportedAssertions()
2016.05.13 10:57:29.697 CST INFO: Loading triples for: http://sqwrl.stanford.edu/ontologies/built-ins/3.4/sqwrl.owl -- ProtegeOWLParser.loadTriples()
2016.05.13 10:57:29.715 CST INFO:     Completed triple loading after 17 ms -- ProtegeOWLParser.loadTriples()
2016.05.13 10:57:29.722 CST INFO: Importing http://swrl.stanford.edu/ontologies/3.3/swrla.owl from location: http://swrl.stanford.edu/ontologies/3.3/swrla.owl -- AbstractOWLModel.loadImportedAssertions()
2016.05.13 10:57:30.475 CST INFO: Loading triples for: http://swrl.stanford.edu/ontologies/3.3/swrla.owl -- ProtegeOWLParser.loadTriples()
2016.05.13 10:57:30.509 CST INFO:     Completed triple loading after 32 ms -- ProtegeOWLParser.loadTriples()
2016.05.13 10:57:30.510 CST INFO: Postprocess: Process entities with incorrect Java type (0 entities) ...  -- TriplePostProcessor.processFramesWithWrongJavaType()
2016.05.13 10:57:30.511 CST INFO: 1 ms
 -- TriplePostProcessor.processFramesWithWrongJavaType()
2016.05.13 10:57:30.511 CST INFO: Postprocess: Process metaclasses (3 metaclasses) ...  -- TriplePostProcessor.processMetaclasses()
2016.05.13 10:57:30.512 CST INFO: 1 ms
 -- TriplePostProcessor.processMetaclasses()
2016.05.13 10:57:30.512 CST INFO: Postprocess: Process subclasses of rdf:List (1 classes) ...  -- TriplePostProcessor.processSubclassesOfRdfList()
2016.05.13 10:57:30.513 CST INFO: 0 ms
 -- TriplePostProcessor.processSubclassesOfRdfList()
2016.05.13 10:57:30.513 CST INFO: Postprocess: Instances with multiple types (21 instances) ...  -- TriplePostProcessor.processInstancesWithMultipleTypes()
2016.05.13 10:57:30.516 CST INFO: 3 ms
 -- TriplePostProcessor.processInstancesWithMultipleTypes()
2016.05.13 10:57:30.517 CST INFO: Postprocess: Add inferred superclasses ...  -- TriplePostProcessor.processInferredSuperclasses()
2016.05.13 10:57:30.517 CST INFO: 0 ms
 -- TriplePostProcessor.processInferredSuperclasses()
2016.05.13 10:57:30.521 CST INFO: Postprocess: Process orphan classes (39 classes) ...  -- TriplePostProcessor.processOrphanClses()
2016.05.13 10:57:30.524 CST INFO: 3 ms
 -- TriplePostProcessor.processOrphanClses()
2016.05.13 10:57:30.525 CST INFO: Postprocess: Generalized Concept Inclusion (0 axioms) ...  -- TriplePostProcessor.processGeneralizedConceptInclusions()
2016.05.13 10:57:30.525 CST INFO: 0 ms
 -- TriplePostProcessor.processGeneralizedConceptInclusions()
2016.05.13 10:57:30.525 CST INFO: Postprocess: Abstract classes...  -- TriplePostProcessor.processAbstractClasses()
2016.05.13 10:57:30.525 CST INFO: 0 ms
 -- TriplePostProcessor.processAbstractClasses()
2016.05.13 10:57:30.525 CST INFO: Postprocess: Domain and range of properties...  -- TriplePostProcessor.processDomainAndRange()
2016.05.13 10:57:30.724 CST INFO: 199 ms
 -- TriplePostProcessor.processDomainAndRange()
2016.05.13 10:57:30.725 CST INFO: Postprocess: Possibly typed entities (0 resources) ...  -- TriplePostProcessor.processPossiblyTypedResources()
2016.05.13 10:57:30.725 CST INFO: 0 ms
 -- TriplePostProcessor.processPossiblyTypedResources()
2016.05.13 10:57:30.725 CST INFO: Updating underlying frames model in 0 ms -- ProtegeOWLParser.doFinalPostProcessing()
2016.05.13 10:57:31.882 CST WARNING: Could not open default Profile file. Message: rethrew: java.io.FileNotFoundException: C:\Users\Administrator\workspace\RPT-plugin0504\plugins\edu.stanford.smi.protegex.owl\OWLProfiles.owl (系统找不到指定的路径。) -- ProfilesManager.getDefaultProfileOntModel()
2016.05.13 10:57:32.709 CST INFO: SWRLJessBridge load failed: could not find jess.Rete - or an error occured on initialization -- BridgePluginManager.<clinit>()
2016.05.13 10:57:32.711 CST INFO: SQWRLQueryTab load failed: could not find jess.Rete - or an error occured on initialization -- BridgePluginManager.<clinit>()
2016.05.13 10:57:37.556 CST INFO: Load time for file:\E:\AGVsModel\AGVs1.pprj = 14 sec (project) + 6 sec (ui) -- ProjectManager$3.run()
2016.05.13 11:00:39.799 CST INFO: ... saving successful to: E:\AGVsModel\AGVs1.owl -- Protege2Jena.saveAll()
2016.05.13 11:00:48.587 CST INFO: *** SYSTEM START ***
2016.05.13 11:00:48.954 CST WARNING: missing bundle: protege_text -- BundleHelper.<init>()
2016.05.13 11:00:52.028 CST WARNING: [Local Folder Repository] The specified file must be a directory. (C:\Users\Administrator\workspace\RPT-plugin0504\plugins\edu.stanford.smi.protegex.owl) -- LocalFolderRepository.update()
2016.05.13 11:00:53.804 CST INFO: Loading triples for: file:/E:/AGVsModel/AGVs1.owl -- ProtegeOWLParser.loadTriples()
2016.05.13 11:00:54.140 CST INFO:     Completed triple loading after 333 ms -- ProtegeOWLParser.loadTriples()
2016.05.13 11:00:54.140 CST INFO: Importing http://sqwrl.stanford.edu/ontologies/built-ins/3.4/sqwrl.owl from location: http://sqwrl.stanford.edu/ontologies/built-ins/3.4/sqwrl.owl -- AbstractOWLModel.loadImportedAssertions()
2016.05.13 11:00:54.897 CST INFO: Loading triples for: http://sqwrl.stanford.edu/ontologies/built-ins/3.4/sqwrl.owl -- ProtegeOWLParser.loadTriples()
2016.05.13 11:00:54.915 CST INFO:     Completed triple loading after 17 ms -- ProtegeOWLParser.loadTriples()
2016.05.13 11:00:54.923 CST INFO: Importing http://swrl.stanford.edu/ontologies/3.3/swrla.owl from location: http://swrl.stanford.edu/ontologies/3.3/swrla.owl -- AbstractOWLModel.loadImportedAssertions()
2016.05.13 11:00:55.669 CST INFO: Loading triples for: http://swrl.stanford.edu/ontologies/3.3/swrla.owl -- ProtegeOWLParser.loadTriples()
2016.05.13 11:00:55.889 CST INFO:     Completed triple loading after 219 ms -- ProtegeOWLParser.loadTriples()
2016.05.13 11:00:55.890 CST INFO: Postprocess: Process entities with incorrect Java type (0 entities) ...  -- TriplePostProcessor.processFramesWithWrongJavaType()
2016.05.13 11:00:55.890 CST INFO: 0 ms
 -- TriplePostProcessor.processFramesWithWrongJavaType()
2016.05.13 11:00:55.890 CST INFO: Postprocess: Process metaclasses (3 metaclasses) ...  -- TriplePostProcessor.processMetaclasses()
2016.05.13 11:00:55.891 CST INFO: 1 ms
 -- TriplePostProcessor.processMetaclasses()
2016.05.13 11:00:55.891 CST INFO: Postprocess: Process subclasses of rdf:List (1 classes) ...  -- TriplePostProcessor.processSubclassesOfRdfList()
2016.05.13 11:00:55.891 CST INFO: 0 ms
 -- TriplePostProcessor.processSubclassesOfRdfList()
2016.05.13 11:00:55.891 CST INFO: Postprocess: Instances with multiple types (21 instances) ...  -- TriplePostProcessor.processInstancesWithMultipleTypes()
2016.05.13 11:00:55.893 CST INFO: 2 ms
 -- TriplePostProcessor.processInstancesWithMultipleTypes()
2016.05.13 11:00:55.893 CST INFO: Postprocess: Add inferred superclasses ...  -- TriplePostProcessor.processInferredSuperclasses()
2016.05.13 11:00:55.894 CST INFO: 0 ms
 -- TriplePostProcessor.processInferredSuperclasses()
2016.05.13 11:00:55.898 CST INFO: Postprocess: Process orphan classes (39 classes) ...  -- TriplePostProcessor.processOrphanClses()
2016.05.13 11:00:55.901 CST INFO: 3 ms
 -- TriplePostProcessor.processOrphanClses()
2016.05.13 11:00:55.902 CST INFO: Postprocess: Generalized Concept Inclusion (0 axioms) ...  -- TriplePostProcessor.processGeneralizedConceptInclusions()
2016.05.13 11:00:55.902 CST INFO: 0 ms
 -- TriplePostProcessor.processGeneralizedConceptInclusions()
2016.05.13 11:00:55.902 CST INFO: Postprocess: Abstract classes...  -- TriplePostProcessor.processAbstractClasses()
2016.05.13 11:00:55.902 CST INFO: 0 ms
 -- TriplePostProcessor.processAbstractClasses()
2016.05.13 11:00:55.902 CST INFO: Postprocess: Domain and range of properties...  -- TriplePostProcessor.processDomainAndRange()
2016.05.13 11:00:55.911 CST INFO: 8 ms
 -- TriplePostProcessor.processDomainAndRange()
2016.05.13 11:00:55.912 CST INFO: Postprocess: Possibly typed entities (0 resources) ...  -- TriplePostProcessor.processPossiblyTypedResources()
2016.05.13 11:00:55.912 CST INFO: 0 ms
 -- TriplePostProcessor.processPossiblyTypedResources()
2016.05.13 11:00:55.913 CST INFO: Updating underlying frames model in 1 ms -- ProtegeOWLParser.doFinalPostProcessing()
2016.05.13 11:00:57.304 CST WARNING: Could not open default Profile file. Message: rethrew: java.io.FileNotFoundException: C:\Users\Administrator\workspace\RPT-plugin0504\plugins\edu.stanford.smi.protegex.owl\OWLProfiles.owl (系统找不到指定的路径。) -- ProfilesManager.getDefaultProfileOntModel()
2016.05.13 11:00:58.076 CST INFO: SWRLJessBridge load failed: could not find jess.Rete - or an error occured on initialization -- BridgePluginManager.<clinit>()
2016.05.13 11:00:58.078 CST INFO: SQWRLQueryTab load failed: could not find jess.Rete - or an error occured on initialization -- BridgePluginManager.<clinit>()
2016.05.13 11:01:02.688 CST INFO: Load time for file:\E:\AGVsModel\AGVs1.pprj = 5 sec (project) + 6 sec (ui) -- ProjectManager$3.run()
2016.05.13 11:01:26.602 CST INFO: ... saving successful to: E:\AGVsModel\AGVs1.owl -- Protege2Jena.saveAll()
2016.05.13 11:02:44.954 CST INFO: *** SYSTEM START ***
2016.05.13 11:02:45.346 CST WARNING: missing bundle: protege_text -- BundleHelper.<init>()
2016.05.13 11:02:55.666 CST WARNING: [Local Folder Repository] The specified file must be a directory. (C:\Users\Administrator\workspace\RPT-plugin0504\plugins\edu.stanford.smi.protegex.owl) -- LocalFolderRepository.update()
2016.05.13 11:02:57.490 CST INFO: Loading triples for: file:/E:/AGVsModel/AGVs1.owl -- ProtegeOWLParser.loadTriples()
2016.05.13 11:02:57.828 CST INFO:     Completed triple loading after 336 ms -- ProtegeOWLParser.loadTriples()
2016.05.13 11:02:57.829 CST INFO: Importing http://sqwrl.stanford.edu/ontologies/built-ins/3.4/sqwrl.owl from location: http://sqwrl.stanford.edu/ontologies/built-ins/3.4/sqwrl.owl -- AbstractOWLModel.loadImportedAssertions()
2016.05.13 11:02:58.572 CST INFO: Loading triples for: http://sqwrl.stanford.edu/ontologies/built-ins/3.4/sqwrl.owl -- ProtegeOWLParser.loadTriples()
2016.05.13 11:02:58.589 CST INFO:     Completed triple loading after 16 ms -- ProtegeOWLParser.loadTriples()
2016.05.13 11:02:58.595 CST INFO: Importing http://swrl.stanford.edu/ontologies/3.3/swrla.owl from location: http://swrl.stanford.edu/ontologies/3.3/swrla.owl -- AbstractOWLModel.loadImportedAssertions()
2016.05.13 11:02:59.368 CST INFO: Loading triples for: http://swrl.stanford.edu/ontologies/3.3/swrla.owl -- ProtegeOWLParser.loadTriples()
2016.05.13 11:02:59.399 CST INFO:     Completed triple loading after 29 ms -- ProtegeOWLParser.loadTriples()
2016.05.13 11:02:59.400 CST INFO: Postprocess: Process entities with incorrect Java type (0 entities) ...  -- TriplePostProcessor.processFramesWithWrongJavaType()
2016.05.13 11:02:59.400 CST INFO: 0 ms
 -- TriplePostProcessor.processFramesWithWrongJavaType()
2016.05.13 11:02:59.401 CST INFO: Postprocess: Process metaclasses (3 metaclasses) ...  -- TriplePostProcessor.processMetaclasses()
2016.05.13 11:02:59.402 CST INFO: 1 ms
 -- TriplePostProcessor.processMetaclasses()
2016.05.13 11:02:59.402 CST INFO: Postprocess: Process subclasses of rdf:List (1 classes) ...  -- TriplePostProcessor.processSubclassesOfRdfList()
2016.05.13 11:02:59.402 CST INFO: 0 ms
 -- TriplePostProcessor.processSubclassesOfRdfList()
2016.05.13 11:02:59.403 CST INFO: Postprocess: Instances with multiple types (21 instances) ...  -- TriplePostProcessor.processInstancesWithMultipleTypes()
2016.05.13 11:02:59.405 CST INFO: 2 ms
 -- TriplePostProcessor.processInstancesWithMultipleTypes()
2016.05.13 11:02:59.406 CST INFO: Postprocess: Add inferred superclasses ...  -- TriplePostProcessor.processInferredSuperclasses()
2016.05.13 11:02:59.406 CST INFO: 0 ms
 -- TriplePostProcessor.processInferredSuperclasses()
2016.05.13 11:02:59.410 CST INFO: Postprocess: Process orphan classes (39 classes) ...  -- TriplePostProcessor.processOrphanClses()
2016.05.13 11:02:59.413 CST INFO: 3 ms
 -- TriplePostProcessor.processOrphanClses()
2016.05.13 11:02:59.413 CST INFO: Postprocess: Generalized Concept Inclusion (0 axioms) ...  -- TriplePostProcessor.processGeneralizedConceptInclusions()
2016.05.13 11:02:59.414 CST INFO: 1 ms
 -- TriplePostProcessor.processGeneralizedConceptInclusions()
2016.05.13 11:02:59.414 CST INFO: Postprocess: Abstract classes...  -- TriplePostProcessor.processAbstractClasses()
2016.05.13 11:02:59.414 CST INFO: 0 ms
 -- TriplePostProcessor.processAbstractClasses()
2016.05.13 11:02:59.414 CST INFO: Postprocess: Domain and range of properties...  -- TriplePostProcessor.processDomainAndRange()
2016.05.13 11:02:59.424 CST INFO: 10 ms
 -- TriplePostProcessor.processDomainAndRange()
2016.05.13 11:02:59.425 CST INFO: Postprocess: Possibly typed entities (0 resources) ...  -- TriplePostProcessor.processPossiblyTypedResources()
2016.05.13 11:02:59.425 CST INFO: 0 ms
 -- TriplePostProcessor.processPossiblyTypedResources()
2016.05.13 11:02:59.425 CST INFO: Updating underlying frames model in 0 ms -- ProtegeOWLParser.doFinalPostProcessing()
2016.05.13 11:02:59.436 CST INFO: Project load time for file:/E:/AGVsModel/AGVs1.pprj: 4 sec -- ProjectChooser.loadProject()
2016.05.13 11:03:00.753 CST WARNING: Could not open default Profile file. Message: rethrew: java.io.FileNotFoundException: C:\Users\Administrator\workspace\RPT-plugin0504\plugins\edu.stanford.smi.protegex.owl\OWLProfiles.owl (系统找不到指定的路径。) -- ProfilesManager.getDefaultProfileOntModel()
2016.05.13 11:03:01.716 CST INFO: SWRLJessBridge load failed: could not find jess.Rete - or an error occured on initialization -- BridgePluginManager.<clinit>()
2016.05.13 11:03:01.718 CST INFO: SQWRLQueryTab load failed: could not find jess.Rete - or an error occured on initialization -- BridgePluginManager.<clinit>()
2016.05.13 11:03:03.202 CST INFO: UI display time = 3 sec -- ProjectManager$2.run()
2016.05.13 11:03:18.693 CST WARNING: Exception caught by default exception handler -- java.lang.NullPointerException
	at org.wit.rpt.ui.ICCTab$AddAgentInd.actionPerformed(ICCTab.java:452)
	at javax.swing.AbstractButton.fireActionPerformed(Unknown Source)
	at javax.swing.AbstractButton$Handler.actionPerformed(Unknown Source)
	at javax.swing.DefaultButtonModel.fireActionPerformed(Unknown Source)
	at javax.swing.DefaultButtonModel.setPressed(Unknown Source)
	at javax.swing.plaf.basic.BasicButtonListener.mouseReleased(Unknown Source)
	at java.awt.Component.processMouseEvent(Unknown Source)
	at javax.swing.JComponent.processMouseEvent(Unknown Source)
	at java.awt.Component.processEvent(Unknown Source)
	at java.awt.Container.processEvent(Unknown Source)
	at java.awt.Component.dispatchEventImpl(Unknown Source)
	at java.awt.Container.dispatchEventImpl(Unknown Source)
	at java.awt.Component.dispatchEvent(Unknown Source)
	at java.awt.LightweightDispatcher.retargetMouseEvent(Unknown Source)
	at java.awt.LightweightDispatcher.processMouseEvent(Unknown Source)
	at java.awt.LightweightDispatcher.dispatchEvent(Unknown Source)
	at java.awt.Container.dispatchEventImpl(Unknown Source)
	at java.awt.Window.dispatchEventImpl(Unknown Source)
	at java.awt.Component.dispatchEvent(Unknown Source)
	at java.awt.EventQueue.dispatchEventImpl(Unknown Source)
	at java.awt.EventQueue.access$400(Unknown Source)
	at java.awt.EventQueue$3.run(Unknown Source)
	at java.awt.EventQueue$3.run(Unknown Source)
	at java.security.AccessController.doPrivileged(Native Method)
	at java.security.ProtectionDomain$1.doIntersectionPrivilege(Unknown Source)
	at java.security.ProtectionDomain$1.doIntersectionPrivilege(Unknown Source)
	at java.awt.EventQueue$4.run(Unknown Source)
	at java.awt.EventQueue$4.run(Unknown Source)
	at java.security.AccessController.doPrivileged(Native Method)
	at java.security.ProtectionDomain$1.doIntersectionPrivilege(Unknown Source)
	at java.awt.EventQueue.dispatchEvent(Unknown Source)
	at java.awt.EventDispatchThread.pumpOneEventForFilters(Unknown Source)
	at java.awt.EventDispatchThread.pumpEventsForFilter(Unknown Source)
	at java.awt.EventDispatchThread.pumpEventsForHierarchy(Unknown Source)
	at java.awt.EventDispatchThread.pumpEvents(Unknown Source)
	at java.awt.EventDispatchThread.pumpEvents(Unknown Source)
	at java.awt.EventDispatchThread.run(Unknown Source)

2016.05.13 11:04:55.406 CST INFO: ... saving successful to: E:\AGVsModel\AGVs1.owl -- Protege2Jena.saveAll()
2016.05.13 11:06:48.631 CST INFO: *** SYSTEM START ***
2016.05.13 11:06:48.979 CST WARNING: missing bundle: protege_text -- BundleHelper.<init>()
2016.05.13 11:06:51.870 CST WARNING: [Local Folder Repository] The specified file must be a directory. (C:\Users\Administrator\workspace\RPT-plugin0504\plugins\edu.stanford.smi.protegex.owl) -- LocalFolderRepository.update()
2016.05.13 11:06:53.646 CST INFO: Loading triples for: file:/E:/AGVsModel/AGVs1.owl -- ProtegeOWLParser.loadTriples()
2016.05.13 11:06:53.993 CST INFO:     Completed triple loading after 344 ms -- ProtegeOWLParser.loadTriples()
2016.05.13 11:06:53.994 CST INFO: Importing http://sqwrl.stanford.edu/ontologies/built-ins/3.4/sqwrl.owl from location: http://sqwrl.stanford.edu/ontologies/built-ins/3.4/sqwrl.owl -- AbstractOWLModel.loadImportedAssertions()
2016.05.13 11:06:54.744 CST INFO: Loading triples for: http://sqwrl.stanford.edu/ontologies/built-ins/3.4/sqwrl.owl -- ProtegeOWLParser.loadTriples()
2016.05.13 11:06:54.762 CST INFO:     Completed triple loading after 16 ms -- ProtegeOWLParser.loadTriples()
2016.05.13 11:06:54.766 CST INFO: Importing http://swrl.stanford.edu/ontologies/3.3/swrla.owl from location: http://swrl.stanford.edu/ontologies/3.3/swrla.owl -- AbstractOWLModel.loadImportedAssertions()
2016.05.13 11:06:55.713 CST INFO: Loading triples for: http://swrl.stanford.edu/ontologies/3.3/swrla.owl -- ProtegeOWLParser.loadTriples()
2016.05.13 11:06:55.729 CST INFO:     Completed triple loading after 15 ms -- ProtegeOWLParser.loadTriples()
2016.05.13 11:06:55.729 CST INFO: Postprocess: Process entities with incorrect Java type (0 entities) ...  -- TriplePostProcessor.processFramesWithWrongJavaType()
2016.05.13 11:06:55.730 CST INFO: 0 ms
 -- TriplePostProcessor.processFramesWithWrongJavaType()
2016.05.13 11:06:55.730 CST INFO: Postprocess: Process metaclasses (3 metaclasses) ...  -- TriplePostProcessor.processMetaclasses()
2016.05.13 11:06:55.730 CST INFO: 0 ms
 -- TriplePostProcessor.processMetaclasses()
2016.05.13 11:06:55.731 CST INFO: Postprocess: Process subclasses of rdf:List (1 classes) ...  -- TriplePostProcessor.processSubclassesOfRdfList()
2016.05.13 11:06:55.731 CST INFO: 0 ms
 -- TriplePostProcessor.processSubclassesOfRdfList()
2016.05.13 11:06:55.731 CST INFO: Postprocess: Instances with multiple types (21 instances) ...  -- TriplePostProcessor.processInstancesWithMultipleTypes()
2016.05.13 11:06:55.733 CST INFO: 2 ms
 -- TriplePostProcessor.processInstancesWithMultipleTypes()
2016.05.13 11:06:55.733 CST INFO: Postprocess: Add inferred superclasses ...  -- TriplePostProcessor.processInferredSuperclasses()
2016.05.13 11:06:55.733 CST INFO: 0 ms
 -- TriplePostProcessor.processInferredSuperclasses()
2016.05.13 11:06:55.737 CST INFO: Postprocess: Process orphan classes (39 classes) ...  -- TriplePostProcessor.processOrphanClses()
2016.05.13 11:06:55.740 CST INFO: 3 ms
 -- TriplePostProcessor.processOrphanClses()
2016.05.13 11:06:55.740 CST INFO: Postprocess: Generalized Concept Inclusion (0 axioms) ...  -- TriplePostProcessor.processGeneralizedConceptInclusions()
2016.05.13 11:06:55.740 CST INFO: 0 ms
 -- TriplePostProcessor.processGeneralizedConceptInclusions()
2016.05.13 11:06:55.741 CST INFO: Postprocess: Abstract classes...  -- TriplePostProcessor.processAbstractClasses()
2016.05.13 11:06:55.741 CST INFO: 0 ms
 -- TriplePostProcessor.processAbstractClasses()
2016.05.13 11:06:55.741 CST INFO: Postprocess: Domain and range of properties...  -- TriplePostProcessor.processDomainAndRange()
2016.05.13 11:06:55.752 CST INFO: 10 ms
 -- TriplePostProcessor.processDomainAndRange()
2016.05.13 11:06:55.752 CST INFO: Postprocess: Possibly typed entities (0 resources) ...  -- TriplePostProcessor.processPossiblyTypedResources()
2016.05.13 11:06:55.752 CST INFO: 0 ms
 -- TriplePostProcessor.processPossiblyTypedResources()
2016.05.13 11:06:55.753 CST INFO: Updating underlying frames model in 1 ms -- ProtegeOWLParser.doFinalPostProcessing()
2016.05.13 11:06:57.002 CST WARNING: Could not open default Profile file. Message: rethrew: java.io.FileNotFoundException: C:\Users\Administrator\workspace\RPT-plugin0504\plugins\edu.stanford.smi.protegex.owl\OWLProfiles.owl (系统找不到指定的路径。) -- ProfilesManager.getDefaultProfileOntModel()
2016.05.13 11:06:57.751 CST INFO: SWRLJessBridge load failed: could not find jess.Rete - or an error occured on initialization -- BridgePluginManager.<clinit>()
2016.05.13 11:06:57.752 CST INFO: SQWRLQueryTab load failed: could not find jess.Rete - or an error occured on initialization -- BridgePluginManager.<clinit>()
2016.05.13 11:06:59.551 CST INFO: Load time for file:\E:\AGVsModel\AGVs1.pprj = 5 sec (project) + 3 sec (ui) -- ProjectManager$3.run()
