2016.09.12 16:16:48.258 CST INFO: *** SYSTEM START ***
2016.09.12 16:16:48.617 CST WARNING: missing bundle: protege_text -- BundleHelper.<init>()
2016.09.12 16:16:51.176 CST WARNING: [Local Folder Repository] The specified file must be a directory. (C:\Users\Administrator\workspace\RPT-plugin0504\plugins\edu.stanford.smi.protegex.owl) -- LocalFolderRepository.update()
2016.09.12 16:16:53.018 CST INFO: Loading triples for: file:/E:/AGVsModel/AGVs1.owl -- ProtegeOWLParser.loadTriples()
2016.09.12 16:16:53.362 CST INFO:     Completed triple loading after 328 ms -- ProtegeOWLParser.loadTriples()
2016.09.12 16:16:53.362 CST INFO: Importing http://sqwrl.stanford.edu/ontologies/built-ins/3.4/sqwrl.owl from location: http://sqwrl.stanford.edu/ontologies/built-ins/3.4/sqwrl.owl -- AbstractOWLModel.loadImportedAssertions()
2016.09.12 16:16:54.361 CST INFO: Loading triples for: http://sqwrl.stanford.edu/ontologies/built-ins/3.4/sqwrl.owl -- ProtegeOWLParser.loadTriples()
2016.09.12 16:16:54.376 CST INFO:     Completed triple loading after 15 ms -- ProtegeOWLParser.loadTriples()
2016.09.12 16:16:54.376 CST INFO: Importing http://swrl.stanford.edu/ontologies/3.3/swrla.owl from location: http://swrl.stanford.edu/ontologies/3.3/swrla.owl -- AbstractOWLModel.loadImportedAssertions()
2016.09.12 16:16:55.235 CST INFO: Loading triples for: http://swrl.stanford.edu/ontologies/3.3/swrla.owl -- ProtegeOWLParser.loadTriples()
2016.09.12 16:16:55.266 CST INFO:     Completed triple loading after 31 ms -- ProtegeOWLParser.loadTriples()
2016.09.12 16:16:55.266 CST INFO: Postprocess: Process entities with incorrect Java type (0 entities) ...  -- TriplePostProcessor.processFramesWithWrongJavaType()
2016.09.12 16:16:55.266 CST INFO: 0 ms
 -- TriplePostProcessor.processFramesWithWrongJavaType()
2016.09.12 16:16:55.266 CST INFO: Postprocess: Process metaclasses (3 metaclasses) ...  -- TriplePostProcessor.processMetaclasses()
2016.09.12 16:16:55.266 CST INFO: 0 ms
 -- TriplePostProcessor.processMetaclasses()
2016.09.12 16:16:55.266 CST INFO: Postprocess: Process subclasses of rdf:List (1 classes) ...  -- TriplePostProcessor.processSubclassesOfRdfList()
2016.09.12 16:16:55.266 CST INFO: 0 ms
 -- TriplePostProcessor.processSubclassesOfRdfList()
2016.09.12 16:16:55.266 CST INFO: Postprocess: Instances with multiple types (29 instances) ...  -- TriplePostProcessor.processInstancesWithMultipleTypes()
2016.09.12 16:16:55.266 CST INFO: 0 ms
 -- TriplePostProcessor.processInstancesWithMultipleTypes()
2016.09.12 16:16:55.266 CST INFO: Postprocess: Add inferred superclasses ...  -- TriplePostProcessor.processInferredSuperclasses()
2016.09.12 16:16:55.282 CST INFO: 16 ms
 -- TriplePostProcessor.processInferredSuperclasses()
2016.09.12 16:16:55.282 CST INFO: Postprocess: Process orphan classes (45 classes) ...  -- TriplePostProcessor.processOrphanClses()
2016.09.12 16:16:55.282 CST INFO: 0 ms
 -- TriplePostProcessor.processOrphanClses()
2016.09.12 16:16:55.282 CST INFO: Postprocess: Generalized Concept Inclusion (0 axioms) ...  -- TriplePostProcessor.processGeneralizedConceptInclusions()
2016.09.12 16:16:55.282 CST INFO: 0 ms
 -- TriplePostProcessor.processGeneralizedConceptInclusions()
2016.09.12 16:16:55.282 CST INFO: Postprocess: Abstract classes...  -- TriplePostProcessor.processAbstractClasses()
2016.09.12 16:16:55.282 CST INFO: 0 ms
 -- TriplePostProcessor.processAbstractClasses()
2016.09.12 16:16:55.282 CST INFO: Postprocess: Domain and range of properties...  -- TriplePostProcessor.processDomainAndRange()
2016.09.12 16:16:55.298 CST INFO: 16 ms
 -- TriplePostProcessor.processDomainAndRange()
2016.09.12 16:16:55.298 CST INFO: Postprocess: Possibly typed entities (0 resources) ...  -- TriplePostProcessor.processPossiblyTypedResources()
2016.09.12 16:16:55.298 CST INFO: 0 ms
 -- TriplePostProcessor.processPossiblyTypedResources()
2016.09.12 16:16:55.298 CST INFO: Updating underlying frames model in 0 ms -- ProtegeOWLParser.doFinalPostProcessing()
2016.09.12 16:16:56.811 CST WARNING: Could not open default Profile file. Message: rethrew: java.io.FileNotFoundException: C:\Users\Administrator\workspace\RPT-plugin0504\plugins\edu.stanford.smi.protegex.owl\OWLProfiles.owl (系统找不到指定的路径。) -- ProfilesManager.getDefaultProfileOntModel()
2016.09.12 16:16:57.529 CST INFO: SWRLJessBridge load failed: could not find jess.Rete - or an error occured on initialization -- BridgePluginManager.<clinit>()
2016.09.12 16:16:57.529 CST INFO: SQWRLQueryTab load failed: could not find jess.Rete - or an error occured on initialization -- BridgePluginManager.<clinit>()
2016.09.12 16:16:59.667 CST INFO: Load time for file:\E:\AGVsModel\AGVs1.pprj = 5 sec (project) + 3 sec (ui) -- ProjectManager$3.run()
2016.09.12 16:20:35.590 CST INFO: ... saving successful to: E:\AGVsModel\AGVs1.owl -- Protege2Jena.saveAll()
2016.09.12 16:28:31.385 CST INFO: *** SYSTEM START ***
2016.09.12 16:28:31.729 CST WARNING: missing bundle: protege_text -- BundleHelper.<init>()
2016.09.12 16:28:39.545 CST WARNING: [Local Folder Repository] The specified file must be a directory. (C:\Users\Administrator\workspace\RPT-plugin0504\plugins\edu.stanford.smi.protegex.owl) -- LocalFolderRepository.update()
2016.09.12 16:28:44.164 CST INFO: Loading triples for: file:/E:/AGVsModel/AGVs1.owl -- ProtegeOWLParser.loadTriples()
2016.09.12 16:28:44.508 CST INFO:     Completed triple loading after 344 ms -- ProtegeOWLParser.loadTriples()
2016.09.12 16:28:44.508 CST INFO: Importing http://sqwrl.stanford.edu/ontologies/built-ins/3.4/sqwrl.owl from location: http://sqwrl.stanford.edu/ontologies/built-ins/3.4/sqwrl.owl -- AbstractOWLModel.loadImportedAssertions()
2016.09.12 16:28:46.536 CST INFO: Loading triples for: http://sqwrl.stanford.edu/ontologies/built-ins/3.4/sqwrl.owl -- ProtegeOWLParser.loadTriples()
2016.09.12 16:28:46.567 CST INFO:     Completed triple loading after 16 ms -- ProtegeOWLParser.loadTriples()
2016.09.12 16:28:46.571 CST INFO: Importing http://swrl.stanford.edu/ontologies/3.3/swrla.owl from location: http://swrl.stanford.edu/ontologies/3.3/swrla.owl -- AbstractOWLModel.loadImportedAssertions()
2016.09.12 16:28:47.372 CST INFO: Loading triples for: http://swrl.stanford.edu/ontologies/3.3/swrla.owl -- ProtegeOWLParser.loadTriples()
2016.09.12 16:28:47.590 CST INFO:     Completed triple loading after 218 ms -- ProtegeOWLParser.loadTriples()
2016.09.12 16:28:47.590 CST INFO: Postprocess: Process entities with incorrect Java type (0 entities) ...  -- TriplePostProcessor.processFramesWithWrongJavaType()
2016.09.12 16:28:47.590 CST INFO: 0 ms
 -- TriplePostProcessor.processFramesWithWrongJavaType()
2016.09.12 16:28:47.590 CST INFO: Postprocess: Process metaclasses (3 metaclasses) ...  -- TriplePostProcessor.processMetaclasses()
2016.09.12 16:28:47.590 CST INFO: 0 ms
 -- TriplePostProcessor.processMetaclasses()
2016.09.12 16:28:47.606 CST INFO: Postprocess: Process subclasses of rdf:List (1 classes) ...  -- TriplePostProcessor.processSubclassesOfRdfList()
2016.09.12 16:28:47.606 CST INFO: 0 ms
 -- TriplePostProcessor.processSubclassesOfRdfList()
2016.09.12 16:28:47.606 CST INFO: Postprocess: Instances with multiple types (29 instances) ...  -- TriplePostProcessor.processInstancesWithMultipleTypes()
2016.09.12 16:28:47.606 CST INFO: 0 ms
 -- TriplePostProcessor.processInstancesWithMultipleTypes()
2016.09.12 16:28:47.638 CST INFO: Postprocess: Add inferred superclasses ...  -- TriplePostProcessor.processInferredSuperclasses()
2016.09.12 16:28:47.638 CST INFO: 0 ms
 -- TriplePostProcessor.processInferredSuperclasses()
2016.09.12 16:28:47.638 CST INFO: Postprocess: Process orphan classes (45 classes) ...  -- TriplePostProcessor.processOrphanClses()
2016.09.12 16:28:47.638 CST INFO: 0 ms
 -- TriplePostProcessor.processOrphanClses()
2016.09.12 16:28:47.638 CST INFO: Postprocess: Generalized Concept Inclusion (0 axioms) ...  -- TriplePostProcessor.processGeneralizedConceptInclusions()
2016.09.12 16:28:47.638 CST INFO: 0 ms
 -- TriplePostProcessor.processGeneralizedConceptInclusions()
2016.09.12 16:28:47.638 CST INFO: Postprocess: Abstract classes...  -- TriplePostProcessor.processAbstractClasses()
2016.09.12 16:28:47.638 CST INFO: 0 ms
 -- TriplePostProcessor.processAbstractClasses()
2016.09.12 16:28:47.638 CST INFO: Postprocess: Domain and range of properties...  -- TriplePostProcessor.processDomainAndRange()
2016.09.12 16:28:47.654 CST INFO: 16 ms
 -- TriplePostProcessor.processDomainAndRange()
2016.09.12 16:28:47.654 CST INFO: Postprocess: Possibly typed entities (0 resources) ...  -- TriplePostProcessor.processPossiblyTypedResources()
2016.09.12 16:28:47.654 CST INFO: 0 ms
 -- TriplePostProcessor.processPossiblyTypedResources()
2016.09.12 16:28:47.654 CST INFO: Updating underlying frames model in 0 ms -- ProtegeOWLParser.doFinalPostProcessing()
2016.09.12 16:28:48.980 CST WARNING: Could not open default Profile file. Message: rethrew: java.io.FileNotFoundException: C:\Users\Administrator\workspace\RPT-plugin0504\plugins\edu.stanford.smi.protegex.owl\OWLProfiles.owl (系统找不到指定的路径。) -- ProfilesManager.getDefaultProfileOntModel()
2016.09.12 16:28:49.745 CST INFO: SWRLJessBridge load failed: could not find jess.Rete - or an error occured on initialization -- BridgePluginManager.<clinit>()
2016.09.12 16:28:49.745 CST INFO: SQWRLQueryTab load failed: could not find jess.Rete - or an error occured on initialization -- BridgePluginManager.<clinit>()
2016.09.12 16:28:51.492 CST INFO: Load time for file:\E:\AGVsModel\AGVs1.pprj = 9 sec (project) + 3 sec (ui) -- ProjectManager$3.run()
2016.09.12 16:29:36.082 CST WARNING: Exception caught by default exception handler -- java.lang.NullPointerException
	at org.wit.rpt.model.GraphPlanning.getNextinitialstates(GraphPlanning.java:118)
	at org.wit.rpt.model.GraphPlanning.toStart(GraphPlanning.java:92)
	at org.wit.rpt.ui.ICCTab$getIniStates.actionPerformed(ICCTab.java:628)
	at javax.swing.AbstractButton.fireActionPerformed(Unknown Source)
	at javax.swing.AbstractButton$Handler.actionPerformed(Unknown Source)
	at javax.swing.DefaultButtonModel.fireActionPerformed(Unknown Source)
	at javax.swing.DefaultButtonModel.setPressed(Unknown Source)
	at javax.swing.plaf.basic.BasicButtonListener.mouseReleased(Unknown Source)
	at java.awt.Component.processMouseEvent(Unknown Source)
	at javax.swing.JComponent.processMouseEvent(Unknown Source)
	at java.awt.Component.processEvent(Unknown Source)
	at java.awt.Container.processEvent(Unknown Source)
	at java.awt.Component.dispatchEventImpl(Unknown Source)
	at java.awt.Container.dispatchEventImpl(Unknown Source)
	at java.awt.Component.dispatchEvent(Unknown Source)
	at java.awt.LightweightDispatcher.retargetMouseEvent(Unknown Source)
	at java.awt.LightweightDispatcher.processMouseEvent(Unknown Source)
	at java.awt.LightweightDispatcher.dispatchEvent(Unknown Source)
	at java.awt.Container.dispatchEventImpl(Unknown Source)
	at java.awt.Window.dispatchEventImpl(Unknown Source)
	at java.awt.Component.dispatchEvent(Unknown Source)
	at java.awt.EventQueue.dispatchEventImpl(Unknown Source)
	at java.awt.EventQueue.access$400(Unknown Source)
	at java.awt.EventQueue$3.run(Unknown Source)
	at java.awt.EventQueue$3.run(Unknown Source)
	at java.security.AccessController.doPrivileged(Native Method)
	at java.security.ProtectionDomain$1.doIntersectionPrivilege(Unknown Source)
	at java.security.ProtectionDomain$1.doIntersectionPrivilege(Unknown Source)
	at java.awt.EventQueue$4.run(Unknown Source)
	at java.awt.EventQueue$4.run(Unknown Source)
	at java.security.AccessController.doPrivileged(Native Method)
	at java.security.ProtectionDomain$1.doIntersectionPrivilege(Unknown Source)
	at java.awt.EventQueue.dispatchEvent(Unknown Source)
	at java.awt.EventDispatchThread.pumpOneEventForFilters(Unknown Source)
	at java.awt.EventDispatchThread.pumpEventsForFilter(Unknown Source)
	at java.awt.EventDispatchThread.pumpEventsForHierarchy(Unknown Source)
	at java.awt.EventDispatchThread.pumpEvents(Unknown Source)
	at java.awt.EventDispatchThread.pumpEvents(Unknown Source)
	at java.awt.EventDispatchThread.run(Unknown Source)

2016.09.12 16:36:21.145 CST INFO: ... saving successful to: E:\AGVsModel\AGVs1.owl -- Protege2Jena.saveAll()
2016.09.12 16:52:38.845 CST INFO: *** SYSTEM START ***
2016.09.12 16:52:39.204 CST WARNING: missing bundle: protege_text -- BundleHelper.<init>()
2016.09.12 16:52:41.951 CST WARNING: [Local Folder Repository] The specified file must be a directory. (C:\Users\Administrator\workspace\RPT-plugin0504\plugins\edu.stanford.smi.protegex.owl) -- LocalFolderRepository.update()
2016.09.12 16:52:53.215 CST WARNING: Exception caught trying to parse http://sqwrl.stanford.edu/ontologies/built-ins/3.4/sqwrl.owl for an ontology declaration -- java.io.IOException: java.net.UnknownHostException: sqwrl.stanford.edu
	at edu.stanford.smi.protegex.owl.repository.util.URLInputSource.getInputStream(Unknown Source)
	at edu.stanford.smi.protegex.owl.repository.util.OntologyNameExtractor.searchForOntologyDeclaration(Unknown Source)
	at edu.stanford.smi.protegex.owl.repository.util.OntologyNameExtractor.init(Unknown Source)
	at edu.stanford.smi.protegex.owl.repository.util.OntologyNameExtractor.<init>(Unknown Source)
	at edu.stanford.smi.protegex.owl.repository.impl.HTTPRepository.update(Unknown Source)
	at edu.stanford.smi.protegex.owl.repository.impl.HTTPRepository.<init>(Unknown Source)
	at edu.stanford.smi.protegex.owl.repository.impl.HTTPRepositoryFactoryPlugin.createRepository(Unknown Source)
	at edu.stanford.smi.protegex.owl.repository.factory.RepositoryFactory.createOntRepository(Unknown Source)
	at edu.stanford.smi.protegex.owl.repository.util.RepositoryFileManager.loadRepositoriesFromURI(Unknown Source)
	at edu.stanford.smi.protegex.owl.repository.util.RepositoryFileManager.loadProjectRepositories(Unknown Source)
	at edu.stanford.smi.protegex.owl.repository.util.RepositoryFileManager.loadProjectRepositories(Unknown Source)
	at edu.stanford.smi.protegex.owl.jena.JenaKnowledgeBaseFactory.loadKnowledgeBase(Unknown Source)
	at edu.stanford.smi.protege.model.Project.loadDomainKB(Unknown Source)
	at edu.stanford.smi.protege.model.Project.createDomainKnowledgeBase(Unknown Source)
	at edu.stanford.smi.protege.model.Project.<init>(Unknown Source)
	at edu.stanford.smi.protege.model.Project.<init>(Unknown Source)
	at edu.stanford.smi.protege.model.Project.loadProjectFromURI(Unknown Source)
	at edu.stanford.smi.protege.ui.ProjectManager.loadProjectFromURI(Unknown Source)
	at edu.stanford.smi.protege.ui.ProjectManager.loadProject(Unknown Source)
	at edu.stanford.smi.protege.ui.WelcomeDialog.doOpenProject(Unknown Source)
	at edu.stanford.smi.protege.ui.WelcomeDialog.openButton_actionPerformed(Unknown Source)
	at edu.stanford.smi.protege.ui.WelcomeDialog$2.actionPerformed(Unknown Source)
	at javax.swing.AbstractButton.fireActionPerformed(Unknown Source)
	at javax.swing.AbstractButton$Handler.actionPerformed(Unknown Source)
	at javax.swing.DefaultButtonModel.fireActionPerformed(Unknown Source)
	at javax.swing.DefaultButtonModel.setPressed(Unknown Source)
	at javax.swing.plaf.basic.BasicButtonListener.mouseReleased(Unknown Source)
	at java.awt.AWTEventMulticaster.mouseReleased(Unknown Source)
	at java.awt.Component.processMouseEvent(Unknown Source)
	at javax.swing.JComponent.processMouseEvent(Unknown Source)
	at java.awt.Component.processEvent(Unknown Source)
	at java.awt.Container.processEvent(Unknown Source)
	at java.awt.Component.dispatchEventImpl(Unknown Source)
	at java.awt.Container.dispatchEventImpl(Unknown Source)
	at java.awt.Component.dispatchEvent(Unknown Source)
	at java.awt.LightweightDispatcher.retargetMouseEvent(Unknown Source)
	at java.awt.LightweightDispatcher.processMouseEvent(Unknown Source)
	at java.awt.LightweightDispatcher.dispatchEvent(Unknown Source)
	at java.awt.Container.dispatchEventImpl(Unknown Source)
	at java.awt.Window.dispatchEventImpl(Unknown Source)
	at java.awt.Component.dispatchEvent(Unknown Source)
	at java.awt.EventQueue.dispatchEventImpl(Unknown Source)
	at java.awt.EventQueue.access$400(Unknown Source)
	at java.awt.EventQueue$3.run(Unknown Source)
	at java.awt.EventQueue$3.run(Unknown Source)
	at java.security.AccessController.doPrivileged(Native Method)
	at java.security.ProtectionDomain$1.doIntersectionPrivilege(Unknown Source)
	at java.security.ProtectionDomain$1.doIntersectionPrivilege(Unknown Source)
	at java.awt.EventQueue$4.run(Unknown Source)
	at java.awt.EventQueue$4.run(Unknown Source)
	at java.security.AccessController.doPrivileged(Native Method)
	at java.security.ProtectionDomain$1.doIntersectionPrivilege(Unknown Source)
	at java.awt.EventQueue.dispatchEvent(Unknown Source)
	at java.awt.EventDispatchThread.pumpOneEventForFilters(Unknown Source)
	at java.awt.EventDispatchThread.pumpEventsForFilter(Unknown Source)
	at java.awt.EventDispatchThread.pumpEventsForFilter(Unknown Source)
	at java.awt.WaitDispatchSupport$2.run(Unknown Source)
	at java.awt.event.InvocationEvent.dispatch(Unknown Source)
	at java.awt.EventQueue.dispatchEventImpl(Unknown Source)
	at java.awt.EventQueue.access$400(Unknown Source)
	at java.awt.EventQueue$3.run(Unknown Source)
	at java.awt.EventQueue$3.run(Unknown Source)
	at java.security.AccessController.doPrivileged(Native Method)
	at java.security.ProtectionDomain$1.doIntersectionPrivilege(Unknown Source)
	at java.awt.EventQueue.dispatchEvent(Unknown Source)
	at java.awt.EventDispatchThread.pumpOneEventForFilters(Unknown Source)
	at java.awt.EventDispatchThread.pumpEventsForFilter(Unknown Source)
	at java.awt.EventDispatchThread.pumpEventsForHierarchy(Unknown Source)
	at java.awt.EventDispatchThread.pumpEvents(Unknown Source)
	at java.awt.EventDispatchThread.pumpEvents(Unknown Source)
	at java.awt.EventDispatchThread.run(Unknown Source)
Caused by: Could not get input stream for http://sqwrl.stanford.edu/ontologies/built-ins/3.4/sqwrl.owl
	at edu.stanford.smi.protegex.owl.jena.parser.ProtegeOWLParser.getInputStream(Unknown Source)
	at edu.stanford.smi.protegex.owl.repository.util.URLInputSource.getInputStream(Unknown Source)
	... 70 more
Caused by: java.net.UnknownHostException: sqwrl.stanford.edu
	at java.net.AbstractPlainSocketImpl.connect(Unknown Source)
	at java.net.PlainSocketImpl.connect(Unknown Source)
	at java.net.SocksSocketImpl.connect(Unknown Source)
	at java.net.Socket.connect(Unknown Source)
	at sun.net.NetworkClient.doConnect(Unknown Source)
	at sun.net.www.http.HttpClient.openServer(Unknown Source)
	at sun.net.www.http.HttpClient.openServer(Unknown Source)
	at sun.net.www.http.HttpClient.<init>(Unknown Source)
	at sun.net.www.http.HttpClient.New(Unknown Source)
	at sun.net.www.http.HttpClient.New(Unknown Source)
	at sun.net.www.protocol.http.HttpURLConnection.getNewHttpClient(Unknown Source)
	at sun.net.www.protocol.http.HttpURLConnection.plainConnect0(Unknown Source)
	at sun.net.www.protocol.http.HttpURLConnection.plainConnect(Unknown Source)
	at sun.net.www.protocol.http.HttpURLConnection.connect(Unknown Source)
	at sun.net.www.protocol.http.HttpURLConnection.getInputStream0(Unknown Source)
	at sun.net.www.protocol.http.HttpURLConnection.getInputStream(Unknown Source)
	at edu.stanford.smi.protegex.owl.jena.parser.ProtegeOWLParser.getInputStream(Unknown Source)
	... 71 more

2016.09.12 16:52:55.384 CST WARNING: Exception caught trying to parse http://sqwrl.stanford.edu/ontologies/built-ins/3.4/sqwrl.owl for an ontology declaration -- java.io.IOException: java.net.UnknownHostException: sqwrl.stanford.edu
	at edu.stanford.smi.protegex.owl.repository.util.URLInputSource.getInputStream(Unknown Source)
	at edu.stanford.smi.protegex.owl.repository.util.OntologyNameExtractor.searchForOntologyDeclaration(Unknown Source)
	at edu.stanford.smi.protegex.owl.repository.util.OntologyNameExtractor.init(Unknown Source)
	at edu.stanford.smi.protegex.owl.repository.util.OntologyNameExtractor.<init>(Unknown Source)
	at edu.stanford.smi.protegex.owl.repository.impl.HTTPRepository.update(Unknown Source)
	at edu.stanford.smi.protegex.owl.repository.impl.HTTPRepository.<init>(Unknown Source)
	at edu.stanford.smi.protegex.owl.repository.impl.HTTPRepositoryFactoryPlugin.createRepository(Unknown Source)
	at edu.stanford.smi.protegex.owl.repository.factory.RepositoryFactory.createOntRepository(Unknown Source)
	at edu.stanford.smi.protegex.owl.repository.util.RepositoryFileManager.loadRepositoriesFromURI(Unknown Source)
	at edu.stanford.smi.protegex.owl.repository.util.RepositoryFileManager.loadProjectRepositories(Unknown Source)
	at edu.stanford.smi.protegex.owl.repository.util.RepositoryFileManager.loadProjectRepositories(Unknown Source)
	at edu.stanford.smi.protegex.owl.jena.JenaKnowledgeBaseFactory.loadKnowledgeBase(Unknown Source)
	at edu.stanford.smi.protege.model.Project.loadDomainKB(Unknown Source)
	at edu.stanford.smi.protege.model.Project.createDomainKnowledgeBase(Unknown Source)
	at edu.stanford.smi.protege.model.Project.<init>(Unknown Source)
	at edu.stanford.smi.protege.model.Project.<init>(Unknown Source)
	at edu.stanford.smi.protege.model.Project.loadProjectFromURI(Unknown Source)
	at edu.stanford.smi.protege.ui.ProjectManager.loadProjectFromURI(Unknown Source)
	at edu.stanford.smi.protege.ui.ProjectManager.loadProject(Unknown Source)
	at edu.stanford.smi.protege.ui.WelcomeDialog.doOpenProject(Unknown Source)
	at edu.stanford.smi.protege.ui.WelcomeDialog.openButton_actionPerformed(Unknown Source)
	at edu.stanford.smi.protege.ui.WelcomeDialog$2.actionPerformed(Unknown Source)
	at javax.swing.AbstractButton.fireActionPerformed(Unknown Source)
	at javax.swing.AbstractButton$Handler.actionPerformed(Unknown Source)
	at javax.swing.DefaultButtonModel.fireActionPerformed(Unknown Source)
	at javax.swing.DefaultButtonModel.setPressed(Unknown Source)
	at javax.swing.plaf.basic.BasicButtonListener.mouseReleased(Unknown Source)
	at java.awt.AWTEventMulticaster.mouseReleased(Unknown Source)
	at java.awt.Component.processMouseEvent(Unknown Source)
	at javax.swing.JComponent.processMouseEvent(Unknown Source)
	at java.awt.Component.processEvent(Unknown Source)
	at java.awt.Container.processEvent(Unknown Source)
	at java.awt.Component.dispatchEventImpl(Unknown Source)
	at java.awt.Container.dispatchEventImpl(Unknown Source)
	at java.awt.Component.dispatchEvent(Unknown Source)
	at java.awt.LightweightDispatcher.retargetMouseEvent(Unknown Source)
	at java.awt.LightweightDispatcher.processMouseEvent(Unknown Source)
	at java.awt.LightweightDispatcher.dispatchEvent(Unknown Source)
	at java.awt.Container.dispatchEventImpl(Unknown Source)
	at java.awt.Window.dispatchEventImpl(Unknown Source)
	at java.awt.Component.dispatchEvent(Unknown Source)
	at java.awt.EventQueue.dispatchEventImpl(Unknown Source)
	at java.awt.EventQueue.access$400(Unknown Source)
	at java.awt.EventQueue$3.run(Unknown Source)
	at java.awt.EventQueue$3.run(Unknown Source)
	at java.security.AccessController.doPrivileged(Native Method)
	at java.security.ProtectionDomain$1.doIntersectionPrivilege(Unknown Source)
	at java.security.ProtectionDomain$1.doIntersectionPrivilege(Unknown Source)
	at java.awt.EventQueue$4.run(Unknown Source)
	at java.awt.EventQueue$4.run(Unknown Source)
	at java.security.AccessController.doPrivileged(Native Method)
	at java.security.ProtectionDomain$1.doIntersectionPrivilege(Unknown Source)
	at java.awt.EventQueue.dispatchEvent(Unknown Source)
	at java.awt.EventDispatchThread.pumpOneEventForFilters(Unknown Source)
	at java.awt.EventDispatchThread.pumpEventsForFilter(Unknown Source)
	at java.awt.EventDispatchThread.pumpEventsForFilter(Unknown Source)
	at java.awt.WaitDispatchSupport$2.run(Unknown Source)
	at java.awt.event.InvocationEvent.dispatch(Unknown Source)
	at java.awt.EventQueue.dispatchEventImpl(Unknown Source)
	at java.awt.EventQueue.access$400(Unknown Source)
	at java.awt.EventQueue$3.run(Unknown Source)
	at java.awt.EventQueue$3.run(Unknown Source)
	at java.security.AccessController.doPrivileged(Native Method)
	at java.security.ProtectionDomain$1.doIntersectionPrivilege(Unknown Source)
	at java.awt.EventQueue.dispatchEvent(Unknown Source)
	at java.awt.EventDispatchThread.pumpOneEventForFilters(Unknown Source)
	at java.awt.EventDispatchThread.pumpEventsForFilter(Unknown Source)
	at java.awt.EventDispatchThread.pumpEventsForHierarchy(Unknown Source)
	at java.awt.EventDispatchThread.pumpEvents(Unknown Source)
	at java.awt.EventDispatchThread.pumpEvents(Unknown Source)
	at java.awt.EventDispatchThread.run(Unknown Source)
Caused by: Could not get input stream for http://sqwrl.stanford.edu/ontologies/built-ins/3.4/sqwrl.owl
	at edu.stanford.smi.protegex.owl.jena.parser.ProtegeOWLParser.getInputStream(Unknown Source)
	at edu.stanford.smi.protegex.owl.repository.util.URLInputSource.getInputStream(Unknown Source)
	... 70 more
Caused by: java.net.UnknownHostException: sqwrl.stanford.edu
	at java.net.AbstractPlainSocketImpl.connect(Unknown Source)
	at java.net.PlainSocketImpl.connect(Unknown Source)
	at java.net.SocksSocketImpl.connect(Unknown Source)
	at java.net.Socket.connect(Unknown Source)
	at sun.net.NetworkClient.doConnect(Unknown Source)
	at sun.net.www.http.HttpClient.openServer(Unknown Source)
	at sun.net.www.http.HttpClient.openServer(Unknown Source)
	at sun.net.www.http.HttpClient.<init>(Unknown Source)
	at sun.net.www.http.HttpClient.New(Unknown Source)
	at sun.net.www.http.HttpClient.New(Unknown Source)
	at sun.net.www.protocol.http.HttpURLConnection.getNewHttpClient(Unknown Source)
	at sun.net.www.protocol.http.HttpURLConnection.plainConnect0(Unknown Source)
	at sun.net.www.protocol.http.HttpURLConnection.plainConnect(Unknown Source)
	at sun.net.www.protocol.http.HttpURLConnection.connect(Unknown Source)
	at sun.net.www.protocol.http.HttpURLConnection.getInputStream0(Unknown Source)
	at sun.net.www.protocol.http.HttpURLConnection.getInputStream(Unknown Source)
	at edu.stanford.smi.protegex.owl.jena.parser.ProtegeOWLParser.getInputStream(Unknown Source)
	... 71 more

2016.09.12 16:52:55.432 CST INFO: Loading triples for: file:/E:/AGVsModel/AGVs1.owl -- ProtegeOWLParser.loadTriples()
2016.09.12 16:52:55.791 CST INFO:     Completed triple loading after 359 ms -- ProtegeOWLParser.loadTriples()
2016.09.12 16:52:55.791 CST WARNING: Exception caught trying to parse http://sqwrl.stanford.edu/ontologies/built-ins/3.4/sqwrl.owl for an ontology declaration -- java.io.IOException: java.net.UnknownHostException: sqwrl.stanford.edu
	at edu.stanford.smi.protegex.owl.repository.util.URLInputSource.getInputStream(Unknown Source)
	at edu.stanford.smi.protegex.owl.repository.util.OntologyNameExtractor.searchForOntologyDeclaration(Unknown Source)
	at edu.stanford.smi.protegex.owl.repository.util.OntologyNameExtractor.init(Unknown Source)
	at edu.stanford.smi.protegex.owl.repository.util.OntologyNameExtractor.<init>(Unknown Source)
	at edu.stanford.smi.protegex.owl.repository.impl.HTTPRepository.update(Unknown Source)
	at edu.stanford.smi.protegex.owl.repository.impl.HTTPRepository.<init>(Unknown Source)
	at edu.stanford.smi.protegex.owl.repository.RepositoryManager.getRepository(Unknown Source)
	at edu.stanford.smi.protegex.owl.model.impl.AbstractOWLModel.getRepository(Unknown Source)
	at edu.stanford.smi.protegex.owl.model.impl.AbstractOWLModel.loadImportedAssertions(Unknown Source)
	at edu.stanford.smi.protegex.owl.jena.parser.ProtegeOWLParser.processImports(Unknown Source)
	at edu.stanford.smi.protegex.owl.jena.parser.ProtegeOWLParser.loadTriples(Unknown Source)
	at edu.stanford.smi.protegex.owl.jena.parser.ProtegeOWLParser.run(Unknown Source)
	at edu.stanford.smi.protegex.owl.jena.JenaKnowledgeBaseFactory.loadKnowledgeBase(Unknown Source)
	at edu.stanford.smi.protege.model.Project.loadDomainKB(Unknown Source)
	at edu.stanford.smi.protege.model.Project.createDomainKnowledgeBase(Unknown Source)
	at edu.stanford.smi.protege.model.Project.<init>(Unknown Source)
	at edu.stanford.smi.protege.model.Project.<init>(Unknown Source)
	at edu.stanford.smi.protege.model.Project.loadProjectFromURI(Unknown Source)
	at edu.stanford.smi.protege.ui.ProjectManager.loadProjectFromURI(Unknown Source)
	at edu.stanford.smi.protege.ui.ProjectManager.loadProject(Unknown Source)
	at edu.stanford.smi.protege.ui.WelcomeDialog.doOpenProject(Unknown Source)
	at edu.stanford.smi.protege.ui.WelcomeDialog.openButton_actionPerformed(Unknown Source)
	at edu.stanford.smi.protege.ui.WelcomeDialog$2.actionPerformed(Unknown Source)
	at javax.swing.AbstractButton.fireActionPerformed(Unknown Source)
	at javax.swing.AbstractButton$Handler.actionPerformed(Unknown Source)
	at javax.swing.DefaultButtonModel.fireActionPerformed(Unknown Source)
	at javax.swing.DefaultButtonModel.setPressed(Unknown Source)
	at javax.swing.plaf.basic.BasicButtonListener.mouseReleased(Unknown Source)
	at java.awt.AWTEventMulticaster.mouseReleased(Unknown Source)
	at java.awt.Component.processMouseEvent(Unknown Source)
	at javax.swing.JComponent.processMouseEvent(Unknown Source)
	at java.awt.Component.processEvent(Unknown Source)
	at java.awt.Container.processEvent(Unknown Source)
	at java.awt.Component.dispatchEventImpl(Unknown Source)
	at java.awt.Container.dispatchEventImpl(Unknown Source)
	at java.awt.Component.dispatchEvent(Unknown Source)
	at java.awt.LightweightDispatcher.retargetMouseEvent(Unknown Source)
	at java.awt.LightweightDispatcher.processMouseEvent(Unknown Source)
	at java.awt.LightweightDispatcher.dispatchEvent(Unknown Source)
	at java.awt.Container.dispatchEventImpl(Unknown Source)
	at java.awt.Window.dispatchEventImpl(Unknown Source)
	at java.awt.Component.dispatchEvent(Unknown Source)
	at java.awt.EventQueue.dispatchEventImpl(Unknown Source)
	at java.awt.EventQueue.access$400(Unknown Source)
	at java.awt.EventQueue$3.run(Unknown Source)
	at java.awt.EventQueue$3.run(Unknown Source)
	at java.security.AccessController.doPrivileged(Native Method)
	at java.security.ProtectionDomain$1.doIntersectionPrivilege(Unknown Source)
	at java.security.ProtectionDomain$1.doIntersectionPrivilege(Unknown Source)
	at java.awt.EventQueue$4.run(Unknown Source)
	at java.awt.EventQueue$4.run(Unknown Source)
	at java.security.AccessController.doPrivileged(Native Method)
	at java.security.ProtectionDomain$1.doIntersectionPrivilege(Unknown Source)
	at java.awt.EventQueue.dispatchEvent(Unknown Source)
	at java.awt.EventDispatchThread.pumpOneEventForFilters(Unknown Source)
	at java.awt.EventDispatchThread.pumpEventsForFilter(Unknown Source)
	at java.awt.EventDispatchThread.pumpEventsForFilter(Unknown Source)
	at java.awt.WaitDispatchSupport$2.run(Unknown Source)
	at java.awt.event.InvocationEvent.dispatch(Unknown Source)
	at java.awt.EventQueue.dispatchEventImpl(Unknown Source)
	at java.awt.EventQueue.access$400(Unknown Source)
	at java.awt.EventQueue$3.run(Unknown Source)
	at java.awt.EventQueue$3.run(Unknown Source)
	at java.security.AccessController.doPrivileged(Native Method)
	at java.security.ProtectionDomain$1.doIntersectionPrivilege(Unknown Source)
	at java.awt.EventQueue.dispatchEvent(Unknown Source)
	at java.awt.EventDispatchThread.pumpOneEventForFilters(Unknown Source)
	at java.awt.EventDispatchThread.pumpEventsForFilter(Unknown Source)
	at java.awt.EventDispatchThread.pumpEventsForHierarchy(Unknown Source)
	at java.awt.EventDispatchThread.pumpEvents(Unknown Source)
	at java.awt.EventDispatchThread.pumpEvents(Unknown Source)
	at java.awt.EventDispatchThread.run(Unknown Source)
Caused by: Could not get input stream for http://sqwrl.stanford.edu/ontologies/built-ins/3.4/sqwrl.owl
	at edu.stanford.smi.protegex.owl.jena.parser.ProtegeOWLParser.getInputStream(Unknown Source)
	at edu.stanford.smi.protegex.owl.repository.util.URLInputSource.getInputStream(Unknown Source)
	... 71 more
Caused by: java.net.UnknownHostException: sqwrl.stanford.edu
	at java.net.AbstractPlainSocketImpl.connect(Unknown Source)
	at java.net.PlainSocketImpl.connect(Unknown Source)
	at java.net.SocksSocketImpl.connect(Unknown Source)
	at java.net.Socket.connect(Unknown Source)
	at sun.net.NetworkClient.doConnect(Unknown Source)
	at sun.net.www.http.HttpClient.openServer(Unknown Source)
	at sun.net.www.http.HttpClient.openServer(Unknown Source)
	at sun.net.www.http.HttpClient.<init>(Unknown Source)
	at sun.net.www.http.HttpClient.New(Unknown Source)
	at sun.net.www.http.HttpClient.New(Unknown Source)
	at sun.net.www.protocol.http.HttpURLConnection.getNewHttpClient(Unknown Source)
	at sun.net.www.protocol.http.HttpURLConnection.plainConnect0(Unknown Source)
	at sun.net.www.protocol.http.HttpURLConnection.plainConnect(Unknown Source)
	at sun.net.www.protocol.http.HttpURLConnection.connect(Unknown Source)
	at sun.net.www.protocol.http.HttpURLConnection.getInputStream0(Unknown Source)
	at sun.net.www.protocol.http.HttpURLConnection.getInputStream(Unknown Source)
	at edu.stanford.smi.protegex.owl.jena.parser.ProtegeOWLParser.getInputStream(Unknown Source)
	... 72 more

2016.09.12 16:52:55.791 CST WARNING: Exception caught trying to parse http://sqwrl.stanford.edu/ontologies/built-ins/3.4/sqwrl.owl for an ontology declaration -- java.io.IOException: java.net.UnknownHostException: sqwrl.stanford.edu
	at edu.stanford.smi.protegex.owl.repository.util.URLInputSource.getInputStream(Unknown Source)
	at edu.stanford.smi.protegex.owl.repository.util.OntologyNameExtractor.searchForOntologyDeclaration(Unknown Source)
	at edu.stanford.smi.protegex.owl.repository.util.OntologyNameExtractor.init(Unknown Source)
	at edu.stanford.smi.protegex.owl.repository.util.OntologyNameExtractor.<init>(Unknown Source)
	at edu.stanford.smi.protegex.owl.repository.impl.ForcedURLRetrievalRepository.refresh(Unknown Source)
	at edu.stanford.smi.protegex.owl.repository.impl.ForcedURLRetrievalRepository.<init>(Unknown Source)
	at edu.stanford.smi.protegex.owl.repository.RepositoryManager.getRepository(Unknown Source)
	at edu.stanford.smi.protegex.owl.model.impl.AbstractOWLModel.getRepository(Unknown Source)
	at edu.stanford.smi.protegex.owl.model.impl.AbstractOWLModel.loadImportedAssertions(Unknown Source)
	at edu.stanford.smi.protegex.owl.jena.parser.ProtegeOWLParser.processImports(Unknown Source)
	at edu.stanford.smi.protegex.owl.jena.parser.ProtegeOWLParser.loadTriples(Unknown Source)
	at edu.stanford.smi.protegex.owl.jena.parser.ProtegeOWLParser.run(Unknown Source)
	at edu.stanford.smi.protegex.owl.jena.JenaKnowledgeBaseFactory.loadKnowledgeBase(Unknown Source)
	at edu.stanford.smi.protege.model.Project.loadDomainKB(Unknown Source)
	at edu.stanford.smi.protege.model.Project.createDomainKnowledgeBase(Unknown Source)
	at edu.stanford.smi.protege.model.Project.<init>(Unknown Source)
	at edu.stanford.smi.protege.model.Project.<init>(Unknown Source)
	at edu.stanford.smi.protege.model.Project.loadProjectFromURI(Unknown Source)
	at edu.stanford.smi.protege.ui.ProjectManager.loadProjectFromURI(Unknown Source)
	at edu.stanford.smi.protege.ui.ProjectManager.loadProject(Unknown Source)
	at edu.stanford.smi.protege.ui.WelcomeDialog.doOpenProject(Unknown Source)
	at edu.stanford.smi.protege.ui.WelcomeDialog.openButton_actionPerformed(Unknown Source)
	at edu.stanford.smi.protege.ui.WelcomeDialog$2.actionPerformed(Unknown Source)
	at javax.swing.AbstractButton.fireActionPerformed(Unknown Source)
	at javax.swing.AbstractButton$Handler.actionPerformed(Unknown Source)
	at javax.swing.DefaultButtonModel.fireActionPerformed(Unknown Source)
	at javax.swing.DefaultButtonModel.setPressed(Unknown Source)
	at javax.swing.plaf.basic.BasicButtonListener.mouseReleased(Unknown Source)
	at java.awt.AWTEventMulticaster.mouseReleased(Unknown Source)
	at java.awt.Component.processMouseEvent(Unknown Source)
	at javax.swing.JComponent.processMouseEvent(Unknown Source)
	at java.awt.Component.processEvent(Unknown Source)
	at java.awt.Container.processEvent(Unknown Source)
	at java.awt.Component.dispatchEventImpl(Unknown Source)
	at java.awt.Container.dispatchEventImpl(Unknown Source)
	at java.awt.Component.dispatchEvent(Unknown Source)
	at java.awt.LightweightDispatcher.retargetMouseEvent(Unknown Source)
	at java.awt.LightweightDispatcher.processMouseEvent(Unknown Source)
	at java.awt.LightweightDispatcher.dispatchEvent(Unknown Source)
	at java.awt.Container.dispatchEventImpl(Unknown Source)
	at java.awt.Window.dispatchEventImpl(Unknown Source)
	at java.awt.Component.dispatchEvent(Unknown Source)
	at java.awt.EventQueue.dispatchEventImpl(Unknown Source)
	at java.awt.EventQueue.access$400(Unknown Source)
	at java.awt.EventQueue$3.run(Unknown Source)
	at java.awt.EventQueue$3.run(Unknown Source)
	at java.security.AccessController.doPrivileged(Native Method)
	at java.security.ProtectionDomain$1.doIntersectionPrivilege(Unknown Source)
	at java.security.ProtectionDomain$1.doIntersectionPrivilege(Unknown Source)
	at java.awt.EventQueue$4.run(Unknown Source)
	at java.awt.EventQueue$4.run(Unknown Source)
	at java.security.AccessController.doPrivileged(Native Method)
	at java.security.ProtectionDomain$1.doIntersectionPrivilege(Unknown Source)
	at java.awt.EventQueue.dispatchEvent(Unknown Source)
	at java.awt.EventDispatchThread.pumpOneEventForFilters(Unknown Source)
	at java.awt.EventDispatchThread.pumpEventsForFilter(Unknown Source)
	at java.awt.EventDispatchThread.pumpEventsForFilter(Unknown Source)
	at java.awt.WaitDispatchSupport$2.run(Unknown Source)
	at java.awt.event.InvocationEvent.dispatch(Unknown Source)
	at java.awt.EventQueue.dispatchEventImpl(Unknown Source)
	at java.awt.EventQueue.access$400(Unknown Source)
	at java.awt.EventQueue$3.run(Unknown Source)
	at java.awt.EventQueue$3.run(Unknown Source)
	at java.security.AccessController.doPrivileged(Native Method)
	at java.security.ProtectionDomain$1.doIntersectionPrivilege(Unknown Source)
	at java.awt.EventQueue.dispatchEvent(Unknown Source)
	at java.awt.EventDispatchThread.pumpOneEventForFilters(Unknown Source)
	at java.awt.EventDispatchThread.pumpEventsForFilter(Unknown Source)
	at java.awt.EventDispatchThread.pumpEventsForHierarchy(Unknown Source)
	at java.awt.EventDispatchThread.pumpEvents(Unknown Source)
	at java.awt.EventDispatchThread.pumpEvents(Unknown Source)
	at java.awt.EventDispatchThread.run(Unknown Source)
Caused by: Could not get input stream for http://sqwrl.stanford.edu/ontologies/built-ins/3.4/sqwrl.owl
	at edu.stanford.smi.protegex.owl.jena.parser.ProtegeOWLParser.getInputStream(Unknown Source)
	at edu.stanford.smi.protegex.owl.repository.util.URLInputSource.getInputStream(Unknown Source)
	... 71 more
Caused by: java.net.UnknownHostException: sqwrl.stanford.edu
	at java.net.AbstractPlainSocketImpl.connect(Unknown Source)
	at java.net.PlainSocketImpl.connect(Unknown Source)
	at java.net.SocksSocketImpl.connect(Unknown Source)
	at java.net.Socket.connect(Unknown Source)
	at sun.net.NetworkClient.doConnect(Unknown Source)
	at sun.net.www.http.HttpClient.openServer(Unknown Source)
	at sun.net.www.http.HttpClient.openServer(Unknown Source)
	at sun.net.www.http.HttpClient.<init>(Unknown Source)
	at sun.net.www.http.HttpClient.New(Unknown Source)
	at sun.net.www.http.HttpClient.New(Unknown Source)
	at sun.net.www.protocol.http.HttpURLConnection.getNewHttpClient(Unknown Source)
	at sun.net.www.protocol.http.HttpURLConnection.plainConnect0(Unknown Source)
	at sun.net.www.protocol.http.HttpURLConnection.plainConnect(Unknown Source)
	at sun.net.www.protocol.http.HttpURLConnection.connect(Unknown Source)
	at sun.net.www.protocol.http.HttpURLConnection.getInputStream0(Unknown Source)
	at sun.net.www.protocol.http.HttpURLConnection.getInputStream(Unknown Source)
	at edu.stanford.smi.protegex.owl.jena.parser.ProtegeOWLParser.getInputStream(Unknown Source)
	... 72 more

2016.09.12 16:53:15.704 CST INFO: Importing http://swrl.stanford.edu/ontologies/3.3/swrla.owl from location: http://swrl.stanford.edu/ontologies/3.3/swrla.owl -- AbstractOWLModel.loadImportedAssertions()
2016.09.12 16:53:17.358 CST INFO: Loading triples for: http://swrl.stanford.edu/ontologies/3.3/swrla.owl -- ProtegeOWLParser.loadTriples()
2016.09.12 16:53:17.390 CST INFO:     Completed triple loading after 32 ms -- ProtegeOWLParser.loadTriples()
2016.09.12 16:53:17.390 CST INFO: Postprocess: Process entities with incorrect Java type (0 entities) ...  -- TriplePostProcessor.processFramesWithWrongJavaType()
2016.09.12 16:53:17.390 CST INFO: 0 ms
 -- TriplePostProcessor.processFramesWithWrongJavaType()
2016.09.12 16:53:17.390 CST INFO: Postprocess: Process metaclasses (3 metaclasses) ...  -- TriplePostProcessor.processMetaclasses()
2016.09.12 16:53:17.390 CST INFO: 0 ms
 -- TriplePostProcessor.processMetaclasses()
2016.09.12 16:53:17.390 CST INFO: Postprocess: Process subclasses of rdf:List (1 classes) ...  -- TriplePostProcessor.processSubclassesOfRdfList()
2016.09.12 16:53:17.390 CST INFO: 0 ms
 -- TriplePostProcessor.processSubclassesOfRdfList()
2016.09.12 16:53:17.390 CST INFO: Postprocess: Instances with multiple types (30 instances) ...  -- TriplePostProcessor.processInstancesWithMultipleTypes()
2016.09.12 16:53:17.390 CST INFO: 0 ms
 -- TriplePostProcessor.processInstancesWithMultipleTypes()
2016.09.12 16:53:17.406 CST INFO: Postprocess: Add inferred superclasses ...  -- TriplePostProcessor.processInferredSuperclasses()
2016.09.12 16:53:17.406 CST INFO: 0 ms
 -- TriplePostProcessor.processInferredSuperclasses()
2016.09.12 16:53:17.406 CST INFO: Postprocess: Process orphan classes (45 classes) ...  -- TriplePostProcessor.processOrphanClses()
2016.09.12 16:53:17.406 CST INFO: 0 ms
 -- TriplePostProcessor.processOrphanClses()
2016.09.12 16:53:17.406 CST INFO: Postprocess: Generalized Concept Inclusion (0 axioms) ...  -- TriplePostProcessor.processGeneralizedConceptInclusions()
2016.09.12 16:53:17.406 CST INFO: 0 ms
 -- TriplePostProcessor.processGeneralizedConceptInclusions()
2016.09.12 16:53:17.406 CST INFO: Postprocess: Abstract classes...  -- TriplePostProcessor.processAbstractClasses()
2016.09.12 16:53:17.406 CST INFO: 0 ms
 -- TriplePostProcessor.processAbstractClasses()
2016.09.12 16:53:17.406 CST INFO: Postprocess: Domain and range of properties...  -- TriplePostProcessor.processDomainAndRange()
2016.09.12 16:53:17.453 CST INFO: 47 ms
 -- TriplePostProcessor.processDomainAndRange()
2016.09.12 16:53:17.453 CST INFO: Postprocess: Possibly typed entities (1 resources) ...  -- TriplePostProcessor.processPossiblyTypedResources()
2016.09.12 16:53:17.453 CST INFO: 0 ms
 -- TriplePostProcessor.processPossiblyTypedResources()
2016.09.12 16:53:17.468 CST INFO: Updating underlying frames model in 0 ms -- ProtegeOWLParser.doFinalPostProcessing()
2016.09.12 16:53:18.748 CST WARNING: Could not open default Profile file. Message: rethrew: java.io.FileNotFoundException: C:\Users\Administrator\workspace\RPT-plugin0504\plugins\edu.stanford.smi.protegex.owl\OWLProfiles.owl (系统找不到指定的路径。) -- ProfilesManager.getDefaultProfileOntModel()
2016.09.12 16:53:19.451 CST INFO: Postprocess: Process entities with incorrect Java type (0 entities) ...  -- TriplePostProcessor.processFramesWithWrongJavaType()
2016.09.12 16:53:19.451 CST INFO: 0 ms
 -- TriplePostProcessor.processFramesWithWrongJavaType()
2016.09.12 16:53:19.451 CST INFO: Postprocess: Process metaclasses (3 metaclasses) ...  -- TriplePostProcessor.processMetaclasses()
2016.09.12 16:53:19.451 CST INFO: 0 ms
 -- TriplePostProcessor.processMetaclasses()
2016.09.12 16:53:19.451 CST INFO: Postprocess: Process subclasses of rdf:List (1 classes) ...  -- TriplePostProcessor.processSubclassesOfRdfList()
2016.09.12 16:53:19.451 CST INFO: 0 ms
 -- TriplePostProcessor.processSubclassesOfRdfList()
2016.09.12 16:53:19.451 CST INFO: Postprocess: Instances with multiple types (30 instances) ...  -- TriplePostProcessor.processInstancesWithMultipleTypes()
2016.09.12 16:53:19.451 CST INFO: 0 ms
 -- TriplePostProcessor.processInstancesWithMultipleTypes()
2016.09.12 16:53:19.466 CST INFO: Postprocess: Add inferred superclasses ...  -- TriplePostProcessor.processInferredSuperclasses()
2016.09.12 16:53:19.466 CST INFO: 0 ms
 -- TriplePostProcessor.processInferredSuperclasses()
2016.09.12 16:53:19.466 CST INFO: Postprocess: Process orphan classes (45 classes) ...  -- TriplePostProcessor.processOrphanClses()
2016.09.12 16:53:19.466 CST INFO: 0 ms
 -- TriplePostProcessor.processOrphanClses()
2016.09.12 16:53:19.466 CST INFO: Postprocess: Generalized Concept Inclusion (0 axioms) ...  -- TriplePostProcessor.processGeneralizedConceptInclusions()
2016.09.12 16:53:19.466 CST INFO: 0 ms
 -- TriplePostProcessor.processGeneralizedConceptInclusions()
2016.09.12 16:53:19.466 CST INFO: Postprocess: Abstract classes...  -- TriplePostProcessor.processAbstractClasses()
2016.09.12 16:53:19.466 CST INFO: 0 ms
 -- TriplePostProcessor.processAbstractClasses()
2016.09.12 16:53:19.466 CST INFO: Postprocess: Domain and range of properties...  -- TriplePostProcessor.processDomainAndRange()
2016.09.12 16:53:19.513 CST INFO: 47 ms
 -- TriplePostProcessor.processDomainAndRange()
2016.09.12 16:53:19.513 CST INFO: Postprocess: Possibly typed entities (1 resources) ...  -- TriplePostProcessor.processPossiblyTypedResources()
2016.09.12 16:53:19.513 CST INFO: 0 ms
 -- TriplePostProcessor.processPossiblyTypedResources()
2016.09.12 16:53:19.513 CST INFO: Updating underlying frames model in 0 ms -- ProtegeOWLParser.doFinalPostProcessing()
2016.09.12 16:53:19.560 CST INFO: SWRLJessBridge load failed: could not find jess.Rete - or an error occured on initialization -- BridgePluginManager.<clinit>()
2016.09.12 16:53:19.560 CST INFO: SQWRLQueryTab load failed: could not find jess.Rete - or an error occured on initialization -- BridgePluginManager.<clinit>()
2016.09.12 16:53:32.446 CST INFO: Load time for file:\E:\AGVsModel\AGVs1.pprj = 36 sec (project) + 14 sec (ui) -- ProjectManager$3.run()
2016.09.12 16:54:23.133 CST WARNING: Exception caught by default exception handler -- java.lang.NullPointerException
	at org.wit.rpt.model.GraphPlanning.iniToGoal(GraphPlanning.java:209)
	at org.wit.rpt.model.GraphPlanning.toStart(GraphPlanning.java:93)
	at org.wit.rpt.ui.ICCTab$getIniStates.actionPerformed(ICCTab.java:629)
	at javax.swing.AbstractButton.fireActionPerformed(Unknown Source)
	at javax.swing.AbstractButton$Handler.actionPerformed(Unknown Source)
	at javax.swing.DefaultButtonModel.fireActionPerformed(Unknown Source)
	at javax.swing.DefaultButtonModel.setPressed(Unknown Source)
	at javax.swing.plaf.basic.BasicButtonListener.mouseReleased(Unknown Source)
	at java.awt.Component.processMouseEvent(Unknown Source)
	at javax.swing.JComponent.processMouseEvent(Unknown Source)
	at java.awt.Component.processEvent(Unknown Source)
	at java.awt.Container.processEvent(Unknown Source)
	at java.awt.Component.dispatchEventImpl(Unknown Source)
	at java.awt.Container.dispatchEventImpl(Unknown Source)
	at java.awt.Component.dispatchEvent(Unknown Source)
	at java.awt.LightweightDispatcher.retargetMouseEvent(Unknown Source)
	at java.awt.LightweightDispatcher.processMouseEvent(Unknown Source)
	at java.awt.LightweightDispatcher.dispatchEvent(Unknown Source)
	at java.awt.Container.dispatchEventImpl(Unknown Source)
	at java.awt.Window.dispatchEventImpl(Unknown Source)
	at java.awt.Component.dispatchEvent(Unknown Source)
	at java.awt.EventQueue.dispatchEventImpl(Unknown Source)
	at java.awt.EventQueue.access$400(Unknown Source)
	at java.awt.EventQueue$3.run(Unknown Source)
	at java.awt.EventQueue$3.run(Unknown Source)
	at java.security.AccessController.doPrivileged(Native Method)
	at java.security.ProtectionDomain$1.doIntersectionPrivilege(Unknown Source)
	at java.security.ProtectionDomain$1.doIntersectionPrivilege(Unknown Source)
	at java.awt.EventQueue$4.run(Unknown Source)
	at java.awt.EventQueue$4.run(Unknown Source)
	at java.security.AccessController.doPrivileged(Native Method)
	at java.security.ProtectionDomain$1.doIntersectionPrivilege(Unknown Source)
	at java.awt.EventQueue.dispatchEvent(Unknown Source)
	at java.awt.EventDispatchThread.pumpOneEventForFilters(Unknown Source)
	at java.awt.EventDispatchThread.pumpEventsForFilter(Unknown Source)
	at java.awt.EventDispatchThread.pumpEventsForHierarchy(Unknown Source)
	at java.awt.EventDispatchThread.pumpEvents(Unknown Source)
	at java.awt.EventDispatchThread.pumpEvents(Unknown Source)
	at java.awt.EventDispatchThread.run(Unknown Source)

2016.09.12 16:55:06.830 CST INFO: ... saving successful to: E:\AGVsModel\AGVs1.owl -- Protege2Jena.saveAll()
2016.09.12 16:55:15.646 CST INFO: *** SYSTEM START ***
2016.09.12 16:55:16.020 CST WARNING: missing bundle: protege_text -- BundleHelper.<init>()
2016.09.12 16:55:18.798 CST WARNING: [Local Folder Repository] The specified file must be a directory. (C:\Users\Administrator\workspace\RPT-plugin0504\plugins\edu.stanford.smi.protegex.owl) -- LocalFolderRepository.update()
2016.09.12 16:55:30.152 CST WARNING: Exception caught trying to parse http://sqwrl.stanford.edu/ontologies/built-ins/3.4/sqwrl.owl for an ontology declaration -- java.io.IOException: java.net.UnknownHostException: sqwrl.stanford.edu
	at edu.stanford.smi.protegex.owl.repository.util.URLInputSource.getInputStream(Unknown Source)
	at edu.stanford.smi.protegex.owl.repository.util.OntologyNameExtractor.searchForOntologyDeclaration(Unknown Source)
	at edu.stanford.smi.protegex.owl.repository.util.OntologyNameExtractor.init(Unknown Source)
	at edu.stanford.smi.protegex.owl.repository.util.OntologyNameExtractor.<init>(Unknown Source)
	at edu.stanford.smi.protegex.owl.repository.impl.HTTPRepository.update(Unknown Source)
	at edu.stanford.smi.protegex.owl.repository.impl.HTTPRepository.<init>(Unknown Source)
	at edu.stanford.smi.protegex.owl.repository.impl.HTTPRepositoryFactoryPlugin.createRepository(Unknown Source)
	at edu.stanford.smi.protegex.owl.repository.factory.RepositoryFactory.createOntRepository(Unknown Source)
	at edu.stanford.smi.protegex.owl.repository.util.RepositoryFileManager.loadRepositoriesFromURI(Unknown Source)
	at edu.stanford.smi.protegex.owl.repository.util.RepositoryFileManager.loadProjectRepositories(Unknown Source)
	at edu.stanford.smi.protegex.owl.repository.util.RepositoryFileManager.loadProjectRepositories(Unknown Source)
	at edu.stanford.smi.protegex.owl.jena.JenaKnowledgeBaseFactory.loadKnowledgeBase(Unknown Source)
	at edu.stanford.smi.protege.model.Project.loadDomainKB(Unknown Source)
	at edu.stanford.smi.protege.model.Project.createDomainKnowledgeBase(Unknown Source)
	at edu.stanford.smi.protege.model.Project.<init>(Unknown Source)
	at edu.stanford.smi.protege.model.Project.<init>(Unknown Source)
	at edu.stanford.smi.protege.model.Project.loadProjectFromURI(Unknown Source)
	at edu.stanford.smi.protege.ui.ProjectManager.loadProjectFromURI(Unknown Source)
	at edu.stanford.smi.protege.ui.ProjectManager.loadProject(Unknown Source)
	at edu.stanford.smi.protege.ui.WelcomeDialog.doOpenProject(Unknown Source)
	at edu.stanford.smi.protege.ui.WelcomeDialog.openButton_actionPerformed(Unknown Source)
	at edu.stanford.smi.protege.ui.WelcomeDialog$2.actionPerformed(Unknown Source)
	at javax.swing.AbstractButton.fireActionPerformed(Unknown Source)
	at javax.swing.AbstractButton$Handler.actionPerformed(Unknown Source)
	at javax.swing.DefaultButtonModel.fireActionPerformed(Unknown Source)
	at javax.swing.DefaultButtonModel.setPressed(Unknown Source)
	at javax.swing.plaf.basic.BasicButtonListener.mouseReleased(Unknown Source)
	at java.awt.AWTEventMulticaster.mouseReleased(Unknown Source)
	at java.awt.Component.processMouseEvent(Unknown Source)
	at javax.swing.JComponent.processMouseEvent(Unknown Source)
	at java.awt.Component.processEvent(Unknown Source)
	at java.awt.Container.processEvent(Unknown Source)
	at java.awt.Component.dispatchEventImpl(Unknown Source)
	at java.awt.Container.dispatchEventImpl(Unknown Source)
	at java.awt.Component.dispatchEvent(Unknown Source)
	at java.awt.LightweightDispatcher.retargetMouseEvent(Unknown Source)
	at java.awt.LightweightDispatcher.processMouseEvent(Unknown Source)
	at java.awt.LightweightDispatcher.dispatchEvent(Unknown Source)
	at java.awt.Container.dispatchEventImpl(Unknown Source)
	at java.awt.Window.dispatchEventImpl(Unknown Source)
	at java.awt.Component.dispatchEvent(Unknown Source)
	at java.awt.EventQueue.dispatchEventImpl(Unknown Source)
	at java.awt.EventQueue.access$400(Unknown Source)
	at java.awt.EventQueue$3.run(Unknown Source)
	at java.awt.EventQueue$3.run(Unknown Source)
	at java.security.AccessController.doPrivileged(Native Method)
	at java.security.ProtectionDomain$1.doIntersectionPrivilege(Unknown Source)
	at java.security.ProtectionDomain$1.doIntersectionPrivilege(Unknown Source)
	at java.awt.EventQueue$4.run(Unknown Source)
	at java.awt.EventQueue$4.run(Unknown Source)
	at java.security.AccessController.doPrivileged(Native Method)
	at java.security.ProtectionDomain$1.doIntersectionPrivilege(Unknown Source)
	at java.awt.EventQueue.dispatchEvent(Unknown Source)
	at java.awt.EventDispatchThread.pumpOneEventForFilters(Unknown Source)
	at java.awt.EventDispatchThread.pumpEventsForFilter(Unknown Source)
	at java.awt.EventDispatchThread.pumpEventsForFilter(Unknown Source)
	at java.awt.WaitDispatchSupport$2.run(Unknown Source)
	at java.awt.event.InvocationEvent.dispatch(Unknown Source)
	at java.awt.EventQueue.dispatchEventImpl(Unknown Source)
	at java.awt.EventQueue.access$400(Unknown Source)
	at java.awt.EventQueue$3.run(Unknown Source)
	at java.awt.EventQueue$3.run(Unknown Source)
	at java.security.AccessController.doPrivileged(Native Method)
	at java.security.ProtectionDomain$1.doIntersectionPrivilege(Unknown Source)
	at java.awt.EventQueue.dispatchEvent(Unknown Source)
	at java.awt.EventDispatchThread.pumpOneEventForFilters(Unknown Source)
	at java.awt.EventDispatchThread.pumpEventsForFilter(Unknown Source)
	at java.awt.EventDispatchThread.pumpEventsForHierarchy(Unknown Source)
	at java.awt.EventDispatchThread.pumpEvents(Unknown Source)
	at java.awt.EventDispatchThread.pumpEvents(Unknown Source)
	at java.awt.EventDispatchThread.run(Unknown Source)
Caused by: Could not get input stream for http://sqwrl.stanford.edu/ontologies/built-ins/3.4/sqwrl.owl
	at edu.stanford.smi.protegex.owl.jena.parser.ProtegeOWLParser.getInputStream(Unknown Source)
	at edu.stanford.smi.protegex.owl.repository.util.URLInputSource.getInputStream(Unknown Source)
	... 70 more
Caused by: java.net.UnknownHostException: sqwrl.stanford.edu
	at java.net.AbstractPlainSocketImpl.connect(Unknown Source)
	at java.net.PlainSocketImpl.connect(Unknown Source)
	at java.net.SocksSocketImpl.connect(Unknown Source)
	at java.net.Socket.connect(Unknown Source)
	at sun.net.NetworkClient.doConnect(Unknown Source)
	at sun.net.www.http.HttpClient.openServer(Unknown Source)
	at sun.net.www.http.HttpClient.openServer(Unknown Source)
	at sun.net.www.http.HttpClient.<init>(Unknown Source)
	at sun.net.www.http.HttpClient.New(Unknown Source)
	at sun.net.www.http.HttpClient.New(Unknown Source)
	at sun.net.www.protocol.http.HttpURLConnection.getNewHttpClient(Unknown Source)
	at sun.net.www.protocol.http.HttpURLConnection.plainConnect0(Unknown Source)
	at sun.net.www.protocol.http.HttpURLConnection.plainConnect(Unknown Source)
	at sun.net.www.protocol.http.HttpURLConnection.connect(Unknown Source)
	at sun.net.www.protocol.http.HttpURLConnection.getInputStream0(Unknown Source)
	at sun.net.www.protocol.http.HttpURLConnection.getInputStream(Unknown Source)
	at edu.stanford.smi.protegex.owl.jena.parser.ProtegeOWLParser.getInputStream(Unknown Source)
	... 71 more

2016.09.12 16:55:30.652 CST WARNING: Exception caught trying to parse http://sqwrl.stanford.edu/ontologies/built-ins/3.4/sqwrl.owl for an ontology declaration -- java.io.IOException: java.net.UnknownHostException: sqwrl.stanford.edu
	at edu.stanford.smi.protegex.owl.repository.util.URLInputSource.getInputStream(Unknown Source)
	at edu.stanford.smi.protegex.owl.repository.util.OntologyNameExtractor.searchForOntologyDeclaration(Unknown Source)
	at edu.stanford.smi.protegex.owl.repository.util.OntologyNameExtractor.init(Unknown Source)
	at edu.stanford.smi.protegex.owl.repository.util.OntologyNameExtractor.<init>(Unknown Source)
	at edu.stanford.smi.protegex.owl.repository.impl.HTTPRepository.update(Unknown Source)
	at edu.stanford.smi.protegex.owl.repository.impl.HTTPRepository.<init>(Unknown Source)
	at edu.stanford.smi.protegex.owl.repository.impl.HTTPRepositoryFactoryPlugin.createRepository(Unknown Source)
	at edu.stanford.smi.protegex.owl.repository.factory.RepositoryFactory.createOntRepository(Unknown Source)
	at edu.stanford.smi.protegex.owl.repository.util.RepositoryFileManager.loadRepositoriesFromURI(Unknown Source)
	at edu.stanford.smi.protegex.owl.repository.util.RepositoryFileManager.loadProjectRepositories(Unknown Source)
	at edu.stanford.smi.protegex.owl.repository.util.RepositoryFileManager.loadProjectRepositories(Unknown Source)
	at edu.stanford.smi.protegex.owl.jena.JenaKnowledgeBaseFactory.loadKnowledgeBase(Unknown Source)
	at edu.stanford.smi.protege.model.Project.loadDomainKB(Unknown Source)
	at edu.stanford.smi.protege.model.Project.createDomainKnowledgeBase(Unknown Source)
	at edu.stanford.smi.protege.model.Project.<init>(Unknown Source)
	at edu.stanford.smi.protege.model.Project.<init>(Unknown Source)
	at edu.stanford.smi.protege.model.Project.loadProjectFromURI(Unknown Source)
	at edu.stanford.smi.protege.ui.ProjectManager.loadProjectFromURI(Unknown Source)
	at edu.stanford.smi.protege.ui.ProjectManager.loadProject(Unknown Source)
	at edu.stanford.smi.protege.ui.WelcomeDialog.doOpenProject(Unknown Source)
	at edu.stanford.smi.protege.ui.WelcomeDialog.openButton_actionPerformed(Unknown Source)
	at edu.stanford.smi.protege.ui.WelcomeDialog$2.actionPerformed(Unknown Source)
	at javax.swing.AbstractButton.fireActionPerformed(Unknown Source)
	at javax.swing.AbstractButton$Handler.actionPerformed(Unknown Source)
	at javax.swing.DefaultButtonModel.fireActionPerformed(Unknown Source)
	at javax.swing.DefaultButtonModel.setPressed(Unknown Source)
	at javax.swing.plaf.basic.BasicButtonListener.mouseReleased(Unknown Source)
	at java.awt.AWTEventMulticaster.mouseReleased(Unknown Source)
	at java.awt.Component.processMouseEvent(Unknown Source)
	at javax.swing.JComponent.processMouseEvent(Unknown Source)
	at java.awt.Component.processEvent(Unknown Source)
	at java.awt.Container.processEvent(Unknown Source)
	at java.awt.Component.dispatchEventImpl(Unknown Source)
	at java.awt.Container.dispatchEventImpl(Unknown Source)
	at java.awt.Component.dispatchEvent(Unknown Source)
	at java.awt.LightweightDispatcher.retargetMouseEvent(Unknown Source)
	at java.awt.LightweightDispatcher.processMouseEvent(Unknown Source)
	at java.awt.LightweightDispatcher.dispatchEvent(Unknown Source)
	at java.awt.Container.dispatchEventImpl(Unknown Source)
	at java.awt.Window.dispatchEventImpl(Unknown Source)
	at java.awt.Component.dispatchEvent(Unknown Source)
	at java.awt.EventQueue.dispatchEventImpl(Unknown Source)
	at java.awt.EventQueue.access$400(Unknown Source)
	at java.awt.EventQueue$3.run(Unknown Source)
	at java.awt.EventQueue$3.run(Unknown Source)
	at java.security.AccessController.doPrivileged(Native Method)
	at java.security.ProtectionDomain$1.doIntersectionPrivilege(Unknown Source)
	at java.security.ProtectionDomain$1.doIntersectionPrivilege(Unknown Source)
	at java.awt.EventQueue$4.run(Unknown Source)
	at java.awt.EventQueue$4.run(Unknown Source)
	at java.security.AccessController.doPrivileged(Native Method)
	at java.security.ProtectionDomain$1.doIntersectionPrivilege(Unknown Source)
	at java.awt.EventQueue.dispatchEvent(Unknown Source)
	at java.awt.EventDispatchThread.pumpOneEventForFilters(Unknown Source)
	at java.awt.EventDispatchThread.pumpEventsForFilter(Unknown Source)
	at java.awt.EventDispatchThread.pumpEventsForFilter(Unknown Source)
	at java.awt.WaitDispatchSupport$2.run(Unknown Source)
	at java.awt.event.InvocationEvent.dispatch(Unknown Source)
	at java.awt.EventQueue.dispatchEventImpl(Unknown Source)
	at java.awt.EventQueue.access$400(Unknown Source)
	at java.awt.EventQueue$3.run(Unknown Source)
	at java.awt.EventQueue$3.run(Unknown Source)
	at java.security.AccessController.doPrivileged(Native Method)
	at java.security.ProtectionDomain$1.doIntersectionPrivilege(Unknown Source)
	at java.awt.EventQueue.dispatchEvent(Unknown Source)
	at java.awt.EventDispatchThread.pumpOneEventForFilters(Unknown Source)
	at java.awt.EventDispatchThread.pumpEventsForFilter(Unknown Source)
	at java.awt.EventDispatchThread.pumpEventsForHierarchy(Unknown Source)
	at java.awt.EventDispatchThread.pumpEvents(Unknown Source)
	at java.awt.EventDispatchThread.pumpEvents(Unknown Source)
	at java.awt.EventDispatchThread.run(Unknown Source)
Caused by: Could not get input stream for http://sqwrl.stanford.edu/ontologies/built-ins/3.4/sqwrl.owl
	at edu.stanford.smi.protegex.owl.jena.parser.ProtegeOWLParser.getInputStream(Unknown Source)
	at edu.stanford.smi.protegex.owl.repository.util.URLInputSource.getInputStream(Unknown Source)
	... 70 more
Caused by: java.net.UnknownHostException: sqwrl.stanford.edu
	at java.net.AbstractPlainSocketImpl.connect(Unknown Source)
	at java.net.PlainSocketImpl.connect(Unknown Source)
	at java.net.SocksSocketImpl.connect(Unknown Source)
	at java.net.Socket.connect(Unknown Source)
	at sun.net.NetworkClient.doConnect(Unknown Source)
	at sun.net.www.http.HttpClient.openServer(Unknown Source)
	at sun.net.www.http.HttpClient.openServer(Unknown Source)
	at sun.net.www.http.HttpClient.<init>(Unknown Source)
	at sun.net.www.http.HttpClient.New(Unknown Source)
	at sun.net.www.http.HttpClient.New(Unknown Source)
	at sun.net.www.protocol.http.HttpURLConnection.getNewHttpClient(Unknown Source)
	at sun.net.www.protocol.http.HttpURLConnection.plainConnect0(Unknown Source)
	at sun.net.www.protocol.http.HttpURLConnection.plainConnect(Unknown Source)
	at sun.net.www.protocol.http.HttpURLConnection.connect(Unknown Source)
	at sun.net.www.protocol.http.HttpURLConnection.getInputStream0(Unknown Source)
	at sun.net.www.protocol.http.HttpURLConnection.getInputStream(Unknown Source)
	at edu.stanford.smi.protegex.owl.jena.parser.ProtegeOWLParser.getInputStream(Unknown Source)
	... 71 more

2016.09.12 16:55:30.699 CST INFO: Loading triples for: file:/E:/AGVsModel/AGVs1.owl -- ProtegeOWLParser.loadTriples()
2016.09.12 16:55:31.089 CST INFO:     Completed triple loading after 390 ms -- ProtegeOWLParser.loadTriples()
2016.09.12 16:55:31.089 CST WARNING: Exception caught trying to parse http://sqwrl.stanford.edu/ontologies/built-ins/3.4/sqwrl.owl for an ontology declaration -- java.io.IOException: java.net.UnknownHostException: sqwrl.stanford.edu
	at edu.stanford.smi.protegex.owl.repository.util.URLInputSource.getInputStream(Unknown Source)
	at edu.stanford.smi.protegex.owl.repository.util.OntologyNameExtractor.searchForOntologyDeclaration(Unknown Source)
	at edu.stanford.smi.protegex.owl.repository.util.OntologyNameExtractor.init(Unknown Source)
	at edu.stanford.smi.protegex.owl.repository.util.OntologyNameExtractor.<init>(Unknown Source)
	at edu.stanford.smi.protegex.owl.repository.impl.HTTPRepository.update(Unknown Source)
	at edu.stanford.smi.protegex.owl.repository.impl.HTTPRepository.<init>(Unknown Source)
	at edu.stanford.smi.protegex.owl.repository.RepositoryManager.getRepository(Unknown Source)
	at edu.stanford.smi.protegex.owl.model.impl.AbstractOWLModel.getRepository(Unknown Source)
	at edu.stanford.smi.protegex.owl.model.impl.AbstractOWLModel.loadImportedAssertions(Unknown Source)
	at edu.stanford.smi.protegex.owl.jena.parser.ProtegeOWLParser.processImports(Unknown Source)
	at edu.stanford.smi.protegex.owl.jena.parser.ProtegeOWLParser.loadTriples(Unknown Source)
	at edu.stanford.smi.protegex.owl.jena.parser.ProtegeOWLParser.run(Unknown Source)
	at edu.stanford.smi.protegex.owl.jena.JenaKnowledgeBaseFactory.loadKnowledgeBase(Unknown Source)
	at edu.stanford.smi.protege.model.Project.loadDomainKB(Unknown Source)
	at edu.stanford.smi.protege.model.Project.createDomainKnowledgeBase(Unknown Source)
	at edu.stanford.smi.protege.model.Project.<init>(Unknown Source)
	at edu.stanford.smi.protege.model.Project.<init>(Unknown Source)
	at edu.stanford.smi.protege.model.Project.loadProjectFromURI(Unknown Source)
	at edu.stanford.smi.protege.ui.ProjectManager.loadProjectFromURI(Unknown Source)
	at edu.stanford.smi.protege.ui.ProjectManager.loadProject(Unknown Source)
	at edu.stanford.smi.protege.ui.WelcomeDialog.doOpenProject(Unknown Source)
	at edu.stanford.smi.protege.ui.WelcomeDialog.openButton_actionPerformed(Unknown Source)
	at edu.stanford.smi.protege.ui.WelcomeDialog$2.actionPerformed(Unknown Source)
	at javax.swing.AbstractButton.fireActionPerformed(Unknown Source)
	at javax.swing.AbstractButton$Handler.actionPerformed(Unknown Source)
	at javax.swing.DefaultButtonModel.fireActionPerformed(Unknown Source)
	at javax.swing.DefaultButtonModel.setPressed(Unknown Source)
	at javax.swing.plaf.basic.BasicButtonListener.mouseReleased(Unknown Source)
	at java.awt.AWTEventMulticaster.mouseReleased(Unknown Source)
	at java.awt.Component.processMouseEvent(Unknown Source)
	at javax.swing.JComponent.processMouseEvent(Unknown Source)
	at java.awt.Component.processEvent(Unknown Source)
	at java.awt.Container.processEvent(Unknown Source)
	at java.awt.Component.dispatchEventImpl(Unknown Source)
	at java.awt.Container.dispatchEventImpl(Unknown Source)
	at java.awt.Component.dispatchEvent(Unknown Source)
	at java.awt.LightweightDispatcher.retargetMouseEvent(Unknown Source)
	at java.awt.LightweightDispatcher.processMouseEvent(Unknown Source)
	at java.awt.LightweightDispatcher.dispatchEvent(Unknown Source)
	at java.awt.Container.dispatchEventImpl(Unknown Source)
	at java.awt.Window.dispatchEventImpl(Unknown Source)
	at java.awt.Component.dispatchEvent(Unknown Source)
	at java.awt.EventQueue.dispatchEventImpl(Unknown Source)
	at java.awt.EventQueue.access$400(Unknown Source)
	at java.awt.EventQueue$3.run(Unknown Source)
	at java.awt.EventQueue$3.run(Unknown Source)
	at java.security.AccessController.doPrivileged(Native Method)
	at java.security.ProtectionDomain$1.doIntersectionPrivilege(Unknown Source)
	at java.security.ProtectionDomain$1.doIntersectionPrivilege(Unknown Source)
	at java.awt.EventQueue$4.run(Unknown Source)
	at java.awt.EventQueue$4.run(Unknown Source)
	at java.security.AccessController.doPrivileged(Native Method)
	at java.security.ProtectionDomain$1.doIntersectionPrivilege(Unknown Source)
	at java.awt.EventQueue.dispatchEvent(Unknown Source)
	at java.awt.EventDispatchThread.pumpOneEventForFilters(Unknown Source)
	at java.awt.EventDispatchThread.pumpEventsForFilter(Unknown Source)
	at java.awt.EventDispatchThread.pumpEventsForFilter(Unknown Source)
	at java.awt.WaitDispatchSupport$2.run(Unknown Source)
	at java.awt.event.InvocationEvent.dispatch(Unknown Source)
	at java.awt.EventQueue.dispatchEventImpl(Unknown Source)
	at java.awt.EventQueue.access$400(Unknown Source)
	at java.awt.EventQueue$3.run(Unknown Source)
	at java.awt.EventQueue$3.run(Unknown Source)
	at java.security.AccessController.doPrivileged(Native Method)
	at java.security.ProtectionDomain$1.doIntersectionPrivilege(Unknown Source)
	at java.awt.EventQueue.dispatchEvent(Unknown Source)
	at java.awt.EventDispatchThread.pumpOneEventForFilters(Unknown Source)
	at java.awt.EventDispatchThread.pumpEventsForFilter(Unknown Source)
	at java.awt.EventDispatchThread.pumpEventsForHierarchy(Unknown Source)
	at java.awt.EventDispatchThread.pumpEvents(Unknown Source)
	at java.awt.EventDispatchThread.pumpEvents(Unknown Source)
	at java.awt.EventDispatchThread.run(Unknown Source)
Caused by: Could not get input stream for http://sqwrl.stanford.edu/ontologies/built-ins/3.4/sqwrl.owl
	at edu.stanford.smi.protegex.owl.jena.parser.ProtegeOWLParser.getInputStream(Unknown Source)
	at edu.stanford.smi.protegex.owl.repository.util.URLInputSource.getInputStream(Unknown Source)
	... 71 more
Caused by: java.net.UnknownHostException: sqwrl.stanford.edu
	at java.net.AbstractPlainSocketImpl.connect(Unknown Source)
	at java.net.PlainSocketImpl.connect(Unknown Source)
	at java.net.SocksSocketImpl.connect(Unknown Source)
	at java.net.Socket.connect(Unknown Source)
	at sun.net.NetworkClient.doConnect(Unknown Source)
	at sun.net.www.http.HttpClient.openServer(Unknown Source)
	at sun.net.www.http.HttpClient.openServer(Unknown Source)
	at sun.net.www.http.HttpClient.<init>(Unknown Source)
	at sun.net.www.http.HttpClient.New(Unknown Source)
	at sun.net.www.http.HttpClient.New(Unknown Source)
	at sun.net.www.protocol.http.HttpURLConnection.getNewHttpClient(Unknown Source)
	at sun.net.www.protocol.http.HttpURLConnection.plainConnect0(Unknown Source)
	at sun.net.www.protocol.http.HttpURLConnection.plainConnect(Unknown Source)
	at sun.net.www.protocol.http.HttpURLConnection.connect(Unknown Source)
	at sun.net.www.protocol.http.HttpURLConnection.getInputStream0(Unknown Source)
	at sun.net.www.protocol.http.HttpURLConnection.getInputStream(Unknown Source)
	at edu.stanford.smi.protegex.owl.jena.parser.ProtegeOWLParser.getInputStream(Unknown Source)
	... 72 more

2016.09.12 16:55:31.089 CST WARNING: Exception caught trying to parse http://sqwrl.stanford.edu/ontologies/built-ins/3.4/sqwrl.owl for an ontology declaration -- java.io.IOException: java.net.UnknownHostException: sqwrl.stanford.edu
	at edu.stanford.smi.protegex.owl.repository.util.URLInputSource.getInputStream(Unknown Source)
	at edu.stanford.smi.protegex.owl.repository.util.OntologyNameExtractor.searchForOntologyDeclaration(Unknown Source)
	at edu.stanford.smi.protegex.owl.repository.util.OntologyNameExtractor.init(Unknown Source)
	at edu.stanford.smi.protegex.owl.repository.util.OntologyNameExtractor.<init>(Unknown Source)
	at edu.stanford.smi.protegex.owl.repository.impl.ForcedURLRetrievalRepository.refresh(Unknown Source)
	at edu.stanford.smi.protegex.owl.repository.impl.ForcedURLRetrievalRepository.<init>(Unknown Source)
	at edu.stanford.smi.protegex.owl.repository.RepositoryManager.getRepository(Unknown Source)
	at edu.stanford.smi.protegex.owl.model.impl.AbstractOWLModel.getRepository(Unknown Source)
	at edu.stanford.smi.protegex.owl.model.impl.AbstractOWLModel.loadImportedAssertions(Unknown Source)
	at edu.stanford.smi.protegex.owl.jena.parser.ProtegeOWLParser.processImports(Unknown Source)
	at edu.stanford.smi.protegex.owl.jena.parser.ProtegeOWLParser.loadTriples(Unknown Source)
	at edu.stanford.smi.protegex.owl.jena.parser.ProtegeOWLParser.run(Unknown Source)
	at edu.stanford.smi.protegex.owl.jena.JenaKnowledgeBaseFactory.loadKnowledgeBase(Unknown Source)
	at edu.stanford.smi.protege.model.Project.loadDomainKB(Unknown Source)
	at edu.stanford.smi.protege.model.Project.createDomainKnowledgeBase(Unknown Source)
	at edu.stanford.smi.protege.model.Project.<init>(Unknown Source)
	at edu.stanford.smi.protege.model.Project.<init>(Unknown Source)
	at edu.stanford.smi.protege.model.Project.loadProjectFromURI(Unknown Source)
	at edu.stanford.smi.protege.ui.ProjectManager.loadProjectFromURI(Unknown Source)
	at edu.stanford.smi.protege.ui.ProjectManager.loadProject(Unknown Source)
	at edu.stanford.smi.protege.ui.WelcomeDialog.doOpenProject(Unknown Source)
	at edu.stanford.smi.protege.ui.WelcomeDialog.openButton_actionPerformed(Unknown Source)
	at edu.stanford.smi.protege.ui.WelcomeDialog$2.actionPerformed(Unknown Source)
	at javax.swing.AbstractButton.fireActionPerformed(Unknown Source)
	at javax.swing.AbstractButton$Handler.actionPerformed(Unknown Source)
	at javax.swing.DefaultButtonModel.fireActionPerformed(Unknown Source)
	at javax.swing.DefaultButtonModel.setPressed(Unknown Source)
	at javax.swing.plaf.basic.BasicButtonListener.mouseReleased(Unknown Source)
	at java.awt.AWTEventMulticaster.mouseReleased(Unknown Source)
	at java.awt.Component.processMouseEvent(Unknown Source)
	at javax.swing.JComponent.processMouseEvent(Unknown Source)
	at java.awt.Component.processEvent(Unknown Source)
	at java.awt.Container.processEvent(Unknown Source)
	at java.awt.Component.dispatchEventImpl(Unknown Source)
	at java.awt.Container.dispatchEventImpl(Unknown Source)
	at java.awt.Component.dispatchEvent(Unknown Source)
	at java.awt.LightweightDispatcher.retargetMouseEvent(Unknown Source)
	at java.awt.LightweightDispatcher.processMouseEvent(Unknown Source)
	at java.awt.LightweightDispatcher.dispatchEvent(Unknown Source)
	at java.awt.Container.dispatchEventImpl(Unknown Source)
	at java.awt.Window.dispatchEventImpl(Unknown Source)
	at java.awt.Component.dispatchEvent(Unknown Source)
	at java.awt.EventQueue.dispatchEventImpl(Unknown Source)
	at java.awt.EventQueue.access$400(Unknown Source)
	at java.awt.EventQueue$3.run(Unknown Source)
	at java.awt.EventQueue$3.run(Unknown Source)
	at java.security.AccessController.doPrivileged(Native Method)
	at java.security.ProtectionDomain$1.doIntersectionPrivilege(Unknown Source)
	at java.security.ProtectionDomain$1.doIntersectionPrivilege(Unknown Source)
	at java.awt.EventQueue$4.run(Unknown Source)
	at java.awt.EventQueue$4.run(Unknown Source)
	at java.security.AccessController.doPrivileged(Native Method)
	at java.security.ProtectionDomain$1.doIntersectionPrivilege(Unknown Source)
	at java.awt.EventQueue.dispatchEvent(Unknown Source)
	at java.awt.EventDispatchThread.pumpOneEventForFilters(Unknown Source)
	at java.awt.EventDispatchThread.pumpEventsForFilter(Unknown Source)
	at java.awt.EventDispatchThread.pumpEventsForFilter(Unknown Source)
	at java.awt.WaitDispatchSupport$2.run(Unknown Source)
	at java.awt.event.InvocationEvent.dispatch(Unknown Source)
	at java.awt.EventQueue.dispatchEventImpl(Unknown Source)
	at java.awt.EventQueue.access$400(Unknown Source)
	at java.awt.EventQueue$3.run(Unknown Source)
	at java.awt.EventQueue$3.run(Unknown Source)
	at java.security.AccessController.doPrivileged(Native Method)
	at java.security.ProtectionDomain$1.doIntersectionPrivilege(Unknown Source)
	at java.awt.EventQueue.dispatchEvent(Unknown Source)
	at java.awt.EventDispatchThread.pumpOneEventForFilters(Unknown Source)
	at java.awt.EventDispatchThread.pumpEventsForFilter(Unknown Source)
	at java.awt.EventDispatchThread.pumpEventsForHierarchy(Unknown Source)
	at java.awt.EventDispatchThread.pumpEvents(Unknown Source)
	at java.awt.EventDispatchThread.pumpEvents(Unknown Source)
	at java.awt.EventDispatchThread.run(Unknown Source)
Caused by: Could not get input stream for http://sqwrl.stanford.edu/ontologies/built-ins/3.4/sqwrl.owl
	at edu.stanford.smi.protegex.owl.jena.parser.ProtegeOWLParser.getInputStream(Unknown Source)
	at edu.stanford.smi.protegex.owl.repository.util.URLInputSource.getInputStream(Unknown Source)
	... 71 more
Caused by: java.net.UnknownHostException: sqwrl.stanford.edu
	at java.net.AbstractPlainSocketImpl.connect(Unknown Source)
	at java.net.PlainSocketImpl.connect(Unknown Source)
	at java.net.SocksSocketImpl.connect(Unknown Source)
	at java.net.Socket.connect(Unknown Source)
	at sun.net.NetworkClient.doConnect(Unknown Source)
	at sun.net.www.http.HttpClient.openServer(Unknown Source)
	at sun.net.www.http.HttpClient.openServer(Unknown Source)
	at sun.net.www.http.HttpClient.<init>(Unknown Source)
	at sun.net.www.http.HttpClient.New(Unknown Source)
	at sun.net.www.http.HttpClient.New(Unknown Source)
	at sun.net.www.protocol.http.HttpURLConnection.getNewHttpClient(Unknown Source)
	at sun.net.www.protocol.http.HttpURLConnection.plainConnect0(Unknown Source)
	at sun.net.www.protocol.http.HttpURLConnection.plainConnect(Unknown Source)
	at sun.net.www.protocol.http.HttpURLConnection.connect(Unknown Source)
	at sun.net.www.protocol.http.HttpURLConnection.getInputStream0(Unknown Source)
	at sun.net.www.protocol.http.HttpURLConnection.getInputStream(Unknown Source)
	at edu.stanford.smi.protegex.owl.jena.parser.ProtegeOWLParser.getInputStream(Unknown Source)
	... 72 more

2016.09.12 16:55:35.629 CST INFO: Importing http://swrl.stanford.edu/ontologies/3.3/swrla.owl from location: http://swrl.stanford.edu/ontologies/3.3/swrla.owl -- AbstractOWLModel.loadImportedAssertions()
2016.09.12 16:55:36.456 CST INFO: Loading triples for: http://swrl.stanford.edu/ontologies/3.3/swrla.owl -- ProtegeOWLParser.loadTriples()
2016.09.12 16:55:36.488 CST INFO:     Completed triple loading after 32 ms -- ProtegeOWLParser.loadTriples()
2016.09.12 16:55:36.488 CST INFO: Postprocess: Process entities with incorrect Java type (0 entities) ...  -- TriplePostProcessor.processFramesWithWrongJavaType()
2016.09.12 16:55:36.488 CST INFO: 0 ms
 -- TriplePostProcessor.processFramesWithWrongJavaType()
2016.09.12 16:55:36.503 CST INFO: Postprocess: Process metaclasses (3 metaclasses) ...  -- TriplePostProcessor.processMetaclasses()
2016.09.12 16:55:36.503 CST INFO: 0 ms
 -- TriplePostProcessor.processMetaclasses()
2016.09.12 16:55:36.503 CST INFO: Postprocess: Process subclasses of rdf:List (1 classes) ...  -- TriplePostProcessor.processSubclassesOfRdfList()
2016.09.12 16:55:36.503 CST INFO: 0 ms
 -- TriplePostProcessor.processSubclassesOfRdfList()
2016.09.12 16:55:36.503 CST INFO: Postprocess: Instances with multiple types (30 instances) ...  -- TriplePostProcessor.processInstancesWithMultipleTypes()
2016.09.12 16:55:36.503 CST INFO: 0 ms
 -- TriplePostProcessor.processInstancesWithMultipleTypes()
2016.09.12 16:55:36.503 CST INFO: Postprocess: Add inferred superclasses ...  -- TriplePostProcessor.processInferredSuperclasses()
2016.09.12 16:55:36.503 CST INFO: 0 ms
 -- TriplePostProcessor.processInferredSuperclasses()
2016.09.12 16:55:36.503 CST INFO: Postprocess: Process orphan classes (45 classes) ...  -- TriplePostProcessor.processOrphanClses()
2016.09.12 16:55:36.519 CST INFO: 16 ms
 -- TriplePostProcessor.processOrphanClses()
2016.09.12 16:55:36.519 CST INFO: Postprocess: Generalized Concept Inclusion (0 axioms) ...  -- TriplePostProcessor.processGeneralizedConceptInclusions()
2016.09.12 16:55:36.519 CST INFO: 0 ms
 -- TriplePostProcessor.processGeneralizedConceptInclusions()
2016.09.12 16:55:36.519 CST INFO: Postprocess: Abstract classes...  -- TriplePostProcessor.processAbstractClasses()
2016.09.12 16:55:36.519 CST INFO: 0 ms
 -- TriplePostProcessor.processAbstractClasses()
2016.09.12 16:55:36.519 CST INFO: Postprocess: Domain and range of properties...  -- TriplePostProcessor.processDomainAndRange()
2016.09.12 16:55:36.519 CST INFO: 0 ms
 -- TriplePostProcessor.processDomainAndRange()
2016.09.12 16:55:36.519 CST INFO: Postprocess: Possibly typed entities (1 resources) ...  -- TriplePostProcessor.processPossiblyTypedResources()
2016.09.12 16:55:36.519 CST INFO: 0 ms
 -- TriplePostProcessor.processPossiblyTypedResources()
2016.09.12 16:55:36.519 CST INFO: Updating underlying frames model in 0 ms -- ProtegeOWLParser.doFinalPostProcessing()
2016.09.12 16:55:37.985 CST WARNING: Could not open default Profile file. Message: rethrew: java.io.FileNotFoundException: C:\Users\Administrator\workspace\RPT-plugin0504\plugins\edu.stanford.smi.protegex.owl\OWLProfiles.owl (系统找不到指定的路径。) -- ProfilesManager.getDefaultProfileOntModel()
2016.09.12 16:55:38.766 CST INFO: Postprocess: Process entities with incorrect Java type (0 entities) ...  -- TriplePostProcessor.processFramesWithWrongJavaType()
2016.09.12 16:55:38.766 CST INFO: 0 ms
 -- TriplePostProcessor.processFramesWithWrongJavaType()
2016.09.12 16:55:38.766 CST INFO: Postprocess: Process metaclasses (3 metaclasses) ...  -- TriplePostProcessor.processMetaclasses()
2016.09.12 16:55:38.766 CST INFO: 0 ms
 -- TriplePostProcessor.processMetaclasses()
2016.09.12 16:55:38.766 CST INFO: Postprocess: Process subclasses of rdf:List (1 classes) ...  -- TriplePostProcessor.processSubclassesOfRdfList()
2016.09.12 16:55:38.766 CST INFO: 0 ms
 -- TriplePostProcessor.processSubclassesOfRdfList()
2016.09.12 16:55:38.766 CST INFO: Postprocess: Instances with multiple types (30 instances) ...  -- TriplePostProcessor.processInstancesWithMultipleTypes()
2016.09.12 16:55:38.766 CST INFO: 0 ms
 -- TriplePostProcessor.processInstancesWithMultipleTypes()
2016.09.12 16:55:38.766 CST INFO: Postprocess: Add inferred superclasses ...  -- TriplePostProcessor.processInferredSuperclasses()
2016.09.12 16:55:38.766 CST INFO: 0 ms
 -- TriplePostProcessor.processInferredSuperclasses()
2016.09.12 16:55:38.766 CST INFO: Postprocess: Process orphan classes (45 classes) ...  -- TriplePostProcessor.processOrphanClses()
2016.09.12 16:55:38.766 CST INFO: 0 ms
 -- TriplePostProcessor.processOrphanClses()
2016.09.12 16:55:38.766 CST INFO: Postprocess: Generalized Concept Inclusion (0 axioms) ...  -- TriplePostProcessor.processGeneralizedConceptInclusions()
2016.09.12 16:55:38.766 CST INFO: 0 ms
 -- TriplePostProcessor.processGeneralizedConceptInclusions()
2016.09.12 16:55:38.766 CST INFO: Postprocess: Abstract classes...  -- TriplePostProcessor.processAbstractClasses()
2016.09.12 16:55:38.766 CST INFO: 0 ms
 -- TriplePostProcessor.processAbstractClasses()
2016.09.12 16:55:38.766 CST INFO: Postprocess: Domain and range of properties...  -- TriplePostProcessor.processDomainAndRange()
2016.09.12 16:55:38.829 CST INFO: 63 ms
 -- TriplePostProcessor.processDomainAndRange()
2016.09.12 16:55:38.829 CST INFO: Postprocess: Possibly typed entities (1 resources) ...  -- TriplePostProcessor.processPossiblyTypedResources()
2016.09.12 16:55:38.829 CST INFO: 0 ms
 -- TriplePostProcessor.processPossiblyTypedResources()
2016.09.12 16:55:38.829 CST INFO: Updating underlying frames model in 0 ms -- ProtegeOWLParser.doFinalPostProcessing()
2016.09.12 16:55:38.875 CST INFO: SWRLJessBridge load failed: could not find jess.Rete - or an error occured on initialization -- BridgePluginManager.<clinit>()
2016.09.12 16:55:38.875 CST INFO: SQWRLQueryTab load failed: could not find jess.Rete - or an error occured on initialization -- BridgePluginManager.<clinit>()
2016.09.12 16:55:40.217 CST INFO: Load time for file:\E:\AGVsModel\AGVs1.pprj = 19 sec (project) + 3 sec (ui) -- ProjectManager$3.run()
2016.09.12 16:56:19.936 CST WARNING: Exception caught by default exception handler -- java.lang.NullPointerException
	at org.wit.rpt.model.GraphPlanning.iniToGoal(GraphPlanning.java:209)
	at org.wit.rpt.model.GraphPlanning.toStart(GraphPlanning.java:93)
	at org.wit.rpt.ui.ICCTab$getIniStates.actionPerformed(ICCTab.java:629)
	at javax.swing.AbstractButton.fireActionPerformed(Unknown Source)
	at javax.swing.AbstractButton$Handler.actionPerformed(Unknown Source)
	at javax.swing.DefaultButtonModel.fireActionPerformed(Unknown Source)
	at javax.swing.DefaultButtonModel.setPressed(Unknown Source)
	at javax.swing.plaf.basic.BasicButtonListener.mouseReleased(Unknown Source)
	at java.awt.Component.processMouseEvent(Unknown Source)
	at javax.swing.JComponent.processMouseEvent(Unknown Source)
	at java.awt.Component.processEvent(Unknown Source)
	at java.awt.Container.processEvent(Unknown Source)
	at java.awt.Component.dispatchEventImpl(Unknown Source)
	at java.awt.Container.dispatchEventImpl(Unknown Source)
	at java.awt.Component.dispatchEvent(Unknown Source)
	at java.awt.LightweightDispatcher.retargetMouseEvent(Unknown Source)
	at java.awt.LightweightDispatcher.processMouseEvent(Unknown Source)
	at java.awt.LightweightDispatcher.dispatchEvent(Unknown Source)
	at java.awt.Container.dispatchEventImpl(Unknown Source)
	at java.awt.Window.dispatchEventImpl(Unknown Source)
	at java.awt.Component.dispatchEvent(Unknown Source)
	at java.awt.EventQueue.dispatchEventImpl(Unknown Source)
	at java.awt.EventQueue.access$400(Unknown Source)
	at java.awt.EventQueue$3.run(Unknown Source)
	at java.awt.EventQueue$3.run(Unknown Source)
	at java.security.AccessController.doPrivileged(Native Method)
	at java.security.ProtectionDomain$1.doIntersectionPrivilege(Unknown Source)
	at java.security.ProtectionDomain$1.doIntersectionPrivilege(Unknown Source)
	at java.awt.EventQueue$4.run(Unknown Source)
	at java.awt.EventQueue$4.run(Unknown Source)
	at java.security.AccessController.doPrivileged(Native Method)
	at java.security.ProtectionDomain$1.doIntersectionPrivilege(Unknown Source)
	at java.awt.EventQueue.dispatchEvent(Unknown Source)
	at java.awt.EventDispatchThread.pumpOneEventForFilters(Unknown Source)
	at java.awt.EventDispatchThread.pumpEventsForFilter(Unknown Source)
	at java.awt.EventDispatchThread.pumpEventsForHierarchy(Unknown Source)
	at java.awt.EventDispatchThread.pumpEvents(Unknown Source)
	at java.awt.EventDispatchThread.pumpEvents(Unknown Source)
	at java.awt.EventDispatchThread.run(Unknown Source)

