2016.07.18 15:29:36.375 CST INFO: *** SYSTEM START ***
2016.07.18 15:29:36.765 CST WARNING: missing bundle: protege_text -- BundleHelper.<init>()
2016.07.18 15:47:23.597 CST INFO: *** SYSTEM START ***
2016.07.18 15:47:23.972 CST WARNING: missing bundle: protege_text -- BundleHelper.<init>()
2016.07.18 15:47:30.263 CST WARNING: [Local Folder Repository] The specified file must be a directory. (C:\Users\Administrator\workspace\RPT-plugin0504\plugins\edu.stanford.smi.protegex.owl) -- LocalFolderRepository.update()
2016.07.18 15:47:31.363 CST INFO: Loading triples for: file:/E:/AGVsModel/AGVs1.owl -- ProtegeOWLParser.loadTriples()
2016.07.18 15:47:31.691 CST INFO:     Completed triple loading after 328 ms -- ProtegeOWLParser.loadTriples()
2016.07.18 15:47:31.691 CST INFO: Importing http://sqwrl.stanford.edu/ontologies/built-ins/3.4/sqwrl.owl from location: http://sqwrl.stanford.edu/ontologies/built-ins/3.4/sqwrl.owl -- AbstractOWLModel.loadImportedAssertions()
2016.07.18 15:47:32.502 CST INFO: Loading triples for: http://sqwrl.stanford.edu/ontologies/built-ins/3.4/sqwrl.owl -- ProtegeOWLParser.loadTriples()
2016.07.18 15:47:32.518 CST INFO:     Completed triple loading after 0 ms -- ProtegeOWLParser.loadTriples()
2016.07.18 15:47:32.518 CST INFO: Importing http://swrl.stanford.edu/ontologies/3.3/swrla.owl from location: http://swrl.stanford.edu/ontologies/3.3/swrla.owl -- AbstractOWLModel.loadImportedAssertions()
2016.07.18 15:47:33.330 CST INFO: Loading triples for: http://swrl.stanford.edu/ontologies/3.3/swrla.owl -- ProtegeOWLParser.loadTriples()
2016.07.18 15:47:33.346 CST INFO:     Completed triple loading after 16 ms -- ProtegeOWLParser.loadTriples()
2016.07.18 15:47:33.346 CST INFO: Postprocess: Process entities with incorrect Java type (0 entities) ...  -- TriplePostProcessor.processFramesWithWrongJavaType()
2016.07.18 15:47:33.346 CST INFO: 0 ms
 -- TriplePostProcessor.processFramesWithWrongJavaType()
2016.07.18 15:47:33.346 CST INFO: Postprocess: Process metaclasses (3 metaclasses) ...  -- TriplePostProcessor.processMetaclasses()
2016.07.18 15:47:33.346 CST INFO: 0 ms
 -- TriplePostProcessor.processMetaclasses()
2016.07.18 15:47:33.346 CST INFO: Postprocess: Process subclasses of rdf:List (1 classes) ...  -- TriplePostProcessor.processSubclassesOfRdfList()
2016.07.18 15:47:33.346 CST INFO: 0 ms
 -- TriplePostProcessor.processSubclassesOfRdfList()
2016.07.18 15:47:33.346 CST INFO: Postprocess: Instances with multiple types (25 instances) ...  -- TriplePostProcessor.processInstancesWithMultipleTypes()
2016.07.18 15:47:33.346 CST INFO: 0 ms
 -- TriplePostProcessor.processInstancesWithMultipleTypes()
2016.07.18 15:47:33.346 CST INFO: Postprocess: Add inferred superclasses ...  -- TriplePostProcessor.processInferredSuperclasses()
2016.07.18 15:47:33.346 CST INFO: 0 ms
 -- TriplePostProcessor.processInferredSuperclasses()
2016.07.18 15:47:33.346 CST INFO: Postprocess: Process orphan classes (44 classes) ...  -- TriplePostProcessor.processOrphanClses()
2016.07.18 15:47:33.346 CST INFO: 0 ms
 -- TriplePostProcessor.processOrphanClses()
2016.07.18 15:47:33.346 CST INFO: Postprocess: Generalized Concept Inclusion (0 axioms) ...  -- TriplePostProcessor.processGeneralizedConceptInclusions()
2016.07.18 15:47:33.346 CST INFO: 0 ms
 -- TriplePostProcessor.processGeneralizedConceptInclusions()
2016.07.18 15:47:33.346 CST INFO: Postprocess: Abstract classes...  -- TriplePostProcessor.processAbstractClasses()
2016.07.18 15:47:33.346 CST INFO: 0 ms
 -- TriplePostProcessor.processAbstractClasses()
2016.07.18 15:47:33.346 CST INFO: Postprocess: Domain and range of properties...  -- TriplePostProcessor.processDomainAndRange()
2016.07.18 15:47:33.361 CST INFO: 15 ms
 -- TriplePostProcessor.processDomainAndRange()
2016.07.18 15:47:33.361 CST INFO: Postprocess: Possibly typed entities (0 resources) ...  -- TriplePostProcessor.processPossiblyTypedResources()
2016.07.18 15:47:33.361 CST INFO: 0 ms
 -- TriplePostProcessor.processPossiblyTypedResources()
2016.07.18 15:47:33.361 CST INFO: Updating underlying frames model in 0 ms -- ProtegeOWLParser.doFinalPostProcessing()
2016.07.18 15:47:34.672 CST WARNING: Could not open default Profile file. Message: rethrew: java.io.FileNotFoundException: C:\Users\Administrator\workspace\RPT-plugin0504\plugins\edu.stanford.smi.protegex.owl\OWLProfiles.owl (系统找不到指定的路径。) -- ProfilesManager.getDefaultProfileOntModel()
2016.07.18 15:47:35.724 CST INFO: SWRLJessBridge load failed: could not find jess.Rete - or an error occured on initialization -- BridgePluginManager.<clinit>()
2016.07.18 15:47:35.724 CST INFO: SQWRLQueryTab load failed: could not find jess.Rete - or an error occured on initialization -- BridgePluginManager.<clinit>()
2016.07.18 15:47:37.395 CST INFO: Load time for file:\E:\AGVsModel\AGVs1.pprj = 4 sec (project) + 3 sec (ui) -- ProjectManager$3.run()
2016.07.18 16:26:54.637 CST INFO: *** SYSTEM START ***
2016.07.18 16:26:55.230 CST WARNING: missing bundle: protege_text -- BundleHelper.<init>()
2016.07.18 16:27:16.759 CST WARNING: [Local Folder Repository] The specified file must be a directory. (C:\Users\Administrator\workspace\RPT-plugin0504\plugins\edu.stanford.smi.protegex.owl) -- LocalFolderRepository.update()
2016.07.18 16:27:17.883 CST INFO: Loading triples for: file:/E:/AGVsModel/AGVs1.owl -- ProtegeOWLParser.loadTriples()
2016.07.18 16:27:18.260 CST INFO:     Completed triple loading after 377 ms -- ProtegeOWLParser.loadTriples()
2016.07.18 16:27:18.260 CST INFO: Importing http://sqwrl.stanford.edu/ontologies/built-ins/3.4/sqwrl.owl from location: http://sqwrl.stanford.edu/ontologies/built-ins/3.4/sqwrl.owl -- AbstractOWLModel.loadImportedAssertions()
2016.07.18 16:27:22.082 CST INFO: Loading triples for: http://sqwrl.stanford.edu/ontologies/built-ins/3.4/sqwrl.owl -- ProtegeOWLParser.loadTriples()
2016.07.18 16:27:22.114 CST INFO:     Completed triple loading after 32 ms -- ProtegeOWLParser.loadTriples()
2016.07.18 16:27:22.114 CST INFO: Importing http://swrl.stanford.edu/ontologies/3.3/swrla.owl from location: http://swrl.stanford.edu/ontologies/3.3/swrla.owl -- AbstractOWLModel.loadImportedAssertions()
2016.07.18 16:27:22.941 CST INFO: Loading triples for: http://swrl.stanford.edu/ontologies/3.3/swrla.owl -- ProtegeOWLParser.loadTriples()
2016.07.18 16:27:22.956 CST INFO:     Completed triple loading after 15 ms -- ProtegeOWLParser.loadTriples()
2016.07.18 16:27:22.972 CST INFO: Postprocess: Process entities with incorrect Java type (0 entities) ...  -- TriplePostProcessor.processFramesWithWrongJavaType()
2016.07.18 16:27:22.972 CST INFO: 0 ms
 -- TriplePostProcessor.processFramesWithWrongJavaType()
2016.07.18 16:27:22.972 CST INFO: Postprocess: Process metaclasses (3 metaclasses) ...  -- TriplePostProcessor.processMetaclasses()
2016.07.18 16:27:22.972 CST INFO: 0 ms
 -- TriplePostProcessor.processMetaclasses()
2016.07.18 16:27:22.972 CST INFO: Postprocess: Process subclasses of rdf:List (1 classes) ...  -- TriplePostProcessor.processSubclassesOfRdfList()
2016.07.18 16:27:22.972 CST INFO: 0 ms
 -- TriplePostProcessor.processSubclassesOfRdfList()
2016.07.18 16:27:22.972 CST INFO: Postprocess: Instances with multiple types (26 instances) ...  -- TriplePostProcessor.processInstancesWithMultipleTypes()
2016.07.18 16:27:22.972 CST INFO: 0 ms
 -- TriplePostProcessor.processInstancesWithMultipleTypes()
2016.07.18 16:27:22.972 CST INFO: Postprocess: Add inferred superclasses ...  -- TriplePostProcessor.processInferredSuperclasses()
2016.07.18 16:27:22.972 CST INFO: 0 ms
 -- TriplePostProcessor.processInferredSuperclasses()
2016.07.18 16:27:22.972 CST INFO: Postprocess: Process orphan classes (44 classes) ...  -- TriplePostProcessor.processOrphanClses()
2016.07.18 16:27:22.972 CST INFO: 0 ms
 -- TriplePostProcessor.processOrphanClses()
2016.07.18 16:27:22.972 CST INFO: Postprocess: Generalized Concept Inclusion (0 axioms) ...  -- TriplePostProcessor.processGeneralizedConceptInclusions()
2016.07.18 16:27:22.972 CST INFO: 0 ms
 -- TriplePostProcessor.processGeneralizedConceptInclusions()
2016.07.18 16:27:22.972 CST INFO: Postprocess: Abstract classes...  -- TriplePostProcessor.processAbstractClasses()
2016.07.18 16:27:22.972 CST INFO: 0 ms
 -- TriplePostProcessor.processAbstractClasses()
2016.07.18 16:27:22.972 CST INFO: Postprocess: Domain and range of properties...  -- TriplePostProcessor.processDomainAndRange()
2016.07.18 16:27:23.143 CST INFO: 171 ms
 -- TriplePostProcessor.processDomainAndRange()
2016.07.18 16:27:23.159 CST INFO: Postprocess: Possibly typed entities (0 resources) ...  -- TriplePostProcessor.processPossiblyTypedResources()
2016.07.18 16:27:23.159 CST INFO: 0 ms
 -- TriplePostProcessor.processPossiblyTypedResources()
2016.07.18 16:27:23.159 CST INFO: Updating underlying frames model in 0 ms -- ProtegeOWLParser.doFinalPostProcessing()
2016.07.18 16:27:24.522 CST WARNING: Could not open default Profile file. Message: rethrew: java.io.FileNotFoundException: C:\Users\Administrator\workspace\RPT-plugin0504\plugins\edu.stanford.smi.protegex.owl\OWLProfiles.owl (系统找不到指定的路径。) -- ProfilesManager.getDefaultProfileOntModel()
2016.07.18 16:27:25.351 CST INFO: SWRLJessBridge load failed: could not find jess.Rete - or an error occured on initialization -- BridgePluginManager.<clinit>()
2016.07.18 16:27:25.351 CST INFO: SQWRLQueryTab load failed: could not find jess.Rete - or an error occured on initialization -- BridgePluginManager.<clinit>()
2016.07.18 16:27:27.036 CST INFO: Load time for file:\E:\AGVsModel\AGVs1.pprj = 7 sec (project) + 3 sec (ui) -- ProjectManager$3.run()
2016.07.18 16:27:42.952 CST WARNING: Exception caught by default exception handler -- java.lang.NullPointerException
	at org.wit.rpt.ui.ICCTab$SelItem.valueChanged(ICCTab.java:432)
	at javax.swing.JTree.fireValueChanged(Unknown Source)
	at javax.swing.JTree$TreeSelectionRedirector.valueChanged(Unknown Source)
	at javax.swing.tree.DefaultTreeSelectionModel.fireValueChanged(Unknown Source)
	at javax.swing.tree.DefaultTreeSelectionModel.notifyPathChange(Unknown Source)
	at javax.swing.tree.DefaultTreeSelectionModel.removeSelectionPaths(Unknown Source)
	at javax.swing.JTree.removeDescendantSelectedPaths(Unknown Source)
	at javax.swing.JTree.setExpandedState(Unknown Source)
	at javax.swing.JTree.collapsePath(Unknown Source)
	at javax.swing.plaf.basic.BasicTreeUI.toggleExpandState(Unknown Source)
	at javax.swing.plaf.basic.BasicTreeUI.handleExpandControlClick(Unknown Source)
	at javax.swing.plaf.basic.BasicTreeUI.checkForClickInExpandControl(Unknown Source)
	at javax.swing.plaf.basic.BasicTreeUI$Handler.handleSelection(Unknown Source)
	at javax.swing.plaf.basic.BasicTreeUI$Handler.mousePressed(Unknown Source)
	at java.awt.Component.processMouseEvent(Unknown Source)
	at javax.swing.JComponent.processMouseEvent(Unknown Source)
	at java.awt.Component.processEvent(Unknown Source)
	at java.awt.Container.processEvent(Unknown Source)
	at java.awt.Component.dispatchEventImpl(Unknown Source)
	at java.awt.Container.dispatchEventImpl(Unknown Source)
	at java.awt.Component.dispatchEvent(Unknown Source)
	at java.awt.LightweightDispatcher.retargetMouseEvent(Unknown Source)
	at java.awt.LightweightDispatcher.processMouseEvent(Unknown Source)
	at java.awt.LightweightDispatcher.dispatchEvent(Unknown Source)
	at java.awt.Container.dispatchEventImpl(Unknown Source)
	at java.awt.Window.dispatchEventImpl(Unknown Source)
	at java.awt.Component.dispatchEvent(Unknown Source)
	at java.awt.EventQueue.dispatchEventImpl(Unknown Source)
	at java.awt.EventQueue.access$400(Unknown Source)
	at java.awt.EventQueue$3.run(Unknown Source)
	at java.awt.EventQueue$3.run(Unknown Source)
	at java.security.AccessController.doPrivileged(Native Method)
	at java.security.ProtectionDomain$1.doIntersectionPrivilege(Unknown Source)
	at java.security.ProtectionDomain$1.doIntersectionPrivilege(Unknown Source)
	at java.awt.EventQueue$4.run(Unknown Source)
	at java.awt.EventQueue$4.run(Unknown Source)
	at java.security.AccessController.doPrivileged(Native Method)
	at java.security.ProtectionDomain$1.doIntersectionPrivilege(Unknown Source)
	at java.awt.EventQueue.dispatchEvent(Unknown Source)
	at java.awt.EventDispatchThread.pumpOneEventForFilters(Unknown Source)
	at java.awt.EventDispatchThread.pumpEventsForFilter(Unknown Source)
	at java.awt.EventDispatchThread.pumpEventsForHierarchy(Unknown Source)
	at java.awt.EventDispatchThread.pumpEvents(Unknown Source)
	at java.awt.EventDispatchThread.pumpEvents(Unknown Source)
	at java.awt.EventDispatchThread.run(Unknown Source)

2016.07.18 16:27:54.762 CST WARNING: Exception caught by default exception handler -- java.lang.NullPointerException
	at org.wit.rpt.model.Agent.deleteCapabilitys(Agent.java:67)
	at org.wit.rpt.ui.ICCTab$DeleteActionInd.actionPerformed(ICCTab.java:515)
	at javax.swing.AbstractButton.fireActionPerformed(Unknown Source)
	at javax.swing.AbstractButton$Handler.actionPerformed(Unknown Source)
	at javax.swing.DefaultButtonModel.fireActionPerformed(Unknown Source)
	at javax.swing.DefaultButtonModel.setPressed(Unknown Source)
	at javax.swing.plaf.basic.BasicButtonListener.mouseReleased(Unknown Source)
	at java.awt.Component.processMouseEvent(Unknown Source)
	at javax.swing.JComponent.processMouseEvent(Unknown Source)
	at java.awt.Component.processEvent(Unknown Source)
	at java.awt.Container.processEvent(Unknown Source)
	at java.awt.Component.dispatchEventImpl(Unknown Source)
	at java.awt.Container.dispatchEventImpl(Unknown Source)
	at java.awt.Component.dispatchEvent(Unknown Source)
	at java.awt.LightweightDispatcher.retargetMouseEvent(Unknown Source)
	at java.awt.LightweightDispatcher.processMouseEvent(Unknown Source)
	at java.awt.LightweightDispatcher.dispatchEvent(Unknown Source)
	at java.awt.Container.dispatchEventImpl(Unknown Source)
	at java.awt.Window.dispatchEventImpl(Unknown Source)
	at java.awt.Component.dispatchEvent(Unknown Source)
	at java.awt.EventQueue.dispatchEventImpl(Unknown Source)
	at java.awt.EventQueue.access$400(Unknown Source)
	at java.awt.EventQueue$3.run(Unknown Source)
	at java.awt.EventQueue$3.run(Unknown Source)
	at java.security.AccessController.doPrivileged(Native Method)
	at java.security.ProtectionDomain$1.doIntersectionPrivilege(Unknown Source)
	at java.security.ProtectionDomain$1.doIntersectionPrivilege(Unknown Source)
	at java.awt.EventQueue$4.run(Unknown Source)
	at java.awt.EventQueue$4.run(Unknown Source)
	at java.security.AccessController.doPrivileged(Native Method)
	at java.security.ProtectionDomain$1.doIntersectionPrivilege(Unknown Source)
	at java.awt.EventQueue.dispatchEvent(Unknown Source)
	at java.awt.EventDispatchThread.pumpOneEventForFilters(Unknown Source)
	at java.awt.EventDispatchThread.pumpEventsForFilter(Unknown Source)
	at java.awt.EventDispatchThread.pumpEventsForHierarchy(Unknown Source)
	at java.awt.EventDispatchThread.pumpEvents(Unknown Source)
	at java.awt.EventDispatchThread.pumpEvents(Unknown Source)
	at java.awt.EventDispatchThread.run(Unknown Source)

2016.07.18 16:27:58.148 CST WARNING: Exception caught by default exception handler -- java.lang.NullPointerException
	at org.wit.rpt.model.Agent.deleteCapabilitys(Agent.java:67)
	at org.wit.rpt.ui.ICCTab$DeleteActionInd.actionPerformed(ICCTab.java:515)
	at javax.swing.AbstractButton.fireActionPerformed(Unknown Source)
	at javax.swing.AbstractButton$Handler.actionPerformed(Unknown Source)
	at javax.swing.DefaultButtonModel.fireActionPerformed(Unknown Source)
	at javax.swing.DefaultButtonModel.setPressed(Unknown Source)
	at javax.swing.plaf.basic.BasicButtonListener.mouseReleased(Unknown Source)
	at java.awt.Component.processMouseEvent(Unknown Source)
	at javax.swing.JComponent.processMouseEvent(Unknown Source)
	at java.awt.Component.processEvent(Unknown Source)
	at java.awt.Container.processEvent(Unknown Source)
	at java.awt.Component.dispatchEventImpl(Unknown Source)
	at java.awt.Container.dispatchEventImpl(Unknown Source)
	at java.awt.Component.dispatchEvent(Unknown Source)
	at java.awt.LightweightDispatcher.retargetMouseEvent(Unknown Source)
	at java.awt.LightweightDispatcher.processMouseEvent(Unknown Source)
	at java.awt.LightweightDispatcher.dispatchEvent(Unknown Source)
	at java.awt.Container.dispatchEventImpl(Unknown Source)
	at java.awt.Window.dispatchEventImpl(Unknown Source)
	at java.awt.Component.dispatchEvent(Unknown Source)
	at java.awt.EventQueue.dispatchEventImpl(Unknown Source)
	at java.awt.EventQueue.access$400(Unknown Source)
	at java.awt.EventQueue$3.run(Unknown Source)
	at java.awt.EventQueue$3.run(Unknown Source)
	at java.security.AccessController.doPrivileged(Native Method)
	at java.security.ProtectionDomain$1.doIntersectionPrivilege(Unknown Source)
	at java.security.ProtectionDomain$1.doIntersectionPrivilege(Unknown Source)
	at java.awt.EventQueue$4.run(Unknown Source)
	at java.awt.EventQueue$4.run(Unknown Source)
	at java.security.AccessController.doPrivileged(Native Method)
	at java.security.ProtectionDomain$1.doIntersectionPrivilege(Unknown Source)
	at java.awt.EventQueue.dispatchEvent(Unknown Source)
	at java.awt.EventDispatchThread.pumpOneEventForFilters(Unknown Source)
	at java.awt.EventDispatchThread.pumpEventsForFilter(Unknown Source)
	at java.awt.EventDispatchThread.pumpEventsForHierarchy(Unknown Source)
	at java.awt.EventDispatchThread.pumpEvents(Unknown Source)
	at java.awt.EventDispatchThread.pumpEvents(Unknown Source)
	at java.awt.EventDispatchThread.run(Unknown Source)

2016.07.18 16:29:27.590 CST INFO: *** SYSTEM START ***
2016.07.18 16:29:27.965 CST WARNING: missing bundle: protege_text -- BundleHelper.<init>()
2016.07.18 16:29:31.025 CST WARNING: [Local Folder Repository] The specified file must be a directory. (C:\Users\Administrator\workspace\RPT-plugin0504\plugins\edu.stanford.smi.protegex.owl) -- LocalFolderRepository.update()
2016.07.18 16:29:35.131 CST INFO: Loading triples for: file:/E:/AGVsModel/AGVs1.owl -- ProtegeOWLParser.loadTriples()
2016.07.18 16:29:35.522 CST INFO:     Completed triple loading after 391 ms -- ProtegeOWLParser.loadTriples()
2016.07.18 16:29:35.522 CST INFO: Importing http://sqwrl.stanford.edu/ontologies/built-ins/3.4/sqwrl.owl from location: http://sqwrl.stanford.edu/ontologies/built-ins/3.4/sqwrl.owl -- AbstractOWLModel.loadImportedAssertions()
2016.07.18 16:29:36.333 CST INFO: Loading triples for: http://sqwrl.stanford.edu/ontologies/built-ins/3.4/sqwrl.owl -- ProtegeOWLParser.loadTriples()
2016.07.18 16:29:36.349 CST INFO:     Completed triple loading after 16 ms -- ProtegeOWLParser.loadTriples()
2016.07.18 16:29:36.349 CST INFO: Importing http://swrl.stanford.edu/ontologies/3.3/swrla.owl from location: http://swrl.stanford.edu/ontologies/3.3/swrla.owl -- AbstractOWLModel.loadImportedAssertions()
2016.07.18 16:29:37.223 CST INFO: Loading triples for: http://swrl.stanford.edu/ontologies/3.3/swrla.owl -- ProtegeOWLParser.loadTriples()
2016.07.18 16:29:37.239 CST INFO:     Completed triple loading after 16 ms -- ProtegeOWLParser.loadTriples()
2016.07.18 16:29:37.239 CST INFO: Postprocess: Process entities with incorrect Java type (0 entities) ...  -- TriplePostProcessor.processFramesWithWrongJavaType()
2016.07.18 16:29:37.239 CST INFO: 0 ms
 -- TriplePostProcessor.processFramesWithWrongJavaType()
2016.07.18 16:29:37.239 CST INFO: Postprocess: Process metaclasses (3 metaclasses) ...  -- TriplePostProcessor.processMetaclasses()
2016.07.18 16:29:37.239 CST INFO: 0 ms
 -- TriplePostProcessor.processMetaclasses()
2016.07.18 16:29:37.239 CST INFO: Postprocess: Process subclasses of rdf:List (1 classes) ...  -- TriplePostProcessor.processSubclassesOfRdfList()
2016.07.18 16:29:37.239 CST INFO: 0 ms
 -- TriplePostProcessor.processSubclassesOfRdfList()
2016.07.18 16:29:37.239 CST INFO: Postprocess: Instances with multiple types (26 instances) ...  -- TriplePostProcessor.processInstancesWithMultipleTypes()
2016.07.18 16:29:37.239 CST INFO: 0 ms
 -- TriplePostProcessor.processInstancesWithMultipleTypes()
2016.07.18 16:29:37.239 CST INFO: Postprocess: Add inferred superclasses ...  -- TriplePostProcessor.processInferredSuperclasses()
2016.07.18 16:29:37.239 CST INFO: 0 ms
 -- TriplePostProcessor.processInferredSuperclasses()
2016.07.18 16:29:37.239 CST INFO: Postprocess: Process orphan classes (44 classes) ...  -- TriplePostProcessor.processOrphanClses()
2016.07.18 16:29:37.254 CST INFO: 15 ms
 -- TriplePostProcessor.processOrphanClses()
2016.07.18 16:29:37.254 CST INFO: Postprocess: Generalized Concept Inclusion (0 axioms) ...  -- TriplePostProcessor.processGeneralizedConceptInclusions()
2016.07.18 16:29:37.254 CST INFO: 0 ms
 -- TriplePostProcessor.processGeneralizedConceptInclusions()
2016.07.18 16:29:37.254 CST INFO: Postprocess: Abstract classes...  -- TriplePostProcessor.processAbstractClasses()
2016.07.18 16:29:37.254 CST INFO: 0 ms
 -- TriplePostProcessor.processAbstractClasses()
2016.07.18 16:29:37.254 CST INFO: Postprocess: Domain and range of properties...  -- TriplePostProcessor.processDomainAndRange()
2016.07.18 16:29:37.254 CST INFO: 0 ms
 -- TriplePostProcessor.processDomainAndRange()
2016.07.18 16:29:37.254 CST INFO: Postprocess: Possibly typed entities (0 resources) ...  -- TriplePostProcessor.processPossiblyTypedResources()
2016.07.18 16:29:37.254 CST INFO: 0 ms
 -- TriplePostProcessor.processPossiblyTypedResources()
2016.07.18 16:29:37.254 CST INFO: Updating underlying frames model in 0 ms -- ProtegeOWLParser.doFinalPostProcessing()
2016.07.18 16:29:38.925 CST WARNING: Could not open default Profile file. Message: rethrew: java.io.FileNotFoundException: C:\Users\Administrator\workspace\RPT-plugin0504\plugins\edu.stanford.smi.protegex.owl\OWLProfiles.owl (系统找不到指定的路径。) -- ProfilesManager.getDefaultProfileOntModel()
2016.07.18 16:29:39.768 CST INFO: SWRLJessBridge load failed: could not find jess.Rete - or an error occured on initialization -- BridgePluginManager.<clinit>()
2016.07.18 16:29:39.768 CST INFO: SQWRLQueryTab load failed: could not find jess.Rete - or an error occured on initialization -- BridgePluginManager.<clinit>()
2016.07.18 16:29:41.437 CST INFO: Load time for file:\E:\AGVsModel\AGVs1.pprj = 7 sec (project) + 3 sec (ui) -- ProjectManager$3.run()
2016.07.18 16:31:07.770 CST WARNING: Exception caught by default exception handler -- java.lang.NullPointerException
	at org.wit.rpt.model.Agent.deleteCapabilitys(Agent.java:67)
	at org.wit.rpt.ui.ICCTab$DeleteActionInd.actionPerformed(ICCTab.java:517)
	at javax.swing.AbstractButton.fireActionPerformed(Unknown Source)
	at javax.swing.AbstractButton$Handler.actionPerformed(Unknown Source)
	at javax.swing.DefaultButtonModel.fireActionPerformed(Unknown Source)
	at javax.swing.DefaultButtonModel.setPressed(Unknown Source)
	at javax.swing.plaf.basic.BasicButtonListener.mouseReleased(Unknown Source)
	at java.awt.Component.processMouseEvent(Unknown Source)
	at javax.swing.JComponent.processMouseEvent(Unknown Source)
	at java.awt.Component.processEvent(Unknown Source)
	at java.awt.Container.processEvent(Unknown Source)
	at java.awt.Component.dispatchEventImpl(Unknown Source)
	at java.awt.Container.dispatchEventImpl(Unknown Source)
	at java.awt.Component.dispatchEvent(Unknown Source)
	at java.awt.LightweightDispatcher.retargetMouseEvent(Unknown Source)
	at java.awt.LightweightDispatcher.processMouseEvent(Unknown Source)
	at java.awt.LightweightDispatcher.dispatchEvent(Unknown Source)
	at java.awt.Container.dispatchEventImpl(Unknown Source)
	at java.awt.Window.dispatchEventImpl(Unknown Source)
	at java.awt.Component.dispatchEvent(Unknown Source)
	at java.awt.EventQueue.dispatchEventImpl(Unknown Source)
	at java.awt.EventQueue.access$400(Unknown Source)
	at java.awt.EventQueue$3.run(Unknown Source)
	at java.awt.EventQueue$3.run(Unknown Source)
	at java.security.AccessController.doPrivileged(Native Method)
	at java.security.ProtectionDomain$1.doIntersectionPrivilege(Unknown Source)
	at java.security.ProtectionDomain$1.doIntersectionPrivilege(Unknown Source)
	at java.awt.EventQueue$4.run(Unknown Source)
	at java.awt.EventQueue$4.run(Unknown Source)
	at java.security.AccessController.doPrivileged(Native Method)
	at java.security.ProtectionDomain$1.doIntersectionPrivilege(Unknown Source)
	at java.awt.EventQueue.dispatchEvent(Unknown Source)
	at java.awt.EventDispatchThread.pumpOneEventForFilters(Unknown Source)
	at java.awt.EventDispatchThread.pumpEventsForFilter(Unknown Source)
	at java.awt.EventDispatchThread.pumpEventsForHierarchy(Unknown Source)
	at java.awt.EventDispatchThread.pumpEvents(Unknown Source)
	at java.awt.EventDispatchThread.pumpEvents(Unknown Source)
	at java.awt.EventDispatchThread.run(Unknown Source)

2016.07.18 16:32:32.236 CST INFO: *** SYSTEM START ***
2016.07.18 16:32:32.673 CST WARNING: missing bundle: protege_text -- BundleHelper.<init>()
2016.07.18 16:33:03.601 CST WARNING: [Local Folder Repository] The specified file must be a directory. (C:\Users\Administrator\workspace\RPT-plugin0504\plugins\edu.stanford.smi.protegex.owl) -- LocalFolderRepository.update()
2016.07.18 16:33:04.756 CST INFO: Loading triples for: file:/E:/AGVsModel/AGVs1.owl -- ProtegeOWLParser.loadTriples()
2016.07.18 16:33:05.178 CST INFO:     Completed triple loading after 422 ms -- ProtegeOWLParser.loadTriples()
2016.07.18 16:33:05.178 CST INFO: Importing http://sqwrl.stanford.edu/ontologies/built-ins/3.4/sqwrl.owl from location: http://sqwrl.stanford.edu/ontologies/built-ins/3.4/sqwrl.owl -- AbstractOWLModel.loadImportedAssertions()
2016.07.18 16:33:06.005 CST INFO: Loading triples for: http://sqwrl.stanford.edu/ontologies/built-ins/3.4/sqwrl.owl -- ProtegeOWLParser.loadTriples()
2016.07.18 16:33:06.193 CST INFO:     Completed triple loading after 188 ms -- ProtegeOWLParser.loadTriples()
2016.07.18 16:33:06.193 CST INFO: Importing http://swrl.stanford.edu/ontologies/3.3/swrla.owl from location: http://swrl.stanford.edu/ontologies/3.3/swrla.owl -- AbstractOWLModel.loadImportedAssertions()
2016.07.18 16:33:07.005 CST INFO: Loading triples for: http://swrl.stanford.edu/ontologies/3.3/swrla.owl -- ProtegeOWLParser.loadTriples()
2016.07.18 16:33:07.021 CST INFO:     Completed triple loading after 16 ms -- ProtegeOWLParser.loadTriples()
2016.07.18 16:33:07.021 CST INFO: Postprocess: Process entities with incorrect Java type (0 entities) ...  -- TriplePostProcessor.processFramesWithWrongJavaType()
2016.07.18 16:33:07.021 CST INFO: 0 ms
 -- TriplePostProcessor.processFramesWithWrongJavaType()
2016.07.18 16:33:07.021 CST INFO: Postprocess: Process metaclasses (3 metaclasses) ...  -- TriplePostProcessor.processMetaclasses()
2016.07.18 16:33:07.021 CST INFO: 0 ms
 -- TriplePostProcessor.processMetaclasses()
2016.07.18 16:33:07.021 CST INFO: Postprocess: Process subclasses of rdf:List (1 classes) ...  -- TriplePostProcessor.processSubclassesOfRdfList()
2016.07.18 16:33:07.021 CST INFO: 0 ms
 -- TriplePostProcessor.processSubclassesOfRdfList()
2016.07.18 16:33:07.021 CST INFO: Postprocess: Instances with multiple types (26 instances) ...  -- TriplePostProcessor.processInstancesWithMultipleTypes()
2016.07.18 16:33:07.021 CST INFO: 0 ms
 -- TriplePostProcessor.processInstancesWithMultipleTypes()
2016.07.18 16:33:07.021 CST INFO: Postprocess: Add inferred superclasses ...  -- TriplePostProcessor.processInferredSuperclasses()
2016.07.18 16:33:07.021 CST INFO: 0 ms
 -- TriplePostProcessor.processInferredSuperclasses()
2016.07.18 16:33:07.021 CST INFO: Postprocess: Process orphan classes (44 classes) ...  -- TriplePostProcessor.processOrphanClses()
2016.07.18 16:33:07.037 CST INFO: 16 ms
 -- TriplePostProcessor.processOrphanClses()
2016.07.18 16:33:07.037 CST INFO: Postprocess: Generalized Concept Inclusion (0 axioms) ...  -- TriplePostProcessor.processGeneralizedConceptInclusions()
2016.07.18 16:33:07.037 CST INFO: 0 ms
 -- TriplePostProcessor.processGeneralizedConceptInclusions()
2016.07.18 16:33:07.037 CST INFO: Postprocess: Abstract classes...  -- TriplePostProcessor.processAbstractClasses()
2016.07.18 16:33:07.037 CST INFO: 0 ms
 -- TriplePostProcessor.processAbstractClasses()
2016.07.18 16:33:07.037 CST INFO: Postprocess: Domain and range of properties...  -- TriplePostProcessor.processDomainAndRange()
2016.07.18 16:33:07.037 CST INFO: 0 ms
 -- TriplePostProcessor.processDomainAndRange()
2016.07.18 16:33:07.037 CST INFO: Postprocess: Possibly typed entities (0 resources) ...  -- TriplePostProcessor.processPossiblyTypedResources()
2016.07.18 16:33:07.037 CST INFO: 0 ms
 -- TriplePostProcessor.processPossiblyTypedResources()
2016.07.18 16:33:07.037 CST INFO: Updating underlying frames model in 0 ms -- ProtegeOWLParser.doFinalPostProcessing()
2016.07.18 16:33:08.563 CST WARNING: Could not open default Profile file. Message: rethrew: java.io.FileNotFoundException: C:\Users\Administrator\workspace\RPT-plugin0504\plugins\edu.stanford.smi.protegex.owl\OWLProfiles.owl (系统找不到指定的路径。) -- ProfilesManager.getDefaultProfileOntModel()
2016.07.18 16:33:09.501 CST INFO: SWRLJessBridge load failed: could not find jess.Rete - or an error occured on initialization -- BridgePluginManager.<clinit>()
2016.07.18 16:33:09.501 CST INFO: SQWRLQueryTab load failed: could not find jess.Rete - or an error occured on initialization -- BridgePluginManager.<clinit>()
2016.07.18 16:33:11.186 CST INFO: Load time for file:\E:\AGVsModel\AGVs1.pprj = 5 sec (project) + 3 sec (ui) -- ProjectManager$3.run()
2016.07.18 16:33:57.862 CST WARNING: Exception caught by default exception handler -- java.lang.NullPointerException
	at org.wit.rpt.model.Agent.deleteCapabilitys(Agent.java:67)
	at org.wit.rpt.ui.ICCTab$DeleteActionInd.actionPerformed(ICCTab.java:517)
	at javax.swing.AbstractButton.fireActionPerformed(Unknown Source)
	at javax.swing.AbstractButton$Handler.actionPerformed(Unknown Source)
	at javax.swing.DefaultButtonModel.fireActionPerformed(Unknown Source)
	at javax.swing.DefaultButtonModel.setPressed(Unknown Source)
	at javax.swing.plaf.basic.BasicButtonListener.mouseReleased(Unknown Source)
	at java.awt.Component.processMouseEvent(Unknown Source)
	at javax.swing.JComponent.processMouseEvent(Unknown Source)
	at java.awt.Component.processEvent(Unknown Source)
	at java.awt.Container.processEvent(Unknown Source)
	at java.awt.Component.dispatchEventImpl(Unknown Source)
	at java.awt.Container.dispatchEventImpl(Unknown Source)
	at java.awt.Component.dispatchEvent(Unknown Source)
	at java.awt.LightweightDispatcher.retargetMouseEvent(Unknown Source)
	at java.awt.LightweightDispatcher.processMouseEvent(Unknown Source)
	at java.awt.LightweightDispatcher.dispatchEvent(Unknown Source)
	at java.awt.Container.dispatchEventImpl(Unknown Source)
	at java.awt.Window.dispatchEventImpl(Unknown Source)
	at java.awt.Component.dispatchEvent(Unknown Source)
	at java.awt.EventQueue.dispatchEventImpl(Unknown Source)
	at java.awt.EventQueue.access$400(Unknown Source)
	at java.awt.EventQueue$3.run(Unknown Source)
	at java.awt.EventQueue$3.run(Unknown Source)
	at java.security.AccessController.doPrivileged(Native Method)
	at java.security.ProtectionDomain$1.doIntersectionPrivilege(Unknown Source)
	at java.security.ProtectionDomain$1.doIntersectionPrivilege(Unknown Source)
	at java.awt.EventQueue$4.run(Unknown Source)
	at java.awt.EventQueue$4.run(Unknown Source)
	at java.security.AccessController.doPrivileged(Native Method)
	at java.security.ProtectionDomain$1.doIntersectionPrivilege(Unknown Source)
	at java.awt.EventQueue.dispatchEvent(Unknown Source)
	at java.awt.EventDispatchThread.pumpOneEventForFilters(Unknown Source)
	at java.awt.EventDispatchThread.pumpEventsForFilter(Unknown Source)
	at java.awt.EventDispatchThread.pumpEventsForHierarchy(Unknown Source)
	at java.awt.EventDispatchThread.pumpEvents(Unknown Source)
	at java.awt.EventDispatchThread.pumpEvents(Unknown Source)
	at java.awt.EventDispatchThread.run(Unknown Source)

