2016.07.15 10:29:52.270 CST INFO: *** SYSTEM START ***
2016.07.15 10:29:52.800 CST WARNING: missing bundle: protege_text -- BundleHelper.<init>()
2016.07.15 10:30:03.148 CST WARNING: [Local Folder Repository] The specified file must be a directory. (C:\Users\Administrator\workspace\RPT-plugin0504\plugins\edu.stanford.smi.protegex.owl) -- LocalFolderRepository.update()
2016.07.15 10:30:04.241 CST INFO: Loading triples for: file:/E:/AGVsModel/AGVs1.owl -- ProtegeOWLParser.loadTriples()
2016.07.15 10:30:04.601 CST INFO:     Completed triple loading after 345 ms -- ProtegeOWLParser.loadTriples()
2016.07.15 10:30:04.601 CST INFO: Importing http://sqwrl.stanford.edu/ontologies/built-ins/3.4/sqwrl.owl from location: http://sqwrl.stanford.edu/ontologies/built-ins/3.4/sqwrl.owl -- AbstractOWLModel.loadImportedAssertions()
2016.07.15 10:30:05.427 CST INFO: Loading triples for: http://sqwrl.stanford.edu/ontologies/built-ins/3.4/sqwrl.owl -- ProtegeOWLParser.loadTriples()
2016.07.15 10:30:05.427 CST INFO:     Completed triple loading after 0 ms -- ProtegeOWLParser.loadTriples()
2016.07.15 10:30:05.443 CST INFO: Importing http://swrl.stanford.edu/ontologies/3.3/swrla.owl from location: http://swrl.stanford.edu/ontologies/3.3/swrla.owl -- AbstractOWLModel.loadImportedAssertions()
2016.07.15 10:30:06.242 CST INFO: Loading triples for: http://swrl.stanford.edu/ontologies/3.3/swrla.owl -- ProtegeOWLParser.loadTriples()
2016.07.15 10:30:06.257 CST INFO:     Completed triple loading after 15 ms -- ProtegeOWLParser.loadTriples()
2016.07.15 10:30:06.257 CST INFO: Postprocess: Process entities with incorrect Java type (0 entities) ...  -- TriplePostProcessor.processFramesWithWrongJavaType()
2016.07.15 10:30:06.257 CST INFO: 0 ms
 -- TriplePostProcessor.processFramesWithWrongJavaType()
2016.07.15 10:30:06.257 CST INFO: Postprocess: Process metaclasses (3 metaclasses) ...  -- TriplePostProcessor.processMetaclasses()
2016.07.15 10:30:06.257 CST INFO: 0 ms
 -- TriplePostProcessor.processMetaclasses()
2016.07.15 10:30:06.257 CST INFO: Postprocess: Process subclasses of rdf:List (1 classes) ...  -- TriplePostProcessor.processSubclassesOfRdfList()
2016.07.15 10:30:06.257 CST INFO: 0 ms
 -- TriplePostProcessor.processSubclassesOfRdfList()
2016.07.15 10:30:06.257 CST INFO: Postprocess: Instances with multiple types (26 instances) ...  -- TriplePostProcessor.processInstancesWithMultipleTypes()
2016.07.15 10:30:06.257 CST INFO: 0 ms
 -- TriplePostProcessor.processInstancesWithMultipleTypes()
2016.07.15 10:30:06.257 CST INFO: Postprocess: Add inferred superclasses ...  -- TriplePostProcessor.processInferredSuperclasses()
2016.07.15 10:30:06.257 CST INFO: 0 ms
 -- TriplePostProcessor.processInferredSuperclasses()
2016.07.15 10:30:06.273 CST INFO: Postprocess: Process orphan classes (44 classes) ...  -- TriplePostProcessor.processOrphanClses()
2016.07.15 10:30:06.273 CST INFO: 0 ms
 -- TriplePostProcessor.processOrphanClses()
2016.07.15 10:30:06.273 CST INFO: Postprocess: Generalized Concept Inclusion (0 axioms) ...  -- TriplePostProcessor.processGeneralizedConceptInclusions()
2016.07.15 10:30:06.273 CST INFO: 0 ms
 -- TriplePostProcessor.processGeneralizedConceptInclusions()
2016.07.15 10:30:06.273 CST INFO: Postprocess: Abstract classes...  -- TriplePostProcessor.processAbstractClasses()
2016.07.15 10:30:06.273 CST INFO: 0 ms
 -- TriplePostProcessor.processAbstractClasses()
2016.07.15 10:30:06.273 CST INFO: Postprocess: Domain and range of properties...  -- TriplePostProcessor.processDomainAndRange()
2016.07.15 10:30:06.273 CST INFO: 0 ms
 -- TriplePostProcessor.processDomainAndRange()
2016.07.15 10:30:06.273 CST INFO: Postprocess: Possibly typed entities (1 resources) ...  -- TriplePostProcessor.processPossiblyTypedResources()
2016.07.15 10:30:06.273 CST INFO: 0 ms
 -- TriplePostProcessor.processPossiblyTypedResources()
2016.07.15 10:30:06.273 CST INFO: Updating underlying frames model in 0 ms -- ProtegeOWLParser.doFinalPostProcessing()
2016.07.15 10:30:07.848 CST WARNING: Could not open default Profile file. Message: rethrew: java.io.FileNotFoundException: C:\Users\Administrator\workspace\RPT-plugin0504\plugins\edu.stanford.smi.protegex.owl\OWLProfiles.owl (系统找不到指定的路径。) -- ProfilesManager.getDefaultProfileOntModel()
2016.07.15 10:30:08.722 CST INFO: SWRLJessBridge load failed: could not find jess.Rete - or an error occured on initialization -- BridgePluginManager.<clinit>()
2016.07.15 10:30:08.722 CST INFO: SQWRLQueryTab load failed: could not find jess.Rete - or an error occured on initialization -- BridgePluginManager.<clinit>()
2016.07.15 10:30:13.435 CST INFO: Load time for file:\E:\AGVsModel\AGVs1.pprj = 4 sec (project) + 6 sec (ui) -- ProjectManager$3.run()
2016.07.15 10:41:03.403 CST INFO: *** SYSTEM START ***
2016.07.15 10:41:03.777 CST WARNING: missing bundle: protege_text -- BundleHelper.<init>()
2016.07.15 10:41:08.678 CST WARNING: [Local Folder Repository] The specified file must be a directory. (C:\Users\Administrator\workspace\RPT-plugin0504\plugins\edu.stanford.smi.protegex.owl) -- LocalFolderRepository.update()
2016.07.15 10:41:09.755 CST INFO: Loading triples for: file:/E:/AGVsModel/AGVs1.owl -- ProtegeOWLParser.loadTriples()
2016.07.15 10:41:10.327 CST INFO:     Completed triple loading after 556 ms -- ProtegeOWLParser.loadTriples()
2016.07.15 10:41:10.327 CST INFO: Importing http://sqwrl.stanford.edu/ontologies/built-ins/3.4/sqwrl.owl from location: http://sqwrl.stanford.edu/ontologies/built-ins/3.4/sqwrl.owl -- AbstractOWLModel.loadImportedAssertions()
2016.07.15 10:41:11.138 CST INFO: Loading triples for: http://sqwrl.stanford.edu/ontologies/built-ins/3.4/sqwrl.owl -- ProtegeOWLParser.loadTriples()
2016.07.15 10:41:11.138 CST INFO:     Completed triple loading after 0 ms -- ProtegeOWLParser.loadTriples()
2016.07.15 10:41:11.138 CST INFO: Importing http://swrl.stanford.edu/ontologies/3.3/swrla.owl from location: http://swrl.stanford.edu/ontologies/3.3/swrla.owl -- AbstractOWLModel.loadImportedAssertions()
2016.07.15 10:41:11.950 CST INFO: Loading triples for: http://swrl.stanford.edu/ontologies/3.3/swrla.owl -- ProtegeOWLParser.loadTriples()
2016.07.15 10:41:11.966 CST INFO:     Completed triple loading after 16 ms -- ProtegeOWLParser.loadTriples()
2016.07.15 10:41:11.966 CST INFO: Postprocess: Process entities with incorrect Java type (0 entities) ...  -- TriplePostProcessor.processFramesWithWrongJavaType()
2016.07.15 10:41:11.966 CST INFO: 0 ms
 -- TriplePostProcessor.processFramesWithWrongJavaType()
2016.07.15 10:41:11.966 CST INFO: Postprocess: Process metaclasses (3 metaclasses) ...  -- TriplePostProcessor.processMetaclasses()
2016.07.15 10:41:11.966 CST INFO: 0 ms
 -- TriplePostProcessor.processMetaclasses()
2016.07.15 10:41:11.966 CST INFO: Postprocess: Process subclasses of rdf:List (1 classes) ...  -- TriplePostProcessor.processSubclassesOfRdfList()
2016.07.15 10:41:11.966 CST INFO: 0 ms
 -- TriplePostProcessor.processSubclassesOfRdfList()
2016.07.15 10:41:11.966 CST INFO: Postprocess: Instances with multiple types (27 instances) ...  -- TriplePostProcessor.processInstancesWithMultipleTypes()
2016.07.15 10:41:11.966 CST INFO: 0 ms
 -- TriplePostProcessor.processInstancesWithMultipleTypes()
2016.07.15 10:41:11.966 CST INFO: Postprocess: Add inferred superclasses ...  -- TriplePostProcessor.processInferredSuperclasses()
2016.07.15 10:41:11.966 CST INFO: 0 ms
 -- TriplePostProcessor.processInferredSuperclasses()
2016.07.15 10:41:11.966 CST INFO: Postprocess: Process orphan classes (44 classes) ...  -- TriplePostProcessor.processOrphanClses()
2016.07.15 10:41:11.981 CST INFO: 15 ms
 -- TriplePostProcessor.processOrphanClses()
2016.07.15 10:41:11.981 CST INFO: Postprocess: Generalized Concept Inclusion (0 axioms) ...  -- TriplePostProcessor.processGeneralizedConceptInclusions()
2016.07.15 10:41:11.981 CST INFO: 0 ms
 -- TriplePostProcessor.processGeneralizedConceptInclusions()
2016.07.15 10:41:11.981 CST INFO: Postprocess: Abstract classes...  -- TriplePostProcessor.processAbstractClasses()
2016.07.15 10:41:11.981 CST INFO: 0 ms
 -- TriplePostProcessor.processAbstractClasses()
2016.07.15 10:41:11.981 CST INFO: Postprocess: Domain and range of properties...  -- TriplePostProcessor.processDomainAndRange()
2016.07.15 10:41:11.981 CST INFO: 0 ms
 -- TriplePostProcessor.processDomainAndRange()
2016.07.15 10:41:11.981 CST INFO: Postprocess: Possibly typed entities (1 resources) ...  -- TriplePostProcessor.processPossiblyTypedResources()
2016.07.15 10:41:11.981 CST INFO: 0 ms
 -- TriplePostProcessor.processPossiblyTypedResources()
2016.07.15 10:41:11.981 CST INFO: Updating underlying frames model in 0 ms -- ProtegeOWLParser.doFinalPostProcessing()
2016.07.15 10:41:13.464 CST WARNING: Could not open default Profile file. Message: rethrew: java.io.FileNotFoundException: C:\Users\Administrator\workspace\RPT-plugin0504\plugins\edu.stanford.smi.protegex.owl\OWLProfiles.owl (系统找不到指定的路径。) -- ProfilesManager.getDefaultProfileOntModel()
2016.07.15 10:41:14.319 CST INFO: SWRLJessBridge load failed: could not find jess.Rete - or an error occured on initialization -- BridgePluginManager.<clinit>()
2016.07.15 10:41:14.319 CST INFO: SQWRLQueryTab load failed: could not find jess.Rete - or an error occured on initialization -- BridgePluginManager.<clinit>()
2016.07.15 10:41:15.972 CST INFO: Load time for file:\E:\AGVsModel\AGVs1.pprj = 4 sec (project) + 3 sec (ui) -- ProjectManager$3.run()
2016.07.15 10:56:55.635 CST INFO: *** SYSTEM START ***
2016.07.15 10:56:56.009 CST WARNING: missing bundle: protege_text -- BundleHelper.<init>()
2016.07.15 10:56:58.787 CST WARNING: [Local Folder Repository] The specified file must be a directory. (C:\Users\Administrator\workspace\RPT-plugin0504\plugins\edu.stanford.smi.protegex.owl) -- LocalFolderRepository.update()
2016.07.15 10:56:59.864 CST INFO: Loading triples for: file:/E:/AGVsModel/AGVs1.owl -- ProtegeOWLParser.loadTriples()
2016.07.15 10:57:00.209 CST INFO:     Completed triple loading after 345 ms -- ProtegeOWLParser.loadTriples()
2016.07.15 10:57:00.209 CST INFO: Importing http://sqwrl.stanford.edu/ontologies/built-ins/3.4/sqwrl.owl from location: http://sqwrl.stanford.edu/ontologies/built-ins/3.4/sqwrl.owl -- AbstractOWLModel.loadImportedAssertions()
2016.07.15 10:57:01.036 CST INFO: Loading triples for: http://sqwrl.stanford.edu/ontologies/built-ins/3.4/sqwrl.owl -- ProtegeOWLParser.loadTriples()
2016.07.15 10:57:01.036 CST INFO:     Completed triple loading after 0 ms -- ProtegeOWLParser.loadTriples()
2016.07.15 10:57:01.036 CST INFO: Importing http://swrl.stanford.edu/ontologies/3.3/swrla.owl from location: http://swrl.stanford.edu/ontologies/3.3/swrla.owl -- AbstractOWLModel.loadImportedAssertions()
2016.07.15 10:57:01.850 CST INFO: Loading triples for: http://swrl.stanford.edu/ontologies/3.3/swrla.owl -- ProtegeOWLParser.loadTriples()
2016.07.15 10:57:01.865 CST INFO:     Completed triple loading after 15 ms -- ProtegeOWLParser.loadTriples()
2016.07.15 10:57:01.865 CST INFO: Postprocess: Process entities with incorrect Java type (0 entities) ...  -- TriplePostProcessor.processFramesWithWrongJavaType()
2016.07.15 10:57:01.865 CST INFO: 0 ms
 -- TriplePostProcessor.processFramesWithWrongJavaType()
2016.07.15 10:57:01.865 CST INFO: Postprocess: Process metaclasses (3 metaclasses) ...  -- TriplePostProcessor.processMetaclasses()
2016.07.15 10:57:01.865 CST INFO: 0 ms
 -- TriplePostProcessor.processMetaclasses()
2016.07.15 10:57:01.865 CST INFO: Postprocess: Process subclasses of rdf:List (1 classes) ...  -- TriplePostProcessor.processSubclassesOfRdfList()
2016.07.15 10:57:01.865 CST INFO: 0 ms
 -- TriplePostProcessor.processSubclassesOfRdfList()
2016.07.15 10:57:01.865 CST INFO: Postprocess: Instances with multiple types (27 instances) ...  -- TriplePostProcessor.processInstancesWithMultipleTypes()
2016.07.15 10:57:01.865 CST INFO: 0 ms
 -- TriplePostProcessor.processInstancesWithMultipleTypes()
2016.07.15 10:57:01.865 CST INFO: Postprocess: Add inferred superclasses ...  -- TriplePostProcessor.processInferredSuperclasses()
2016.07.15 10:57:01.881 CST INFO: 0 ms
 -- TriplePostProcessor.processInferredSuperclasses()
2016.07.15 10:57:01.881 CST INFO: Postprocess: Process orphan classes (44 classes) ...  -- TriplePostProcessor.processOrphanClses()
2016.07.15 10:57:01.881 CST INFO: 0 ms
 -- TriplePostProcessor.processOrphanClses()
2016.07.15 10:57:01.881 CST INFO: Postprocess: Generalized Concept Inclusion (0 axioms) ...  -- TriplePostProcessor.processGeneralizedConceptInclusions()
2016.07.15 10:57:01.881 CST INFO: 0 ms
 -- TriplePostProcessor.processGeneralizedConceptInclusions()
2016.07.15 10:57:01.881 CST INFO: Postprocess: Abstract classes...  -- TriplePostProcessor.processAbstractClasses()
2016.07.15 10:57:01.881 CST INFO: 0 ms
 -- TriplePostProcessor.processAbstractClasses()
2016.07.15 10:57:01.881 CST INFO: Postprocess: Domain and range of properties...  -- TriplePostProcessor.processDomainAndRange()
2016.07.15 10:57:01.896 CST INFO: 15 ms
 -- TriplePostProcessor.processDomainAndRange()
2016.07.15 10:57:01.896 CST INFO: Postprocess: Possibly typed entities (1 resources) ...  -- TriplePostProcessor.processPossiblyTypedResources()
2016.07.15 10:57:01.896 CST INFO: 0 ms
 -- TriplePostProcessor.processPossiblyTypedResources()
2016.07.15 10:57:01.896 CST INFO: Updating underlying frames model in 0 ms -- ProtegeOWLParser.doFinalPostProcessing()
2016.07.15 10:57:03.223 CST WARNING: Could not open default Profile file. Message: rethrew: java.io.FileNotFoundException: C:\Users\Administrator\workspace\RPT-plugin0504\plugins\edu.stanford.smi.protegex.owl\OWLProfiles.owl (系统找不到指定的路径。) -- ProfilesManager.getDefaultProfileOntModel()
2016.07.15 10:57:04.254 CST INFO: SWRLJessBridge load failed: could not find jess.Rete - or an error occured on initialization -- BridgePluginManager.<clinit>()
2016.07.15 10:57:04.254 CST INFO: SQWRLQueryTab load failed: could not find jess.Rete - or an error occured on initialization -- BridgePluginManager.<clinit>()
2016.07.15 10:57:05.942 CST INFO: Load time for file:\E:\AGVsModel\AGVs1.pprj = 4 sec (project) + 3 sec (ui) -- ProjectManager$3.run()
2016.07.15 14:20:03.140 CST INFO: ... saving successful to: E:\AGVsModel\AGVs1.owl -- Protege2Jena.saveAll()
2016.07.15 15:02:07.353 CST INFO: *** SYSTEM START ***
2016.07.15 15:02:07.752 CST WARNING: missing bundle: protege_text -- BundleHelper.<init>()
2016.07.15 15:02:15.647 CST WARNING: [Local Folder Repository] The specified file must be a directory. (C:\Users\Administrator\workspace\RPT-plugin0504\plugins\edu.stanford.smi.protegex.owl) -- LocalFolderRepository.update()
2016.07.15 15:02:21.924 CST INFO: Loading triples for: file:/E:/AGVsModel/AGVs1.owl -- ProtegeOWLParser.loadTriples()
2016.07.15 15:02:22.332 CST INFO:     Completed triple loading after 404 ms -- ProtegeOWLParser.loadTriples()
2016.07.15 15:02:22.332 CST INFO: Importing http://sqwrl.stanford.edu/ontologies/built-ins/3.4/sqwrl.owl from location: http://sqwrl.stanford.edu/ontologies/built-ins/3.4/sqwrl.owl -- AbstractOWLModel.loadImportedAssertions()
2016.07.15 15:02:23.790 CST INFO: Loading triples for: http://sqwrl.stanford.edu/ontologies/built-ins/3.4/sqwrl.owl -- ProtegeOWLParser.loadTriples()
2016.07.15 15:02:23.975 CST INFO:     Completed triple loading after 184 ms -- ProtegeOWLParser.loadTriples()
2016.07.15 15:02:23.978 CST INFO: Importing http://swrl.stanford.edu/ontologies/3.3/swrla.owl from location: http://swrl.stanford.edu/ontologies/3.3/swrla.owl -- AbstractOWLModel.loadImportedAssertions()
2016.07.15 15:02:24.860 CST INFO: Loading triples for: http://swrl.stanford.edu/ontologies/3.3/swrla.owl -- ProtegeOWLParser.loadTriples()
2016.07.15 15:02:24.899 CST INFO:     Completed triple loading after 37 ms -- ProtegeOWLParser.loadTriples()
2016.07.15 15:02:24.900 CST INFO: Postprocess: Process entities with incorrect Java type (0 entities) ...  -- TriplePostProcessor.processFramesWithWrongJavaType()
2016.07.15 15:02:24.901 CST INFO: 0 ms
 -- TriplePostProcessor.processFramesWithWrongJavaType()
2016.07.15 15:02:24.901 CST INFO: Postprocess: Process metaclasses (3 metaclasses) ...  -- TriplePostProcessor.processMetaclasses()
2016.07.15 15:02:24.903 CST INFO: 0 ms
 -- TriplePostProcessor.processMetaclasses()
2016.07.15 15:02:24.903 CST INFO: Postprocess: Process subclasses of rdf:List (1 classes) ...  -- TriplePostProcessor.processSubclassesOfRdfList()
2016.07.15 15:02:24.904 CST INFO: 1 ms
 -- TriplePostProcessor.processSubclassesOfRdfList()
2016.07.15 15:02:24.904 CST INFO: Postprocess: Instances with multiple types (27 instances) ...  -- TriplePostProcessor.processInstancesWithMultipleTypes()
2016.07.15 15:02:24.910 CST INFO: 6 ms
 -- TriplePostProcessor.processInstancesWithMultipleTypes()
2016.07.15 15:02:24.913 CST INFO: Postprocess: Add inferred superclasses ...  -- TriplePostProcessor.processInferredSuperclasses()
2016.07.15 15:02:24.914 CST INFO: 0 ms
 -- TriplePostProcessor.processInferredSuperclasses()
2016.07.15 15:02:24.919 CST INFO: Postprocess: Process orphan classes (44 classes) ...  -- TriplePostProcessor.processOrphanClses()
2016.07.15 15:02:24.923 CST INFO: 3 ms
 -- TriplePostProcessor.processOrphanClses()
2016.07.15 15:02:24.924 CST INFO: Postprocess: Generalized Concept Inclusion (0 axioms) ...  -- TriplePostProcessor.processGeneralizedConceptInclusions()
2016.07.15 15:02:24.924 CST INFO: 0 ms
 -- TriplePostProcessor.processGeneralizedConceptInclusions()
2016.07.15 15:02:24.924 CST INFO: Postprocess: Abstract classes...  -- TriplePostProcessor.processAbstractClasses()
2016.07.15 15:02:24.924 CST INFO: 0 ms
 -- TriplePostProcessor.processAbstractClasses()
2016.07.15 15:02:24.924 CST INFO: Postprocess: Domain and range of properties...  -- TriplePostProcessor.processDomainAndRange()
2016.07.15 15:02:24.933 CST INFO: 9 ms
 -- TriplePostProcessor.processDomainAndRange()
2016.07.15 15:02:24.933 CST INFO: Postprocess: Possibly typed entities (1 resources) ...  -- TriplePostProcessor.processPossiblyTypedResources()
2016.07.15 15:02:24.934 CST INFO: 0 ms
 -- TriplePostProcessor.processPossiblyTypedResources()
2016.07.15 15:02:24.934 CST INFO: Updating underlying frames model in 0 ms -- ProtegeOWLParser.doFinalPostProcessing()
2016.07.15 15:02:26.337 CST WARNING: Could not open default Profile file. Message: rethrew: java.io.FileNotFoundException: C:\Users\Administrator\workspace\RPT-plugin0504\plugins\edu.stanford.smi.protegex.owl\OWLProfiles.owl (系统找不到指定的路径。) -- ProfilesManager.getDefaultProfileOntModel()
2016.07.15 15:02:27.449 CST INFO: SWRLJessBridge load failed: could not find jess.Rete - or an error occured on initialization -- BridgePluginManager.<clinit>()
2016.07.15 15:02:27.450 CST INFO: SQWRLQueryTab load failed: could not find jess.Rete - or an error occured on initialization -- BridgePluginManager.<clinit>()
2016.07.15 15:02:29.169 CST INFO: Load time for file:\E:\AGVsModel\AGVs1.pprj = 10 sec (project) + 3 sec (ui) -- ProjectManager$3.run()
2016.07.15 15:34:27.001 CST INFO: ... saving successful to: E:\AGVsModel\AGVs1.owl -- Protege2Jena.saveAll()
2016.07.15 17:15:15.707 CST INFO: *** SYSTEM START ***
2016.07.15 17:15:16.115 CST WARNING: missing bundle: protege_text -- BundleHelper.<init>()
2016.07.15 17:15:19.255 CST WARNING: [Local Folder Repository] The specified file must be a directory. (C:\Users\Administrator\workspace\RPT-plugin0504\plugins\edu.stanford.smi.protegex.owl) -- LocalFolderRepository.update()
2016.07.15 17:15:24.399 CST INFO: Loading triples for: file:/E:/AGVsModel/AGVs1.owl -- ProtegeOWLParser.loadTriples()
2016.07.15 17:15:24.753 CST INFO:     Completed triple loading after 350 ms -- ProtegeOWLParser.loadTriples()
2016.07.15 17:15:24.753 CST INFO: Importing http://sqwrl.stanford.edu/ontologies/built-ins/3.4/sqwrl.owl from location: http://sqwrl.stanford.edu/ontologies/built-ins/3.4/sqwrl.owl -- AbstractOWLModel.loadImportedAssertions()
2016.07.15 17:15:25.564 CST INFO: Loading triples for: http://sqwrl.stanford.edu/ontologies/built-ins/3.4/sqwrl.owl -- ProtegeOWLParser.loadTriples()
2016.07.15 17:15:25.581 CST INFO:     Completed triple loading after 17 ms -- ProtegeOWLParser.loadTriples()
2016.07.15 17:15:25.584 CST INFO: Importing http://swrl.stanford.edu/ontologies/3.3/swrla.owl from location: http://swrl.stanford.edu/ontologies/3.3/swrla.owl -- AbstractOWLModel.loadImportedAssertions()
2016.07.15 17:15:26.579 CST INFO: Loading triples for: http://swrl.stanford.edu/ontologies/3.3/swrla.owl -- ProtegeOWLParser.loadTriples()
2016.07.15 17:15:26.602 CST INFO:     Completed triple loading after 22 ms -- ProtegeOWLParser.loadTriples()
2016.07.15 17:15:26.603 CST INFO: Postprocess: Process entities with incorrect Java type (0 entities) ...  -- TriplePostProcessor.processFramesWithWrongJavaType()
2016.07.15 17:15:26.603 CST INFO: 0 ms
 -- TriplePostProcessor.processFramesWithWrongJavaType()
2016.07.15 17:15:26.604 CST INFO: Postprocess: Process metaclasses (3 metaclasses) ...  -- TriplePostProcessor.processMetaclasses()
2016.07.15 17:15:26.604 CST INFO: 0 ms
 -- TriplePostProcessor.processMetaclasses()
2016.07.15 17:15:26.604 CST INFO: Postprocess: Process subclasses of rdf:List (1 classes) ...  -- TriplePostProcessor.processSubclassesOfRdfList()
2016.07.15 17:15:26.605 CST INFO: 0 ms
 -- TriplePostProcessor.processSubclassesOfRdfList()
2016.07.15 17:15:26.605 CST INFO: Postprocess: Instances with multiple types (27 instances) ...  -- TriplePostProcessor.processInstancesWithMultipleTypes()
2016.07.15 17:15:26.607 CST INFO: 2 ms
 -- TriplePostProcessor.processInstancesWithMultipleTypes()
2016.07.15 17:15:26.609 CST INFO: Postprocess: Add inferred superclasses ...  -- TriplePostProcessor.processInferredSuperclasses()
2016.07.15 17:15:26.610 CST INFO: 1 ms
 -- TriplePostProcessor.processInferredSuperclasses()
2016.07.15 17:15:26.613 CST INFO: Postprocess: Process orphan classes (44 classes) ...  -- TriplePostProcessor.processOrphanClses()
2016.07.15 17:15:26.616 CST INFO: 3 ms
 -- TriplePostProcessor.processOrphanClses()
2016.07.15 17:15:26.616 CST INFO: Postprocess: Generalized Concept Inclusion (0 axioms) ...  -- TriplePostProcessor.processGeneralizedConceptInclusions()
2016.07.15 17:15:26.617 CST INFO: 1 ms
 -- TriplePostProcessor.processGeneralizedConceptInclusions()
2016.07.15 17:15:26.617 CST INFO: Postprocess: Abstract classes...  -- TriplePostProcessor.processAbstractClasses()
2016.07.15 17:15:26.617 CST INFO: 0 ms
 -- TriplePostProcessor.processAbstractClasses()
2016.07.15 17:15:26.617 CST INFO: Postprocess: Domain and range of properties...  -- TriplePostProcessor.processDomainAndRange()
2016.07.15 17:15:26.630 CST INFO: 13 ms
 -- TriplePostProcessor.processDomainAndRange()
2016.07.15 17:15:26.631 CST INFO: Postprocess: Possibly typed entities (1 resources) ...  -- TriplePostProcessor.processPossiblyTypedResources()
2016.07.15 17:15:26.631 CST INFO: 0 ms
 -- TriplePostProcessor.processPossiblyTypedResources()
2016.07.15 17:15:26.631 CST INFO: Updating underlying frames model in 0 ms -- ProtegeOWLParser.doFinalPostProcessing()
2016.07.15 17:15:28.172 CST WARNING: Could not open default Profile file. Message: rethrew: java.io.FileNotFoundException: C:\Users\Administrator\workspace\RPT-plugin0504\plugins\edu.stanford.smi.protegex.owl\OWLProfiles.owl (系统找不到指定的路径。) -- ProfilesManager.getDefaultProfileOntModel()
2016.07.15 17:15:28.967 CST INFO: SWRLJessBridge load failed: could not find jess.Rete - or an error occured on initialization -- BridgePluginManager.<clinit>()
2016.07.15 17:15:28.969 CST INFO: SQWRLQueryTab load failed: could not find jess.Rete - or an error occured on initialization -- BridgePluginManager.<clinit>()
2016.07.15 17:15:30.948 CST INFO: Load time for file:\E:\AGVsModel\AGVs1.pprj = 8 sec (project) + 4 sec (ui) -- ProjectManager$3.run()
