2016.09.12 19:23:17.317 CST INFO: *** SYSTEM START ***
2016.09.12 19:23:17.682 CST WARNING: missing bundle: protege_text -- BundleHelper.<init>()
2016.09.12 19:23:20.953 CST WARNING: [Local Folder Repository] The specified file must be a directory. (C:\Users\Administrator\workspace\RPT-plugin0504\plugins\edu.stanford.smi.protegex.owl) -- LocalFolderRepository.update()
2016.09.12 19:23:28.633 CST INFO: Loading triples for: file:/E:/AGVsModel/AGVs1.owl -- ProtegeOWLParser.loadTriples()
2016.09.12 19:23:28.983 CST INFO:     Completed triple loading after 347 ms -- ProtegeOWLParser.loadTriples()
2016.09.12 19:23:28.983 CST INFO: Importing http://sqwrl.stanford.edu/ontologies/built-ins/3.4/sqwrl.owl from location: http://sqwrl.stanford.edu/ontologies/built-ins/3.4/sqwrl.owl -- AbstractOWLModel.loadImportedAssertions()
2016.09.12 19:23:29.811 CST INFO: Loading triples for: http://sqwrl.stanford.edu/ontologies/built-ins/3.4/sqwrl.owl -- ProtegeOWLParser.loadTriples()
2016.09.12 19:23:29.828 CST INFO:     Completed triple loading after 15 ms -- ProtegeOWLParser.loadTriples()
2016.09.12 19:23:29.832 CST INFO: Importing http://swrl.stanford.edu/ontologies/3.3/swrla.owl from location: http://swrl.stanford.edu/ontologies/3.3/swrla.owl -- AbstractOWLModel.loadImportedAssertions()
2016.09.12 19:23:30.643 CST INFO: Loading triples for: http://swrl.stanford.edu/ontologies/3.3/swrla.owl -- ProtegeOWLParser.loadTriples()
2016.09.12 19:23:30.674 CST INFO:     Completed triple loading after 29 ms -- ProtegeOWLParser.loadTriples()
2016.09.12 19:23:30.675 CST INFO: Postprocess: Process entities with incorrect Java type (0 entities) ...  -- TriplePostProcessor.processFramesWithWrongJavaType()
2016.09.12 19:23:30.676 CST INFO: 1 ms
 -- TriplePostProcessor.processFramesWithWrongJavaType()
2016.09.12 19:23:30.676 CST INFO: Postprocess: Process metaclasses (3 metaclasses) ...  -- TriplePostProcessor.processMetaclasses()
2016.09.12 19:23:30.676 CST INFO: 0 ms
 -- TriplePostProcessor.processMetaclasses()
2016.09.12 19:23:30.677 CST INFO: Postprocess: Process subclasses of rdf:List (1 classes) ...  -- TriplePostProcessor.processSubclassesOfRdfList()
2016.09.12 19:23:30.677 CST INFO: 0 ms
 -- TriplePostProcessor.processSubclassesOfRdfList()
2016.09.12 19:23:30.677 CST INFO: Postprocess: Instances with multiple types (30 instances) ...  -- TriplePostProcessor.processInstancesWithMultipleTypes()
2016.09.12 19:23:30.680 CST INFO: 3 ms
 -- TriplePostProcessor.processInstancesWithMultipleTypes()
2016.09.12 19:23:30.680 CST INFO: Postprocess: Add inferred superclasses ...  -- TriplePostProcessor.processInferredSuperclasses()
2016.09.12 19:23:30.681 CST INFO: 0 ms
 -- TriplePostProcessor.processInferredSuperclasses()
2016.09.12 19:23:30.686 CST INFO: Postprocess: Process orphan classes (45 classes) ...  -- TriplePostProcessor.processOrphanClses()
2016.09.12 19:23:30.691 CST INFO: 5 ms
 -- TriplePostProcessor.processOrphanClses()
2016.09.12 19:23:30.691 CST INFO: Postprocess: Generalized Concept Inclusion (0 axioms) ...  -- TriplePostProcessor.processGeneralizedConceptInclusions()
2016.09.12 19:23:30.692 CST INFO: 0 ms
 -- TriplePostProcessor.processGeneralizedConceptInclusions()
2016.09.12 19:23:30.692 CST INFO: Postprocess: Abstract classes...  -- TriplePostProcessor.processAbstractClasses()
2016.09.12 19:23:30.692 CST INFO: 0 ms
 -- TriplePostProcessor.processAbstractClasses()
2016.09.12 19:23:30.692 CST INFO: Postprocess: Domain and range of properties...  -- TriplePostProcessor.processDomainAndRange()
2016.09.12 19:23:30.705 CST INFO: 12 ms
 -- TriplePostProcessor.processDomainAndRange()
2016.09.12 19:23:30.705 CST INFO: Postprocess: Possibly typed entities (0 resources) ...  -- TriplePostProcessor.processPossiblyTypedResources()
2016.09.12 19:23:30.705 CST INFO: 0 ms
 -- TriplePostProcessor.processPossiblyTypedResources()
2016.09.12 19:23:30.706 CST INFO: Updating underlying frames model in 0 ms -- ProtegeOWLParser.doFinalPostProcessing()
2016.09.12 19:23:32.087 CST WARNING: Could not open default Profile file. Message: rethrew: java.io.FileNotFoundException: C:\Users\Administrator\workspace\RPT-plugin0504\plugins\edu.stanford.smi.protegex.owl\OWLProfiles.owl (系统找不到指定的路径。) -- ProfilesManager.getDefaultProfileOntModel()
2016.09.12 19:23:32.875 CST INFO: SWRLJessBridge load failed: could not find jess.Rete - or an error occured on initialization -- BridgePluginManager.<clinit>()
2016.09.12 19:23:32.876 CST INFO: SQWRLQueryTab load failed: could not find jess.Rete - or an error occured on initialization -- BridgePluginManager.<clinit>()
2016.09.12 19:23:34.759 CST INFO: Load time for file:\E:\AGVsModel\AGVs1.pprj = 11 sec (project) + 3 sec (ui) -- ProjectManager$3.run()
