2016.09.12 18:42:22.982 CST INFO: *** SYSTEM START ***
2016.09.12 18:42:23.383 CST WARNING: missing bundle: protege_text -- BundleHelper.<init>()
2016.09.12 18:42:31.049 CST WARNING: [Local Folder Repository] The specified file must be a directory. (C:\Users\Administrator\workspace\RPT-plugin0504\plugins\edu.stanford.smi.protegex.owl) -- LocalFolderRepository.update()
2016.09.12 18:42:32.618 CST INFO: Loading triples for: file:/E:/AGVsModel/AGVs1.owl -- ProtegeOWLParser.loadTriples()
2016.09.12 18:42:33.152 CST INFO:     Completed triple loading after 531 ms -- ProtegeOWLParser.loadTriples()
2016.09.12 18:42:33.152 CST INFO: Importing http://sqwrl.stanford.edu/ontologies/built-ins/3.4/sqwrl.owl from location: http://sqwrl.stanford.edu/ontologies/built-ins/3.4/sqwrl.owl -- AbstractOWLModel.loadImportedAssertions()
2016.09.12 18:42:33.976 CST INFO: Loading triples for: http://sqwrl.stanford.edu/ontologies/built-ins/3.4/sqwrl.owl -- ProtegeOWLParser.loadTriples()
2016.09.12 18:42:33.995 CST INFO:     Completed triple loading after 18 ms -- ProtegeOWLParser.loadTriples()
2016.09.12 18:42:33.999 CST INFO: Importing http://swrl.stanford.edu/ontologies/3.3/swrla.owl from location: http://swrl.stanford.edu/ontologies/3.3/swrla.owl -- AbstractOWLModel.loadImportedAssertions()
2016.09.12 18:42:34.818 CST INFO: Loading triples for: http://swrl.stanford.edu/ontologies/3.3/swrla.owl -- ProtegeOWLParser.loadTriples()
2016.09.12 18:42:34.840 CST INFO:     Completed triple loading after 21 ms -- ProtegeOWLParser.loadTriples()
2016.09.12 18:42:34.841 CST INFO: Postprocess: Process entities with incorrect Java type (0 entities) ...  -- TriplePostProcessor.processFramesWithWrongJavaType()
2016.09.12 18:42:34.841 CST INFO: 0 ms
 -- TriplePostProcessor.processFramesWithWrongJavaType()
2016.09.12 18:42:34.841 CST INFO: Postprocess: Process metaclasses (3 metaclasses) ...  -- TriplePostProcessor.processMetaclasses()
2016.09.12 18:42:34.842 CST INFO: 0 ms
 -- TriplePostProcessor.processMetaclasses()
2016.09.12 18:42:34.842 CST INFO: Postprocess: Process subclasses of rdf:List (1 classes) ...  -- TriplePostProcessor.processSubclassesOfRdfList()
2016.09.12 18:42:34.842 CST INFO: 0 ms
 -- TriplePostProcessor.processSubclassesOfRdfList()
2016.09.12 18:42:34.842 CST INFO: Postprocess: Instances with multiple types (30 instances) ...  -- TriplePostProcessor.processInstancesWithMultipleTypes()
2016.09.12 18:42:34.844 CST INFO: 2 ms
 -- TriplePostProcessor.processInstancesWithMultipleTypes()
2016.09.12 18:42:34.845 CST INFO: Postprocess: Add inferred superclasses ...  -- TriplePostProcessor.processInferredSuperclasses()
2016.09.12 18:42:34.845 CST INFO: 0 ms
 -- TriplePostProcessor.processInferredSuperclasses()
2016.09.12 18:42:34.849 CST INFO: Postprocess: Process orphan classes (45 classes) ...  -- TriplePostProcessor.processOrphanClses()
2016.09.12 18:42:34.853 CST INFO: 4 ms
 -- TriplePostProcessor.processOrphanClses()
2016.09.12 18:42:34.853 CST INFO: Postprocess: Generalized Concept Inclusion (0 axioms) ...  -- TriplePostProcessor.processGeneralizedConceptInclusions()
2016.09.12 18:42:34.854 CST INFO: 0 ms
 -- TriplePostProcessor.processGeneralizedConceptInclusions()
2016.09.12 18:42:34.854 CST INFO: Postprocess: Abstract classes...  -- TriplePostProcessor.processAbstractClasses()
2016.09.12 18:42:34.854 CST INFO: 0 ms
 -- TriplePostProcessor.processAbstractClasses()
2016.09.12 18:42:34.854 CST INFO: Postprocess: Domain and range of properties...  -- TriplePostProcessor.processDomainAndRange()
2016.09.12 18:42:34.866 CST INFO: 12 ms
 -- TriplePostProcessor.processDomainAndRange()
2016.09.12 18:42:34.866 CST INFO: Postprocess: Possibly typed entities (0 resources) ...  -- TriplePostProcessor.processPossiblyTypedResources()
2016.09.12 18:42:34.866 CST INFO: 0 ms
 -- TriplePostProcessor.processPossiblyTypedResources()
2016.09.12 18:42:34.869 CST INFO: Updating underlying frames model in 1 ms -- ProtegeOWLParser.doFinalPostProcessing()
2016.09.12 18:42:36.269 CST WARNING: Could not open default Profile file. Message: rethrew: java.io.FileNotFoundException: C:\Users\Administrator\workspace\RPT-plugin0504\plugins\edu.stanford.smi.protegex.owl\OWLProfiles.owl (系统找不到指定的路径。) -- ProfilesManager.getDefaultProfileOntModel()
2016.09.12 18:42:37.101 CST INFO: SWRLJessBridge load failed: could not find jess.Rete - or an error occured on initialization -- BridgePluginManager.<clinit>()
2016.09.12 18:42:37.103 CST INFO: SQWRLQueryTab load failed: could not find jess.Rete - or an error occured on initialization -- BridgePluginManager.<clinit>()
2016.09.12 18:42:39.018 CST INFO: Load time for file:\E:\AGVsModel\AGVs1.pprj = 5 sec (project) + 3 sec (ui) -- ProjectManager$3.run()
2016.09.12 18:46:12.782 CST INFO: ... saving successful to: E:\AGVsModel\AGVs1.owl -- Protege2Jena.saveAll()
2016.09.12 18:59:40.379 CST INFO: *** SYSTEM START ***
2016.09.12 18:59:40.758 CST WARNING: missing bundle: protege_text -- BundleHelper.<init>()
2016.09.12 18:59:43.716 CST WARNING: [Local Folder Repository] The specified file must be a directory. (C:\Users\Administrator\workspace\RPT-plugin0504\plugins\edu.stanford.smi.protegex.owl) -- LocalFolderRepository.update()
2016.09.12 18:59:54.941 CST WARNING: Exception caught trying to parse http://sqwrl.stanford.edu/ontologies/built-ins/3.4/sqwrl.owl for an ontology declaration -- java.io.IOException: java.net.UnknownHostException: sqwrl.stanford.edu
	at edu.stanford.smi.protegex.owl.repository.util.URLInputSource.getInputStream(Unknown Source)
	at edu.stanford.smi.protegex.owl.repository.util.OntologyNameExtractor.searchForOntologyDeclaration(Unknown Source)
	at edu.stanford.smi.protegex.owl.repository.util.OntologyNameExtractor.init(Unknown Source)
	at edu.stanford.smi.protegex.owl.repository.util.OntologyNameExtractor.<init>(Unknown Source)
	at edu.stanford.smi.protegex.owl.repository.impl.HTTPRepository.update(Unknown Source)
	at edu.stanford.smi.protegex.owl.repository.impl.HTTPRepository.<init>(Unknown Source)
	at edu.stanford.smi.protegex.owl.repository.impl.HTTPRepositoryFactoryPlugin.createRepository(Unknown Source)
	at edu.stanford.smi.protegex.owl.repository.factory.RepositoryFactory.createOntRepository(Unknown Source)
	at edu.stanford.smi.protegex.owl.repository.util.RepositoryFileManager.loadRepositoriesFromURI(Unknown Source)
	at edu.stanford.smi.protegex.owl.repository.util.RepositoryFileManager.loadProjectRepositories(Unknown Source)
	at edu.stanford.smi.protegex.owl.repository.util.RepositoryFileManager.loadProjectRepositories(Unknown Source)
	at edu.stanford.smi.protegex.owl.jena.JenaKnowledgeBaseFactory.loadKnowledgeBase(Unknown Source)
	at edu.stanford.smi.protege.model.Project.loadDomainKB(Unknown Source)
	at edu.stanford.smi.protege.model.Project.createDomainKnowledgeBase(Unknown Source)
	at edu.stanford.smi.protege.model.Project.<init>(Unknown Source)
	at edu.stanford.smi.protege.model.Project.<init>(Unknown Source)
	at edu.stanford.smi.protege.model.Project.loadProjectFromURI(Unknown Source)
	at edu.stanford.smi.protege.ui.ProjectManager.loadProjectFromURI(Unknown Source)
	at edu.stanford.smi.protege.ui.ProjectManager.loadProject(Unknown Source)
	at edu.stanford.smi.protege.ui.WelcomeDialog.doOpenProject(Unknown Source)
	at edu.stanford.smi.protege.ui.WelcomeDialog.openButton_actionPerformed(Unknown Source)
	at edu.stanford.smi.protege.ui.WelcomeDialog$2.actionPerformed(Unknown Source)
	at javax.swing.AbstractButton.fireActionPerformed(Unknown Source)
	at javax.swing.AbstractButton$Handler.actionPerformed(Unknown Source)
	at javax.swing.DefaultButtonModel.fireActionPerformed(Unknown Source)
	at javax.swing.DefaultButtonModel.setPressed(Unknown Source)
	at javax.swing.plaf.basic.BasicButtonListener.mouseReleased(Unknown Source)
	at java.awt.AWTEventMulticaster.mouseReleased(Unknown Source)
	at java.awt.Component.processMouseEvent(Unknown Source)
	at javax.swing.JComponent.processMouseEvent(Unknown Source)
	at java.awt.Component.processEvent(Unknown Source)
	at java.awt.Container.processEvent(Unknown Source)
	at java.awt.Component.dispatchEventImpl(Unknown Source)
	at java.awt.Container.dispatchEventImpl(Unknown Source)
	at java.awt.Component.dispatchEvent(Unknown Source)
	at java.awt.LightweightDispatcher.retargetMouseEvent(Unknown Source)
	at java.awt.LightweightDispatcher.processMouseEvent(Unknown Source)
	at java.awt.LightweightDispatcher.dispatchEvent(Unknown Source)
	at java.awt.Container.dispatchEventImpl(Unknown Source)
	at java.awt.Window.dispatchEventImpl(Unknown Source)
	at java.awt.Component.dispatchEvent(Unknown Source)
	at java.awt.EventQueue.dispatchEventImpl(Unknown Source)
	at java.awt.EventQueue.access$400(Unknown Source)
	at java.awt.EventQueue$3.run(Unknown Source)
	at java.awt.EventQueue$3.run(Unknown Source)
	at java.security.AccessController.doPrivileged(Native Method)
	at java.security.ProtectionDomain$1.doIntersectionPrivilege(Unknown Source)
	at java.security.ProtectionDomain$1.doIntersectionPrivilege(Unknown Source)
	at java.awt.EventQueue$4.run(Unknown Source)
	at java.awt.EventQueue$4.run(Unknown Source)
	at java.security.AccessController.doPrivileged(Native Method)
	at java.security.ProtectionDomain$1.doIntersectionPrivilege(Unknown Source)
	at java.awt.EventQueue.dispatchEvent(Unknown Source)
	at java.awt.EventDispatchThread.pumpOneEventForFilters(Unknown Source)
	at java.awt.EventDispatchThread.pumpEventsForFilter(Unknown Source)
	at java.awt.EventDispatchThread.pumpEventsForFilter(Unknown Source)
	at java.awt.WaitDispatchSupport$2.run(Unknown Source)
	at java.awt.event.InvocationEvent.dispatch(Unknown Source)
	at java.awt.EventQueue.dispatchEventImpl(Unknown Source)
	at java.awt.EventQueue.access$400(Unknown Source)
	at java.awt.EventQueue$3.run(Unknown Source)
	at java.awt.EventQueue$3.run(Unknown Source)
	at java.security.AccessController.doPrivileged(Native Method)
	at java.security.ProtectionDomain$1.doIntersectionPrivilege(Unknown Source)
	at java.awt.EventQueue.dispatchEvent(Unknown Source)
	at java.awt.EventDispatchThread.pumpOneEventForFilters(Unknown Source)
	at java.awt.EventDispatchThread.pumpEventsForFilter(Unknown Source)
	at java.awt.EventDispatchThread.pumpEventsForHierarchy(Unknown Source)
	at java.awt.EventDispatchThread.pumpEvents(Unknown Source)
	at java.awt.EventDispatchThread.pumpEvents(Unknown Source)
	at java.awt.EventDispatchThread.run(Unknown Source)
Caused by: Could not get input stream for http://sqwrl.stanford.edu/ontologies/built-ins/3.4/sqwrl.owl
	at edu.stanford.smi.protegex.owl.jena.parser.ProtegeOWLParser.getInputStream(Unknown Source)
	at edu.stanford.smi.protegex.owl.repository.util.URLInputSource.getInputStream(Unknown Source)
	... 70 more
Caused by: java.net.UnknownHostException: sqwrl.stanford.edu
	at java.net.AbstractPlainSocketImpl.connect(Unknown Source)
	at java.net.PlainSocketImpl.connect(Unknown Source)
	at java.net.SocksSocketImpl.connect(Unknown Source)
	at java.net.Socket.connect(Unknown Source)
	at sun.net.NetworkClient.doConnect(Unknown Source)
	at sun.net.www.http.HttpClient.openServer(Unknown Source)
	at sun.net.www.http.HttpClient.openServer(Unknown Source)
	at sun.net.www.http.HttpClient.<init>(Unknown Source)
	at sun.net.www.http.HttpClient.New(Unknown Source)
	at sun.net.www.http.HttpClient.New(Unknown Source)
	at sun.net.www.protocol.http.HttpURLConnection.getNewHttpClient(Unknown Source)
	at sun.net.www.protocol.http.HttpURLConnection.plainConnect0(Unknown Source)
	at sun.net.www.protocol.http.HttpURLConnection.plainConnect(Unknown Source)
	at sun.net.www.protocol.http.HttpURLConnection.connect(Unknown Source)
	at sun.net.www.protocol.http.HttpURLConnection.getInputStream0(Unknown Source)
	at sun.net.www.protocol.http.HttpURLConnection.getInputStream(Unknown Source)
	at edu.stanford.smi.protegex.owl.jena.parser.ProtegeOWLParser.getInputStream(Unknown Source)
	... 71 more

2016.09.12 18:59:55.447 CST WARNING: Exception caught trying to parse http://sqwrl.stanford.edu/ontologies/built-ins/3.4/sqwrl.owl for an ontology declaration -- java.io.IOException: java.net.UnknownHostException: sqwrl.stanford.edu
	at edu.stanford.smi.protegex.owl.repository.util.URLInputSource.getInputStream(Unknown Source)
	at edu.stanford.smi.protegex.owl.repository.util.OntologyNameExtractor.searchForOntologyDeclaration(Unknown Source)
	at edu.stanford.smi.protegex.owl.repository.util.OntologyNameExtractor.init(Unknown Source)
	at edu.stanford.smi.protegex.owl.repository.util.OntologyNameExtractor.<init>(Unknown Source)
	at edu.stanford.smi.protegex.owl.repository.impl.HTTPRepository.update(Unknown Source)
	at edu.stanford.smi.protegex.owl.repository.impl.HTTPRepository.<init>(Unknown Source)
	at edu.stanford.smi.protegex.owl.repository.impl.HTTPRepositoryFactoryPlugin.createRepository(Unknown Source)
	at edu.stanford.smi.protegex.owl.repository.factory.RepositoryFactory.createOntRepository(Unknown Source)
	at edu.stanford.smi.protegex.owl.repository.util.RepositoryFileManager.loadRepositoriesFromURI(Unknown Source)
	at edu.stanford.smi.protegex.owl.repository.util.RepositoryFileManager.loadProjectRepositories(Unknown Source)
	at edu.stanford.smi.protegex.owl.repository.util.RepositoryFileManager.loadProjectRepositories(Unknown Source)
	at edu.stanford.smi.protegex.owl.jena.JenaKnowledgeBaseFactory.loadKnowledgeBase(Unknown Source)
	at edu.stanford.smi.protege.model.Project.loadDomainKB(Unknown Source)
	at edu.stanford.smi.protege.model.Project.createDomainKnowledgeBase(Unknown Source)
	at edu.stanford.smi.protege.model.Project.<init>(Unknown Source)
	at edu.stanford.smi.protege.model.Project.<init>(Unknown Source)
	at edu.stanford.smi.protege.model.Project.loadProjectFromURI(Unknown Source)
	at edu.stanford.smi.protege.ui.ProjectManager.loadProjectFromURI(Unknown Source)
	at edu.stanford.smi.protege.ui.ProjectManager.loadProject(Unknown Source)
	at edu.stanford.smi.protege.ui.WelcomeDialog.doOpenProject(Unknown Source)
	at edu.stanford.smi.protege.ui.WelcomeDialog.openButton_actionPerformed(Unknown Source)
	at edu.stanford.smi.protege.ui.WelcomeDialog$2.actionPerformed(Unknown Source)
	at javax.swing.AbstractButton.fireActionPerformed(Unknown Source)
	at javax.swing.AbstractButton$Handler.actionPerformed(Unknown Source)
	at javax.swing.DefaultButtonModel.fireActionPerformed(Unknown Source)
	at javax.swing.DefaultButtonModel.setPressed(Unknown Source)
	at javax.swing.plaf.basic.BasicButtonListener.mouseReleased(Unknown Source)
	at java.awt.AWTEventMulticaster.mouseReleased(Unknown Source)
	at java.awt.Component.processMouseEvent(Unknown Source)
	at javax.swing.JComponent.processMouseEvent(Unknown Source)
	at java.awt.Component.processEvent(Unknown Source)
	at java.awt.Container.processEvent(Unknown Source)
	at java.awt.Component.dispatchEventImpl(Unknown Source)
	at java.awt.Container.dispatchEventImpl(Unknown Source)
	at java.awt.Component.dispatchEvent(Unknown Source)
	at java.awt.LightweightDispatcher.retargetMouseEvent(Unknown Source)
	at java.awt.LightweightDispatcher.processMouseEvent(Unknown Source)
	at java.awt.LightweightDispatcher.dispatchEvent(Unknown Source)
	at java.awt.Container.dispatchEventImpl(Unknown Source)
	at java.awt.Window.dispatchEventImpl(Unknown Source)
	at java.awt.Component.dispatchEvent(Unknown Source)
	at java.awt.EventQueue.dispatchEventImpl(Unknown Source)
	at java.awt.EventQueue.access$400(Unknown Source)
	at java.awt.EventQueue$3.run(Unknown Source)
	at java.awt.EventQueue$3.run(Unknown Source)
	at java.security.AccessController.doPrivileged(Native Method)
	at java.security.ProtectionDomain$1.doIntersectionPrivilege(Unknown Source)
	at java.security.ProtectionDomain$1.doIntersectionPrivilege(Unknown Source)
	at java.awt.EventQueue$4.run(Unknown Source)
	at java.awt.EventQueue$4.run(Unknown Source)
	at java.security.AccessController.doPrivileged(Native Method)
	at java.security.ProtectionDomain$1.doIntersectionPrivilege(Unknown Source)
	at java.awt.EventQueue.dispatchEvent(Unknown Source)
	at java.awt.EventDispatchThread.pumpOneEventForFilters(Unknown Source)
	at java.awt.EventDispatchThread.pumpEventsForFilter(Unknown Source)
	at java.awt.EventDispatchThread.pumpEventsForFilter(Unknown Source)
	at java.awt.WaitDispatchSupport$2.run(Unknown Source)
	at java.awt.event.InvocationEvent.dispatch(Unknown Source)
	at java.awt.EventQueue.dispatchEventImpl(Unknown Source)
	at java.awt.EventQueue.access$400(Unknown Source)
	at java.awt.EventQueue$3.run(Unknown Source)
	at java.awt.EventQueue$3.run(Unknown Source)
	at java.security.AccessController.doPrivileged(Native Method)
	at java.security.ProtectionDomain$1.doIntersectionPrivilege(Unknown Source)
	at java.awt.EventQueue.dispatchEvent(Unknown Source)
	at java.awt.EventDispatchThread.pumpOneEventForFilters(Unknown Source)
	at java.awt.EventDispatchThread.pumpEventsForFilter(Unknown Source)
	at java.awt.EventDispatchThread.pumpEventsForHierarchy(Unknown Source)
	at java.awt.EventDispatchThread.pumpEvents(Unknown Source)
	at java.awt.EventDispatchThread.pumpEvents(Unknown Source)
	at java.awt.EventDispatchThread.run(Unknown Source)
Caused by: Could not get input stream for http://sqwrl.stanford.edu/ontologies/built-ins/3.4/sqwrl.owl
	at edu.stanford.smi.protegex.owl.jena.parser.ProtegeOWLParser.getInputStream(Unknown Source)
	at edu.stanford.smi.protegex.owl.repository.util.URLInputSource.getInputStream(Unknown Source)
	... 70 more
Caused by: java.net.UnknownHostException: sqwrl.stanford.edu
	at java.net.AbstractPlainSocketImpl.connect(Unknown Source)
	at java.net.PlainSocketImpl.connect(Unknown Source)
	at java.net.SocksSocketImpl.connect(Unknown Source)
	at java.net.Socket.connect(Unknown Source)
	at sun.net.NetworkClient.doConnect(Unknown Source)
	at sun.net.www.http.HttpClient.openServer(Unknown Source)
	at sun.net.www.http.HttpClient.openServer(Unknown Source)
	at sun.net.www.http.HttpClient.<init>(Unknown Source)
	at sun.net.www.http.HttpClient.New(Unknown Source)
	at sun.net.www.http.HttpClient.New(Unknown Source)
	at sun.net.www.protocol.http.HttpURLConnection.getNewHttpClient(Unknown Source)
	at sun.net.www.protocol.http.HttpURLConnection.plainConnect0(Unknown Source)
	at sun.net.www.protocol.http.HttpURLConnection.plainConnect(Unknown Source)
	at sun.net.www.protocol.http.HttpURLConnection.connect(Unknown Source)
	at sun.net.www.protocol.http.HttpURLConnection.getInputStream0(Unknown Source)
	at sun.net.www.protocol.http.HttpURLConnection.getInputStream(Unknown Source)
	at edu.stanford.smi.protegex.owl.jena.parser.ProtegeOWLParser.getInputStream(Unknown Source)
	... 71 more

2016.09.12 18:59:55.488 CST INFO: Loading triples for: file:/E:/AGVsModel/AGVs1.owl -- ProtegeOWLParser.loadTriples()
2016.09.12 18:59:55.852 CST INFO:     Completed triple loading after 361 ms -- ProtegeOWLParser.loadTriples()
2016.09.12 18:59:55.854 CST WARNING: Exception caught trying to parse http://sqwrl.stanford.edu/ontologies/built-ins/3.4/sqwrl.owl for an ontology declaration -- java.io.IOException: java.net.UnknownHostException: sqwrl.stanford.edu
	at edu.stanford.smi.protegex.owl.repository.util.URLInputSource.getInputStream(Unknown Source)
	at edu.stanford.smi.protegex.owl.repository.util.OntologyNameExtractor.searchForOntologyDeclaration(Unknown Source)
	at edu.stanford.smi.protegex.owl.repository.util.OntologyNameExtractor.init(Unknown Source)
	at edu.stanford.smi.protegex.owl.repository.util.OntologyNameExtractor.<init>(Unknown Source)
	at edu.stanford.smi.protegex.owl.repository.impl.HTTPRepository.update(Unknown Source)
	at edu.stanford.smi.protegex.owl.repository.impl.HTTPRepository.<init>(Unknown Source)
	at edu.stanford.smi.protegex.owl.repository.RepositoryManager.getRepository(Unknown Source)
	at edu.stanford.smi.protegex.owl.model.impl.AbstractOWLModel.getRepository(Unknown Source)
	at edu.stanford.smi.protegex.owl.model.impl.AbstractOWLModel.loadImportedAssertions(Unknown Source)
	at edu.stanford.smi.protegex.owl.jena.parser.ProtegeOWLParser.processImports(Unknown Source)
	at edu.stanford.smi.protegex.owl.jena.parser.ProtegeOWLParser.loadTriples(Unknown Source)
	at edu.stanford.smi.protegex.owl.jena.parser.ProtegeOWLParser.run(Unknown Source)
	at edu.stanford.smi.protegex.owl.jena.JenaKnowledgeBaseFactory.loadKnowledgeBase(Unknown Source)
	at edu.stanford.smi.protege.model.Project.loadDomainKB(Unknown Source)
	at edu.stanford.smi.protege.model.Project.createDomainKnowledgeBase(Unknown Source)
	at edu.stanford.smi.protege.model.Project.<init>(Unknown Source)
	at edu.stanford.smi.protege.model.Project.<init>(Unknown Source)
	at edu.stanford.smi.protege.model.Project.loadProjectFromURI(Unknown Source)
	at edu.stanford.smi.protege.ui.ProjectManager.loadProjectFromURI(Unknown Source)
	at edu.stanford.smi.protege.ui.ProjectManager.loadProject(Unknown Source)
	at edu.stanford.smi.protege.ui.WelcomeDialog.doOpenProject(Unknown Source)
	at edu.stanford.smi.protege.ui.WelcomeDialog.openButton_actionPerformed(Unknown Source)
	at edu.stanford.smi.protege.ui.WelcomeDialog$2.actionPerformed(Unknown Source)
	at javax.swing.AbstractButton.fireActionPerformed(Unknown Source)
	at javax.swing.AbstractButton$Handler.actionPerformed(Unknown Source)
	at javax.swing.DefaultButtonModel.fireActionPerformed(Unknown Source)
	at javax.swing.DefaultButtonModel.setPressed(Unknown Source)
	at javax.swing.plaf.basic.BasicButtonListener.mouseReleased(Unknown Source)
	at java.awt.AWTEventMulticaster.mouseReleased(Unknown Source)
	at java.awt.Component.processMouseEvent(Unknown Source)
	at javax.swing.JComponent.processMouseEvent(Unknown Source)
	at java.awt.Component.processEvent(Unknown Source)
	at java.awt.Container.processEvent(Unknown Source)
	at java.awt.Component.dispatchEventImpl(Unknown Source)
	at java.awt.Container.dispatchEventImpl(Unknown Source)
	at java.awt.Component.dispatchEvent(Unknown Source)
	at java.awt.LightweightDispatcher.retargetMouseEvent(Unknown Source)
	at java.awt.LightweightDispatcher.processMouseEvent(Unknown Source)
	at java.awt.LightweightDispatcher.dispatchEvent(Unknown Source)
	at java.awt.Container.dispatchEventImpl(Unknown Source)
	at java.awt.Window.dispatchEventImpl(Unknown Source)
	at java.awt.Component.dispatchEvent(Unknown Source)
	at java.awt.EventQueue.dispatchEventImpl(Unknown Source)
	at java.awt.EventQueue.access$400(Unknown Source)
	at java.awt.EventQueue$3.run(Unknown Source)
	at java.awt.EventQueue$3.run(Unknown Source)
	at java.security.AccessController.doPrivileged(Native Method)
	at java.security.ProtectionDomain$1.doIntersectionPrivilege(Unknown Source)
	at java.security.ProtectionDomain$1.doIntersectionPrivilege(Unknown Source)
	at java.awt.EventQueue$4.run(Unknown Source)
	at java.awt.EventQueue$4.run(Unknown Source)
	at java.security.AccessController.doPrivileged(Native Method)
	at java.security.ProtectionDomain$1.doIntersectionPrivilege(Unknown Source)
	at java.awt.EventQueue.dispatchEvent(Unknown Source)
	at java.awt.EventDispatchThread.pumpOneEventForFilters(Unknown Source)
	at java.awt.EventDispatchThread.pumpEventsForFilter(Unknown Source)
	at java.awt.EventDispatchThread.pumpEventsForFilter(Unknown Source)
	at java.awt.WaitDispatchSupport$2.run(Unknown Source)
	at java.awt.event.InvocationEvent.dispatch(Unknown Source)
	at java.awt.EventQueue.dispatchEventImpl(Unknown Source)
	at java.awt.EventQueue.access$400(Unknown Source)
	at java.awt.EventQueue$3.run(Unknown Source)
	at java.awt.EventQueue$3.run(Unknown Source)
	at java.security.AccessController.doPrivileged(Native Method)
	at java.security.ProtectionDomain$1.doIntersectionPrivilege(Unknown Source)
	at java.awt.EventQueue.dispatchEvent(Unknown Source)
	at java.awt.EventDispatchThread.pumpOneEventForFilters(Unknown Source)
	at java.awt.EventDispatchThread.pumpEventsForFilter(Unknown Source)
	at java.awt.EventDispatchThread.pumpEventsForHierarchy(Unknown Source)
	at java.awt.EventDispatchThread.pumpEvents(Unknown Source)
	at java.awt.EventDispatchThread.pumpEvents(Unknown Source)
	at java.awt.EventDispatchThread.run(Unknown Source)
Caused by: Could not get input stream for http://sqwrl.stanford.edu/ontologies/built-ins/3.4/sqwrl.owl
	at edu.stanford.smi.protegex.owl.jena.parser.ProtegeOWLParser.getInputStream(Unknown Source)
	at edu.stanford.smi.protegex.owl.repository.util.URLInputSource.getInputStream(Unknown Source)
	... 71 more
Caused by: java.net.UnknownHostException: sqwrl.stanford.edu
	at java.net.AbstractPlainSocketImpl.connect(Unknown Source)
	at java.net.PlainSocketImpl.connect(Unknown Source)
	at java.net.SocksSocketImpl.connect(Unknown Source)
	at java.net.Socket.connect(Unknown Source)
	at sun.net.NetworkClient.doConnect(Unknown Source)
	at sun.net.www.http.HttpClient.openServer(Unknown Source)
	at sun.net.www.http.HttpClient.openServer(Unknown Source)
	at sun.net.www.http.HttpClient.<init>(Unknown Source)
	at sun.net.www.http.HttpClient.New(Unknown Source)
	at sun.net.www.http.HttpClient.New(Unknown Source)
	at sun.net.www.protocol.http.HttpURLConnection.getNewHttpClient(Unknown Source)
	at sun.net.www.protocol.http.HttpURLConnection.plainConnect0(Unknown Source)
	at sun.net.www.protocol.http.HttpURLConnection.plainConnect(Unknown Source)
	at sun.net.www.protocol.http.HttpURLConnection.connect(Unknown Source)
	at sun.net.www.protocol.http.HttpURLConnection.getInputStream0(Unknown Source)
	at sun.net.www.protocol.http.HttpURLConnection.getInputStream(Unknown Source)
	at edu.stanford.smi.protegex.owl.jena.parser.ProtegeOWLParser.getInputStream(Unknown Source)
	... 72 more

2016.09.12 18:59:55.862 CST WARNING: Exception caught trying to parse http://sqwrl.stanford.edu/ontologies/built-ins/3.4/sqwrl.owl for an ontology declaration -- java.io.IOException: java.net.UnknownHostException: sqwrl.stanford.edu
	at edu.stanford.smi.protegex.owl.repository.util.URLInputSource.getInputStream(Unknown Source)
	at edu.stanford.smi.protegex.owl.repository.util.OntologyNameExtractor.searchForOntologyDeclaration(Unknown Source)
	at edu.stanford.smi.protegex.owl.repository.util.OntologyNameExtractor.init(Unknown Source)
	at edu.stanford.smi.protegex.owl.repository.util.OntologyNameExtractor.<init>(Unknown Source)
	at edu.stanford.smi.protegex.owl.repository.impl.ForcedURLRetrievalRepository.refresh(Unknown Source)
	at edu.stanford.smi.protegex.owl.repository.impl.ForcedURLRetrievalRepository.<init>(Unknown Source)
	at edu.stanford.smi.protegex.owl.repository.RepositoryManager.getRepository(Unknown Source)
	at edu.stanford.smi.protegex.owl.model.impl.AbstractOWLModel.getRepository(Unknown Source)
	at edu.stanford.smi.protegex.owl.model.impl.AbstractOWLModel.loadImportedAssertions(Unknown Source)
	at edu.stanford.smi.protegex.owl.jena.parser.ProtegeOWLParser.processImports(Unknown Source)
	at edu.stanford.smi.protegex.owl.jena.parser.ProtegeOWLParser.loadTriples(Unknown Source)
	at edu.stanford.smi.protegex.owl.jena.parser.ProtegeOWLParser.run(Unknown Source)
	at edu.stanford.smi.protegex.owl.jena.JenaKnowledgeBaseFactory.loadKnowledgeBase(Unknown Source)
	at edu.stanford.smi.protege.model.Project.loadDomainKB(Unknown Source)
	at edu.stanford.smi.protege.model.Project.createDomainKnowledgeBase(Unknown Source)
	at edu.stanford.smi.protege.model.Project.<init>(Unknown Source)
	at edu.stanford.smi.protege.model.Project.<init>(Unknown Source)
	at edu.stanford.smi.protege.model.Project.loadProjectFromURI(Unknown Source)
	at edu.stanford.smi.protege.ui.ProjectManager.loadProjectFromURI(Unknown Source)
	at edu.stanford.smi.protege.ui.ProjectManager.loadProject(Unknown Source)
	at edu.stanford.smi.protege.ui.WelcomeDialog.doOpenProject(Unknown Source)
	at edu.stanford.smi.protege.ui.WelcomeDialog.openButton_actionPerformed(Unknown Source)
	at edu.stanford.smi.protege.ui.WelcomeDialog$2.actionPerformed(Unknown Source)
	at javax.swing.AbstractButton.fireActionPerformed(Unknown Source)
	at javax.swing.AbstractButton$Handler.actionPerformed(Unknown Source)
	at javax.swing.DefaultButtonModel.fireActionPerformed(Unknown Source)
	at javax.swing.DefaultButtonModel.setPressed(Unknown Source)
	at javax.swing.plaf.basic.BasicButtonListener.mouseReleased(Unknown Source)
	at java.awt.AWTEventMulticaster.mouseReleased(Unknown Source)
	at java.awt.Component.processMouseEvent(Unknown Source)
	at javax.swing.JComponent.processMouseEvent(Unknown Source)
	at java.awt.Component.processEvent(Unknown Source)
	at java.awt.Container.processEvent(Unknown Source)
	at java.awt.Component.dispatchEventImpl(Unknown Source)
	at java.awt.Container.dispatchEventImpl(Unknown Source)
	at java.awt.Component.dispatchEvent(Unknown Source)
	at java.awt.LightweightDispatcher.retargetMouseEvent(Unknown Source)
	at java.awt.LightweightDispatcher.processMouseEvent(Unknown Source)
	at java.awt.LightweightDispatcher.dispatchEvent(Unknown Source)
	at java.awt.Container.dispatchEventImpl(Unknown Source)
	at java.awt.Window.dispatchEventImpl(Unknown Source)
	at java.awt.Component.dispatchEvent(Unknown Source)
	at java.awt.EventQueue.dispatchEventImpl(Unknown Source)
	at java.awt.EventQueue.access$400(Unknown Source)
	at java.awt.EventQueue$3.run(Unknown Source)
	at java.awt.EventQueue$3.run(Unknown Source)
	at java.security.AccessController.doPrivileged(Native Method)
	at java.security.ProtectionDomain$1.doIntersectionPrivilege(Unknown Source)
	at java.security.ProtectionDomain$1.doIntersectionPrivilege(Unknown Source)
	at java.awt.EventQueue$4.run(Unknown Source)
	at java.awt.EventQueue$4.run(Unknown Source)
	at java.security.AccessController.doPrivileged(Native Method)
	at java.security.ProtectionDomain$1.doIntersectionPrivilege(Unknown Source)
	at java.awt.EventQueue.dispatchEvent(Unknown Source)
	at java.awt.EventDispatchThread.pumpOneEventForFilters(Unknown Source)
	at java.awt.EventDispatchThread.pumpEventsForFilter(Unknown Source)
	at java.awt.EventDispatchThread.pumpEventsForFilter(Unknown Source)
	at java.awt.WaitDispatchSupport$2.run(Unknown Source)
	at java.awt.event.InvocationEvent.dispatch(Unknown Source)
	at java.awt.EventQueue.dispatchEventImpl(Unknown Source)
	at java.awt.EventQueue.access$400(Unknown Source)
	at java.awt.EventQueue$3.run(Unknown Source)
	at java.awt.EventQueue$3.run(Unknown Source)
	at java.security.AccessController.doPrivileged(Native Method)
	at java.security.ProtectionDomain$1.doIntersectionPrivilege(Unknown Source)
	at java.awt.EventQueue.dispatchEvent(Unknown Source)
	at java.awt.EventDispatchThread.pumpOneEventForFilters(Unknown Source)
	at java.awt.EventDispatchThread.pumpEventsForFilter(Unknown Source)
	at java.awt.EventDispatchThread.pumpEventsForHierarchy(Unknown Source)
	at java.awt.EventDispatchThread.pumpEvents(Unknown Source)
	at java.awt.EventDispatchThread.pumpEvents(Unknown Source)
	at java.awt.EventDispatchThread.run(Unknown Source)
Caused by: Could not get input stream for http://sqwrl.stanford.edu/ontologies/built-ins/3.4/sqwrl.owl
	at edu.stanford.smi.protegex.owl.jena.parser.ProtegeOWLParser.getInputStream(Unknown Source)
	at edu.stanford.smi.protegex.owl.repository.util.URLInputSource.getInputStream(Unknown Source)
	... 71 more
Caused by: java.net.UnknownHostException: sqwrl.stanford.edu
	at java.net.AbstractPlainSocketImpl.connect(Unknown Source)
	at java.net.PlainSocketImpl.connect(Unknown Source)
	at java.net.SocksSocketImpl.connect(Unknown Source)
	at java.net.Socket.connect(Unknown Source)
	at sun.net.NetworkClient.doConnect(Unknown Source)
	at sun.net.www.http.HttpClient.openServer(Unknown Source)
	at sun.net.www.http.HttpClient.openServer(Unknown Source)
	at sun.net.www.http.HttpClient.<init>(Unknown Source)
	at sun.net.www.http.HttpClient.New(Unknown Source)
	at sun.net.www.http.HttpClient.New(Unknown Source)
	at sun.net.www.protocol.http.HttpURLConnection.getNewHttpClient(Unknown Source)
	at sun.net.www.protocol.http.HttpURLConnection.plainConnect0(Unknown Source)
	at sun.net.www.protocol.http.HttpURLConnection.plainConnect(Unknown Source)
	at sun.net.www.protocol.http.HttpURLConnection.connect(Unknown Source)
	at sun.net.www.protocol.http.HttpURLConnection.getInputStream0(Unknown Source)
	at sun.net.www.protocol.http.HttpURLConnection.getInputStream(Unknown Source)
	at edu.stanford.smi.protegex.owl.jena.parser.ProtegeOWLParser.getInputStream(Unknown Source)
	... 72 more

2016.09.12 19:00:28.372 CST INFO: Importing http://swrl.stanford.edu/ontologies/3.3/swrla.owl from location: http://swrl.stanford.edu/ontologies/3.3/swrla.owl -- AbstractOWLModel.loadImportedAssertions()
2016.09.12 19:00:29.217 CST INFO: Loading triples for: http://swrl.stanford.edu/ontologies/3.3/swrla.owl -- ProtegeOWLParser.loadTriples()
2016.09.12 19:00:29.272 CST INFO:     Completed triple loading after 53 ms -- ProtegeOWLParser.loadTriples()
2016.09.12 19:00:29.273 CST INFO: Postprocess: Process entities with incorrect Java type (0 entities) ...  -- TriplePostProcessor.processFramesWithWrongJavaType()
2016.09.12 19:00:29.273 CST INFO: 0 ms
 -- TriplePostProcessor.processFramesWithWrongJavaType()
2016.09.12 19:00:29.274 CST INFO: Postprocess: Process metaclasses (3 metaclasses) ...  -- TriplePostProcessor.processMetaclasses()
2016.09.12 19:00:29.280 CST INFO: 6 ms
 -- TriplePostProcessor.processMetaclasses()
2016.09.12 19:00:29.280 CST INFO: Postprocess: Process subclasses of rdf:List (1 classes) ...  -- TriplePostProcessor.processSubclassesOfRdfList()
2016.09.12 19:00:29.280 CST INFO: 0 ms
 -- TriplePostProcessor.processSubclassesOfRdfList()
2016.09.12 19:00:29.281 CST INFO: Postprocess: Instances with multiple types (30 instances) ...  -- TriplePostProcessor.processInstancesWithMultipleTypes()
2016.09.12 19:00:29.283 CST INFO: 2 ms
 -- TriplePostProcessor.processInstancesWithMultipleTypes()
2016.09.12 19:00:29.285 CST INFO: Postprocess: Add inferred superclasses ...  -- TriplePostProcessor.processInferredSuperclasses()
2016.09.12 19:00:29.286 CST INFO: 1 ms
 -- TriplePostProcessor.processInferredSuperclasses()
2016.09.12 19:00:29.289 CST INFO: Postprocess: Process orphan classes (45 classes) ...  -- TriplePostProcessor.processOrphanClses()
2016.09.12 19:00:29.292 CST INFO: 3 ms
 -- TriplePostProcessor.processOrphanClses()
2016.09.12 19:00:29.293 CST INFO: Postprocess: Generalized Concept Inclusion (0 axioms) ...  -- TriplePostProcessor.processGeneralizedConceptInclusions()
2016.09.12 19:00:29.293 CST INFO: 0 ms
 -- TriplePostProcessor.processGeneralizedConceptInclusions()
2016.09.12 19:00:29.293 CST INFO: Postprocess: Abstract classes...  -- TriplePostProcessor.processAbstractClasses()
2016.09.12 19:00:29.293 CST INFO: 0 ms
 -- TriplePostProcessor.processAbstractClasses()
2016.09.12 19:00:29.293 CST INFO: Postprocess: Domain and range of properties...  -- TriplePostProcessor.processDomainAndRange()
2016.09.12 19:00:29.302 CST INFO: 9 ms
 -- TriplePostProcessor.processDomainAndRange()
2016.09.12 19:00:29.302 CST INFO: Postprocess: Possibly typed entities (1 resources) ...  -- TriplePostProcessor.processPossiblyTypedResources()
2016.09.12 19:00:29.302 CST INFO: 0 ms
 -- TriplePostProcessor.processPossiblyTypedResources()
2016.09.12 19:00:29.303 CST INFO: Updating underlying frames model in 0 ms -- ProtegeOWLParser.doFinalPostProcessing()
2016.09.12 19:00:30.668 CST WARNING: Could not open default Profile file. Message: rethrew: java.io.FileNotFoundException: C:\Users\Administrator\workspace\RPT-plugin0504\plugins\edu.stanford.smi.protegex.owl\OWLProfiles.owl (系统找不到指定的路径。) -- ProfilesManager.getDefaultProfileOntModel()
2016.09.12 19:00:31.490 CST INFO: Postprocess: Process entities with incorrect Java type (0 entities) ...  -- TriplePostProcessor.processFramesWithWrongJavaType()
2016.09.12 19:00:31.490 CST INFO: 0 ms
 -- TriplePostProcessor.processFramesWithWrongJavaType()
2016.09.12 19:00:31.490 CST INFO: Postprocess: Process metaclasses (3 metaclasses) ...  -- TriplePostProcessor.processMetaclasses()
2016.09.12 19:00:31.491 CST INFO: 1 ms
 -- TriplePostProcessor.processMetaclasses()
2016.09.12 19:00:31.491 CST INFO: Postprocess: Process subclasses of rdf:List (1 classes) ...  -- TriplePostProcessor.processSubclassesOfRdfList()
2016.09.12 19:00:31.491 CST INFO: 0 ms
 -- TriplePostProcessor.processSubclassesOfRdfList()
2016.09.12 19:00:31.491 CST INFO: Postprocess: Instances with multiple types (30 instances) ...  -- TriplePostProcessor.processInstancesWithMultipleTypes()
2016.09.12 19:00:31.529 CST INFO: 0 ms
 -- TriplePostProcessor.processInstancesWithMultipleTypes()
2016.09.12 19:00:31.531 CST INFO: Postprocess: Add inferred superclasses ...  -- TriplePostProcessor.processInferredSuperclasses()
2016.09.12 19:00:31.531 CST INFO: 0 ms
 -- TriplePostProcessor.processInferredSuperclasses()
2016.09.12 19:00:31.533 CST INFO: Postprocess: Process orphan classes (45 classes) ...  -- TriplePostProcessor.processOrphanClses()
2016.09.12 19:00:31.534 CST INFO: 1 ms
 -- TriplePostProcessor.processOrphanClses()
2016.09.12 19:00:31.534 CST INFO: Postprocess: Generalized Concept Inclusion (0 axioms) ...  -- TriplePostProcessor.processGeneralizedConceptInclusions()
2016.09.12 19:00:31.534 CST INFO: 0 ms
 -- TriplePostProcessor.processGeneralizedConceptInclusions()
2016.09.12 19:00:31.534 CST INFO: Postprocess: Abstract classes...  -- TriplePostProcessor.processAbstractClasses()
2016.09.12 19:00:31.534 CST INFO: 0 ms
 -- TriplePostProcessor.processAbstractClasses()
2016.09.12 19:00:31.534 CST INFO: Postprocess: Domain and range of properties...  -- TriplePostProcessor.processDomainAndRange()
2016.09.12 19:00:31.594 CST INFO: 60 ms
 -- TriplePostProcessor.processDomainAndRange()
2016.09.12 19:00:31.596 CST INFO: Postprocess: Possibly typed entities (1 resources) ...  -- TriplePostProcessor.processPossiblyTypedResources()
2016.09.12 19:00:31.596 CST INFO: 0 ms
 -- TriplePostProcessor.processPossiblyTypedResources()
2016.09.12 19:00:31.597 CST INFO: Updating underlying frames model in 0 ms -- ProtegeOWLParser.doFinalPostProcessing()
2016.09.12 19:00:31.645 CST INFO: SWRLJessBridge load failed: could not find jess.Rete - or an error occured on initialization -- BridgePluginManager.<clinit>()
2016.09.12 19:00:31.646 CST INFO: SQWRLQueryTab load failed: could not find jess.Rete - or an error occured on initialization -- BridgePluginManager.<clinit>()
2016.09.12 19:00:43.997 CST INFO: Load time for file:\E:\AGVsModel\AGVs1.pprj = 46 sec (project) + 14 sec (ui) -- ProjectManager$3.run()
2016.09.12 19:05:15.512 CST INFO: ... saving successful to: E:\AGVsModel\AGVs1.owl -- Protege2Jena.saveAll()
2016.09.12 19:05:30.246 CST INFO: *** SYSTEM START ***
2016.09.12 19:05:30.610 CST WARNING: missing bundle: protege_text -- BundleHelper.<init>()
2016.09.12 19:05:33.204 CST WARNING: [Local Folder Repository] The specified file must be a directory. (C:\Users\Administrator\workspace\RPT-plugin0504\plugins\edu.stanford.smi.protegex.owl) -- LocalFolderRepository.update()
2016.09.12 19:05:44.431 CST WARNING: Exception caught trying to parse http://sqwrl.stanford.edu/ontologies/built-ins/3.4/sqwrl.owl for an ontology declaration -- java.io.IOException: java.net.UnknownHostException: sqwrl.stanford.edu
	at edu.stanford.smi.protegex.owl.repository.util.URLInputSource.getInputStream(Unknown Source)
	at edu.stanford.smi.protegex.owl.repository.util.OntologyNameExtractor.searchForOntologyDeclaration(Unknown Source)
	at edu.stanford.smi.protegex.owl.repository.util.OntologyNameExtractor.init(Unknown Source)
	at edu.stanford.smi.protegex.owl.repository.util.OntologyNameExtractor.<init>(Unknown Source)
	at edu.stanford.smi.protegex.owl.repository.impl.HTTPRepository.update(Unknown Source)
	at edu.stanford.smi.protegex.owl.repository.impl.HTTPRepository.<init>(Unknown Source)
	at edu.stanford.smi.protegex.owl.repository.impl.HTTPRepositoryFactoryPlugin.createRepository(Unknown Source)
	at edu.stanford.smi.protegex.owl.repository.factory.RepositoryFactory.createOntRepository(Unknown Source)
	at edu.stanford.smi.protegex.owl.repository.util.RepositoryFileManager.loadRepositoriesFromURI(Unknown Source)
	at edu.stanford.smi.protegex.owl.repository.util.RepositoryFileManager.loadProjectRepositories(Unknown Source)
	at edu.stanford.smi.protegex.owl.repository.util.RepositoryFileManager.loadProjectRepositories(Unknown Source)
	at edu.stanford.smi.protegex.owl.jena.JenaKnowledgeBaseFactory.loadKnowledgeBase(Unknown Source)
	at edu.stanford.smi.protege.model.Project.loadDomainKB(Unknown Source)
	at edu.stanford.smi.protege.model.Project.createDomainKnowledgeBase(Unknown Source)
	at edu.stanford.smi.protege.model.Project.<init>(Unknown Source)
	at edu.stanford.smi.protege.model.Project.<init>(Unknown Source)
	at edu.stanford.smi.protege.model.Project.loadProjectFromURI(Unknown Source)
	at edu.stanford.smi.protege.ui.ProjectManager.loadProjectFromURI(Unknown Source)
	at edu.stanford.smi.protege.ui.ProjectManager.loadProject(Unknown Source)
	at edu.stanford.smi.protege.ui.WelcomeDialog.doOpenProject(Unknown Source)
	at edu.stanford.smi.protege.ui.WelcomeDialog.openButton_actionPerformed(Unknown Source)
	at edu.stanford.smi.protege.ui.WelcomeDialog$2.actionPerformed(Unknown Source)
	at javax.swing.AbstractButton.fireActionPerformed(Unknown Source)
	at javax.swing.AbstractButton$Handler.actionPerformed(Unknown Source)
	at javax.swing.DefaultButtonModel.fireActionPerformed(Unknown Source)
	at javax.swing.DefaultButtonModel.setPressed(Unknown Source)
	at javax.swing.plaf.basic.BasicButtonListener.mouseReleased(Unknown Source)
	at java.awt.AWTEventMulticaster.mouseReleased(Unknown Source)
	at java.awt.Component.processMouseEvent(Unknown Source)
	at javax.swing.JComponent.processMouseEvent(Unknown Source)
	at java.awt.Component.processEvent(Unknown Source)
	at java.awt.Container.processEvent(Unknown Source)
	at java.awt.Component.dispatchEventImpl(Unknown Source)
	at java.awt.Container.dispatchEventImpl(Unknown Source)
	at java.awt.Component.dispatchEvent(Unknown Source)
	at java.awt.LightweightDispatcher.retargetMouseEvent(Unknown Source)
	at java.awt.LightweightDispatcher.processMouseEvent(Unknown Source)
	at java.awt.LightweightDispatcher.dispatchEvent(Unknown Source)
	at java.awt.Container.dispatchEventImpl(Unknown Source)
	at java.awt.Window.dispatchEventImpl(Unknown Source)
	at java.awt.Component.dispatchEvent(Unknown Source)
	at java.awt.EventQueue.dispatchEventImpl(Unknown Source)
	at java.awt.EventQueue.access$400(Unknown Source)
	at java.awt.EventQueue$3.run(Unknown Source)
	at java.awt.EventQueue$3.run(Unknown Source)
	at java.security.AccessController.doPrivileged(Native Method)
	at java.security.ProtectionDomain$1.doIntersectionPrivilege(Unknown Source)
	at java.security.ProtectionDomain$1.doIntersectionPrivilege(Unknown Source)
	at java.awt.EventQueue$4.run(Unknown Source)
	at java.awt.EventQueue$4.run(Unknown Source)
	at java.security.AccessController.doPrivileged(Native Method)
	at java.security.ProtectionDomain$1.doIntersectionPrivilege(Unknown Source)
	at java.awt.EventQueue.dispatchEvent(Unknown Source)
	at java.awt.EventDispatchThread.pumpOneEventForFilters(Unknown Source)
	at java.awt.EventDispatchThread.pumpEventsForFilter(Unknown Source)
	at java.awt.EventDispatchThread.pumpEventsForFilter(Unknown Source)
	at java.awt.WaitDispatchSupport$2.run(Unknown Source)
	at java.awt.event.InvocationEvent.dispatch(Unknown Source)
	at java.awt.EventQueue.dispatchEventImpl(Unknown Source)
	at java.awt.EventQueue.access$400(Unknown Source)
	at java.awt.EventQueue$3.run(Unknown Source)
	at java.awt.EventQueue$3.run(Unknown Source)
	at java.security.AccessController.doPrivileged(Native Method)
	at java.security.ProtectionDomain$1.doIntersectionPrivilege(Unknown Source)
	at java.awt.EventQueue.dispatchEvent(Unknown Source)
	at java.awt.EventDispatchThread.pumpOneEventForFilters(Unknown Source)
	at java.awt.EventDispatchThread.pumpEventsForFilter(Unknown Source)
	at java.awt.EventDispatchThread.pumpEventsForHierarchy(Unknown Source)
	at java.awt.EventDispatchThread.pumpEvents(Unknown Source)
	at java.awt.EventDispatchThread.pumpEvents(Unknown Source)
	at java.awt.EventDispatchThread.run(Unknown Source)
Caused by: Could not get input stream for http://sqwrl.stanford.edu/ontologies/built-ins/3.4/sqwrl.owl
	at edu.stanford.smi.protegex.owl.jena.parser.ProtegeOWLParser.getInputStream(Unknown Source)
	at edu.stanford.smi.protegex.owl.repository.util.URLInputSource.getInputStream(Unknown Source)
	... 70 more
Caused by: java.net.UnknownHostException: sqwrl.stanford.edu
	at java.net.AbstractPlainSocketImpl.connect(Unknown Source)
	at java.net.PlainSocketImpl.connect(Unknown Source)
	at java.net.SocksSocketImpl.connect(Unknown Source)
	at java.net.Socket.connect(Unknown Source)
	at sun.net.NetworkClient.doConnect(Unknown Source)
	at sun.net.www.http.HttpClient.openServer(Unknown Source)
	at sun.net.www.http.HttpClient.openServer(Unknown Source)
	at sun.net.www.http.HttpClient.<init>(Unknown Source)
	at sun.net.www.http.HttpClient.New(Unknown Source)
	at sun.net.www.http.HttpClient.New(Unknown Source)
	at sun.net.www.protocol.http.HttpURLConnection.getNewHttpClient(Unknown Source)
	at sun.net.www.protocol.http.HttpURLConnection.plainConnect0(Unknown Source)
	at sun.net.www.protocol.http.HttpURLConnection.plainConnect(Unknown Source)
	at sun.net.www.protocol.http.HttpURLConnection.connect(Unknown Source)
	at sun.net.www.protocol.http.HttpURLConnection.getInputStream0(Unknown Source)
	at sun.net.www.protocol.http.HttpURLConnection.getInputStream(Unknown Source)
	at edu.stanford.smi.protegex.owl.jena.parser.ProtegeOWLParser.getInputStream(Unknown Source)
	... 71 more

2016.09.12 19:05:44.948 CST WARNING: Exception caught trying to parse http://sqwrl.stanford.edu/ontologies/built-ins/3.4/sqwrl.owl for an ontology declaration -- java.io.IOException: java.net.UnknownHostException: sqwrl.stanford.edu
	at edu.stanford.smi.protegex.owl.repository.util.URLInputSource.getInputStream(Unknown Source)
	at edu.stanford.smi.protegex.owl.repository.util.OntologyNameExtractor.searchForOntologyDeclaration(Unknown Source)
	at edu.stanford.smi.protegex.owl.repository.util.OntologyNameExtractor.init(Unknown Source)
	at edu.stanford.smi.protegex.owl.repository.util.OntologyNameExtractor.<init>(Unknown Source)
	at edu.stanford.smi.protegex.owl.repository.impl.HTTPRepository.update(Unknown Source)
	at edu.stanford.smi.protegex.owl.repository.impl.HTTPRepository.<init>(Unknown Source)
	at edu.stanford.smi.protegex.owl.repository.impl.HTTPRepositoryFactoryPlugin.createRepository(Unknown Source)
	at edu.stanford.smi.protegex.owl.repository.factory.RepositoryFactory.createOntRepository(Unknown Source)
	at edu.stanford.smi.protegex.owl.repository.util.RepositoryFileManager.loadRepositoriesFromURI(Unknown Source)
	at edu.stanford.smi.protegex.owl.repository.util.RepositoryFileManager.loadProjectRepositories(Unknown Source)
	at edu.stanford.smi.protegex.owl.repository.util.RepositoryFileManager.loadProjectRepositories(Unknown Source)
	at edu.stanford.smi.protegex.owl.jena.JenaKnowledgeBaseFactory.loadKnowledgeBase(Unknown Source)
	at edu.stanford.smi.protege.model.Project.loadDomainKB(Unknown Source)
	at edu.stanford.smi.protege.model.Project.createDomainKnowledgeBase(Unknown Source)
	at edu.stanford.smi.protege.model.Project.<init>(Unknown Source)
	at edu.stanford.smi.protege.model.Project.<init>(Unknown Source)
	at edu.stanford.smi.protege.model.Project.loadProjectFromURI(Unknown Source)
	at edu.stanford.smi.protege.ui.ProjectManager.loadProjectFromURI(Unknown Source)
	at edu.stanford.smi.protege.ui.ProjectManager.loadProject(Unknown Source)
	at edu.stanford.smi.protege.ui.WelcomeDialog.doOpenProject(Unknown Source)
	at edu.stanford.smi.protege.ui.WelcomeDialog.openButton_actionPerformed(Unknown Source)
	at edu.stanford.smi.protege.ui.WelcomeDialog$2.actionPerformed(Unknown Source)
	at javax.swing.AbstractButton.fireActionPerformed(Unknown Source)
	at javax.swing.AbstractButton$Handler.actionPerformed(Unknown Source)
	at javax.swing.DefaultButtonModel.fireActionPerformed(Unknown Source)
	at javax.swing.DefaultButtonModel.setPressed(Unknown Source)
	at javax.swing.plaf.basic.BasicButtonListener.mouseReleased(Unknown Source)
	at java.awt.AWTEventMulticaster.mouseReleased(Unknown Source)
	at java.awt.Component.processMouseEvent(Unknown Source)
	at javax.swing.JComponent.processMouseEvent(Unknown Source)
	at java.awt.Component.processEvent(Unknown Source)
	at java.awt.Container.processEvent(Unknown Source)
	at java.awt.Component.dispatchEventImpl(Unknown Source)
	at java.awt.Container.dispatchEventImpl(Unknown Source)
	at java.awt.Component.dispatchEvent(Unknown Source)
	at java.awt.LightweightDispatcher.retargetMouseEvent(Unknown Source)
	at java.awt.LightweightDispatcher.processMouseEvent(Unknown Source)
	at java.awt.LightweightDispatcher.dispatchEvent(Unknown Source)
	at java.awt.Container.dispatchEventImpl(Unknown Source)
	at java.awt.Window.dispatchEventImpl(Unknown Source)
	at java.awt.Component.dispatchEvent(Unknown Source)
	at java.awt.EventQueue.dispatchEventImpl(Unknown Source)
	at java.awt.EventQueue.access$400(Unknown Source)
	at java.awt.EventQueue$3.run(Unknown Source)
	at java.awt.EventQueue$3.run(Unknown Source)
	at java.security.AccessController.doPrivileged(Native Method)
	at java.security.ProtectionDomain$1.doIntersectionPrivilege(Unknown Source)
	at java.security.ProtectionDomain$1.doIntersectionPrivilege(Unknown Source)
	at java.awt.EventQueue$4.run(Unknown Source)
	at java.awt.EventQueue$4.run(Unknown Source)
	at java.security.AccessController.doPrivileged(Native Method)
	at java.security.ProtectionDomain$1.doIntersectionPrivilege(Unknown Source)
	at java.awt.EventQueue.dispatchEvent(Unknown Source)
	at java.awt.EventDispatchThread.pumpOneEventForFilters(Unknown Source)
	at java.awt.EventDispatchThread.pumpEventsForFilter(Unknown Source)
	at java.awt.EventDispatchThread.pumpEventsForFilter(Unknown Source)
	at java.awt.WaitDispatchSupport$2.run(Unknown Source)
	at java.awt.event.InvocationEvent.dispatch(Unknown Source)
	at java.awt.EventQueue.dispatchEventImpl(Unknown Source)
	at java.awt.EventQueue.access$400(Unknown Source)
	at java.awt.EventQueue$3.run(Unknown Source)
	at java.awt.EventQueue$3.run(Unknown Source)
	at java.security.AccessController.doPrivileged(Native Method)
	at java.security.ProtectionDomain$1.doIntersectionPrivilege(Unknown Source)
	at java.awt.EventQueue.dispatchEvent(Unknown Source)
	at java.awt.EventDispatchThread.pumpOneEventForFilters(Unknown Source)
	at java.awt.EventDispatchThread.pumpEventsForFilter(Unknown Source)
	at java.awt.EventDispatchThread.pumpEventsForHierarchy(Unknown Source)
	at java.awt.EventDispatchThread.pumpEvents(Unknown Source)
	at java.awt.EventDispatchThread.pumpEvents(Unknown Source)
	at java.awt.EventDispatchThread.run(Unknown Source)
Caused by: Could not get input stream for http://sqwrl.stanford.edu/ontologies/built-ins/3.4/sqwrl.owl
	at edu.stanford.smi.protegex.owl.jena.parser.ProtegeOWLParser.getInputStream(Unknown Source)
	at edu.stanford.smi.protegex.owl.repository.util.URLInputSource.getInputStream(Unknown Source)
	... 70 more
Caused by: java.net.UnknownHostException: sqwrl.stanford.edu
	at java.net.AbstractPlainSocketImpl.connect(Unknown Source)
	at java.net.PlainSocketImpl.connect(Unknown Source)
	at java.net.SocksSocketImpl.connect(Unknown Source)
	at java.net.Socket.connect(Unknown Source)
	at sun.net.NetworkClient.doConnect(Unknown Source)
	at sun.net.www.http.HttpClient.openServer(Unknown Source)
	at sun.net.www.http.HttpClient.openServer(Unknown Source)
	at sun.net.www.http.HttpClient.<init>(Unknown Source)
	at sun.net.www.http.HttpClient.New(Unknown Source)
	at sun.net.www.http.HttpClient.New(Unknown Source)
	at sun.net.www.protocol.http.HttpURLConnection.getNewHttpClient(Unknown Source)
	at sun.net.www.protocol.http.HttpURLConnection.plainConnect0(Unknown Source)
	at sun.net.www.protocol.http.HttpURLConnection.plainConnect(Unknown Source)
	at sun.net.www.protocol.http.HttpURLConnection.connect(Unknown Source)
	at sun.net.www.protocol.http.HttpURLConnection.getInputStream0(Unknown Source)
	at sun.net.www.protocol.http.HttpURLConnection.getInputStream(Unknown Source)
	at edu.stanford.smi.protegex.owl.jena.parser.ProtegeOWLParser.getInputStream(Unknown Source)
	... 71 more

2016.09.12 19:05:45.001 CST INFO: Loading triples for: file:/E:/AGVsModel/AGVs1.owl -- ProtegeOWLParser.loadTriples()
2016.09.12 19:05:45.371 CST INFO:     Completed triple loading after 367 ms -- ProtegeOWLParser.loadTriples()
2016.09.12 19:05:45.373 CST WARNING: Exception caught trying to parse http://sqwrl.stanford.edu/ontologies/built-ins/3.4/sqwrl.owl for an ontology declaration -- java.io.IOException: java.net.UnknownHostException: sqwrl.stanford.edu
	at edu.stanford.smi.protegex.owl.repository.util.URLInputSource.getInputStream(Unknown Source)
	at edu.stanford.smi.protegex.owl.repository.util.OntologyNameExtractor.searchForOntologyDeclaration(Unknown Source)
	at edu.stanford.smi.protegex.owl.repository.util.OntologyNameExtractor.init(Unknown Source)
	at edu.stanford.smi.protegex.owl.repository.util.OntologyNameExtractor.<init>(Unknown Source)
	at edu.stanford.smi.protegex.owl.repository.impl.HTTPRepository.update(Unknown Source)
	at edu.stanford.smi.protegex.owl.repository.impl.HTTPRepository.<init>(Unknown Source)
	at edu.stanford.smi.protegex.owl.repository.RepositoryManager.getRepository(Unknown Source)
	at edu.stanford.smi.protegex.owl.model.impl.AbstractOWLModel.getRepository(Unknown Source)
	at edu.stanford.smi.protegex.owl.model.impl.AbstractOWLModel.loadImportedAssertions(Unknown Source)
	at edu.stanford.smi.protegex.owl.jena.parser.ProtegeOWLParser.processImports(Unknown Source)
	at edu.stanford.smi.protegex.owl.jena.parser.ProtegeOWLParser.loadTriples(Unknown Source)
	at edu.stanford.smi.protegex.owl.jena.parser.ProtegeOWLParser.run(Unknown Source)
	at edu.stanford.smi.protegex.owl.jena.JenaKnowledgeBaseFactory.loadKnowledgeBase(Unknown Source)
	at edu.stanford.smi.protege.model.Project.loadDomainKB(Unknown Source)
	at edu.stanford.smi.protege.model.Project.createDomainKnowledgeBase(Unknown Source)
	at edu.stanford.smi.protege.model.Project.<init>(Unknown Source)
	at edu.stanford.smi.protege.model.Project.<init>(Unknown Source)
	at edu.stanford.smi.protege.model.Project.loadProjectFromURI(Unknown Source)
	at edu.stanford.smi.protege.ui.ProjectManager.loadProjectFromURI(Unknown Source)
	at edu.stanford.smi.protege.ui.ProjectManager.loadProject(Unknown Source)
	at edu.stanford.smi.protege.ui.WelcomeDialog.doOpenProject(Unknown Source)
	at edu.stanford.smi.protege.ui.WelcomeDialog.openButton_actionPerformed(Unknown Source)
	at edu.stanford.smi.protege.ui.WelcomeDialog$2.actionPerformed(Unknown Source)
	at javax.swing.AbstractButton.fireActionPerformed(Unknown Source)
	at javax.swing.AbstractButton$Handler.actionPerformed(Unknown Source)
	at javax.swing.DefaultButtonModel.fireActionPerformed(Unknown Source)
	at javax.swing.DefaultButtonModel.setPressed(Unknown Source)
	at javax.swing.plaf.basic.BasicButtonListener.mouseReleased(Unknown Source)
	at java.awt.AWTEventMulticaster.mouseReleased(Unknown Source)
	at java.awt.Component.processMouseEvent(Unknown Source)
	at javax.swing.JComponent.processMouseEvent(Unknown Source)
	at java.awt.Component.processEvent(Unknown Source)
	at java.awt.Container.processEvent(Unknown Source)
	at java.awt.Component.dispatchEventImpl(Unknown Source)
	at java.awt.Container.dispatchEventImpl(Unknown Source)
	at java.awt.Component.dispatchEvent(Unknown Source)
	at java.awt.LightweightDispatcher.retargetMouseEvent(Unknown Source)
	at java.awt.LightweightDispatcher.processMouseEvent(Unknown Source)
	at java.awt.LightweightDispatcher.dispatchEvent(Unknown Source)
	at java.awt.Container.dispatchEventImpl(Unknown Source)
	at java.awt.Window.dispatchEventImpl(Unknown Source)
	at java.awt.Component.dispatchEvent(Unknown Source)
	at java.awt.EventQueue.dispatchEventImpl(Unknown Source)
	at java.awt.EventQueue.access$400(Unknown Source)
	at java.awt.EventQueue$3.run(Unknown Source)
	at java.awt.EventQueue$3.run(Unknown Source)
	at java.security.AccessController.doPrivileged(Native Method)
	at java.security.ProtectionDomain$1.doIntersectionPrivilege(Unknown Source)
	at java.security.ProtectionDomain$1.doIntersectionPrivilege(Unknown Source)
	at java.awt.EventQueue$4.run(Unknown Source)
	at java.awt.EventQueue$4.run(Unknown Source)
	at java.security.AccessController.doPrivileged(Native Method)
	at java.security.ProtectionDomain$1.doIntersectionPrivilege(Unknown Source)
	at java.awt.EventQueue.dispatchEvent(Unknown Source)
	at java.awt.EventDispatchThread.pumpOneEventForFilters(Unknown Source)
	at java.awt.EventDispatchThread.pumpEventsForFilter(Unknown Source)
	at java.awt.EventDispatchThread.pumpEventsForFilter(Unknown Source)
	at java.awt.WaitDispatchSupport$2.run(Unknown Source)
	at java.awt.event.InvocationEvent.dispatch(Unknown Source)
	at java.awt.EventQueue.dispatchEventImpl(Unknown Source)
	at java.awt.EventQueue.access$400(Unknown Source)
	at java.awt.EventQueue$3.run(Unknown Source)
	at java.awt.EventQueue$3.run(Unknown Source)
	at java.security.AccessController.doPrivileged(Native Method)
	at java.security.ProtectionDomain$1.doIntersectionPrivilege(Unknown Source)
	at java.awt.EventQueue.dispatchEvent(Unknown Source)
	at java.awt.EventDispatchThread.pumpOneEventForFilters(Unknown Source)
	at java.awt.EventDispatchThread.pumpEventsForFilter(Unknown Source)
	at java.awt.EventDispatchThread.pumpEventsForHierarchy(Unknown Source)
	at java.awt.EventDispatchThread.pumpEvents(Unknown Source)
	at java.awt.EventDispatchThread.pumpEvents(Unknown Source)
	at java.awt.EventDispatchThread.run(Unknown Source)
Caused by: Could not get input stream for http://sqwrl.stanford.edu/ontologies/built-ins/3.4/sqwrl.owl
	at edu.stanford.smi.protegex.owl.jena.parser.ProtegeOWLParser.getInputStream(Unknown Source)
	at edu.stanford.smi.protegex.owl.repository.util.URLInputSource.getInputStream(Unknown Source)
	... 71 more
Caused by: java.net.UnknownHostException: sqwrl.stanford.edu
	at java.net.AbstractPlainSocketImpl.connect(Unknown Source)
	at java.net.PlainSocketImpl.connect(Unknown Source)
	at java.net.SocksSocketImpl.connect(Unknown Source)
	at java.net.Socket.connect(Unknown Source)
	at sun.net.NetworkClient.doConnect(Unknown Source)
	at sun.net.www.http.HttpClient.openServer(Unknown Source)
	at sun.net.www.http.HttpClient.openServer(Unknown Source)
	at sun.net.www.http.HttpClient.<init>(Unknown Source)
	at sun.net.www.http.HttpClient.New(Unknown Source)
	at sun.net.www.http.HttpClient.New(Unknown Source)
	at sun.net.www.protocol.http.HttpURLConnection.getNewHttpClient(Unknown Source)
	at sun.net.www.protocol.http.HttpURLConnection.plainConnect0(Unknown Source)
	at sun.net.www.protocol.http.HttpURLConnection.plainConnect(Unknown Source)
	at sun.net.www.protocol.http.HttpURLConnection.connect(Unknown Source)
	at sun.net.www.protocol.http.HttpURLConnection.getInputStream0(Unknown Source)
	at sun.net.www.protocol.http.HttpURLConnection.getInputStream(Unknown Source)
	at edu.stanford.smi.protegex.owl.jena.parser.ProtegeOWLParser.getInputStream(Unknown Source)
	... 72 more

2016.09.12 19:05:45.380 CST WARNING: Exception caught trying to parse http://sqwrl.stanford.edu/ontologies/built-ins/3.4/sqwrl.owl for an ontology declaration -- java.io.IOException: java.net.UnknownHostException: sqwrl.stanford.edu
	at edu.stanford.smi.protegex.owl.repository.util.URLInputSource.getInputStream(Unknown Source)
	at edu.stanford.smi.protegex.owl.repository.util.OntologyNameExtractor.searchForOntologyDeclaration(Unknown Source)
	at edu.stanford.smi.protegex.owl.repository.util.OntologyNameExtractor.init(Unknown Source)
	at edu.stanford.smi.protegex.owl.repository.util.OntologyNameExtractor.<init>(Unknown Source)
	at edu.stanford.smi.protegex.owl.repository.impl.ForcedURLRetrievalRepository.refresh(Unknown Source)
	at edu.stanford.smi.protegex.owl.repository.impl.ForcedURLRetrievalRepository.<init>(Unknown Source)
	at edu.stanford.smi.protegex.owl.repository.RepositoryManager.getRepository(Unknown Source)
	at edu.stanford.smi.protegex.owl.model.impl.AbstractOWLModel.getRepository(Unknown Source)
	at edu.stanford.smi.protegex.owl.model.impl.AbstractOWLModel.loadImportedAssertions(Unknown Source)
	at edu.stanford.smi.protegex.owl.jena.parser.ProtegeOWLParser.processImports(Unknown Source)
	at edu.stanford.smi.protegex.owl.jena.parser.ProtegeOWLParser.loadTriples(Unknown Source)
	at edu.stanford.smi.protegex.owl.jena.parser.ProtegeOWLParser.run(Unknown Source)
	at edu.stanford.smi.protegex.owl.jena.JenaKnowledgeBaseFactory.loadKnowledgeBase(Unknown Source)
	at edu.stanford.smi.protege.model.Project.loadDomainKB(Unknown Source)
	at edu.stanford.smi.protege.model.Project.createDomainKnowledgeBase(Unknown Source)
	at edu.stanford.smi.protege.model.Project.<init>(Unknown Source)
	at edu.stanford.smi.protege.model.Project.<init>(Unknown Source)
	at edu.stanford.smi.protege.model.Project.loadProjectFromURI(Unknown Source)
	at edu.stanford.smi.protege.ui.ProjectManager.loadProjectFromURI(Unknown Source)
	at edu.stanford.smi.protege.ui.ProjectManager.loadProject(Unknown Source)
	at edu.stanford.smi.protege.ui.WelcomeDialog.doOpenProject(Unknown Source)
	at edu.stanford.smi.protege.ui.WelcomeDialog.openButton_actionPerformed(Unknown Source)
	at edu.stanford.smi.protege.ui.WelcomeDialog$2.actionPerformed(Unknown Source)
	at javax.swing.AbstractButton.fireActionPerformed(Unknown Source)
	at javax.swing.AbstractButton$Handler.actionPerformed(Unknown Source)
	at javax.swing.DefaultButtonModel.fireActionPerformed(Unknown Source)
	at javax.swing.DefaultButtonModel.setPressed(Unknown Source)
	at javax.swing.plaf.basic.BasicButtonListener.mouseReleased(Unknown Source)
	at java.awt.AWTEventMulticaster.mouseReleased(Unknown Source)
	at java.awt.Component.processMouseEvent(Unknown Source)
	at javax.swing.JComponent.processMouseEvent(Unknown Source)
	at java.awt.Component.processEvent(Unknown Source)
	at java.awt.Container.processEvent(Unknown Source)
	at java.awt.Component.dispatchEventImpl(Unknown Source)
	at java.awt.Container.dispatchEventImpl(Unknown Source)
	at java.awt.Component.dispatchEvent(Unknown Source)
	at java.awt.LightweightDispatcher.retargetMouseEvent(Unknown Source)
	at java.awt.LightweightDispatcher.processMouseEvent(Unknown Source)
	at java.awt.LightweightDispatcher.dispatchEvent(Unknown Source)
	at java.awt.Container.dispatchEventImpl(Unknown Source)
	at java.awt.Window.dispatchEventImpl(Unknown Source)
	at java.awt.Component.dispatchEvent(Unknown Source)
	at java.awt.EventQueue.dispatchEventImpl(Unknown Source)
	at java.awt.EventQueue.access$400(Unknown Source)
	at java.awt.EventQueue$3.run(Unknown Source)
	at java.awt.EventQueue$3.run(Unknown Source)
	at java.security.AccessController.doPrivileged(Native Method)
	at java.security.ProtectionDomain$1.doIntersectionPrivilege(Unknown Source)
	at java.security.ProtectionDomain$1.doIntersectionPrivilege(Unknown Source)
	at java.awt.EventQueue$4.run(Unknown Source)
	at java.awt.EventQueue$4.run(Unknown Source)
	at java.security.AccessController.doPrivileged(Native Method)
	at java.security.ProtectionDomain$1.doIntersectionPrivilege(Unknown Source)
	at java.awt.EventQueue.dispatchEvent(Unknown Source)
	at java.awt.EventDispatchThread.pumpOneEventForFilters(Unknown Source)
	at java.awt.EventDispatchThread.pumpEventsForFilter(Unknown Source)
	at java.awt.EventDispatchThread.pumpEventsForFilter(Unknown Source)
	at java.awt.WaitDispatchSupport$2.run(Unknown Source)
	at java.awt.event.InvocationEvent.dispatch(Unknown Source)
	at java.awt.EventQueue.dispatchEventImpl(Unknown Source)
	at java.awt.EventQueue.access$400(Unknown Source)
	at java.awt.EventQueue$3.run(Unknown Source)
	at java.awt.EventQueue$3.run(Unknown Source)
	at java.security.AccessController.doPrivileged(Native Method)
	at java.security.ProtectionDomain$1.doIntersectionPrivilege(Unknown Source)
	at java.awt.EventQueue.dispatchEvent(Unknown Source)
	at java.awt.EventDispatchThread.pumpOneEventForFilters(Unknown Source)
	at java.awt.EventDispatchThread.pumpEventsForFilter(Unknown Source)
	at java.awt.EventDispatchThread.pumpEventsForHierarchy(Unknown Source)
	at java.awt.EventDispatchThread.pumpEvents(Unknown Source)
	at java.awt.EventDispatchThread.pumpEvents(Unknown Source)
	at java.awt.EventDispatchThread.run(Unknown Source)
Caused by: Could not get input stream for http://sqwrl.stanford.edu/ontologies/built-ins/3.4/sqwrl.owl
	at edu.stanford.smi.protegex.owl.jena.parser.ProtegeOWLParser.getInputStream(Unknown Source)
	at edu.stanford.smi.protegex.owl.repository.util.URLInputSource.getInputStream(Unknown Source)
	... 71 more
Caused by: java.net.UnknownHostException: sqwrl.stanford.edu
	at java.net.AbstractPlainSocketImpl.connect(Unknown Source)
	at java.net.PlainSocketImpl.connect(Unknown Source)
	at java.net.SocksSocketImpl.connect(Unknown Source)
	at java.net.Socket.connect(Unknown Source)
	at sun.net.NetworkClient.doConnect(Unknown Source)
	at sun.net.www.http.HttpClient.openServer(Unknown Source)
	at sun.net.www.http.HttpClient.openServer(Unknown Source)
	at sun.net.www.http.HttpClient.<init>(Unknown Source)
	at sun.net.www.http.HttpClient.New(Unknown Source)
	at sun.net.www.http.HttpClient.New(Unknown Source)
	at sun.net.www.protocol.http.HttpURLConnection.getNewHttpClient(Unknown Source)
	at sun.net.www.protocol.http.HttpURLConnection.plainConnect0(Unknown Source)
	at sun.net.www.protocol.http.HttpURLConnection.plainConnect(Unknown Source)
	at sun.net.www.protocol.http.HttpURLConnection.connect(Unknown Source)
	at sun.net.www.protocol.http.HttpURLConnection.getInputStream0(Unknown Source)
	at sun.net.www.protocol.http.HttpURLConnection.getInputStream(Unknown Source)
	at edu.stanford.smi.protegex.owl.jena.parser.ProtegeOWLParser.getInputStream(Unknown Source)
	... 72 more

2016.09.12 19:06:03.291 CST INFO: Importing http://swrl.stanford.edu/ontologies/3.3/swrla.owl from location: http://swrl.stanford.edu/ontologies/3.3/swrla.owl -- AbstractOWLModel.loadImportedAssertions()
2016.09.12 19:06:04.105 CST INFO: Loading triples for: http://swrl.stanford.edu/ontologies/3.3/swrla.owl -- ProtegeOWLParser.loadTriples()
2016.09.12 19:06:04.165 CST INFO:     Completed triple loading after 59 ms -- ProtegeOWLParser.loadTriples()
2016.09.12 19:06:04.166 CST INFO: Postprocess: Process entities with incorrect Java type (0 entities) ...  -- TriplePostProcessor.processFramesWithWrongJavaType()
2016.09.12 19:06:04.166 CST INFO: 0 ms
 -- TriplePostProcessor.processFramesWithWrongJavaType()
2016.09.12 19:06:04.167 CST INFO: Postprocess: Process metaclasses (3 metaclasses) ...  -- TriplePostProcessor.processMetaclasses()
2016.09.12 19:06:04.167 CST INFO: 0 ms
 -- TriplePostProcessor.processMetaclasses()
2016.09.12 19:06:04.168 CST INFO: Postprocess: Process subclasses of rdf:List (1 classes) ...  -- TriplePostProcessor.processSubclassesOfRdfList()
2016.09.12 19:06:04.168 CST INFO: 0 ms
 -- TriplePostProcessor.processSubclassesOfRdfList()
2016.09.12 19:06:04.168 CST INFO: Postprocess: Instances with multiple types (29 instances) ...  -- TriplePostProcessor.processInstancesWithMultipleTypes()
2016.09.12 19:06:04.170 CST INFO: 2 ms
 -- TriplePostProcessor.processInstancesWithMultipleTypes()
2016.09.12 19:06:04.173 CST INFO: Postprocess: Add inferred superclasses ...  -- TriplePostProcessor.processInferredSuperclasses()
2016.09.12 19:06:04.173 CST INFO: 0 ms
 -- TriplePostProcessor.processInferredSuperclasses()
2016.09.12 19:06:04.177 CST INFO: Postprocess: Process orphan classes (45 classes) ...  -- TriplePostProcessor.processOrphanClses()
2016.09.12 19:06:04.181 CST INFO: 4 ms
 -- TriplePostProcessor.processOrphanClses()
2016.09.12 19:06:04.182 CST INFO: Postprocess: Generalized Concept Inclusion (0 axioms) ...  -- TriplePostProcessor.processGeneralizedConceptInclusions()
2016.09.12 19:06:04.182 CST INFO: 0 ms
 -- TriplePostProcessor.processGeneralizedConceptInclusions()
2016.09.12 19:06:04.182 CST INFO: Postprocess: Abstract classes...  -- TriplePostProcessor.processAbstractClasses()
2016.09.12 19:06:04.182 CST INFO: 0 ms
 -- TriplePostProcessor.processAbstractClasses()
2016.09.12 19:06:04.182 CST INFO: Postprocess: Domain and range of properties...  -- TriplePostProcessor.processDomainAndRange()
2016.09.12 19:06:04.192 CST INFO: 10 ms
 -- TriplePostProcessor.processDomainAndRange()
2016.09.12 19:06:04.193 CST INFO: Postprocess: Possibly typed entities (1 resources) ...  -- TriplePostProcessor.processPossiblyTypedResources()
2016.09.12 19:06:04.193 CST INFO: 0 ms
 -- TriplePostProcessor.processPossiblyTypedResources()
2016.09.12 19:06:04.193 CST INFO: Updating underlying frames model in 0 ms -- ProtegeOWLParser.doFinalPostProcessing()
2016.09.12 19:06:05.491 CST WARNING: Could not open default Profile file. Message: rethrew: java.io.FileNotFoundException: C:\Users\Administrator\workspace\RPT-plugin0504\plugins\edu.stanford.smi.protegex.owl\OWLProfiles.owl (系统找不到指定的路径。) -- ProfilesManager.getDefaultProfileOntModel()
2016.09.12 19:06:06.254 CST INFO: Postprocess: Process entities with incorrect Java type (0 entities) ...  -- TriplePostProcessor.processFramesWithWrongJavaType()
2016.09.12 19:06:06.254 CST INFO: 0 ms
 -- TriplePostProcessor.processFramesWithWrongJavaType()
2016.09.12 19:06:06.254 CST INFO: Postprocess: Process metaclasses (3 metaclasses) ...  -- TriplePostProcessor.processMetaclasses()
2016.09.12 19:06:06.255 CST INFO: 0 ms
 -- TriplePostProcessor.processMetaclasses()
2016.09.12 19:06:06.255 CST INFO: Postprocess: Process subclasses of rdf:List (1 classes) ...  -- TriplePostProcessor.processSubclassesOfRdfList()
2016.09.12 19:06:06.255 CST INFO: 0 ms
 -- TriplePostProcessor.processSubclassesOfRdfList()
2016.09.12 19:06:06.255 CST INFO: Postprocess: Instances with multiple types (29 instances) ...  -- TriplePostProcessor.processInstancesWithMultipleTypes()
2016.09.12 19:06:06.255 CST INFO: 0 ms
 -- TriplePostProcessor.processInstancesWithMultipleTypes()
2016.09.12 19:06:06.255 CST INFO: Postprocess: Add inferred superclasses ...  -- TriplePostProcessor.processInferredSuperclasses()
2016.09.12 19:06:06.256 CST INFO: 0 ms
 -- TriplePostProcessor.processInferredSuperclasses()
2016.09.12 19:06:06.256 CST INFO: Postprocess: Process orphan classes (45 classes) ...  -- TriplePostProcessor.processOrphanClses()
2016.09.12 19:06:06.257 CST INFO: 1 ms
 -- TriplePostProcessor.processOrphanClses()
2016.09.12 19:06:06.257 CST INFO: Postprocess: Generalized Concept Inclusion (0 axioms) ...  -- TriplePostProcessor.processGeneralizedConceptInclusions()
2016.09.12 19:06:06.258 CST INFO: 0 ms
 -- TriplePostProcessor.processGeneralizedConceptInclusions()
2016.09.12 19:06:06.258 CST INFO: Postprocess: Abstract classes...  -- TriplePostProcessor.processAbstractClasses()
2016.09.12 19:06:06.258 CST INFO: 0 ms
 -- TriplePostProcessor.processAbstractClasses()
2016.09.12 19:06:06.258 CST INFO: Postprocess: Domain and range of properties...  -- TriplePostProcessor.processDomainAndRange()
2016.09.12 19:06:06.310 CST INFO: 52 ms
 -- TriplePostProcessor.processDomainAndRange()
2016.09.12 19:06:06.311 CST INFO: Postprocess: Possibly typed entities (1 resources) ...  -- TriplePostProcessor.processPossiblyTypedResources()
2016.09.12 19:06:06.311 CST INFO: 0 ms
 -- TriplePostProcessor.processPossiblyTypedResources()
2016.09.12 19:06:06.311 CST INFO: Updating underlying frames model in 0 ms -- ProtegeOWLParser.doFinalPostProcessing()
2016.09.12 19:06:06.356 CST INFO: SWRLJessBridge load failed: could not find jess.Rete - or an error occured on initialization -- BridgePluginManager.<clinit>()
2016.09.12 19:06:06.357 CST INFO: SQWRLQueryTab load failed: could not find jess.Rete - or an error occured on initialization -- BridgePluginManager.<clinit>()
2016.09.12 19:06:18.684 CST INFO: Load time for file:\E:\AGVsModel\AGVs1.pprj = 32 sec (project) + 14 sec (ui) -- ProjectManager$3.run()
