2016.09.12 19:29:10.825 CST INFO: *** SYSTEM START ***
2016.09.12 19:29:11.185 CST WARNING: missing bundle: protege_text -- BundleHelper.<init>()
2016.09.12 19:29:14.034 CST WARNING: [Local Folder Repository] The specified file must be a directory. (C:\Users\Administrator\workspace\RPT-plugin0504\plugins\edu.stanford.smi.protegex.owl) -- LocalFolderRepository.update()
2016.09.12 19:29:15.578 CST INFO: Loading triples for: file:/E:/AGVsModel/AGVs1.owl -- ProtegeOWLParser.loadTriples()
2016.09.12 19:29:15.932 CST INFO:     Completed triple loading after 352 ms -- ProtegeOWLParser.loadTriples()
2016.09.12 19:29:15.933 CST INFO: Importing http://sqwrl.stanford.edu/ontologies/built-ins/3.4/sqwrl.owl from location: http://sqwrl.stanford.edu/ontologies/built-ins/3.4/sqwrl.owl -- AbstractOWLModel.loadImportedAssertions()
2016.09.12 19:29:16.751 CST INFO: Loading triples for: http://sqwrl.stanford.edu/ontologies/built-ins/3.4/sqwrl.owl -- ProtegeOWLParser.loadTriples()
2016.09.12 19:29:16.770 CST INFO:     Completed triple loading after 18 ms -- ProtegeOWLParser.loadTriples()
2016.09.12 19:29:16.776 CST INFO: Importing http://swrl.stanford.edu/ontologies/3.3/swrla.owl from location: http://swrl.stanford.edu/ontologies/3.3/swrla.owl -- AbstractOWLModel.loadImportedAssertions()
2016.09.12 19:29:17.599 CST INFO: Loading triples for: http://swrl.stanford.edu/ontologies/3.3/swrla.owl -- ProtegeOWLParser.loadTriples()
2016.09.12 19:29:17.630 CST INFO:     Completed triple loading after 29 ms -- ProtegeOWLParser.loadTriples()
2016.09.12 19:29:17.631 CST INFO: Postprocess: Process entities with incorrect Java type (0 entities) ...  -- TriplePostProcessor.processFramesWithWrongJavaType()
2016.09.12 19:29:17.632 CST INFO: 1 ms
 -- TriplePostProcessor.processFramesWithWrongJavaType()
2016.09.12 19:29:17.632 CST INFO: Postprocess: Process metaclasses (3 metaclasses) ...  -- TriplePostProcessor.processMetaclasses()
2016.09.12 19:29:17.633 CST INFO: 1 ms
 -- TriplePostProcessor.processMetaclasses()
2016.09.12 19:29:17.633 CST INFO: Postprocess: Process subclasses of rdf:List (1 classes) ...  -- TriplePostProcessor.processSubclassesOfRdfList()
2016.09.12 19:29:17.633 CST INFO: 0 ms
 -- TriplePostProcessor.processSubclassesOfRdfList()
2016.09.12 19:29:17.634 CST INFO: Postprocess: Instances with multiple types (30 instances) ...  -- TriplePostProcessor.processInstancesWithMultipleTypes()
2016.09.12 19:29:17.637 CST INFO: 3 ms
 -- TriplePostProcessor.processInstancesWithMultipleTypes()
2016.09.12 19:29:17.637 CST INFO: Postprocess: Add inferred superclasses ...  -- TriplePostProcessor.processInferredSuperclasses()
2016.09.12 19:29:17.638 CST INFO: 0 ms
 -- TriplePostProcessor.processInferredSuperclasses()
2016.09.12 19:29:17.643 CST INFO: Postprocess: Process orphan classes (45 classes) ...  -- TriplePostProcessor.processOrphanClses()
2016.09.12 19:29:17.647 CST INFO: 3 ms
 -- TriplePostProcessor.processOrphanClses()
2016.09.12 19:29:17.647 CST INFO: Postprocess: Generalized Concept Inclusion (0 axioms) ...  -- TriplePostProcessor.processGeneralizedConceptInclusions()
2016.09.12 19:29:17.648 CST INFO: 0 ms
 -- TriplePostProcessor.processGeneralizedConceptInclusions()
2016.09.12 19:29:17.648 CST INFO: Postprocess: Abstract classes...  -- TriplePostProcessor.processAbstractClasses()
2016.09.12 19:29:17.648 CST INFO: 0 ms
 -- TriplePostProcessor.processAbstractClasses()
2016.09.12 19:29:17.648 CST INFO: Postprocess: Domain and range of properties...  -- TriplePostProcessor.processDomainAndRange()
2016.09.12 19:29:17.659 CST INFO: 11 ms
 -- TriplePostProcessor.processDomainAndRange()
2016.09.12 19:29:17.659 CST INFO: Postprocess: Possibly typed entities (0 resources) ...  -- TriplePostProcessor.processPossiblyTypedResources()
2016.09.12 19:29:17.660 CST INFO: 0 ms
 -- TriplePostProcessor.processPossiblyTypedResources()
2016.09.12 19:29:17.660 CST INFO: Updating underlying frames model in 0 ms -- ProtegeOWLParser.doFinalPostProcessing()
2016.09.12 19:29:19.179 CST WARNING: Could not open default Profile file. Message: rethrew: java.io.FileNotFoundException: C:\Users\Administrator\workspace\RPT-plugin0504\plugins\edu.stanford.smi.protegex.owl\OWLProfiles.owl (系统找不到指定的路径。) -- ProfilesManager.getDefaultProfileOntModel()
2016.09.12 19:29:19.905 CST INFO: SWRLJessBridge load failed: could not find jess.Rete - or an error occured on initialization -- BridgePluginManager.<clinit>()
2016.09.12 19:29:19.906 CST INFO: SQWRLQueryTab load failed: could not find jess.Rete - or an error occured on initialization -- BridgePluginManager.<clinit>()
2016.09.12 19:29:22.250 CST INFO: Load time for file:\E:\AGVsModel\AGVs1.pprj = 5 sec (project) + 4 sec (ui) -- ProjectManager$3.run()
