2016.05.13 11:19:13.649 CST INFO: *** SYSTEM START ***
2016.05.13 11:19:14.018 CST WARNING: missing bundle: protege_text -- BundleHelper.<init>()
2016.05.13 11:19:16.980 CST WARNING: [Local Folder Repository] The specified file must be a directory. (C:\Users\Administrator\workspace\RPT-plugin0504\plugins\edu.stanford.smi.protegex.owl) -- LocalFolderRepository.update()
2016.05.13 11:19:18.884 CST INFO: Loading triples for: file:/E:/AGVsModel/AGVs1.owl -- ProtegeOWLParser.loadTriples()
2016.05.13 11:19:19.222 CST INFO:     Completed triple loading after 333 ms -- ProtegeOWLParser.loadTriples()
2016.05.13 11:19:19.222 CST INFO: Importing http://sqwrl.stanford.edu/ontologies/built-ins/3.4/sqwrl.owl from location: http://sqwrl.stanford.edu/ontologies/built-ins/3.4/sqwrl.owl -- AbstractOWLModel.loadImportedAssertions()
2016.05.13 11:19:19.987 CST INFO: Loading triples for: http://sqwrl.stanford.edu/ontologies/built-ins/3.4/sqwrl.owl -- ProtegeOWLParser.loadTriples()
2016.05.13 11:19:20.007 CST INFO:     Completed triple loading after 19 ms -- ProtegeOWLParser.loadTriples()
2016.05.13 11:19:20.012 CST INFO: Importing http://swrl.stanford.edu/ontologies/3.3/swrla.owl from location: http://swrl.stanford.edu/ontologies/3.3/swrla.owl -- AbstractOWLModel.loadImportedAssertions()
2016.05.13 11:19:20.769 CST INFO: Loading triples for: http://swrl.stanford.edu/ontologies/3.3/swrla.owl -- ProtegeOWLParser.loadTriples()
2016.05.13 11:19:20.990 CST INFO:     Completed triple loading after 220 ms -- ProtegeOWLParser.loadTriples()
2016.05.13 11:19:20.991 CST INFO: Postprocess: Process entities with incorrect Java type (0 entities) ...  -- TriplePostProcessor.processFramesWithWrongJavaType()
2016.05.13 11:19:20.991 CST INFO: 0 ms
 -- TriplePostProcessor.processFramesWithWrongJavaType()
2016.05.13 11:19:20.992 CST INFO: Postprocess: Process metaclasses (3 metaclasses) ...  -- TriplePostProcessor.processMetaclasses()
2016.05.13 11:19:20.993 CST INFO: 1 ms
 -- TriplePostProcessor.processMetaclasses()
2016.05.13 11:19:20.993 CST INFO: Postprocess: Process subclasses of rdf:List (1 classes) ...  -- TriplePostProcessor.processSubclassesOfRdfList()
2016.05.13 11:19:20.993 CST INFO: 0 ms
 -- TriplePostProcessor.processSubclassesOfRdfList()
2016.05.13 11:19:20.993 CST INFO: Postprocess: Instances with multiple types (21 instances) ...  -- TriplePostProcessor.processInstancesWithMultipleTypes()
2016.05.13 11:19:20.996 CST INFO: 3 ms
 -- TriplePostProcessor.processInstancesWithMultipleTypes()
2016.05.13 11:19:20.996 CST INFO: Postprocess: Add inferred superclasses ...  -- TriplePostProcessor.processInferredSuperclasses()
2016.05.13 11:19:20.997 CST INFO: 0 ms
 -- TriplePostProcessor.processInferredSuperclasses()
2016.05.13 11:19:21.000 CST INFO: Postprocess: Process orphan classes (39 classes) ...  -- TriplePostProcessor.processOrphanClses()
2016.05.13 11:19:21.004 CST INFO: 3 ms
 -- TriplePostProcessor.processOrphanClses()
2016.05.13 11:19:21.005 CST INFO: Postprocess: Generalized Concept Inclusion (0 axioms) ...  -- TriplePostProcessor.processGeneralizedConceptInclusions()
2016.05.13 11:19:21.005 CST INFO: 0 ms
 -- TriplePostProcessor.processGeneralizedConceptInclusions()
2016.05.13 11:19:21.006 CST INFO: Postprocess: Abstract classes...  -- TriplePostProcessor.processAbstractClasses()
2016.05.13 11:19:21.006 CST INFO: 0 ms
 -- TriplePostProcessor.processAbstractClasses()
2016.05.13 11:19:21.006 CST INFO: Postprocess: Domain and range of properties...  -- TriplePostProcessor.processDomainAndRange()
2016.05.13 11:19:21.015 CST INFO: 9 ms
 -- TriplePostProcessor.processDomainAndRange()
2016.05.13 11:19:21.016 CST INFO: Postprocess: Possibly typed entities (0 resources) ...  -- TriplePostProcessor.processPossiblyTypedResources()
2016.05.13 11:19:21.016 CST INFO: 0 ms
 -- TriplePostProcessor.processPossiblyTypedResources()
2016.05.13 11:19:21.016 CST INFO: Updating underlying frames model in 0 ms -- ProtegeOWLParser.doFinalPostProcessing()
2016.05.13 11:19:22.358 CST WARNING: Could not open default Profile file. Message: rethrew: java.io.FileNotFoundException: C:\Users\Administrator\workspace\RPT-plugin0504\plugins\edu.stanford.smi.protegex.owl\OWLProfiles.owl (系统找不到指定的路径。) -- ProfilesManager.getDefaultProfileOntModel()
2016.05.13 11:19:23.146 CST INFO: SWRLJessBridge load failed: could not find jess.Rete - or an error occured on initialization -- BridgePluginManager.<clinit>()
2016.05.13 11:19:23.148 CST INFO: SQWRLQueryTab load failed: could not find jess.Rete - or an error occured on initialization -- BridgePluginManager.<clinit>()
2016.05.13 11:19:24.745 CST INFO: Load time for file:\E:\AGVsModel\AGVs1.pprj = 5 sec (project) + 3 sec (ui) -- ProjectManager$3.run()
2016.05.13 11:19:58.964 CST INFO: ... saving successful to: E:\AGVsModel\AGVs1.owl -- Protege2Jena.saveAll()
2016.05.13 11:20:11.335 CST INFO: *** SYSTEM START ***
2016.05.13 11:20:11.687 CST WARNING: missing bundle: protege_text -- BundleHelper.<init>()
2016.05.13 11:20:14.214 CST WARNING: [Local Folder Repository] The specified file must be a directory. (C:\Users\Administrator\workspace\RPT-plugin0504\plugins\edu.stanford.smi.protegex.owl) -- LocalFolderRepository.update()
2016.05.13 11:20:16.128 CST INFO: Loading triples for: file:/E:/AGVsModel/AGVs1.owl -- ProtegeOWLParser.loadTriples()
2016.05.13 11:20:16.451 CST INFO:     Completed triple loading after 319 ms -- ProtegeOWLParser.loadTriples()
2016.05.13 11:20:16.452 CST INFO: Importing http://sqwrl.stanford.edu/ontologies/built-ins/3.4/sqwrl.owl from location: http://sqwrl.stanford.edu/ontologies/built-ins/3.4/sqwrl.owl -- AbstractOWLModel.loadImportedAssertions()
2016.05.13 11:20:17.209 CST INFO: Loading triples for: http://sqwrl.stanford.edu/ontologies/built-ins/3.4/sqwrl.owl -- ProtegeOWLParser.loadTriples()
2016.05.13 11:20:17.241 CST INFO:     Completed triple loading after 29 ms -- ProtegeOWLParser.loadTriples()
2016.05.13 11:20:17.248 CST INFO: Importing http://swrl.stanford.edu/ontologies/3.3/swrla.owl from location: http://swrl.stanford.edu/ontologies/3.3/swrla.owl -- AbstractOWLModel.loadImportedAssertions()
2016.05.13 11:20:17.997 CST INFO: Loading triples for: http://swrl.stanford.edu/ontologies/3.3/swrla.owl -- ProtegeOWLParser.loadTriples()
2016.05.13 11:20:18.026 CST INFO:     Completed triple loading after 27 ms -- ProtegeOWLParser.loadTriples()
2016.05.13 11:20:18.027 CST INFO: Postprocess: Process entities with incorrect Java type (0 entities) ...  -- TriplePostProcessor.processFramesWithWrongJavaType()
2016.05.13 11:20:18.028 CST INFO: 0 ms
 -- TriplePostProcessor.processFramesWithWrongJavaType()
2016.05.13 11:20:18.029 CST INFO: Postprocess: Process metaclasses (3 metaclasses) ...  -- TriplePostProcessor.processMetaclasses()
2016.05.13 11:20:18.029 CST INFO: 0 ms
 -- TriplePostProcessor.processMetaclasses()
2016.05.13 11:20:18.030 CST INFO: Postprocess: Process subclasses of rdf:List (1 classes) ...  -- TriplePostProcessor.processSubclassesOfRdfList()
2016.05.13 11:20:18.031 CST INFO: 1 ms
 -- TriplePostProcessor.processSubclassesOfRdfList()
2016.05.13 11:20:18.031 CST INFO: Postprocess: Instances with multiple types (21 instances) ...  -- TriplePostProcessor.processInstancesWithMultipleTypes()
2016.05.13 11:20:18.034 CST INFO: 3 ms
 -- TriplePostProcessor.processInstancesWithMultipleTypes()
2016.05.13 11:20:18.035 CST INFO: Postprocess: Add inferred superclasses ...  -- TriplePostProcessor.processInferredSuperclasses()
2016.05.13 11:20:18.035 CST INFO: 0 ms
 -- TriplePostProcessor.processInferredSuperclasses()
2016.05.13 11:20:18.039 CST INFO: Postprocess: Process orphan classes (39 classes) ...  -- TriplePostProcessor.processOrphanClses()
2016.05.13 11:20:18.043 CST INFO: 3 ms
 -- TriplePostProcessor.processOrphanClses()
2016.05.13 11:20:18.043 CST INFO: Postprocess: Generalized Concept Inclusion (0 axioms) ...  -- TriplePostProcessor.processGeneralizedConceptInclusions()
2016.05.13 11:20:18.044 CST INFO: 0 ms
 -- TriplePostProcessor.processGeneralizedConceptInclusions()
2016.05.13 11:20:18.044 CST INFO: Postprocess: Abstract classes...  -- TriplePostProcessor.processAbstractClasses()
2016.05.13 11:20:18.044 CST INFO: 0 ms
 -- TriplePostProcessor.processAbstractClasses()
2016.05.13 11:20:18.044 CST INFO: Postprocess: Domain and range of properties...  -- TriplePostProcessor.processDomainAndRange()
2016.05.13 11:20:18.054 CST INFO: 10 ms
 -- TriplePostProcessor.processDomainAndRange()
2016.05.13 11:20:18.054 CST INFO: Postprocess: Possibly typed entities (0 resources) ...  -- TriplePostProcessor.processPossiblyTypedResources()
2016.05.13 11:20:18.055 CST INFO: 0 ms
 -- TriplePostProcessor.processPossiblyTypedResources()
2016.05.13 11:20:18.055 CST INFO: Updating underlying frames model in 0 ms -- ProtegeOWLParser.doFinalPostProcessing()
2016.05.13 11:20:19.327 CST WARNING: Could not open default Profile file. Message: rethrew: java.io.FileNotFoundException: C:\Users\Administrator\workspace\RPT-plugin0504\plugins\edu.stanford.smi.protegex.owl\OWLProfiles.owl (系统找不到指定的路径。) -- ProfilesManager.getDefaultProfileOntModel()
2016.05.13 11:20:20.357 CST INFO: SWRLJessBridge load failed: could not find jess.Rete - or an error occured on initialization -- BridgePluginManager.<clinit>()
2016.05.13 11:20:20.359 CST INFO: SQWRLQueryTab load failed: could not find jess.Rete - or an error occured on initialization -- BridgePluginManager.<clinit>()
2016.05.13 11:20:21.979 CST INFO: Load time for file:\E:\AGVsModel\AGVs1.pprj = 5 sec (project) + 3 sec (ui) -- ProjectManager$3.run()
2016.05.13 11:20:39.665 CST INFO: ... saving successful to: E:\AGVsModel\AGVs1.owl -- Protege2Jena.saveAll()
2016.05.13 11:21:13.374 CST INFO: *** SYSTEM START ***
2016.05.13 11:21:13.729 CST WARNING: missing bundle: protege_text -- BundleHelper.<init>()
2016.05.13 11:21:16.894 CST WARNING: [Local Folder Repository] The specified file must be a directory. (C:\Users\Administrator\workspace\RPT-plugin0504\plugins\edu.stanford.smi.protegex.owl) -- LocalFolderRepository.update()
2016.05.13 11:21:18.762 CST INFO: Loading triples for: file:/E:/AGVsModel/AGVs1.owl -- ProtegeOWLParser.loadTriples()
2016.05.13 11:21:19.092 CST INFO:     Completed triple loading after 327 ms -- ProtegeOWLParser.loadTriples()
2016.05.13 11:21:19.092 CST INFO: Importing http://sqwrl.stanford.edu/ontologies/built-ins/3.4/sqwrl.owl from location: http://sqwrl.stanford.edu/ontologies/built-ins/3.4/sqwrl.owl -- AbstractOWLModel.loadImportedAssertions()
2016.05.13 11:21:19.898 CST INFO: Loading triples for: http://sqwrl.stanford.edu/ontologies/built-ins/3.4/sqwrl.owl -- ProtegeOWLParser.loadTriples()
2016.05.13 11:21:20.104 CST INFO:     Completed triple loading after 204 ms -- ProtegeOWLParser.loadTriples()
2016.05.13 11:21:20.108 CST INFO: Importing http://swrl.stanford.edu/ontologies/3.3/swrla.owl from location: http://swrl.stanford.edu/ontologies/3.3/swrla.owl -- AbstractOWLModel.loadImportedAssertions()
2016.05.13 11:21:20.903 CST INFO: Loading triples for: http://swrl.stanford.edu/ontologies/3.3/swrla.owl -- ProtegeOWLParser.loadTriples()
2016.05.13 11:21:20.932 CST INFO:     Completed triple loading after 25 ms -- ProtegeOWLParser.loadTriples()
2016.05.13 11:21:20.933 CST INFO: Postprocess: Process entities with incorrect Java type (0 entities) ...  -- TriplePostProcessor.processFramesWithWrongJavaType()
2016.05.13 11:21:20.933 CST INFO: 0 ms
 -- TriplePostProcessor.processFramesWithWrongJavaType()
2016.05.13 11:21:20.934 CST INFO: Postprocess: Process metaclasses (3 metaclasses) ...  -- TriplePostProcessor.processMetaclasses()
2016.05.13 11:21:20.934 CST INFO: 0 ms
 -- TriplePostProcessor.processMetaclasses()
2016.05.13 11:21:20.935 CST INFO: Postprocess: Process subclasses of rdf:List (1 classes) ...  -- TriplePostProcessor.processSubclassesOfRdfList()
2016.05.13 11:21:20.935 CST INFO: 0 ms
 -- TriplePostProcessor.processSubclassesOfRdfList()
2016.05.13 11:21:20.935 CST INFO: Postprocess: Instances with multiple types (21 instances) ...  -- TriplePostProcessor.processInstancesWithMultipleTypes()
2016.05.13 11:21:20.938 CST INFO: 2 ms
 -- TriplePostProcessor.processInstancesWithMultipleTypes()
2016.05.13 11:21:20.939 CST INFO: Postprocess: Add inferred superclasses ...  -- TriplePostProcessor.processInferredSuperclasses()
2016.05.13 11:21:20.940 CST INFO: 1 ms
 -- TriplePostProcessor.processInferredSuperclasses()
2016.05.13 11:21:20.945 CST INFO: Postprocess: Process orphan classes (39 classes) ...  -- TriplePostProcessor.processOrphanClses()
2016.05.13 11:21:20.949 CST INFO: 4 ms
 -- TriplePostProcessor.processOrphanClses()
2016.05.13 11:21:20.949 CST INFO: Postprocess: Generalized Concept Inclusion (0 axioms) ...  -- TriplePostProcessor.processGeneralizedConceptInclusions()
2016.05.13 11:21:20.949 CST INFO: 0 ms
 -- TriplePostProcessor.processGeneralizedConceptInclusions()
2016.05.13 11:21:20.950 CST INFO: Postprocess: Abstract classes...  -- TriplePostProcessor.processAbstractClasses()
2016.05.13 11:21:20.950 CST INFO: 0 ms
 -- TriplePostProcessor.processAbstractClasses()
2016.05.13 11:21:20.950 CST INFO: Postprocess: Domain and range of properties...  -- TriplePostProcessor.processDomainAndRange()
2016.05.13 11:21:20.961 CST INFO: 11 ms
 -- TriplePostProcessor.processDomainAndRange()
2016.05.13 11:21:20.962 CST INFO: Postprocess: Possibly typed entities (0 resources) ...  -- TriplePostProcessor.processPossiblyTypedResources()
2016.05.13 11:21:20.962 CST INFO: 0 ms
 -- TriplePostProcessor.processPossiblyTypedResources()
2016.05.13 11:21:20.962 CST INFO: Updating underlying frames model in 0 ms -- ProtegeOWLParser.doFinalPostProcessing()
2016.05.13 11:21:22.182 CST WARNING: Could not open default Profile file. Message: rethrew: java.io.FileNotFoundException: C:\Users\Administrator\workspace\RPT-plugin0504\plugins\edu.stanford.smi.protegex.owl\OWLProfiles.owl (系统找不到指定的路径。) -- ProfilesManager.getDefaultProfileOntModel()
2016.05.13 11:21:22.913 CST INFO: SWRLJessBridge load failed: could not find jess.Rete - or an error occured on initialization -- BridgePluginManager.<clinit>()
2016.05.13 11:21:22.914 CST INFO: SQWRLQueryTab load failed: could not find jess.Rete - or an error occured on initialization -- BridgePluginManager.<clinit>()
2016.05.13 11:21:24.686 CST INFO: Load time for file:\E:\AGVsModel\AGVs1.pprj = 5 sec (project) + 3 sec (ui) -- ProjectManager$3.run()
