2016.05.13 09:51:57.196 CST INFO: *** SYSTEM START ***
2016.05.13 09:51:57.649 CST WARNING: missing bundle: protege_text -- BundleHelper.<init>()
2016.05.13 09:52:00.698 CST WARNING: [Local Folder Repository] The specified file must be a directory. (C:\Users\Administrator\workspace\RPT-plugin0504\plugins\edu.stanford.smi.protegex.owl) -- LocalFolderRepository.update()
2016.05.13 09:52:02.529 CST INFO: Loading triples for: file:/E:/AGVsModel/AGVs1.owl -- ProtegeOWLParser.loadTriples()
2016.05.13 09:52:02.875 CST INFO:     Completed triple loading after 344 ms -- ProtegeOWLParser.loadTriples()
2016.05.13 09:52:02.876 CST INFO: Importing http://sqwrl.stanford.edu/ontologies/built-ins/3.4/sqwrl.owl from location: http://sqwrl.stanford.edu/ontologies/built-ins/3.4/sqwrl.owl -- AbstractOWLModel.loadImportedAssertions()
2016.05.13 09:52:03.672 CST INFO: Loading triples for: http://sqwrl.stanford.edu/ontologies/built-ins/3.4/sqwrl.owl -- ProtegeOWLParser.loadTriples()
2016.05.13 09:52:03.859 CST INFO:     Completed triple loading after 187 ms -- ProtegeOWLParser.loadTriples()
2016.05.13 09:52:03.863 CST INFO: Importing http://swrl.stanford.edu/ontologies/3.3/swrla.owl from location: http://swrl.stanford.edu/ontologies/3.3/swrla.owl -- AbstractOWLModel.loadImportedAssertions()
2016.05.13 09:52:04.626 CST INFO: Loading triples for: http://swrl.stanford.edu/ontologies/3.3/swrla.owl -- ProtegeOWLParser.loadTriples()
2016.05.13 09:52:04.659 CST INFO:     Completed triple loading after 31 ms -- ProtegeOWLParser.loadTriples()
2016.05.13 09:52:04.660 CST INFO: Postprocess: Process entities with incorrect Java type (0 entities) ...  -- TriplePostProcessor.processFramesWithWrongJavaType()
2016.05.13 09:52:04.660 CST INFO: 0 ms
 -- TriplePostProcessor.processFramesWithWrongJavaType()
2016.05.13 09:52:04.661 CST INFO: Postprocess: Process metaclasses (3 metaclasses) ...  -- TriplePostProcessor.processMetaclasses()
2016.05.13 09:52:04.661 CST INFO: 0 ms
 -- TriplePostProcessor.processMetaclasses()
2016.05.13 09:52:04.661 CST INFO: Postprocess: Process subclasses of rdf:List (1 classes) ...  -- TriplePostProcessor.processSubclassesOfRdfList()
2016.05.13 09:52:04.662 CST INFO: 0 ms
 -- TriplePostProcessor.processSubclassesOfRdfList()
2016.05.13 09:52:04.662 CST INFO: Postprocess: Instances with multiple types (21 instances) ...  -- TriplePostProcessor.processInstancesWithMultipleTypes()
2016.05.13 09:52:04.664 CST INFO: 2 ms
 -- TriplePostProcessor.processInstancesWithMultipleTypes()
2016.05.13 09:52:04.665 CST INFO: Postprocess: Add inferred superclasses ...  -- TriplePostProcessor.processInferredSuperclasses()
2016.05.13 09:52:04.665 CST INFO: 0 ms
 -- TriplePostProcessor.processInferredSuperclasses()
2016.05.13 09:52:04.670 CST INFO: Postprocess: Process orphan classes (39 classes) ...  -- TriplePostProcessor.processOrphanClses()
2016.05.13 09:52:04.673 CST INFO: 3 ms
 -- TriplePostProcessor.processOrphanClses()
2016.05.13 09:52:04.674 CST INFO: Postprocess: Generalized Concept Inclusion (0 axioms) ...  -- TriplePostProcessor.processGeneralizedConceptInclusions()
2016.05.13 09:52:04.674 CST INFO: 0 ms
 -- TriplePostProcessor.processGeneralizedConceptInclusions()
2016.05.13 09:52:04.674 CST INFO: Postprocess: Abstract classes...  -- TriplePostProcessor.processAbstractClasses()
2016.05.13 09:52:04.675 CST INFO: 0 ms
 -- TriplePostProcessor.processAbstractClasses()
2016.05.13 09:52:04.675 CST INFO: Postprocess: Domain and range of properties...  -- TriplePostProcessor.processDomainAndRange()
2016.05.13 09:52:04.690 CST INFO: 15 ms
 -- TriplePostProcessor.processDomainAndRange()
2016.05.13 09:52:04.691 CST INFO: Postprocess: Possibly typed entities (0 resources) ...  -- TriplePostProcessor.processPossiblyTypedResources()
2016.05.13 09:52:04.691 CST INFO: 0 ms
 -- TriplePostProcessor.processPossiblyTypedResources()
2016.05.13 09:52:04.691 CST INFO: Updating underlying frames model in 0 ms -- ProtegeOWLParser.doFinalPostProcessing()
2016.05.13 09:52:05.931 CST WARNING: Could not open default Profile file. Message: rethrew: java.io.FileNotFoundException: C:\Users\Administrator\workspace\RPT-plugin0504\plugins\edu.stanford.smi.protegex.owl\OWLProfiles.owl (系统找不到指定的路径。) -- ProfilesManager.getDefaultProfileOntModel()
2016.05.13 09:52:06.745 CST INFO: SWRLJessBridge load failed: could not find jess.Rete - or an error occured on initialization -- BridgePluginManager.<clinit>()
2016.05.13 09:52:06.746 CST INFO: SQWRLQueryTab load failed: could not find jess.Rete - or an error occured on initialization -- BridgePluginManager.<clinit>()
2016.05.13 09:52:08.554 CST INFO: Load time for file:\E:\AGVsModel\AGVs1.pprj = 5 sec (project) + 3 sec (ui) -- ProjectManager$3.run()
2016.05.13 09:52:28.487 CST INFO: ... saving successful to: E:\AGVsModel\AGVs1.owl -- Protege2Jena.saveAll()
2016.05.13 09:52:34.586 CST INFO: *** SYSTEM START ***
2016.05.13 09:52:34.955 CST WARNING: missing bundle: protege_text -- BundleHelper.<init>()
2016.05.13 09:53:06.859 CST WARNING: [Local Folder Repository] The specified file must be a directory. (C:\Users\Administrator\workspace\RPT-plugin0504\plugins\edu.stanford.smi.protegex.owl) -- LocalFolderRepository.update()
2016.05.13 09:53:08.668 CST INFO: Loading triples for: file:/E:/AGVsModel/AGVs1.owl -- ProtegeOWLParser.loadTriples()
2016.05.13 09:53:09.193 CST INFO:     Completed triple loading after 522 ms -- ProtegeOWLParser.loadTriples()
2016.05.13 09:53:09.194 CST INFO: Importing http://sqwrl.stanford.edu/ontologies/built-ins/3.4/sqwrl.owl from location: http://sqwrl.stanford.edu/ontologies/built-ins/3.4/sqwrl.owl -- AbstractOWLModel.loadImportedAssertions()
2016.05.13 09:53:09.945 CST INFO: Loading triples for: http://sqwrl.stanford.edu/ontologies/built-ins/3.4/sqwrl.owl -- ProtegeOWLParser.loadTriples()
2016.05.13 09:53:09.958 CST INFO:     Completed triple loading after 12 ms -- ProtegeOWLParser.loadTriples()
2016.05.13 09:53:09.963 CST INFO: Importing http://swrl.stanford.edu/ontologies/3.3/swrla.owl from location: http://swrl.stanford.edu/ontologies/3.3/swrla.owl -- AbstractOWLModel.loadImportedAssertions()
2016.05.13 09:53:10.706 CST INFO: Loading triples for: http://swrl.stanford.edu/ontologies/3.3/swrla.owl -- ProtegeOWLParser.loadTriples()
2016.05.13 09:53:10.758 CST INFO:     Completed triple loading after 49 ms -- ProtegeOWLParser.loadTriples()
2016.05.13 09:53:10.759 CST INFO: Postprocess: Process entities with incorrect Java type (0 entities) ...  -- TriplePostProcessor.processFramesWithWrongJavaType()
2016.05.13 09:53:10.760 CST INFO: 1 ms
 -- TriplePostProcessor.processFramesWithWrongJavaType()
2016.05.13 09:53:10.760 CST INFO: Postprocess: Process metaclasses (3 metaclasses) ...  -- TriplePostProcessor.processMetaclasses()
2016.05.13 09:53:10.761 CST INFO: 1 ms
 -- TriplePostProcessor.processMetaclasses()
2016.05.13 09:53:10.761 CST INFO: Postprocess: Process subclasses of rdf:List (1 classes) ...  -- TriplePostProcessor.processSubclassesOfRdfList()
2016.05.13 09:53:10.761 CST INFO: 0 ms
 -- TriplePostProcessor.processSubclassesOfRdfList()
2016.05.13 09:53:10.761 CST INFO: Postprocess: Instances with multiple types (21 instances) ...  -- TriplePostProcessor.processInstancesWithMultipleTypes()
2016.05.13 09:53:10.766 CST INFO: 4 ms
 -- TriplePostProcessor.processInstancesWithMultipleTypes()
2016.05.13 09:53:10.767 CST INFO: Postprocess: Add inferred superclasses ...  -- TriplePostProcessor.processInferredSuperclasses()
2016.05.13 09:53:10.768 CST INFO: 1 ms
 -- TriplePostProcessor.processInferredSuperclasses()
2016.05.13 09:53:10.772 CST INFO: Postprocess: Process orphan classes (39 classes) ...  -- TriplePostProcessor.processOrphanClses()
2016.05.13 09:53:10.776 CST INFO: 4 ms
 -- TriplePostProcessor.processOrphanClses()
2016.05.13 09:53:10.776 CST INFO: Postprocess: Generalized Concept Inclusion (0 axioms) ...  -- TriplePostProcessor.processGeneralizedConceptInclusions()
2016.05.13 09:53:10.777 CST INFO: 0 ms
 -- TriplePostProcessor.processGeneralizedConceptInclusions()
2016.05.13 09:53:10.777 CST INFO: Postprocess: Abstract classes...  -- TriplePostProcessor.processAbstractClasses()
2016.05.13 09:53:10.777 CST INFO: 0 ms
 -- TriplePostProcessor.processAbstractClasses()
2016.05.13 09:53:10.777 CST INFO: Postprocess: Domain and range of properties...  -- TriplePostProcessor.processDomainAndRange()
2016.05.13 09:53:10.788 CST INFO: 11 ms
 -- TriplePostProcessor.processDomainAndRange()
2016.05.13 09:53:10.789 CST INFO: Postprocess: Possibly typed entities (0 resources) ...  -- TriplePostProcessor.processPossiblyTypedResources()
2016.05.13 09:53:10.789 CST INFO: 0 ms
 -- TriplePostProcessor.processPossiblyTypedResources()
2016.05.13 09:53:10.790 CST INFO: Updating underlying frames model in 0 ms -- ProtegeOWLParser.doFinalPostProcessing()
2016.05.13 09:53:12.206 CST WARNING: Could not open default Profile file. Message: rethrew: java.io.FileNotFoundException: C:\Users\Administrator\workspace\RPT-plugin0504\plugins\edu.stanford.smi.protegex.owl\OWLProfiles.owl (系统找不到指定的路径。) -- ProfilesManager.getDefaultProfileOntModel()
2016.05.13 09:53:12.964 CST INFO: SWRLJessBridge load failed: could not find jess.Rete - or an error occured on initialization -- BridgePluginManager.<clinit>()
2016.05.13 09:53:12.965 CST INFO: SQWRLQueryTab load failed: could not find jess.Rete - or an error occured on initialization -- BridgePluginManager.<clinit>()
2016.05.13 09:53:14.579 CST INFO: Load time for file:\E:\AGVsModel\AGVs1.pprj = 5 sec (project) + 3 sec (ui) -- ProjectManager$3.run()
